[0.019s] Invoking command in '/home/qjari/turtlebot3_ws/build/ld08_driver': CMAKE_PREFIX_PATH=/opt/ros/humble /usr/bin/cmake /home/qjari/turtlebot3_ws/src/utils/ld08_driver -DCMAKE_INSTALL_PREFIX=/home/qjari/turtlebot3_ws/install/ld08_driver
[0.089s] -- The C compiler identification is GNU 11.4.0
[0.162s] -- The CXX compiler identification is GNU 11.4.0
[0.173s] -- Detecting C compiler ABI info
[0.240s] -- Detecting C compiler ABI info - done
[0.254s] -- Check for working C compiler: /usr/bin/cc - skipped
[0.255s] -- Detecting C compile features
[0.256s] -- Detecting C compile features - done
[0.259s] -- Detecting CXX compiler ABI info
[0.344s] -- Detecting CXX compiler ABI info - done
[0.356s] -- Check for working CXX compiler: /usr/bin/c++ - skipped
[0.358s] -- Detecting CXX compile features
[0.358s] -- Detecting CXX compile features - done
[0.360s] -- Found ament_cmake: 1.3.10 (/opt/ros/humble/share/ament_cmake/cmake)
[0.513s] -- Found Python3: /usr/bin/python3 (found version "3.10.12") found components: Interpreter 
[0.616s] -- Found rclcpp: 16.0.10 (/opt/ros/humble/share/rclcpp/cmake)
[0.667s] -- Found rosidl_generator_c: 3.1.5 (/opt/ros/humble/share/rosidl_generator_c/cmake)
[0.673s] -- Found rosidl_adapter: 3.1.5 (/opt/ros/humble/share/rosidl_adapter/cmake)
[0.683s] -- Found rosidl_generator_cpp: 3.1.5 (/opt/ros/humble/share/rosidl_generator_cpp/cmake)
[0.700s] -- Using all available rosidl_typesupport_c: rosidl_typesupport_fastrtps_c;rosidl_typesupport_introspection_c
[0.723s] -- Using all available rosidl_typesupport_cpp: rosidl_typesupport_fastrtps_cpp;rosidl_typesupport_introspection_cpp
[0.795s] -- Found rmw_implementation_cmake: 6.1.2 (/opt/ros/humble/share/rmw_implementation_cmake/cmake)
[0.802s] -- Found rmw_fastrtps_cpp: 6.2.7 (/opt/ros/humble/share/rmw_fastrtps_cpp/cmake)
[0.954s] -- Found OpenSSL: /usr/lib/x86_64-linux-gnu/libcrypto.so (found version "3.0.2")  
[0.989s] -- Found FastRTPS: /opt/ros/humble/include  
[1.041s] -- Using RMW implementation 'rmw_fastrtps_cpp' as default
[1.053s] -- Looking for pthread.h
[1.185s] -- Looking for pthread.h - found
[1.186s] -- Performing Test CMAKE_HAVE_LIBC_PTHREAD
[1.321s] -- Performing Test CMAKE_HAVE_LIBC_PTHREAD - Success
[1.322s] -- Found Threads: TRUE  
[1.490s] -- Found sensor_msgs: 4.2.4 (/opt/ros/humble/share/sensor_msgs/cmake)
[1.610s] -- Found Boost: /usr/lib/x86_64-linux-gnu/cmake/Boost-1.74.0/BoostConfig.cmake (found version "1.74.0") found components: system 
[1.616s] -- Found ament_lint_auto: 0.12.11 (/opt/ros/humble/share/ament_lint_auto/cmake)
[1.788s] -- Configuring done
[1.821s] -- Generating done
[1.827s] -- Build files have been written to: /home/qjari/turtlebot3_ws/build/ld08_driver
[1.858s] Invoked command in '/home/qjari/turtlebot3_ws/build/ld08_driver' returned '0': CMAKE_PREFIX_PATH=/opt/ros/humble /usr/bin/cmake /home/qjari/turtlebot3_ws/src/utils/ld08_driver -DCMAKE_INSTALL_PREFIX=/home/qjari/turtlebot3_ws/install/ld08_driver
[1.858s] Invoking command in '/home/qjari/turtlebot3_ws/build/ld08_driver': CMAKE_PREFIX_PATH=/opt/ros/humble /usr/bin/cmake --build /home/qjari/turtlebot3_ws/build/ld08_driver -- -j8 -l8
[1.973s] [ 16%] [32mBuilding CXX object CMakeFiles/ld08_driver.dir/src/cmd_interface_linux.cpp.o[0m
[1.973s] [ 33%] [32mBuilding CXX object CMakeFiles/ld08_driver.dir/src/lipkg.cpp.o[0m
[1.981s] [ 50%] [32mBuilding CXX object CMakeFiles/ld08_driver.dir/src/main.cpp.o[0m
[1.986s] [ 66%] [32mBuilding CXX object CMakeFiles/ld08_driver.dir/src/transform.cpp.o[0m
[1.996s] [ 83%] [32mBuilding CXX object CMakeFiles/ld08_driver.dir/src/slbf.cpp.o[0m
[7.220s] [01m[K/home/qjari/turtlebot3_ws/src/utils/ld08_driver/src/transform.cpp:[m[K In constructor ‘[01m[KSlTransform::SlTransform(LDVersion, bool)[m[K’:
[7.220s] [01m[K/home/qjari/turtlebot3_ws/src/utils/ld08_driver/src/transform.cpp:30:50:[m[K [01;35m[Kwarning: [m[Kunused parameter ‘[01m[Kto_right_hand[m[K’ [[01;35m[K]8;;https://gcc.gnu.org/onlinedocs/gcc/Warning-Options.html#index-Wunused-parameter-Wunused-parameter]8;;[m[K]
[7.220s]    30 | SlTransform::SlTransform(LDVersion version, [01;35m[Kbool to_right_hand[m[K)
[7.220s]       |                                             [01;35m[K~~~~~^~~~~~~~~~~~~[m[K
[10.557s] [100%] [32m[1mLinking CXX executable ld08_driver[0m
[10.802s] [100%] Built target ld08_driver
[10.817s] Invoked command in '/home/qjari/turtlebot3_ws/build/ld08_driver' returned '0': CMAKE_PREFIX_PATH=/opt/ros/humble /usr/bin/cmake --build /home/qjari/turtlebot3_ws/build/ld08_driver -- -j8 -l8
[10.854s] Invoking command in '/home/qjari/turtlebot3_ws/build/ld08_driver': CMAKE_PREFIX_PATH=/opt/ros/humble /usr/bin/cmake --install /home/qjari/turtlebot3_ws/build/ld08_driver
[10.864s] -- Install configuration: ""
[10.865s] -- Installing: /home/qjari/turtlebot3_ws/install/ld08_driver/share/ld08_driver/launch
[10.865s] -- Installing: /home/qjari/turtlebot3_ws/install/ld08_driver/share/ld08_driver/launch/ld08.launch.py
[10.869s] -- Installing: /home/qjari/turtlebot3_ws/install/ld08_driver/lib/ld08_driver/ld08_driver
[10.869s] -- Set runtime path of "/home/qjari/turtlebot3_ws/install/ld08_driver/lib/ld08_driver/ld08_driver" to ""
[10.869s] -- Installing: /home/qjari/turtlebot3_ws/install/ld08_driver/share/ament_index/resource_index/package_run_dependencies/ld08_driver
[10.869s] -- Installing: /home/qjari/turtlebot3_ws/install/ld08_driver/share/ament_index/resource_index/parent_prefix_path/ld08_driver
[10.869s] -- Installing: /home/qjari/turtlebot3_ws/install/ld08_driver/share/ld08_driver/environment/ament_prefix_path.sh
[10.869s] -- Installing: /home/qjari/turtlebot3_ws/install/ld08_driver/share/ld08_driver/environment/ament_prefix_path.dsv
[10.869s] -- Installing: /home/qjari/turtlebot3_ws/install/ld08_driver/share/ld08_driver/environment/path.sh
[10.870s] -- Installing: /home/qjari/turtlebot3_ws/install/ld08_driver/share/ld08_driver/environment/path.dsv
[10.870s] -- Installing: /home/qjari/turtlebot3_ws/install/ld08_driver/share/ld08_driver/local_setup.bash
[10.870s] -- Installing: /home/qjari/turtlebot3_ws/install/ld08_driver/share/ld08_driver/local_setup.sh
[10.870s] -- Installing: /home/qjari/turtlebot3_ws/install/ld08_driver/share/ld08_driver/local_setup.zsh
[10.870s] -- Installing: /home/qjari/turtlebot3_ws/install/ld08_driver/share/ld08_driver/local_setup.dsv
[10.870s] -- Installing: /home/qjari/turtlebot3_ws/install/ld08_driver/share/ld08_driver/package.dsv
[10.870s] -- Installing: /home/qjari/turtlebot3_ws/install/ld08_driver/share/ament_index/resource_index/packages/ld08_driver
[10.870s] -- Installing: /home/qjari/turtlebot3_ws/install/ld08_driver/share/ld08_driver/cmake/ament_cmake_export_dependencies-extras.cmake
[10.870s] -- Installing: /home/qjari/turtlebot3_ws/install/ld08_driver/share/ld08_driver/cmake/ament_cmake_export_include_directories-extras.cmake
[10.871s] -- Installing: /home/qjari/turtlebot3_ws/install/ld08_driver/share/ld08_driver/cmake/ld08_driverConfig.cmake
[10.871s] -- Installing: /home/qjari/turtlebot3_ws/install/ld08_driver/share/ld08_driver/cmake/ld08_driverConfig-version.cmake
[10.871s] -- Installing: /home/qjari/turtlebot3_ws/install/ld08_driver/share/ld08_driver/package.xml
[10.875s] Invoked command in '/home/qjari/turtlebot3_ws/build/ld08_driver' returned '0': CMAKE_PREFIX_PATH=/opt/ros/humble /usr/bin/cmake --install /home/qjari/turtlebot3_ws/build/ld08_driver
