[0.021s] Invoking command in '/home/qjari/turtlebot3_ws/src/build/turtlebot3_gazebo': /usr/bin/cmake /home/qjari/turtlebot3_ws/src/turtlebot3/turtlebot3_simulations/turtlebot3_gazebo -DAMENT_CMAKE_SYMLINK_INSTALL=1 -DCMAKE_INSTALL_PREFIX=/home/qjari/turtlebot3_ws/src/install/turtlebot3_gazebo
[0.595s] -- The C compiler identification is GNU 11.4.0
[0.595s] -- The CXX compiler identification is GNU 11.4.0
[0.596s] -- Detecting C compiler ABI info
[0.596s] -- Detecting C compiler ABI info - done
[0.596s] -- Check for working C compiler: /usr/bin/cc - skipped
[0.596s] -- Detecting C compile features
[0.596s] -- Detecting C compile features - done
[0.596s] -- Detecting CXX compiler ABI info
[0.596s] -- Detecting CXX compiler ABI info - done
[0.596s] -- Check for working CXX compiler: /usr/bin/c++ - skipped
[0.596s] -- Detecting CXX compile features
[0.596s] -- Detecting CXX compile features - done
[0.596s] -- Found ament_cmake: 1.3.10 (/opt/ros/humble/share/ament_cmake/cmake)
[0.597s] -- Found Python3: /usr/bin/python3 (found version "3.10.12") found components: Interpreter 
[0.645s] Traceback (most recent call last):
[0.646s]   File "/opt/ros/humble/share/ament_cmake_core/cmake/package_templates/templates_2_cmake.py", line 21, in <module>
[0.646s]     from ament_package.templates import get_environment_hook_template_path
[0.646s] ModuleNotFoundError: No module named 'ament_package'
[0.657s] [31mCMake Error at /opt/ros/humble/share/ament_cmake_core/cmake/ament_cmake_package_templates-extras.cmake:41 (message):
[0.657s]   execute_process(/usr/bin/python3
[0.657s]   /opt/ros/humble/share/ament_cmake_core/cmake/package_templates/templates_2_cmake.py
[0.657s]   /home/qjari/turtlebot3_ws/src/build/turtlebot3_gazebo/ament_cmake_package_templates/templates.cmake)
[0.657s]   returned error code 1
[0.657s] Call Stack (most recent call first):
[0.657s]   /opt/ros/humble/share/ament_cmake_core/cmake/ament_cmake_coreConfig.cmake:41 (include)
[0.658s]   /opt/ros/humble/share/ament_cmake/cmake/ament_cmake_export_dependencies-extras.cmake:15 (find_package)
[0.658s]   /opt/ros/humble/share/ament_cmake/cmake/ament_cmakeConfig.cmake:41 (include)
[0.658s]   CMakeLists.txt:22 (find_package)
[0.658s] 
[0.658s] [0m
[0.658s] -- Configuring incomplete, errors occurred!
[0.658s] See also "/home/qjari/turtlebot3_ws/src/build/turtlebot3_gazebo/CMakeFiles/CMakeOutput.log".
