[0.018s] Invoking command in '/home/qjari/turtlebot3_ws/build/turtlebot3_description': /usr/bin/cmake /home/qjari/turtlebot3_ws/src/turtlebot3/turtlebot3/turtlebot3_description -DAMENT_CMAKE_SYMLINK_INSTALL=1 -DCMAKE_INSTALL_PREFIX=/home/qjari/turtlebot3_ws/install/turtlebot3_description
[0.052s] -- Found ament_cmake: 1.3.10 (/opt/ros/humble/share/ament_cmake/cmake)
[0.189s] Traceback (most recent call last):
[0.189s]   File "/opt/ros/humble/share/ament_cmake_core/cmake/package_templates/templates_2_cmake.py", line 21, in <module>
[0.190s]     from ament_package.templates import get_environment_hook_template_path
[0.190s] ModuleNotFoundError: No module named 'ament_package'
[0.200s] [31mCMake Error at /opt/ros/humble/share/ament_cmake_core/cmake/ament_cmake_package_templates-extras.cmake:41 (message):
[0.200s]   execute_process(/usr/bin/python3
[0.200s]   /opt/ros/humble/share/ament_cmake_core/cmake/package_templates/templates_2_cmake.py
[0.200s]   /home/qjari/turtlebot3_ws/build/turtlebot3_description/ament_cmake_package_templates/templates.cmake)
[0.201s]   returned error code 1
[0.201s] Call Stack (most recent call first):
[0.201s]   /opt/ros/humble/share/ament_cmake_core/cmake/ament_cmake_coreConfig.cmake:41 (include)
[0.205s]   /opt/ros/humble/share/ament_cmake/cmake/ament_cmake_export_dependencies-extras.cmake:15 (find_package)
[0.205s]   /opt/ros/humble/share/ament_cmake/cmake/ament_cmakeConfig.cmake:41 (include)
[0.205s]   CMakeLists.txt:18 (find_package)
[0.205s] 
[0.205s] [0m
[0.207s] -- Configuring incomplete, errors occurred!
[0.207s] See also "/home/qjari/turtlebot3_ws/build/turtlebot3_description/CMakeFiles/CMakeOutput.log".
