[0.028s] Invoking command in '/home/qjari/turtlebot3_ws/build/turtlebot3_gazebo': CMAKE_PREFIX_PATH=/opt/ros/humble /usr/bin/cmake /home/qjari/turtlebot3_ws/src/turtlebot3/turtlebot3_simulations/turtlebot3_gazebo -DCMAKE_INSTALL_PREFIX=/home/qjari/turtlebot3_ws/install/turtlebot3_gazebo
[0.294s] -- Found ament_cmake: 1.3.10 (/opt/ros/humble/share/ament_cmake/cmake)
[0.294s] -- Override CMake install command with custom implementation using symlinks instead of copying resources
[0.294s] -- Found PkgConfig: /usr/bin/pkg-config (found version "0.29.2") 
[0.294s] -- Checking for module 'bullet>=2.82'
[0.294s] --   Found bullet, version 3.05
[0.296s] [33mCMake Warning (dev) at /usr/share/cmake-3.22/Modules/FindPackageHandleStandardArgs.cmake:438 (message):
[0.297s]   The package name passed to `find_package_handle_standard_args` (PkgConfig)
[0.297s]   does not match the name of the calling package (gazebo).  This can lead to
[0.297s]   problems in calling code that expects `find_package` result variables
[0.297s]   (e.g., `_FOUND`) to follow a certain pattern.
[0.297s] Call Stack (most recent call first):
[0.297s]   /usr/share/cmake-3.22/Modules/FindPkgConfig.cmake:99 (find_package_handle_standard_args)
[0.297s]   /usr/lib/x86_64-linux-gnu/cmake/gazebo/gazebo-config.cmake:72 (include)
[0.298s]   CMakeLists.txt:23 (find_package)
[0.298s] This warning is for project developers.  Use -Wno-dev to suppress it.
[0.298s] [0m
[0.387s] -- Found fcl: /usr/include (found suitable version "0.7.0", minimum required is "0.5.0") 
[0.451s] -- Found assimp: /usr/include (found version "5.2.0") 
[0.522s] -- Found DART: /usr/include (Required is at least version "6.6") found components: dart 
[0.935s] -- Found Boost: /usr/lib/x86_64-linux-gnu/cmake/Boost-1.74.0/BoostConfig.cmake (found suitable version "1.74.0", minimum required is "1.40.0") found components: thread system filesystem program_options regex iostreams date_time 
[0.962s] -- Found Protobuf: /usr/lib/x86_64-linux-gnu/libprotobuf.so (found version "3.12.4") 
[0.968s] -- Looking for ignition-math6 -- found version 6.15.1
[0.978s] -- Searching for dependencies of ignition-math6
[0.981s] -- Looking for OGRE...
[0.981s] -- OGRE_PREFIX_WATCH changed.
[0.986s] -- Checking for module 'OGRE'
[0.998s] --   Found OGRE, version 1.9.0
[1.036s] -- Found Ogre Ghadamon (1.9.0)
[1.049s] -- Found OGRE: optimized;/usr/lib/x86_64-linux-gnu/libOgreMain.so;debug;/usr/lib/x86_64-linux-gnu/libOgreMain.so
[1.058s] -- Looking for OGRE_Paging...
[1.066s] -- Found OGRE_Paging: optimized;/usr/lib/x86_64-linux-gnu/libOgrePaging.so;debug;/usr/lib/x86_64-linux-gnu/libOgrePaging.so
[1.066s] -- Looking for OGRE_Terrain...
[1.075s] -- Found OGRE_Terrain: optimized;/usr/lib/x86_64-linux-gnu/libOgreTerrain.so;debug;/usr/lib/x86_64-linux-gnu/libOgreTerrain.so
[1.075s] -- Looking for OGRE_Property...
[1.084s] -- Found OGRE_Property: optimized;/usr/lib/x86_64-linux-gnu/libOgreProperty.so;debug;/usr/lib/x86_64-linux-gnu/libOgreProperty.so
[1.084s] -- Looking for OGRE_RTShaderSystem...
[1.093s] -- Found OGRE_RTShaderSystem: optimized;/usr/lib/x86_64-linux-gnu/libOgreRTShaderSystem.so;debug;/usr/lib/x86_64-linux-gnu/libOgreRTShaderSystem.so
[1.093s] -- Looking for OGRE_Volume...
[1.103s] -- Found OGRE_Volume: optimized;/usr/lib/x86_64-linux-gnu/libOgreVolume.so;debug;/usr/lib/x86_64-linux-gnu/libOgreVolume.so
[1.103s] -- Looking for OGRE_Overlay...
[1.110s] -- Found OGRE_Overlay: optimized;/usr/lib/x86_64-linux-gnu/libOgreOverlay.so;debug;/usr/lib/x86_64-linux-gnu/libOgreOverlay.so
[1.309s] -- Looking for ignition-math6 -- found version 6.15.1
[1.312s] -- Looking for ignition-transport8 -- found version 8.2.1
[1.312s] -- Searching for dependencies of ignition-transport8
[1.334s] -- Found Protobuf: /usr/lib/x86_64-linux-gnu/libprotobuf.so (found suitable version "3.12.4", minimum required is "3") 
[1.348s] -- Config-file not installed for ZeroMQ -- checking for pkg-config
[1.353s] -- Checking for module 'libzmq >= 4'
[1.370s] --   Found libzmq , version 4.3.4
[1.407s] -- Found ZeroMQ: TRUE (Required is at least version "4") 
[1.414s] -- Checking for module 'uuid'
[1.426s] --   Found uuid, version 2.37.2
[1.458s] -- Found UUID: TRUE  
[1.459s] -- Looking for ignition-msgs5 -- found version 5.8.1
[1.460s] -- Searching for dependencies of ignition-msgs5
[1.484s] -- Looking for ignition-math6 -- found version 6.15.1
[1.488s] -- Checking for module 'tinyxml2'
[1.501s] --   Found tinyxml2, version 9.0.0
[1.537s] -- Looking for ignition-msgs5 -- found version 5.8.1
[1.539s] -- Looking for ignition-common3 -- found version 3.14.0
[1.540s] -- Searching for dependencies of ignition-common3
[1.543s] -- Looking for dlfcn.h - found
[1.543s] -- Looking for libdl - found
[1.546s] -- Found DL: TRUE  
[1.565s] -- Found tinyobjloader: /usr/lib/x86_64-linux-gnu/cmake/tinyobjloader/tinyobjloader-config.cmake (found version "2.0.0") 
[1.567s] -- Searching for <ignition-common3> component [graphics]
[1.569s] -- Looking for ignition-common3-graphics -- found version 3.14.0
[1.570s] -- Searching for dependencies of ignition-common3-graphics
[1.570s] -- Looking for ignition-math6 -- found version 6.15.1
[1.574s] -- Looking for ignition-fuel_tools4 -- found version 4.4.0
[1.575s] -- Searching for dependencies of ignition-fuel_tools4
[1.673s] -- Found CURL: /usr/lib/x86_64-linux-gnu/libcurl.so (found version "7.81.0")  
[1.684s] -- Checking for module 'jsoncpp'
[1.695s] --   Found jsoncpp, version 1.9.5
[1.726s] -- Found JSONCPP: TRUE  
[1.734s] -- Checking for module 'libzip'
[1.746s] --   Found libzip, version 1.7.3
[1.778s] -- Found ZIP: TRUE  
[1.778s] -- Looking for ignition-common3 -- found version 3.14.0
[1.778s] -- Looking for ignition-math6 -- found version 6.15.1
[1.778s] -- Looking for ignition-msgs5 -- found version 5.8.1
[1.787s] -- Found gazebo_ros_pkgs: 3.7.0 (/opt/ros/humble/share/gazebo_ros_pkgs/cmake)
[1.787s] -- Found geometry_msgs: 4.2.4 (/opt/ros/humble/share/geometry_msgs/cmake)
[1.825s] -- Found rosidl_generator_c: 3.1.5 (/opt/ros/humble/share/rosidl_generator_c/cmake)
[1.832s] -- Found rosidl_adapter: 3.1.5 (/opt/ros/humble/share/rosidl_adapter/cmake)
[1.843s] -- Found rosidl_generator_cpp: 3.1.5 (/opt/ros/humble/share/rosidl_generator_cpp/cmake)
[1.860s] -- Using all available rosidl_typesupport_c: rosidl_typesupport_fastrtps_c;rosidl_typesupport_introspection_c
[1.884s] -- Using all available rosidl_typesupport_cpp: rosidl_typesupport_fastrtps_cpp;rosidl_typesupport_introspection_cpp
[1.951s] -- Found nav_msgs: 4.2.4 (/opt/ros/humble/share/nav_msgs/cmake)
[2.009s] -- Found rclcpp: 16.0.10 (/opt/ros/humble/share/rclcpp/cmake)
[2.088s] -- Found rmw_implementation_cmake: 6.1.2 (/opt/ros/humble/share/rmw_implementation_cmake/cmake)
[2.093s] -- Found rmw_fastrtps_cpp: 6.2.7 (/opt/ros/humble/share/rmw_fastrtps_cpp/cmake)
[2.272s] -- Found OpenSSL: /usr/lib/x86_64-linux-gnu/libcrypto.so (found version "3.0.2")  
[2.348s] -- Found FastRTPS: /opt/ros/humble/include  
[2.443s] -- Using RMW implementation 'rmw_fastrtps_cpp' as default
[2.457s] -- Found Threads: TRUE  
[2.530s] -- Found sensor_msgs: 4.2.4 (/opt/ros/humble/share/sensor_msgs/cmake)
[2.569s] -- Found tf2: 0.25.8 (/opt/ros/humble/share/tf2/cmake)
[2.768s] -- Configuring done
[2.861s] -- Generating done
[2.869s] -- Build files have been written to: /home/qjari/turtlebot3_ws/build/turtlebot3_gazebo
[2.908s] Invoked command in '/home/qjari/turtlebot3_ws/build/turtlebot3_gazebo' returned '0': CMAKE_PREFIX_PATH=/opt/ros/humble /usr/bin/cmake /home/qjari/turtlebot3_ws/src/turtlebot3/turtlebot3_simulations/turtlebot3_gazebo -DCMAKE_INSTALL_PREFIX=/home/qjari/turtlebot3_ws/install/turtlebot3_gazebo
[2.912s] Invoking command in '/home/qjari/turtlebot3_ws/build/turtlebot3_gazebo': CMAKE_PREFIX_PATH=/opt/ros/humble /usr/bin/cmake --build /home/qjari/turtlebot3_ws/build/turtlebot3_gazebo -- -j8 -l8
[3.007s] [ 12%] [32mBuilding CXX object CMakeFiles/turtlebot3_drive.dir/src/turtlebot3_drive.cpp.o[0m
[3.009s] [ 25%] [32mBuilding CXX object CMakeFiles/obstacle2.dir/models/turtlebot3_dqn_world/obstacle_plugin/obstacle2.cc.o[0m
[3.016s] [ 37%] [32mBuilding CXX object CMakeFiles/obstacles.dir/models/turtlebot3_dqn_world/obstacle_plugin/obstacles.cc.o[0m
[3.022s] [ 50%] [32mBuilding CXX object CMakeFiles/obstacle1.dir/models/turtlebot3_dqn_world/obstacle_plugin/obstacle1.cc.o[0m
[20.641s] [ 62%] [32m[1mLinking CXX shared library libobstacles.so[0m
[21.296s] [ 62%] Built target obstacles
[21.494s] [ 75%] [32m[1mLinking CXX shared library libobstacle1.so[0m
[21.599s] [ 87%] [32m[1mLinking CXX shared library libobstacle2.so[0m
[21.631s] [100%] [32m[1mLinking CXX executable turtlebot3_drive[0m
[22.160s] [100%] Built target obstacle1
[22.197s] [100%] Built target obstacle2
[22.624s] [100%] Built target turtlebot3_drive
[22.656s] Invoked command in '/home/qjari/turtlebot3_ws/build/turtlebot3_gazebo' returned '0': CMAKE_PREFIX_PATH=/opt/ros/humble /usr/bin/cmake --build /home/qjari/turtlebot3_ws/build/turtlebot3_gazebo -- -j8 -l8
[22.796s] Invoking command in '/home/qjari/turtlebot3_ws/build/turtlebot3_gazebo': CMAKE_PREFIX_PATH=/opt/ros/humble /usr/bin/cmake --install /home/qjari/turtlebot3_ws/build/turtlebot3_gazebo
[22.806s] -- Install configuration: ""
[22.806s] -- Execute custom install script
[22.807s] -- Symlinking: /home/qjari/turtlebot3_ws/install/turtlebot3_gazebo/lib/turtlebot3_gazebo/turtlebot3_drive
[22.826s] -- Symlinking: /home/qjari/turtlebot3_ws/install/turtlebot3_gazebo/share/turtlebot3_gazebo//launch/empty_world.launch.py
[22.851s] -- Symlinking: /home/qjari/turtlebot3_ws/install/turtlebot3_gazebo/share/turtlebot3_gazebo//launch/myworld.launch.py
[22.860s] -- Symlinking: /home/qjari/turtlebot3_ws/install/turtlebot3_gazebo/share/turtlebot3_gazebo//launch/robot_state_publisher.launch.py
[22.875s] -- Symlinking: /home/qjari/turtlebot3_ws/install/turtlebot3_gazebo/share/turtlebot3_gazebo//launch/spawn_turtlebot3.launch.py
[22.885s] -- Symlinking: /home/qjari/turtlebot3_ws/install/turtlebot3_gazebo/share/turtlebot3_gazebo//launch/turtlebot3_dqn_stage1.launch.py
[22.902s] -- Symlinking: /home/qjari/turtlebot3_ws/install/turtlebot3_gazebo/share/turtlebot3_gazebo//launch/turtlebot3_dqn_stage2.launch.py
[22.919s] -- Symlinking: /home/qjari/turtlebot3_ws/install/turtlebot3_gazebo/share/turtlebot3_gazebo//launch/turtlebot3_dqn_stage3.launch.py
[22.938s] -- Symlinking: /home/qjari/turtlebot3_ws/install/turtlebot3_gazebo/share/turtlebot3_gazebo//launch/turtlebot3_dqn_stage4.launch.py
[22.959s] -- Symlinking: /home/qjari/turtlebot3_ws/install/turtlebot3_gazebo/share/turtlebot3_gazebo//launch/turtlebot3_house.launch.py
[22.978s] -- Symlinking: /home/qjari/turtlebot3_ws/install/turtlebot3_gazebo/share/turtlebot3_gazebo//launch/turtlebot3_world.launch (copy).py
[23.005s] -- Symlinking: /home/qjari/turtlebot3_ws/install/turtlebot3_gazebo/share/turtlebot3_gazebo//launch/turtlebot3_world.launch.py
[23.026s] -- Symlinking: /home/qjari/turtlebot3_ws/install/turtlebot3_gazebo/share/turtlebot3_gazebo//models/turtlebot3_burger/model-1_4.sdf
[23.044s] -- Symlinking: /home/qjari/turtlebot3_ws/install/turtlebot3_gazebo/share/turtlebot3_gazebo//models/turtlebot3_burger/model.config
[23.066s] -- Symlinking: /home/qjari/turtlebot3_ws/install/turtlebot3_gazebo/share/turtlebot3_gazebo//models/turtlebot3_burger/model.sdf
[23.086s] -- Symlinking: /home/qjari/turtlebot3_ws/install/turtlebot3_gazebo/share/turtlebot3_gazebo//models/turtlebot3_common/meshes/burger_base.dae
[23.101s] -- Symlinking: /home/qjari/turtlebot3_ws/install/turtlebot3_gazebo/share/turtlebot3_gazebo//models/turtlebot3_common/meshes/lds.dae
[23.118s] -- Symlinking: /home/qjari/turtlebot3_ws/install/turtlebot3_gazebo/share/turtlebot3_gazebo//models/turtlebot3_common/meshes/r200.dae
[23.139s] -- Symlinking: /home/qjari/turtlebot3_ws/install/turtlebot3_gazebo/share/turtlebot3_gazebo//models/turtlebot3_common/meshes/tire.dae
[23.156s] -- Symlinking: /home/qjari/turtlebot3_ws/install/turtlebot3_gazebo/share/turtlebot3_gazebo//models/turtlebot3_common/meshes/waffle_base.dae
[23.175s] -- Symlinking: /home/qjari/turtlebot3_ws/install/turtlebot3_gazebo/share/turtlebot3_gazebo//models/turtlebot3_common/meshes/waffle_pi_base.dae
[23.194s] -- Symlinking: /home/qjari/turtlebot3_ws/install/turtlebot3_gazebo/share/turtlebot3_gazebo//models/turtlebot3_common/model.config
[23.213s] -- Symlinking: /home/qjari/turtlebot3_ws/install/turtlebot3_gazebo/share/turtlebot3_gazebo//models/turtlebot3_dqn_world/goal_box/model.config
[23.233s] -- Symlinking: /home/qjari/turtlebot3_ws/install/turtlebot3_gazebo/share/turtlebot3_gazebo//models/turtlebot3_dqn_world/goal_box/model.sdf
[23.251s] -- Symlinking: /home/qjari/turtlebot3_ws/install/turtlebot3_gazebo/share/turtlebot3_gazebo//models/turtlebot3_dqn_world/inner_walls/model.config
[23.277s] -- Symlinking: /home/qjari/turtlebot3_ws/install/turtlebot3_gazebo/share/turtlebot3_gazebo//models/turtlebot3_dqn_world/inner_walls/model.sdf
[23.301s] -- Symlinking: /home/qjari/turtlebot3_ws/install/turtlebot3_gazebo/share/turtlebot3_gazebo//models/turtlebot3_dqn_world/model.config
[23.316s] -- Symlinking: /home/qjari/turtlebot3_ws/install/turtlebot3_gazebo/share/turtlebot3_gazebo//models/turtlebot3_dqn_world/model.sdf
[23.334s] -- Symlinking: /home/qjari/turtlebot3_ws/install/turtlebot3_gazebo/share/turtlebot3_gazebo//models/turtlebot3_dqn_world/obstacle1/model.config
[23.358s] -- Symlinking: /home/qjari/turtlebot3_ws/install/turtlebot3_gazebo/share/turtlebot3_gazebo//models/turtlebot3_dqn_world/obstacle1/model.sdf
[23.372s] -- Symlinking: /home/qjari/turtlebot3_ws/install/turtlebot3_gazebo/share/turtlebot3_gazebo//models/turtlebot3_dqn_world/obstacle2/model.config
[23.379s] -- Symlinking: /home/qjari/turtlebot3_ws/install/turtlebot3_gazebo/share/turtlebot3_gazebo//models/turtlebot3_dqn_world/obstacle2/model.sdf
[23.387s] -- Symlinking: /home/qjari/turtlebot3_ws/install/turtlebot3_gazebo/share/turtlebot3_gazebo//models/turtlebot3_dqn_world/obstacle_plugin/CMakeLists.txt
[23.395s] -- Symlinking: /home/qjari/turtlebot3_ws/install/turtlebot3_gazebo/share/turtlebot3_gazebo//models/turtlebot3_dqn_world/obstacle_plugin/obstacle1.cc
[23.402s] -- Symlinking: /home/qjari/turtlebot3_ws/install/turtlebot3_gazebo/share/turtlebot3_gazebo//models/turtlebot3_dqn_world/obstacle_plugin/obstacle2.cc
[23.410s] -- Symlinking: /home/qjari/turtlebot3_ws/install/turtlebot3_gazebo/share/turtlebot3_gazebo//models/turtlebot3_dqn_world/obstacle_plugin/obstacles.cc
[23.417s] -- Symlinking: /home/qjari/turtlebot3_ws/install/turtlebot3_gazebo/share/turtlebot3_gazebo//models/turtlebot3_dqn_world/obstacles/model.config
[23.424s] -- Symlinking: /home/qjari/turtlebot3_ws/install/turtlebot3_gazebo/share/turtlebot3_gazebo//models/turtlebot3_dqn_world/obstacles/model.sdf
[23.433s] -- Symlinking: /home/qjari/turtlebot3_ws/install/turtlebot3_gazebo/share/turtlebot3_gazebo//models/turtlebot3_house/model.config
[23.448s] -- Symlinking: /home/qjari/turtlebot3_ws/install/turtlebot3_gazebo/share/turtlebot3_gazebo//models/turtlebot3_house/model.sdf
[23.466s] -- Symlinking: /home/qjari/turtlebot3_ws/install/turtlebot3_gazebo/share/turtlebot3_gazebo//models/turtlebot3_waffle/model-1_4.sdf
[23.478s] -- Symlinking: /home/qjari/turtlebot3_ws/install/turtlebot3_gazebo/share/turtlebot3_gazebo//models/turtlebot3_waffle/model.config
[23.488s] -- Symlinking: /home/qjari/turtlebot3_ws/install/turtlebot3_gazebo/share/turtlebot3_gazebo//models/turtlebot3_waffle/model.sdf
[23.497s] -- Symlinking: /home/qjari/turtlebot3_ws/install/turtlebot3_gazebo/share/turtlebot3_gazebo//models/turtlebot3_waffle_pi/model-1_4_.sdf
[23.508s] -- Symlinking: /home/qjari/turtlebot3_ws/install/turtlebot3_gazebo/share/turtlebot3_gazebo//models/turtlebot3_waffle_pi/model.config
[23.530s] -- Symlinking: /home/qjari/turtlebot3_ws/install/turtlebot3_gazebo/share/turtlebot3_gazebo//models/turtlebot3_waffle_pi/model.sdf
[23.538s] -- Symlinking: /home/qjari/turtlebot3_ws/install/turtlebot3_gazebo/share/turtlebot3_gazebo//models/turtlebot3_world/meshes/hexagon.dae
[23.555s] -- Symlinking: /home/qjari/turtlebot3_ws/install/turtlebot3_gazebo/share/turtlebot3_gazebo//models/turtlebot3_world/meshes/wall.dae
[23.576s] -- Symlinking: /home/qjari/turtlebot3_ws/install/turtlebot3_gazebo/share/turtlebot3_gazebo//models/turtlebot3_world/model-1_4.sdf
[23.585s] -- Symlinking: /home/qjari/turtlebot3_ws/install/turtlebot3_gazebo/share/turtlebot3_gazebo//models/turtlebot3_world/model.config
[23.599s] -- Symlinking: /home/qjari/turtlebot3_ws/install/turtlebot3_gazebo/share/turtlebot3_gazebo//models/turtlebot3_world/model.sdf
[23.615s] -- Symlinking: /home/qjari/turtlebot3_ws/install/turtlebot3_gazebo/share/turtlebot3_gazebo//rviz/tb3_gazebo.rviz
[23.640s] -- Symlinking: /home/qjari/turtlebot3_ws/install/turtlebot3_gazebo/share/turtlebot3_gazebo//urdf/common_properties.urdf
[23.646s] -- Symlinking: /home/qjari/turtlebot3_ws/install/turtlebot3_gazebo/share/turtlebot3_gazebo//urdf/turtlebot3_burger.urdf
[23.657s] -- Symlinking: /home/qjari/turtlebot3_ws/install/turtlebot3_gazebo/share/turtlebot3_gazebo//urdf/turtlebot3_waffle.urdf
[23.667s] -- Symlinking: /home/qjari/turtlebot3_ws/install/turtlebot3_gazebo/share/turtlebot3_gazebo//urdf/turtlebot3_waffle_pi.urdf
[23.676s] -- Symlinking: /home/qjari/turtlebot3_ws/install/turtlebot3_gazebo/share/turtlebot3_gazebo//worlds/empty_world.world
[23.683s] -- Symlinking: /home/qjari/turtlebot3_ws/install/turtlebot3_gazebo/share/turtlebot3_gazebo//worlds/turtlebot3_dqn_stage1.world
[23.691s] -- Symlinking: /home/qjari/turtlebot3_ws/install/turtlebot3_gazebo/share/turtlebot3_gazebo//worlds/turtlebot3_dqn_stage2.world
[23.699s] -- Symlinking: /home/qjari/turtlebot3_ws/install/turtlebot3_gazebo/share/turtlebot3_gazebo//worlds/turtlebot3_dqn_stage3.world
[23.706s] -- Symlinking: /home/qjari/turtlebot3_ws/install/turtlebot3_gazebo/share/turtlebot3_gazebo//worlds/turtlebot3_dqn_stage4.world
[23.713s] -- Symlinking: /home/qjari/turtlebot3_ws/install/turtlebot3_gazebo/share/turtlebot3_gazebo//worlds/turtlebot3_house.world
[23.721s] -- Symlinking: /home/qjari/turtlebot3_ws/install/turtlebot3_gazebo/share/turtlebot3_gazebo//worlds/turtlebot3_world.world
[23.727s] -- Symlinking: /home/qjari/turtlebot3_ws/install/turtlebot3_gazebo/share/turtlebot3_gazebo//worlds/world1.sdf
[23.735s] -- Symlinking: /home/qjari/turtlebot3_ws/install/turtlebot3_gazebo/include//turtlebot3_gazebo/turtlebot3_drive.hpp
[23.743s] -- Symlinking: /home/qjari/turtlebot3_ws/install/turtlebot3_gazebo/share/ament_index/resource_index/package_run_dependencies/turtlebot3_gazebo
[23.752s] -- Symlinking: /home/qjari/turtlebot3_ws/install/turtlebot3_gazebo/share/ament_index/resource_index/parent_prefix_path/turtlebot3_gazebo
[23.761s] -- Symlinking: /home/qjari/turtlebot3_ws/install/turtlebot3_gazebo/share/turtlebot3_gazebo/environment/ament_prefix_path.sh
[23.772s] -- Symlinking: /home/qjari/turtlebot3_ws/install/turtlebot3_gazebo/share/turtlebot3_gazebo/environment/ament_prefix_path.dsv
[23.782s] -- Symlinking: /home/qjari/turtlebot3_ws/install/turtlebot3_gazebo/share/turtlebot3_gazebo/environment/path.sh
[23.792s] -- Symlinking: /home/qjari/turtlebot3_ws/install/turtlebot3_gazebo/share/turtlebot3_gazebo/environment/path.dsv
[23.799s] -- Symlinking: /home/qjari/turtlebot3_ws/install/turtlebot3_gazebo/share/turtlebot3_gazebo/local_setup.bash
[23.807s] -- Symlinking: /home/qjari/turtlebot3_ws/install/turtlebot3_gazebo/share/turtlebot3_gazebo/local_setup.sh
[23.814s] -- Symlinking: /home/qjari/turtlebot3_ws/install/turtlebot3_gazebo/share/turtlebot3_gazebo/local_setup.zsh
[23.821s] -- Symlinking: /home/qjari/turtlebot3_ws/install/turtlebot3_gazebo/share/turtlebot3_gazebo/local_setup.dsv
[23.828s] -- Symlinking: /home/qjari/turtlebot3_ws/install/turtlebot3_gazebo/share/turtlebot3_gazebo/package.dsv
[23.838s] -- Symlinking: /home/qjari/turtlebot3_ws/install/turtlebot3_gazebo/share/ament_index/resource_index/packages/turtlebot3_gazebo
[23.847s] -- Symlinking: /home/qjari/turtlebot3_ws/install/turtlebot3_gazebo/share/turtlebot3_gazebo/cmake/ament_cmake_export_include_directories-extras.cmake
[23.858s] -- Symlinking: /home/qjari/turtlebot3_ws/install/turtlebot3_gazebo/share/turtlebot3_gazebo/cmake/ament_cmake_export_dependencies-extras.cmake
[23.868s] -- Symlinking: /home/qjari/turtlebot3_ws/install/turtlebot3_gazebo/share/turtlebot3_gazebo/cmake/turtlebot3_gazeboConfig.cmake
[23.880s] -- Symlinking: /home/qjari/turtlebot3_ws/install/turtlebot3_gazebo/share/turtlebot3_gazebo/cmake/turtlebot3_gazeboConfig-version.cmake
[23.890s] -- Symlinking: /home/qjari/turtlebot3_ws/install/turtlebot3_gazebo/share/turtlebot3_gazebo/package.xml
[23.904s] Invoked command in '/home/qjari/turtlebot3_ws/build/turtlebot3_gazebo' returned '0': CMAKE_PREFIX_PATH=/opt/ros/humble /usr/bin/cmake --install /home/qjari/turtlebot3_ws/build/turtlebot3_gazebo
