[0.010s] Invoking command in '/home/qjari/turtlebot3_ws/src/build/turtlebot3_simulations': AMENT_PREFIX_PATH=/home/qjari/turtlebot3_ws/src/install/turtlebot3_fake_node:/home/qjari/turtlebot3_ws/src/install/turtlebot3_msgs:/home/qjari/turtlebot3_ws/src/install/turtlebot3_gazebo:${AMENT_PREFIX_PATH} CMAKE_PREFIX_PATH=/home/qjari/turtlebot3_ws/src/install/turtlebot3_fake_node:/home/qjari/turtlebot3_ws/src/install/turtlebot3_msgs:/home/qjari/turtlebot3_ws/src/install/turtlebot3_gazebo:/opt/ros/humble LD_LIBRARY_PATH=/home/qjari/turtlebot3_ws/src/install/turtlebot3_msgs/lib:${LD_LIBRARY_PATH} PYTHONPATH=/home/qjari/turtlebot3_ws/src/install/turtlebot3_msgs/local/lib/python3.10/dist-packages:${PYTHONPATH} /usr/bin/cmake /home/qjari/turtlebot3_ws/src/turtlebot3/turtlebot3_simulations/turtlebot3_simulations -DAMENT_CMAKE_SYMLINK_INSTALL=1 -DCMAKE_INSTALL_PREFIX=/home/qjari/turtlebot3_ws/src/install/turtlebot3_simulations
[0.064s] -- The C compiler identification is GNU 11.4.0
[0.121s] -- The CXX compiler identification is GNU 11.4.0
[0.130s] -- Detecting C compiler ABI info
[0.195s] -- Detecting C compiler ABI info - done
[0.208s] -- Check for working C compiler: /usr/bin/cc - skipped
[0.208s] -- Detecting C compile features
[0.209s] -- Detecting C compile features - done
[0.212s] -- Detecting CXX compiler ABI info
[0.287s] -- Detecting CXX compiler ABI info - done
[0.298s] -- Check for working CXX compiler: /usr/bin/c++ - skipped
[0.298s] -- Detecting CXX compile features
[0.299s] -- Detecting CXX compile features - done
[0.302s] -- Found ament_cmake: 1.3.10 (/opt/ros/humble/share/ament_cmake/cmake)
[0.445s] -- Found Python3: /usr/bin/python3 (found version "3.10.12") found components: Interpreter 
[0.505s] -- Override CMake install command with custom implementation using symlinks instead of copying resources
[0.602s] -- Configuring done
[0.605s] -- Generating done
[0.606s] -- Build files have been written to: /home/qjari/turtlebot3_ws/src/build/turtlebot3_simulations
[0.611s] Invoked command in '/home/qjari/turtlebot3_ws/src/build/turtlebot3_simulations' returned '0': AMENT_PREFIX_PATH=/home/qjari/turtlebot3_ws/src/install/turtlebot3_fake_node:/home/qjari/turtlebot3_ws/src/install/turtlebot3_msgs:/home/qjari/turtlebot3_ws/src/install/turtlebot3_gazebo:${AMENT_PREFIX_PATH} CMAKE_PREFIX_PATH=/home/qjari/turtlebot3_ws/src/install/turtlebot3_fake_node:/home/qjari/turtlebot3_ws/src/install/turtlebot3_msgs:/home/qjari/turtlebot3_ws/src/install/turtlebot3_gazebo:/opt/ros/humble LD_LIBRARY_PATH=/home/qjari/turtlebot3_ws/src/install/turtlebot3_msgs/lib:${LD_LIBRARY_PATH} PYTHONPATH=/home/qjari/turtlebot3_ws/src/install/turtlebot3_msgs/local/lib/python3.10/dist-packages:${PYTHONPATH} /usr/bin/cmake /home/qjari/turtlebot3_ws/src/turtlebot3/turtlebot3_simulations/turtlebot3_simulations -DAMENT_CMAKE_SYMLINK_INSTALL=1 -DCMAKE_INSTALL_PREFIX=/home/qjari/turtlebot3_ws/src/install/turtlebot3_simulations
[0.612s] Invoking command in '/home/qjari/turtlebot3_ws/src/build/turtlebot3_simulations': AMENT_PREFIX_PATH=/home/qjari/turtlebot3_ws/src/install/turtlebot3_fake_node:/home/qjari/turtlebot3_ws/src/install/turtlebot3_msgs:/home/qjari/turtlebot3_ws/src/install/turtlebot3_gazebo:${AMENT_PREFIX_PATH} CMAKE_PREFIX_PATH=/home/qjari/turtlebot3_ws/src/install/turtlebot3_fake_node:/home/qjari/turtlebot3_ws/src/install/turtlebot3_msgs:/home/qjari/turtlebot3_ws/src/install/turtlebot3_gazebo:/opt/ros/humble LD_LIBRARY_PATH=/home/qjari/turtlebot3_ws/src/install/turtlebot3_msgs/lib:${LD_LIBRARY_PATH} PYTHONPATH=/home/qjari/turtlebot3_ws/src/install/turtlebot3_msgs/local/lib/python3.10/dist-packages:${PYTHONPATH} /usr/bin/cmake --build /home/qjari/turtlebot3_ws/src/build/turtlebot3_simulations -- -j8 -l8
[0.645s] Invoked command in '/home/qjari/turtlebot3_ws/src/build/turtlebot3_simulations' returned '0': AMENT_PREFIX_PATH=/home/qjari/turtlebot3_ws/src/install/turtlebot3_fake_node:/home/qjari/turtlebot3_ws/src/install/turtlebot3_msgs:/home/qjari/turtlebot3_ws/src/install/turtlebot3_gazebo:${AMENT_PREFIX_PATH} CMAKE_PREFIX_PATH=/home/qjari/turtlebot3_ws/src/install/turtlebot3_fake_node:/home/qjari/turtlebot3_ws/src/install/turtlebot3_msgs:/home/qjari/turtlebot3_ws/src/install/turtlebot3_gazebo:/opt/ros/humble LD_LIBRARY_PATH=/home/qjari/turtlebot3_ws/src/install/turtlebot3_msgs/lib:${LD_LIBRARY_PATH} PYTHONPATH=/home/qjari/turtlebot3_ws/src/install/turtlebot3_msgs/local/lib/python3.10/dist-packages:${PYTHONPATH} /usr/bin/cmake --build /home/qjari/turtlebot3_ws/src/build/turtlebot3_simulations -- -j8 -l8
[0.665s] Invoking command in '/home/qjari/turtlebot3_ws/src/build/turtlebot3_simulations': AMENT_PREFIX_PATH=/home/qjari/turtlebot3_ws/src/install/turtlebot3_fake_node:/home/qjari/turtlebot3_ws/src/install/turtlebot3_msgs:/home/qjari/turtlebot3_ws/src/install/turtlebot3_gazebo:${AMENT_PREFIX_PATH} CMAKE_PREFIX_PATH=/home/qjari/turtlebot3_ws/src/install/turtlebot3_fake_node:/home/qjari/turtlebot3_ws/src/install/turtlebot3_msgs:/home/qjari/turtlebot3_ws/src/install/turtlebot3_gazebo:/opt/ros/humble LD_LIBRARY_PATH=/home/qjari/turtlebot3_ws/src/install/turtlebot3_msgs/lib:${LD_LIBRARY_PATH} PYTHONPATH=/home/qjari/turtlebot3_ws/src/install/turtlebot3_msgs/local/lib/python3.10/dist-packages:${PYTHONPATH} /usr/bin/cmake --install /home/qjari/turtlebot3_ws/src/build/turtlebot3_simulations
[0.671s] -- Install configuration: ""
[0.672s] -- Execute custom install script
[0.672s] -- Symlinking: /home/qjari/turtlebot3_ws/src/install/turtlebot3_simulations/share/ament_index/resource_index/package_run_dependencies/turtlebot3_simulations
[0.679s] -- Symlinking: /home/qjari/turtlebot3_ws/src/install/turtlebot3_simulations/share/ament_index/resource_index/parent_prefix_path/turtlebot3_simulations
[0.687s] -- Symlinking: /home/qjari/turtlebot3_ws/src/install/turtlebot3_simulations/share/turtlebot3_simulations/environment/ament_prefix_path.sh
[0.694s] -- Symlinking: /home/qjari/turtlebot3_ws/src/install/turtlebot3_simulations/share/turtlebot3_simulations/environment/ament_prefix_path.dsv
[0.701s] -- Symlinking: /home/qjari/turtlebot3_ws/src/install/turtlebot3_simulations/share/turtlebot3_simulations/environment/path.sh
[0.708s] -- Symlinking: /home/qjari/turtlebot3_ws/src/install/turtlebot3_simulations/share/turtlebot3_simulations/environment/path.dsv
[0.715s] -- Symlinking: /home/qjari/turtlebot3_ws/src/install/turtlebot3_simulations/share/turtlebot3_simulations/local_setup.bash
[0.723s] -- Symlinking: /home/qjari/turtlebot3_ws/src/install/turtlebot3_simulations/share/turtlebot3_simulations/local_setup.sh
[0.730s] -- Symlinking: /home/qjari/turtlebot3_ws/src/install/turtlebot3_simulations/share/turtlebot3_simulations/local_setup.zsh
[0.737s] -- Symlinking: /home/qjari/turtlebot3_ws/src/install/turtlebot3_simulations/share/turtlebot3_simulations/local_setup.dsv
[0.744s] -- Symlinking: /home/qjari/turtlebot3_ws/src/install/turtlebot3_simulations/share/turtlebot3_simulations/package.dsv
[0.753s] -- Symlinking: /home/qjari/turtlebot3_ws/src/install/turtlebot3_simulations/share/ament_index/resource_index/packages/turtlebot3_simulations
[0.760s] -- Symlinking: /home/qjari/turtlebot3_ws/src/install/turtlebot3_simulations/share/turtlebot3_simulations/cmake/turtlebot3_simulationsConfig.cmake
[0.767s] -- Symlinking: /home/qjari/turtlebot3_ws/src/install/turtlebot3_simulations/share/turtlebot3_simulations/cmake/turtlebot3_simulationsConfig-version.cmake
[0.775s] -- Symlinking: /home/qjari/turtlebot3_ws/src/install/turtlebot3_simulations/share/turtlebot3_simulations/package.xml
[0.785s] Invoked command in '/home/qjari/turtlebot3_ws/src/build/turtlebot3_simulations' returned '0': AMENT_PREFIX_PATH=/home/qjari/turtlebot3_ws/src/install/turtlebot3_fake_node:/home/qjari/turtlebot3_ws/src/install/turtlebot3_msgs:/home/qjari/turtlebot3_ws/src/install/turtlebot3_gazebo:${AMENT_PREFIX_PATH} CMAKE_PREFIX_PATH=/home/qjari/turtlebot3_ws/src/install/turtlebot3_fake_node:/home/qjari/turtlebot3_ws/src/install/turtlebot3_msgs:/home/qjari/turtlebot3_ws/src/install/turtlebot3_gazebo:/opt/ros/humble LD_LIBRARY_PATH=/home/qjari/turtlebot3_ws/src/install/turtlebot3_msgs/lib:${LD_LIBRARY_PATH} PYTHONPATH=/home/qjari/turtlebot3_ws/src/install/turtlebot3_msgs/local/lib/python3.10/dist-packages:${PYTHONPATH} /usr/bin/cmake --install /home/qjari/turtlebot3_ws/src/build/turtlebot3_simulations
