[0.026s] Invoking command in '/home/qjari/turtlebot3_ws/src/build/ld08_driver': CMAKE_PREFIX_PATH=${CMAKE_PREFIX_PATH}:/home/qjari/turtlebot3_ws/install/turtlebot3_teleop:/home/qjari/turtlebot3_ws/install/turtlebot3_example:/opt/ros/humble /usr/bin/cmake /home/qjari/turtlebot3_ws/src/utils/ld08_driver -DCMAKE_INSTALL_PREFIX=/home/qjari/turtlebot3_ws/src/install/ld08_driver
[0.050s] -- Found ament_cmake: 1.3.10 (/opt/ros/humble/share/ament_cmake/cmake)
[0.226s] -- Override CMake install command with custom implementation using symlinks instead of copying resources
[0.236s] -- Found rclcpp: 16.0.10 (/opt/ros/humble/share/rclcpp/cmake)
[0.290s] -- Found rosidl_generator_c: 3.1.5 (/opt/ros/humble/share/rosidl_generator_c/cmake)
[0.293s] -- Found rosidl_adapter: 3.1.5 (/opt/ros/humble/share/rosidl_adapter/cmake)
[0.300s] -- Found rosidl_generator_cpp: 3.1.5 (/opt/ros/humble/share/rosidl_generator_cpp/cmake)
[0.322s] -- Using all available rosidl_typesupport_c: rosidl_typesupport_fastrtps_c;rosidl_typesupport_introspection_c
[0.339s] -- Using all available rosidl_typesupport_cpp: rosidl_typesupport_fastrtps_cpp;rosidl_typesupport_introspection_cpp
[0.387s] -- Found rmw_implementation_cmake: 6.1.2 (/opt/ros/humble/share/rmw_implementation_cmake/cmake)
[0.391s] -- Found rmw_fastrtps_cpp: 6.2.7 (/opt/ros/humble/share/rmw_fastrtps_cpp/cmake)
[0.531s] -- Using RMW implementation 'rmw_fastrtps_cpp' as default
[0.606s] -- Found sensor_msgs: 4.2.4 (/opt/ros/humble/share/sensor_msgs/cmake)
[0.668s] -- Found ament_lint_auto: 0.12.11 (/opt/ros/humble/share/ament_lint_auto/cmake)
[0.794s] -- Configuring done
[0.827s] -- Generating done
[0.827s] -- Build files have been written to: /home/qjari/turtlebot3_ws/src/build/ld08_driver
[0.841s] Invoked command in '/home/qjari/turtlebot3_ws/src/build/ld08_driver' returned '0': CMAKE_PREFIX_PATH=${CMAKE_PREFIX_PATH}:/home/qjari/turtlebot3_ws/install/turtlebot3_teleop:/home/qjari/turtlebot3_ws/install/turtlebot3_example:/opt/ros/humble /usr/bin/cmake /home/qjari/turtlebot3_ws/src/utils/ld08_driver -DCMAKE_INSTALL_PREFIX=/home/qjari/turtlebot3_ws/src/install/ld08_driver
[0.841s] Invoking command in '/home/qjari/turtlebot3_ws/src/build/ld08_driver': CMAKE_PREFIX_PATH=${CMAKE_PREFIX_PATH}:/home/qjari/turtlebot3_ws/install/turtlebot3_teleop:/home/qjari/turtlebot3_ws/install/turtlebot3_example:/opt/ros/humble /usr/bin/cmake --build /home/qjari/turtlebot3_ws/src/build/ld08_driver -- -j8 -l8
[0.901s] [35m[1mConsolidate compiler generated dependencies of target ld08_driver[0m
[0.939s] [100%] Built target ld08_driver
[0.950s] Invoked command in '/home/qjari/turtlebot3_ws/src/build/ld08_driver' returned '0': CMAKE_PREFIX_PATH=${CMAKE_PREFIX_PATH}:/home/qjari/turtlebot3_ws/install/turtlebot3_teleop:/home/qjari/turtlebot3_ws/install/turtlebot3_example:/opt/ros/humble /usr/bin/cmake --build /home/qjari/turtlebot3_ws/src/build/ld08_driver -- -j8 -l8
[1.002s] Invoking command in '/home/qjari/turtlebot3_ws/src/build/ld08_driver': CMAKE_PREFIX_PATH=${CMAKE_PREFIX_PATH}:/home/qjari/turtlebot3_ws/install/turtlebot3_teleop:/home/qjari/turtlebot3_ws/install/turtlebot3_example:/opt/ros/humble /usr/bin/cmake --install /home/qjari/turtlebot3_ws/src/build/ld08_driver
[1.009s] -- Install configuration: ""
[1.009s] -- Execute custom install script
[1.010s] -- Up-to-date symlink: /home/qjari/turtlebot3_ws/src/install/ld08_driver/share/ld08_driver/launch/ld08.launch.py
[1.011s] -- Up-to-date symlink: /home/qjari/turtlebot3_ws/src/install/ld08_driver/lib/ld08_driver/ld08_driver
[1.013s] -- Up-to-date symlink: /home/qjari/turtlebot3_ws/src/install/ld08_driver/share/ament_index/resource_index/package_run_dependencies/ld08_driver
[1.014s] -- Up-to-date symlink: /home/qjari/turtlebot3_ws/src/install/ld08_driver/share/ament_index/resource_index/parent_prefix_path/ld08_driver
[1.014s] -- Up-to-date symlink: /home/qjari/turtlebot3_ws/src/install/ld08_driver/share/ld08_driver/environment/ament_prefix_path.sh
[1.015s] -- Up-to-date symlink: /home/qjari/turtlebot3_ws/src/install/ld08_driver/share/ld08_driver/environment/ament_prefix_path.dsv
[1.015s] -- Up-to-date symlink: /home/qjari/turtlebot3_ws/src/install/ld08_driver/share/ld08_driver/environment/path.sh
[1.016s] -- Up-to-date symlink: /home/qjari/turtlebot3_ws/src/install/ld08_driver/share/ld08_driver/environment/path.dsv
[1.016s] -- Up-to-date symlink: /home/qjari/turtlebot3_ws/src/install/ld08_driver/share/ld08_driver/local_setup.bash
[1.016s] -- Up-to-date symlink: /home/qjari/turtlebot3_ws/src/install/ld08_driver/share/ld08_driver/local_setup.sh
[1.017s] -- Up-to-date symlink: /home/qjari/turtlebot3_ws/src/install/ld08_driver/share/ld08_driver/local_setup.zsh
[1.017s] -- Up-to-date symlink: /home/qjari/turtlebot3_ws/src/install/ld08_driver/share/ld08_driver/local_setup.dsv
[1.017s] -- Symlinking: /home/qjari/turtlebot3_ws/src/install/ld08_driver/share/ld08_driver/package.dsv
[1.033s] -- Up-to-date symlink: /home/qjari/turtlebot3_ws/src/install/ld08_driver/share/ament_index/resource_index/packages/ld08_driver
[1.034s] -- Up-to-date symlink: /home/qjari/turtlebot3_ws/src/install/ld08_driver/share/ld08_driver/cmake/ament_cmake_export_dependencies-extras.cmake
[1.040s] -- Up-to-date symlink: /home/qjari/turtlebot3_ws/src/install/ld08_driver/share/ld08_driver/cmake/ament_cmake_export_include_directories-extras.cmake
[1.040s] -- Up-to-date symlink: /home/qjari/turtlebot3_ws/src/install/ld08_driver/share/ld08_driver/cmake/ld08_driverConfig.cmake
[1.046s] -- Up-to-date symlink: /home/qjari/turtlebot3_ws/src/install/ld08_driver/share/ld08_driver/cmake/ld08_driverConfig-version.cmake
[1.046s] -- Up-to-date symlink: /home/qjari/turtlebot3_ws/src/install/ld08_driver/share/ld08_driver/package.xml
[1.047s] Invoked command in '/home/qjari/turtlebot3_ws/src/build/ld08_driver' returned '0': CMAKE_PREFIX_PATH=${CMAKE_PREFIX_PATH}:/home/qjari/turtlebot3_ws/install/turtlebot3_teleop:/home/qjari/turtlebot3_ws/install/turtlebot3_example:/opt/ros/humble /usr/bin/cmake --install /home/qjari/turtlebot3_ws/src/build/ld08_driver
