[0.050s] Invoking command in '/home/qjari/turtlebot3_ws/build/dynamixel_sdk_examples': AMENT_PREFIX_PATH=/home/qjari/turtlebot3_ws/install/dynamixel_sdk_custom_interfaces:/home/qjari/turtlebot3_ws/install/dynamixel_sdk:${AMENT_PREFIX_PATH} CMAKE_PREFIX_PATH=/home/qjari/turtlebot3_ws/install/dynamixel_sdk_custom_interfaces:/home/qjari/turtlebot3_ws/install/dynamixel_sdk:/opt/ros/humble LD_LIBRARY_PATH=/home/qjari/turtlebot3_ws/install/dynamixel_sdk_custom_interfaces/lib:/home/qjari/turtlebot3_ws/install/dynamixel_sdk/lib:${LD_LIBRARY_PATH} PYTHONPATH=/home/qjari/turtlebot3_ws/install/dynamixel_sdk_custom_interfaces/local/lib/python3.10/dist-packages:${PYTHONPATH} /usr/bin/cmake /home/qjari/turtlebot3_ws/src/utils/DynamixelSDK/dynamixel_sdk_examples -DCMAKE_INSTALL_PREFIX=/home/qjari/turtlebot3_ws/install/dynamixel_sdk_examples
[0.192s] -- The C compiler identification is GNU 11.4.0
[0.340s] -- The CXX compiler identification is GNU 11.4.0
[0.358s] -- Detecting C compiler ABI info
[0.575s] -- Detecting C compiler ABI info - done
[0.614s] -- Check for working C compiler: /usr/bin/cc - skipped
[0.614s] -- Detecting C compile features
[0.621s] -- Detecting C compile features - done
[0.628s] -- Detecting CXX compiler ABI info
[0.835s] -- Detecting CXX compiler ABI info - done
[0.851s] -- Check for working CXX compiler: /usr/bin/c++ - skipped
[0.855s] -- Detecting CXX compile features
[0.855s] -- Detecting CXX compile features - done
[0.863s] -- Found ament_cmake: 1.3.10 (/opt/ros/humble/share/ament_cmake/cmake)
[1.253s] -- Found Python3: /usr/bin/python3 (found version "3.10.12") found components: Interpreter 
[1.374s] -- Found dynamixel_sdk: 3.7.60 (/home/qjari/turtlebot3_ws/install/dynamixel_sdk/share/dynamixel_sdk/cmake)
[1.378s] -- Found dynamixel_sdk_custom_interfaces: 3.7.60 (/home/qjari/turtlebot3_ws/install/dynamixel_sdk_custom_interfaces/share/dynamixel_sdk_custom_interfaces/cmake)
[1.428s] -- Found rosidl_generator_c: 3.1.5 (/opt/ros/humble/share/rosidl_generator_c/cmake)
[1.434s] -- Found rosidl_adapter: 3.1.5 (/opt/ros/humble/share/rosidl_adapter/cmake)
[1.444s] -- Found rosidl_generator_cpp: 3.1.5 (/opt/ros/humble/share/rosidl_generator_cpp/cmake)
[1.462s] -- Using all available rosidl_typesupport_c: rosidl_typesupport_fastrtps_c;rosidl_typesupport_introspection_c
[1.482s] -- Using all available rosidl_typesupport_cpp: rosidl_typesupport_fastrtps_cpp;rosidl_typesupport_introspection_cpp
[1.535s] -- Found rclcpp: 16.0.10 (/opt/ros/humble/share/rclcpp/cmake)
[1.591s] -- Found rmw_implementation_cmake: 6.1.2 (/opt/ros/humble/share/rmw_implementation_cmake/cmake)
[1.595s] -- Found rmw_fastrtps_cpp: 6.2.7 (/opt/ros/humble/share/rmw_fastrtps_cpp/cmake)
[1.722s] -- Found OpenSSL: /usr/lib/x86_64-linux-gnu/libcrypto.so (found version "3.0.2")  
[1.760s] -- Found FastRTPS: /opt/ros/humble/include  
[1.807s] -- Using RMW implementation 'rmw_fastrtps_cpp' as default
[1.818s] -- Looking for pthread.h
[1.908s] -- Looking for pthread.h - found
[1.909s] -- Performing Test CMAKE_HAVE_LIBC_PTHREAD
[1.987s] -- Performing Test CMAKE_HAVE_LIBC_PTHREAD - Success
[1.988s] -- Found Threads: TRUE  
[2.091s] -- Found ament_lint_auto: 0.12.11 (/opt/ros/humble/share/ament_lint_auto/cmake)
[2.207s] -- Added test 'copyright' to check source files copyright and LICENSE
[2.208s] -- Added test 'cppcheck' to perform static code analysis on C / C++ code
[2.209s] -- Configured cppcheck include dirs: /home/qjari/turtlebot3_ws/src/utils/DynamixelSDK/dynamixel_sdk_examples/include
[2.209s] -- Configured cppcheck exclude dirs and/or files: 
[2.210s] -- Added test 'cpplint' to check C / C++ code against the Google style
[2.210s] -- Configured cpplint exclude dirs and/or files: 
[2.212s] -- Added test 'lint_cmake' to check CMake code style
[2.213s] -- Added test 'uncrustify' to check C / C++ code style
[2.214s] -- Configured uncrustify additional arguments: 
[2.214s] -- Added test 'xmllint' to check XML markup files
[2.216s] -- Configuring done
[2.229s] -- Generating done
[2.232s] -- Build files have been written to: /home/qjari/turtlebot3_ws/build/dynamixel_sdk_examples
[2.244s] Invoked command in '/home/qjari/turtlebot3_ws/build/dynamixel_sdk_examples' returned '0': AMENT_PREFIX_PATH=/home/qjari/turtlebot3_ws/install/dynamixel_sdk_custom_interfaces:/home/qjari/turtlebot3_ws/install/dynamixel_sdk:${AMENT_PREFIX_PATH} CMAKE_PREFIX_PATH=/home/qjari/turtlebot3_ws/install/dynamixel_sdk_custom_interfaces:/home/qjari/turtlebot3_ws/install/dynamixel_sdk:/opt/ros/humble LD_LIBRARY_PATH=/home/qjari/turtlebot3_ws/install/dynamixel_sdk_custom_interfaces/lib:/home/qjari/turtlebot3_ws/install/dynamixel_sdk/lib:${LD_LIBRARY_PATH} PYTHONPATH=/home/qjari/turtlebot3_ws/install/dynamixel_sdk_custom_interfaces/local/lib/python3.10/dist-packages:${PYTHONPATH} /usr/bin/cmake /home/qjari/turtlebot3_ws/src/utils/DynamixelSDK/dynamixel_sdk_examples -DCMAKE_INSTALL_PREFIX=/home/qjari/turtlebot3_ws/install/dynamixel_sdk_examples
[2.245s] Invoking command in '/home/qjari/turtlebot3_ws/build/dynamixel_sdk_examples': AMENT_PREFIX_PATH=/home/qjari/turtlebot3_ws/install/dynamixel_sdk_custom_interfaces:/home/qjari/turtlebot3_ws/install/dynamixel_sdk:${AMENT_PREFIX_PATH} CMAKE_PREFIX_PATH=/home/qjari/turtlebot3_ws/install/dynamixel_sdk_custom_interfaces:/home/qjari/turtlebot3_ws/install/dynamixel_sdk:/opt/ros/humble LD_LIBRARY_PATH=/home/qjari/turtlebot3_ws/install/dynamixel_sdk_custom_interfaces/lib:/home/qjari/turtlebot3_ws/install/dynamixel_sdk/lib:${LD_LIBRARY_PATH} PYTHONPATH=/home/qjari/turtlebot3_ws/install/dynamixel_sdk_custom_interfaces/local/lib/python3.10/dist-packages:${PYTHONPATH} /usr/bin/cmake --build /home/qjari/turtlebot3_ws/build/dynamixel_sdk_examples -- -j8 -l8
[2.295s] [ 50%] [32mBuilding CXX object CMakeFiles/read_write_node.dir/src/read_write_node.cpp.o[0m
[13.616s] [100%] [32m[1mLinking CXX executable read_write_node[0m
[14.591s] [100%] Built target read_write_node
[14.625s] Invoked command in '/home/qjari/turtlebot3_ws/build/dynamixel_sdk_examples' returned '0': AMENT_PREFIX_PATH=/home/qjari/turtlebot3_ws/install/dynamixel_sdk_custom_interfaces:/home/qjari/turtlebot3_ws/install/dynamixel_sdk:${AMENT_PREFIX_PATH} CMAKE_PREFIX_PATH=/home/qjari/turtlebot3_ws/install/dynamixel_sdk_custom_interfaces:/home/qjari/turtlebot3_ws/install/dynamixel_sdk:/opt/ros/humble LD_LIBRARY_PATH=/home/qjari/turtlebot3_ws/install/dynamixel_sdk_custom_interfaces/lib:/home/qjari/turtlebot3_ws/install/dynamixel_sdk/lib:${LD_LIBRARY_PATH} PYTHONPATH=/home/qjari/turtlebot3_ws/install/dynamixel_sdk_custom_interfaces/local/lib/python3.10/dist-packages:${PYTHONPATH} /usr/bin/cmake --build /home/qjari/turtlebot3_ws/build/dynamixel_sdk_examples -- -j8 -l8
[14.670s] Invoking command in '/home/qjari/turtlebot3_ws/build/dynamixel_sdk_examples': AMENT_PREFIX_PATH=/home/qjari/turtlebot3_ws/install/dynamixel_sdk_custom_interfaces:/home/qjari/turtlebot3_ws/install/dynamixel_sdk:${AMENT_PREFIX_PATH} CMAKE_PREFIX_PATH=/home/qjari/turtlebot3_ws/install/dynamixel_sdk_custom_interfaces:/home/qjari/turtlebot3_ws/install/dynamixel_sdk:/opt/ros/humble LD_LIBRARY_PATH=/home/qjari/turtlebot3_ws/install/dynamixel_sdk_custom_interfaces/lib:/home/qjari/turtlebot3_ws/install/dynamixel_sdk/lib:${LD_LIBRARY_PATH} PYTHONPATH=/home/qjari/turtlebot3_ws/install/dynamixel_sdk_custom_interfaces/local/lib/python3.10/dist-packages:${PYTHONPATH} /usr/bin/cmake --install /home/qjari/turtlebot3_ws/build/dynamixel_sdk_examples
[14.683s] -- Install configuration: ""
[14.684s] -- Installing: /home/qjari/turtlebot3_ws/install/dynamixel_sdk_examples/lib/dynamixel_sdk_examples/read_write_node
[14.690s] -- Set runtime path of "/home/qjari/turtlebot3_ws/install/dynamixel_sdk_examples/lib/dynamixel_sdk_examples/read_write_node" to ""
[14.695s] -- Installing: /home/qjari/turtlebot3_ws/install/dynamixel_sdk_examples/share/ament_index/resource_index/package_run_dependencies/dynamixel_sdk_examples
[14.695s] -- Installing: /home/qjari/turtlebot3_ws/install/dynamixel_sdk_examples/share/ament_index/resource_index/parent_prefix_path/dynamixel_sdk_examples
[14.696s] -- Installing: /home/qjari/turtlebot3_ws/install/dynamixel_sdk_examples/share/dynamixel_sdk_examples/environment/ament_prefix_path.sh
[14.696s] -- Installing: /home/qjari/turtlebot3_ws/install/dynamixel_sdk_examples/share/dynamixel_sdk_examples/environment/ament_prefix_path.dsv
[14.696s] -- Installing: /home/qjari/turtlebot3_ws/install/dynamixel_sdk_examples/share/dynamixel_sdk_examples/environment/path.sh
[14.696s] -- Installing: /home/qjari/turtlebot3_ws/install/dynamixel_sdk_examples/share/dynamixel_sdk_examples/environment/path.dsv
[14.696s] -- Installing: /home/qjari/turtlebot3_ws/install/dynamixel_sdk_examples/share/dynamixel_sdk_examples/local_setup.bash
[14.696s] -- Installing: /home/qjari/turtlebot3_ws/install/dynamixel_sdk_examples/share/dynamixel_sdk_examples/local_setup.sh
[14.700s] -- Installing: /home/qjari/turtlebot3_ws/install/dynamixel_sdk_examples/share/dynamixel_sdk_examples/local_setup.zsh
[14.700s] -- Installing: /home/qjari/turtlebot3_ws/install/dynamixel_sdk_examples/share/dynamixel_sdk_examples/local_setup.dsv
[14.700s] -- Installing: /home/qjari/turtlebot3_ws/install/dynamixel_sdk_examples/share/dynamixel_sdk_examples/package.dsv
[14.700s] -- Installing: /home/qjari/turtlebot3_ws/install/dynamixel_sdk_examples/share/ament_index/resource_index/packages/dynamixel_sdk_examples
[14.700s] -- Installing: /home/qjari/turtlebot3_ws/install/dynamixel_sdk_examples/share/dynamixel_sdk_examples/cmake/dynamixel_sdk_examplesConfig.cmake
[14.700s] -- Installing: /home/qjari/turtlebot3_ws/install/dynamixel_sdk_examples/share/dynamixel_sdk_examples/cmake/dynamixel_sdk_examplesConfig-version.cmake
[14.700s] -- Installing: /home/qjari/turtlebot3_ws/install/dynamixel_sdk_examples/share/dynamixel_sdk_examples/package.xml
[14.710s] Invoked command in '/home/qjari/turtlebot3_ws/build/dynamixel_sdk_examples' returned '0': AMENT_PREFIX_PATH=/home/qjari/turtlebot3_ws/install/dynamixel_sdk_custom_interfaces:/home/qjari/turtlebot3_ws/install/dynamixel_sdk:${AMENT_PREFIX_PATH} CMAKE_PREFIX_PATH=/home/qjari/turtlebot3_ws/install/dynamixel_sdk_custom_interfaces:/home/qjari/turtlebot3_ws/install/dynamixel_sdk:/opt/ros/humble LD_LIBRARY_PATH=/home/qjari/turtlebot3_ws/install/dynamixel_sdk_custom_interfaces/lib:/home/qjari/turtlebot3_ws/install/dynamixel_sdk/lib:${LD_LIBRARY_PATH} PYTHONPATH=/home/qjari/turtlebot3_ws/install/dynamixel_sdk_custom_interfaces/local/lib/python3.10/dist-packages:${PYTHONPATH} /usr/bin/cmake --install /home/qjari/turtlebot3_ws/build/dynamixel_sdk_examples
