[0.011s] Invoking command in '/home/qjari/turtlebot4_ws/build/turtlebot4_ignition_toolbox': CMAKE_PREFIX_PATH=/opt/ros/humble /usr/bin/cmake /home/qjari/turtlebot4_ws/src/turtlebot4_simulator/turtlebot4_ignition_toolbox -DAMENT_CMAKE_SYMLINK_INSTALL=1 -DCMAKE_INSTALL_PREFIX=/home/qjari/turtlebot4_ws/install/turtlebot4_ignition_toolbox
[0.089s] -- The C compiler identification is GNU 11.4.0
[0.166s] -- The CXX compiler identification is GNU 11.4.0
[0.177s] -- Detecting C compiler ABI info
[0.262s] -- Detecting C compiler ABI info - done
[0.275s] -- Check for working C compiler: /usr/bin/cc - skipped
[0.275s] -- Detecting C compile features
[0.275s] -- Detecting C compile features - done
[0.280s] -- Detecting CXX compiler ABI info
[0.390s] -- Detecting CXX compiler ABI info - done
[0.400s] -- Check for working CXX compiler: /usr/bin/c++ - skipped
[0.402s] -- Detecting CXX compile features
[0.402s] -- Detecting CXX compile features - done
[0.404s] -- Found ament_cmake: 1.3.10 (/opt/ros/humble/share/ament_cmake/cmake)
[0.570s] -- Found Python3: /usr/bin/python3 (found version "3.10.12") found components: Interpreter 
[0.639s] -- Override CMake install command with custom implementation using symlinks instead of copying resources
[0.678s] -- Found rclcpp: 16.0.10 (/opt/ros/humble/share/rclcpp/cmake)
[0.732s] -- Found rosidl_generator_c: 3.1.5 (/opt/ros/humble/share/rosidl_generator_c/cmake)
[0.735s] -- Found rosidl_adapter: 3.1.5 (/opt/ros/humble/share/rosidl_adapter/cmake)
[0.748s] -- Found rosidl_generator_cpp: 3.1.5 (/opt/ros/humble/share/rosidl_generator_cpp/cmake)
[0.762s] -- Using all available rosidl_typesupport_c: rosidl_typesupport_fastrtps_c;rosidl_typesupport_introspection_c
[0.786s] -- Using all available rosidl_typesupport_cpp: rosidl_typesupport_fastrtps_cpp;rosidl_typesupport_introspection_cpp
[0.842s] -- Found rmw_implementation_cmake: 6.1.2 (/opt/ros/humble/share/rmw_implementation_cmake/cmake)
[0.845s] -- Found rmw_fastrtps_cpp: 6.2.7 (/opt/ros/humble/share/rmw_fastrtps_cpp/cmake)
[0.964s] -- Found OpenSSL: /usr/lib/x86_64-linux-gnu/libcrypto.so (found version "3.0.2")  
[0.999s] -- Found FastRTPS: /opt/ros/humble/include  
[1.056s] -- Using RMW implementation 'rmw_fastrtps_cpp' as default
[1.066s] -- Looking for pthread.h
[1.156s] -- Looking for pthread.h - found
[1.156s] -- Performing Test CMAKE_HAVE_LIBC_PTHREAD
[1.256s] -- Performing Test CMAKE_HAVE_LIBC_PTHREAD - Success
[1.256s] -- Found Threads: TRUE  
[1.340s] -- Found rclcpp_action: 16.0.10 (/opt/ros/humble/share/rclcpp_action/cmake)
[1.409s] -- Found sensor_msgs: 4.2.4 (/opt/ros/humble/share/sensor_msgs/cmake)
[1.461s] -- Found turtlebot4_msgs: 1.0.5 (/opt/ros/humble/share/turtlebot4_msgs/cmake)
[1.477s] -- Found ament_lint_auto: 0.12.11 (/opt/ros/humble/share/ament_lint_auto/cmake)
[1.570s] -- Added test 'cppcheck' to perform static code analysis on C / C++ code
[1.572s] -- Configured cppcheck include dirs: /home/qjari/turtlebot4_ws/src/turtlebot4_simulator/turtlebot4_ignition_toolbox/include
[1.572s] -- Configured cppcheck exclude dirs and/or files: 
[1.573s] -- Added test 'cpplint' to check C / C++ code against the Google style
[1.573s] -- Configured cpplint exclude dirs and/or files: 
[1.574s] -- Added test 'lint_cmake' to check CMake code style
[1.576s] -- Added test 'uncrustify' to check C / C++ code style
[1.576s] -- Configured uncrustify additional arguments: 
[1.577s] -- Added test 'xmllint' to check XML markup files
[1.583s] -- Configuring done
[1.599s] -- Generating done
[1.601s] -- Build files have been written to: /home/qjari/turtlebot4_ws/build/turtlebot4_ignition_toolbox
[1.616s] Invoked command in '/home/qjari/turtlebot4_ws/build/turtlebot4_ignition_toolbox' returned '0': CMAKE_PREFIX_PATH=/opt/ros/humble /usr/bin/cmake /home/qjari/turtlebot4_ws/src/turtlebot4_simulator/turtlebot4_ignition_toolbox -DAMENT_CMAKE_SYMLINK_INSTALL=1 -DCMAKE_INSTALL_PREFIX=/home/qjari/turtlebot4_ws/install/turtlebot4_ignition_toolbox
[1.618s] Invoking command in '/home/qjari/turtlebot4_ws/build/turtlebot4_ignition_toolbox': CMAKE_PREFIX_PATH=/opt/ros/humble /usr/bin/cmake --build /home/qjari/turtlebot4_ws/build/turtlebot4_ignition_toolbox -- -j8 -l8
[1.683s] [ 20%] [32mBuilding CXX object CMakeFiles/turtlebot4_ignition_toolbox_lib.dir/src/hmi_node.cpp.o[0m
[1.686s] [ 40%] [32mBuilding CXX object CMakeFiles/turtlebot4_ignition_toolbox_lib.dir/src/hmi_main.cpp.o[0m
[13.768s] [ 60%] [32m[1mLinking CXX static library libturtlebot4_ignition_toolbox_lib.a[0m
[14.063s] [ 60%] Built target turtlebot4_ignition_toolbox_lib
[14.087s] [ 80%] [32mBuilding CXX object CMakeFiles/turtlebot4_ignition_hmi_node.dir/src/hmi_main.cpp.o[0m
[17.067s] [100%] [32m[1mLinking CXX executable turtlebot4_ignition_hmi_node[0m
[17.721s] [100%] Built target turtlebot4_ignition_hmi_node
[17.734s] Invoked command in '/home/qjari/turtlebot4_ws/build/turtlebot4_ignition_toolbox' returned '0': CMAKE_PREFIX_PATH=/opt/ros/humble /usr/bin/cmake --build /home/qjari/turtlebot4_ws/build/turtlebot4_ignition_toolbox -- -j8 -l8
[17.778s] Invoking command in '/home/qjari/turtlebot4_ws/build/turtlebot4_ignition_toolbox': CMAKE_PREFIX_PATH=/opt/ros/humble /usr/bin/cmake --install /home/qjari/turtlebot4_ws/build/turtlebot4_ignition_toolbox
[17.787s] -- Install configuration: ""
[17.787s] -- Execute custom install script
[17.788s] -- Symlinking: /home/qjari/turtlebot4_ws/install/turtlebot4_ignition_toolbox/lib/turtlebot4_ignition_toolbox/turtlebot4_ignition_hmi_node
[17.798s] -- Symlinking: /home/qjari/turtlebot4_ws/install/turtlebot4_ignition_toolbox/share/ament_index/resource_index/package_run_dependencies/turtlebot4_ignition_toolbox
[17.810s] -- Symlinking: /home/qjari/turtlebot4_ws/install/turtlebot4_ignition_toolbox/share/ament_index/resource_index/parent_prefix_path/turtlebot4_ignition_toolbox
[17.817s] -- Symlinking: /home/qjari/turtlebot4_ws/install/turtlebot4_ignition_toolbox/share/turtlebot4_ignition_toolbox/environment/ament_prefix_path.sh
[17.827s] -- Symlinking: /home/qjari/turtlebot4_ws/install/turtlebot4_ignition_toolbox/share/turtlebot4_ignition_toolbox/environment/ament_prefix_path.dsv
[17.834s] -- Symlinking: /home/qjari/turtlebot4_ws/install/turtlebot4_ignition_toolbox/share/turtlebot4_ignition_toolbox/environment/path.sh
[17.845s] -- Symlinking: /home/qjari/turtlebot4_ws/install/turtlebot4_ignition_toolbox/share/turtlebot4_ignition_toolbox/environment/path.dsv
[17.856s] -- Symlinking: /home/qjari/turtlebot4_ws/install/turtlebot4_ignition_toolbox/share/turtlebot4_ignition_toolbox/local_setup.bash
[17.866s] -- Symlinking: /home/qjari/turtlebot4_ws/install/turtlebot4_ignition_toolbox/share/turtlebot4_ignition_toolbox/local_setup.sh
[17.875s] -- Symlinking: /home/qjari/turtlebot4_ws/install/turtlebot4_ignition_toolbox/share/turtlebot4_ignition_toolbox/local_setup.zsh
[17.884s] -- Symlinking: /home/qjari/turtlebot4_ws/install/turtlebot4_ignition_toolbox/share/turtlebot4_ignition_toolbox/local_setup.dsv
[17.894s] -- Symlinking: /home/qjari/turtlebot4_ws/install/turtlebot4_ignition_toolbox/share/turtlebot4_ignition_toolbox/package.dsv
[17.902s] -- Symlinking: /home/qjari/turtlebot4_ws/install/turtlebot4_ignition_toolbox/share/ament_index/resource_index/packages/turtlebot4_ignition_toolbox
[17.911s] -- Symlinking: /home/qjari/turtlebot4_ws/install/turtlebot4_ignition_toolbox/share/turtlebot4_ignition_toolbox/cmake/ament_cmake_export_include_directories-extras.cmake
[17.919s] -- Symlinking: /home/qjari/turtlebot4_ws/install/turtlebot4_ignition_toolbox/share/turtlebot4_ignition_toolbox/cmake/turtlebot4_ignition_toolboxConfig.cmake
[17.928s] -- Symlinking: /home/qjari/turtlebot4_ws/install/turtlebot4_ignition_toolbox/share/turtlebot4_ignition_toolbox/cmake/turtlebot4_ignition_toolboxConfig-version.cmake
[17.937s] -- Symlinking: /home/qjari/turtlebot4_ws/install/turtlebot4_ignition_toolbox/share/turtlebot4_ignition_toolbox/package.xml
[17.952s] Invoked command in '/home/qjari/turtlebot4_ws/build/turtlebot4_ignition_toolbox' returned '0': CMAKE_PREFIX_PATH=/opt/ros/humble /usr/bin/cmake --install /home/qjari/turtlebot4_ws/build/turtlebot4_ignition_toolbox
