[0.020s] Invoking command in '/home/qjari/turtlebot3_ws/src/build/turtlebot3_cartographer': /usr/bin/cmake /home/qjari/turtlebot3_ws/src/turtlebot3/turtlebot3/turtlebot3_cartographer -DAMENT_CMAKE_SYMLINK_INSTALL=1 -DCMAKE_INSTALL_PREFIX=/home/qjari/turtlebot3_ws/src/install/turtlebot3_cartographer
[0.039s] -- Found ament_cmake: 1.3.10 (/opt/ros/humble/share/ament_cmake/cmake)
[0.177s] Traceback (most recent call last):
[0.177s]   File "/opt/ros/humble/share/ament_cmake_core/cmake/package_templates/templates_2_cmake.py", line 21, in <module>
[0.177s]     from ament_package.templates import get_environment_hook_template_path
[0.178s] ModuleNotFoundError: No module named 'ament_package'
[0.186s] [31mCMake Error at /opt/ros/humble/share/ament_cmake_core/cmake/ament_cmake_package_templates-extras.cmake:41 (message):
[0.186s]   execute_process(/usr/bin/python3
[0.186s]   /opt/ros/humble/share/ament_cmake_core/cmake/package_templates/templates_2_cmake.py
[0.187s]   /home/qjari/turtlebot3_ws/src/build/turtlebot3_cartographer/ament_cmake_package_templates/templates.cmake)
[0.187s]   returned error code 1
[0.187s] Call Stack (most recent call first):
[0.187s]   /opt/ros/humble/share/ament_cmake_core/cmake/ament_cmake_coreConfig.cmake:41 (include)
[0.187s]   /opt/ros/humble/share/ament_cmake/cmake/ament_cmake_export_dependencies-extras.cmake:15 (find_package)
[0.187s]   /opt/ros/humble/share/ament_cmake/cmake/ament_cmakeConfig.cmake:41 (include)
[0.187s]   CMakeLists.txt:14 (find_package)
[0.190s] 
[0.190s] [0m
[0.192s] -- Configuring incomplete, errors occurred!
[0.192s] See also "/home/qjari/turtlebot3_ws/src/build/turtlebot3_cartographer/CMakeFiles/CMakeOutput.log".
[0.201s] Invoked command in '/home/qjari/turtlebot3_ws/src/build/turtlebot3_cartographer' returned '1': /usr/bin/cmake /home/qjari/turtlebot3_ws/src/turtlebot3/turtlebot3/turtlebot3_cartographer -DAMENT_CMAKE_SYMLINK_INSTALL=1 -DCMAKE_INSTALL_PREFIX=/home/qjari/turtlebot3_ws/src/install/turtlebot3_cartographer
