[1.233s] Invoking command in '/home/qjari/turtlebot3_ws/src/build/turtlebot3_teleop': PYTHONPATH=/home/qjari/turtlebot3_ws/src/build/turtlebot3_teleop/prefix_override:/usr/lib/python3/dist-packages/colcon_core/task/python/colcon_distutils_commands:/home/qjari/turtlebot3_ws/src/install/turtlebot3_teleop/lib/python3.10/site-packages:${PYTHONPATH} /usr/bin/python3 -W ignore:setup.py install is deprecated setup.py develop --uninstall --editable --build-directory /home/qjari/turtlebot3_ws/src/build/turtlebot3_teleop/build
[1.628s] running develop
[1.634s] /usr/lib/python3/dist-packages/setuptools/command/easy_install.py:158: EasyInstallDeprecationWarning: easy_install command is deprecated. Use build and pip and other standards-based tools.
[1.634s]   warnings.warn(
[1.885s] Removing /home/qjari/turtlebot3_ws/src/install/turtlebot3_teleop/lib/python3.10/site-packages/turtlebot3-teleop.egg-link (link to .)
[1.915s] Invoked command in '/home/qjari/turtlebot3_ws/src/build/turtlebot3_teleop' returned '0': PYTHONPATH=/home/qjari/turtlebot3_ws/src/build/turtlebot3_teleop/prefix_override:/usr/lib/python3/dist-packages/colcon_core/task/python/colcon_distutils_commands:/home/qjari/turtlebot3_ws/src/install/turtlebot3_teleop/lib/python3.10/site-packages:${PYTHONPATH} /usr/bin/python3 -W ignore:setup.py install is deprecated setup.py develop --uninstall --editable --build-directory /home/qjari/turtlebot3_ws/src/build/turtlebot3_teleop/build
[1.915s] Invoking command in '/home/qjari/turtlebot3_ws/src/turtlebot3/turtlebot3/turtlebot3_teleop': PYTHONPATH=/home/qjari/turtlebot3_ws/src/build/turtlebot3_teleop/prefix_override:/usr/lib/python3/dist-packages/colcon_core/task/python/colcon_distutils_commands:/home/qjari/turtlebot3_ws/src/install/turtlebot3_teleop/lib/python3.10/site-packages:${PYTHONPATH} /usr/bin/python3 -W ignore:setup.py install is deprecated setup.py egg_info --egg-base ../../../build/turtlebot3_teleop build --build-base /home/qjari/turtlebot3_ws/src/build/turtlebot3_teleop/build install --record /home/qjari/turtlebot3_ws/src/build/turtlebot3_teleop/install.log --single-version-externally-managed install_data --force
[2.221s] running egg_info
[2.222s] writing ../../../build/turtlebot3_teleop/turtlebot3_teleop.egg-info/PKG-INFO
[2.223s] writing dependency_links to ../../../build/turtlebot3_teleop/turtlebot3_teleop.egg-info/dependency_links.txt
[2.223s] writing entry points to ../../../build/turtlebot3_teleop/turtlebot3_teleop.egg-info/entry_points.txt
[2.223s] writing requirements to ../../../build/turtlebot3_teleop/turtlebot3_teleop.egg-info/requires.txt
[2.223s] writing top-level names to ../../../build/turtlebot3_teleop/turtlebot3_teleop.egg-info/top_level.txt
[2.224s] reading manifest file '../../../build/turtlebot3_teleop/turtlebot3_teleop.egg-info/SOURCES.txt'
[2.226s] writing manifest file '../../../build/turtlebot3_teleop/turtlebot3_teleop.egg-info/SOURCES.txt'
[2.226s] running build
[2.226s] running build_py
[2.230s] creating /home/qjari/turtlebot3_ws/src/build/turtlebot3_teleop/build
[2.230s] creating /home/qjari/turtlebot3_ws/src/build/turtlebot3_teleop/build/lib
[2.230s] creating /home/qjari/turtlebot3_ws/src/build/turtlebot3_teleop/build/lib/turtlebot3_teleop
[2.230s] copying turtlebot3_teleop/__init__.py -> /home/qjari/turtlebot3_ws/src/build/turtlebot3_teleop/build/lib/turtlebot3_teleop
[2.230s] creating /home/qjari/turtlebot3_ws/src/build/turtlebot3_teleop/build/lib/turtlebot3_teleop/script
[2.230s] copying turtlebot3_teleop/script/__init__.py -> /home/qjari/turtlebot3_ws/src/build/turtlebot3_teleop/build/lib/turtlebot3_teleop/script
[2.230s] copying turtlebot3_teleop/script/teleop_keyboard.py -> /home/qjari/turtlebot3_ws/src/build/turtlebot3_teleop/build/lib/turtlebot3_teleop/script
[2.233s] running install
[2.233s] running install_lib
[2.233s] creating /home/qjari/turtlebot3_ws/src/install/turtlebot3_teleop/lib/python3.10/site-packages/turtlebot3_teleop
[2.233s] copying /home/qjari/turtlebot3_ws/src/build/turtlebot3_teleop/build/lib/turtlebot3_teleop/__init__.py -> /home/qjari/turtlebot3_ws/src/install/turtlebot3_teleop/lib/python3.10/site-packages/turtlebot3_teleop
[2.233s] creating /home/qjari/turtlebot3_ws/src/install/turtlebot3_teleop/lib/python3.10/site-packages/turtlebot3_teleop/script
[2.234s] copying /home/qjari/turtlebot3_ws/src/build/turtlebot3_teleop/build/lib/turtlebot3_teleop/script/__init__.py -> /home/qjari/turtlebot3_ws/src/install/turtlebot3_teleop/lib/python3.10/site-packages/turtlebot3_teleop/script
[2.234s] copying /home/qjari/turtlebot3_ws/src/build/turtlebot3_teleop/build/lib/turtlebot3_teleop/script/teleop_keyboard.py -> /home/qjari/turtlebot3_ws/src/install/turtlebot3_teleop/lib/python3.10/site-packages/turtlebot3_teleop/script
[2.234s] byte-compiling /home/qjari/turtlebot3_ws/src/install/turtlebot3_teleop/lib/python3.10/site-packages/turtlebot3_teleop/__init__.py to __init__.cpython-310.pyc
[2.234s] byte-compiling /home/qjari/turtlebot3_ws/src/install/turtlebot3_teleop/lib/python3.10/site-packages/turtlebot3_teleop/script/__init__.py to __init__.cpython-310.pyc
[2.235s] byte-compiling /home/qjari/turtlebot3_ws/src/install/turtlebot3_teleop/lib/python3.10/site-packages/turtlebot3_teleop/script/teleop_keyboard.py to teleop_keyboard.cpython-310.pyc
[2.235s] running install_data
[2.235s] copying resource/turtlebot3_teleop -> /home/qjari/turtlebot3_ws/src/install/turtlebot3_teleop/share/ament_index/resource_index/packages
[2.237s] copying package.xml -> /home/qjari/turtlebot3_ws/src/install/turtlebot3_teleop/share/turtlebot3_teleop
[2.237s] running install_egg_info
[2.243s] Copying ../../../build/turtlebot3_teleop/turtlebot3_teleop.egg-info to /home/qjari/turtlebot3_ws/src/install/turtlebot3_teleop/lib/python3.10/site-packages/turtlebot3_teleop-2.1.5-py3.10.egg-info
[2.243s] running install_scripts
[2.269s] Installing teleop_keyboard script to /home/qjari/turtlebot3_ws/src/install/turtlebot3_teleop/lib/turtlebot3_teleop
[2.269s] writing list of installed files to '/home/qjari/turtlebot3_ws/src/build/turtlebot3_teleop/install.log'
[2.297s] Invoked command in '/home/qjari/turtlebot3_ws/src/turtlebot3/turtlebot3/turtlebot3_teleop' returned '0': PYTHONPATH=/home/qjari/turtlebot3_ws/src/build/turtlebot3_teleop/prefix_override:/usr/lib/python3/dist-packages/colcon_core/task/python/colcon_distutils_commands:/home/qjari/turtlebot3_ws/src/install/turtlebot3_teleop/lib/python3.10/site-packages:${PYTHONPATH} /usr/bin/python3 -W ignore:setup.py install is deprecated setup.py egg_info --egg-base ../../../build/turtlebot3_teleop build --build-base /home/qjari/turtlebot3_ws/src/build/turtlebot3_teleop/build install --record /home/qjari/turtlebot3_ws/src/build/turtlebot3_teleop/install.log --single-version-externally-managed install_data --force
