[0.026s] Invoking command in '/home/qjari/turtlebot3_ws/src/build/turtlebot3_node': AMENT_PREFIX_PATH=/home/qjari/turtlebot3_ws/src/install/turtlebot3_msgs:/home/qjari/turtlebot3_ws/src/install/dynamixel_sdk:${AMENT_PREFIX_PATH} CMAKE_PREFIX_PATH=/home/qjari/turtlebot3_ws/src/install/turtlebot3_msgs:/home/qjari/turtlebot3_ws/src/install/dynamixel_sdk:/home/qjari/turtlebot3_ws/install/turtlebot3:/home/qjari/turtlebot3_ws/install/turtlebot3_simulations:/home/qjari/turtlebot3_ws/install/turtlebot3_bringup:/home/qjari/turtlebot3_ws/install/turtlebot3_node:/home/qjari/turtlebot3_ws/install/turtlebot3_navigation2:/home/qjari/turtlebot3_ws/install/turtlebot3_fake_node:/home/qjari/turtlebot3_ws/install/turtlebot3_msgs:/home/qjari/turtlebot3_ws/install/turtlebot3_gazebo:/home/qjari/turtlebot3_ws/install/turtlebot3_description:/home/qjari/turtlebot3_ws/install/turtlebot3_cartographer:/home/qjari/turtlebot3_ws/install/ld08_driver:/home/qjari/turtlebot3_ws/install/hls_lfcd_lds_driver:/home/qjari/turtlebot3_ws/install/dynamixel_sdk_examples:/home/qjari/turtlebot3_ws/install/dynamixel_sdk_custom_interfaces:/home/qjari/turtlebot3_ws/install/dynamixel_sdk:/home/qjari/turtlebot3_ws/install/turtlebot3_teleop:/home/qjari/turtlebot3_ws/install/turtlebot3_example:/opt/ros/humble LD_LIBRARY_PATH=/home/qjari/turtlebot3_ws/src/install/turtlebot3_msgs/lib:/home/qjari/turtlebot3_ws/src/install/dynamixel_sdk/lib:${LD_LIBRARY_PATH} PYTHONPATH=/home/qjari/turtlebot3_ws/src/install/turtlebot3_msgs/local/lib/python3.10/dist-packages:${PYTHONPATH} /usr/bin/cmake /home/qjari/turtlebot3_ws/src/turtlebot3/turtlebot3/turtlebot3_node -DCMAKE_INSTALL_PREFIX=/home/qjari/turtlebot3_ws/src/install/turtlebot3_node
[0.376s] -- Found ament_cmake: 1.3.10 (/opt/ros/humble/share/ament_cmake/cmake)
[0.376s] -- Override CMake install command with custom implementation using symlinks instead of copying resources
[0.376s] -- Found dynamixel_sdk: 3.7.60 (/home/qjari/turtlebot3_ws/src/install/dynamixel_sdk/share/dynamixel_sdk/cmake)
[0.377s] -- Found geometry_msgs: 4.2.4 (/opt/ros/humble/share/geometry_msgs/cmake)
[0.377s] -- Found rosidl_generator_c: 3.1.5 (/opt/ros/humble/share/rosidl_generator_c/cmake)
[0.377s] -- Found rosidl_adapter: 3.1.5 (/opt/ros/humble/share/rosidl_adapter/cmake)
[0.377s] -- Found rosidl_generator_cpp: 3.1.5 (/opt/ros/humble/share/rosidl_generator_cpp/cmake)
[0.377s] -- Using all available rosidl_typesupport_c: rosidl_typesupport_fastrtps_c;rosidl_typesupport_introspection_c
[0.377s] -- Using all available rosidl_typesupport_cpp: rosidl_typesupport_fastrtps_cpp;rosidl_typesupport_introspection_cpp
[0.377s] -- Found message_filters: 4.3.5 (/opt/ros/humble/share/message_filters/cmake)
[0.377s] -- Found rmw_implementation_cmake: 6.1.2 (/opt/ros/humble/share/rmw_implementation_cmake/cmake)
[0.377s] -- Found rmw_fastrtps_cpp: 6.2.7 (/opt/ros/humble/share/rmw_fastrtps_cpp/cmake)
[0.519s] -- Using RMW implementation 'rmw_fastrtps_cpp' as default
[0.586s] -- Found nav_msgs: 4.2.4 (/opt/ros/humble/share/nav_msgs/cmake)
[0.618s] -- Found sensor_msgs: 4.2.4 (/opt/ros/humble/share/sensor_msgs/cmake)
[0.646s] -- Found std_srvs: 4.2.4 (/opt/ros/humble/share/std_srvs/cmake)
[0.664s] -- Found tf2: 0.25.8 (/opt/ros/humble/share/tf2/cmake)
[0.674s] -- Found tf2_ros: 0.25.8 (/opt/ros/humble/share/tf2_ros/cmake)
[0.831s] -- Found turtlebot3_msgs: 2.2.3 (/home/qjari/turtlebot3_ws/src/install/turtlebot3_msgs/share/turtlebot3_msgs/cmake)
[0.966s] -- Configuring done
[1.012s] -- Generating done
[1.012s] -- Build files have been written to: /home/qjari/turtlebot3_ws/src/build/turtlebot3_node
[1.026s] Invoked command in '/home/qjari/turtlebot3_ws/src/build/turtlebot3_node' returned '0': AMENT_PREFIX_PATH=/home/qjari/turtlebot3_ws/src/install/turtlebot3_msgs:/home/qjari/turtlebot3_ws/src/install/dynamixel_sdk:${AMENT_PREFIX_PATH} CMAKE_PREFIX_PATH=/home/qjari/turtlebot3_ws/src/install/turtlebot3_msgs:/home/qjari/turtlebot3_ws/src/install/dynamixel_sdk:/home/qjari/turtlebot3_ws/install/turtlebot3:/home/qjari/turtlebot3_ws/install/turtlebot3_simulations:/home/qjari/turtlebot3_ws/install/turtlebot3_bringup:/home/qjari/turtlebot3_ws/install/turtlebot3_node:/home/qjari/turtlebot3_ws/install/turtlebot3_navigation2:/home/qjari/turtlebot3_ws/install/turtlebot3_fake_node:/home/qjari/turtlebot3_ws/install/turtlebot3_msgs:/home/qjari/turtlebot3_ws/install/turtlebot3_gazebo:/home/qjari/turtlebot3_ws/install/turtlebot3_description:/home/qjari/turtlebot3_ws/install/turtlebot3_cartographer:/home/qjari/turtlebot3_ws/install/ld08_driver:/home/qjari/turtlebot3_ws/install/hls_lfcd_lds_driver:/home/qjari/turtlebot3_ws/install/dynamixel_sdk_examples:/home/qjari/turtlebot3_ws/install/dynamixel_sdk_custom_interfaces:/home/qjari/turtlebot3_ws/install/dynamixel_sdk:/home/qjari/turtlebot3_ws/install/turtlebot3_teleop:/home/qjari/turtlebot3_ws/install/turtlebot3_example:/opt/ros/humble LD_LIBRARY_PATH=/home/qjari/turtlebot3_ws/src/install/turtlebot3_msgs/lib:/home/qjari/turtlebot3_ws/src/install/dynamixel_sdk/lib:${LD_LIBRARY_PATH} PYTHONPATH=/home/qjari/turtlebot3_ws/src/install/turtlebot3_msgs/local/lib/python3.10/dist-packages:${PYTHONPATH} /usr/bin/cmake /home/qjari/turtlebot3_ws/src/turtlebot3/turtlebot3/turtlebot3_node -DCMAKE_INSTALL_PREFIX=/home/qjari/turtlebot3_ws/src/install/turtlebot3_node
[1.027s] Invoking command in '/home/qjari/turtlebot3_ws/src/build/turtlebot3_node': AMENT_PREFIX_PATH=/home/qjari/turtlebot3_ws/src/install/turtlebot3_msgs:/home/qjari/turtlebot3_ws/src/install/dynamixel_sdk:${AMENT_PREFIX_PATH} CMAKE_PREFIX_PATH=/home/qjari/turtlebot3_ws/src/install/turtlebot3_msgs:/home/qjari/turtlebot3_ws/src/install/dynamixel_sdk:/home/qjari/turtlebot3_ws/install/turtlebot3:/home/qjari/turtlebot3_ws/install/turtlebot3_simulations:/home/qjari/turtlebot3_ws/install/turtlebot3_bringup:/home/qjari/turtlebot3_ws/install/turtlebot3_node:/home/qjari/turtlebot3_ws/install/turtlebot3_navigation2:/home/qjari/turtlebot3_ws/install/turtlebot3_fake_node:/home/qjari/turtlebot3_ws/install/turtlebot3_msgs:/home/qjari/turtlebot3_ws/install/turtlebot3_gazebo:/home/qjari/turtlebot3_ws/install/turtlebot3_description:/home/qjari/turtlebot3_ws/install/turtlebot3_cartographer:/home/qjari/turtlebot3_ws/install/ld08_driver:/home/qjari/turtlebot3_ws/install/hls_lfcd_lds_driver:/home/qjari/turtlebot3_ws/install/dynamixel_sdk_examples:/home/qjari/turtlebot3_ws/install/dynamixel_sdk_custom_interfaces:/home/qjari/turtlebot3_ws/install/dynamixel_sdk:/home/qjari/turtlebot3_ws/install/turtlebot3_teleop:/home/qjari/turtlebot3_ws/install/turtlebot3_example:/opt/ros/humble LD_LIBRARY_PATH=/home/qjari/turtlebot3_ws/src/install/turtlebot3_msgs/lib:/home/qjari/turtlebot3_ws/src/install/dynamixel_sdk/lib:${LD_LIBRARY_PATH} PYTHONPATH=/home/qjari/turtlebot3_ws/src/install/turtlebot3_msgs/local/lib/python3.10/dist-packages:${PYTHONPATH} /usr/bin/cmake --build /home/qjari/turtlebot3_ws/src/build/turtlebot3_node -- -j8 -l8
[1.087s] [35m[1mConsolidate compiler generated dependencies of target turtlebot3_node_lib[0m
[1.145s] [ 85%] Built target turtlebot3_node_lib
[1.165s] [35m[1mConsolidate compiler generated dependencies of target turtlebot3_ros[0m
[1.185s] [100%] Built target turtlebot3_ros
[1.198s] Invoked command in '/home/qjari/turtlebot3_ws/src/build/turtlebot3_node' returned '0': AMENT_PREFIX_PATH=/home/qjari/turtlebot3_ws/src/install/turtlebot3_msgs:/home/qjari/turtlebot3_ws/src/install/dynamixel_sdk:${AMENT_PREFIX_PATH} CMAKE_PREFIX_PATH=/home/qjari/turtlebot3_ws/src/install/turtlebot3_msgs:/home/qjari/turtlebot3_ws/src/install/dynamixel_sdk:/home/qjari/turtlebot3_ws/install/turtlebot3:/home/qjari/turtlebot3_ws/install/turtlebot3_simulations:/home/qjari/turtlebot3_ws/install/turtlebot3_bringup:/home/qjari/turtlebot3_ws/install/turtlebot3_node:/home/qjari/turtlebot3_ws/install/turtlebot3_navigation2:/home/qjari/turtlebot3_ws/install/turtlebot3_fake_node:/home/qjari/turtlebot3_ws/install/turtlebot3_msgs:/home/qjari/turtlebot3_ws/install/turtlebot3_gazebo:/home/qjari/turtlebot3_ws/install/turtlebot3_description:/home/qjari/turtlebot3_ws/install/turtlebot3_cartographer:/home/qjari/turtlebot3_ws/install/ld08_driver:/home/qjari/turtlebot3_ws/install/hls_lfcd_lds_driver:/home/qjari/turtlebot3_ws/install/dynamixel_sdk_examples:/home/qjari/turtlebot3_ws/install/dynamixel_sdk_custom_interfaces:/home/qjari/turtlebot3_ws/install/dynamixel_sdk:/home/qjari/turtlebot3_ws/install/turtlebot3_teleop:/home/qjari/turtlebot3_ws/install/turtlebot3_example:/opt/ros/humble LD_LIBRARY_PATH=/home/qjari/turtlebot3_ws/src/install/turtlebot3_msgs/lib:/home/qjari/turtlebot3_ws/src/install/dynamixel_sdk/lib:${LD_LIBRARY_PATH} PYTHONPATH=/home/qjari/turtlebot3_ws/src/install/turtlebot3_msgs/local/lib/python3.10/dist-packages:${PYTHONPATH} /usr/bin/cmake --build /home/qjari/turtlebot3_ws/src/build/turtlebot3_node -- -j8 -l8
[1.285s] Invoking command in '/home/qjari/turtlebot3_ws/src/build/turtlebot3_node': AMENT_PREFIX_PATH=/home/qjari/turtlebot3_ws/src/install/turtlebot3_msgs:/home/qjari/turtlebot3_ws/src/install/dynamixel_sdk:${AMENT_PREFIX_PATH} CMAKE_PREFIX_PATH=/home/qjari/turtlebot3_ws/src/install/turtlebot3_msgs:/home/qjari/turtlebot3_ws/src/install/dynamixel_sdk:/home/qjari/turtlebot3_ws/install/turtlebot3:/home/qjari/turtlebot3_ws/install/turtlebot3_simulations:/home/qjari/turtlebot3_ws/install/turtlebot3_bringup:/home/qjari/turtlebot3_ws/install/turtlebot3_node:/home/qjari/turtlebot3_ws/install/turtlebot3_navigation2:/home/qjari/turtlebot3_ws/install/turtlebot3_fake_node:/home/qjari/turtlebot3_ws/install/turtlebot3_msgs:/home/qjari/turtlebot3_ws/install/turtlebot3_gazebo:/home/qjari/turtlebot3_ws/install/turtlebot3_description:/home/qjari/turtlebot3_ws/install/turtlebot3_cartographer:/home/qjari/turtlebot3_ws/install/ld08_driver:/home/qjari/turtlebot3_ws/install/hls_lfcd_lds_driver:/home/qjari/turtlebot3_ws/install/dynamixel_sdk_examples:/home/qjari/turtlebot3_ws/install/dynamixel_sdk_custom_interfaces:/home/qjari/turtlebot3_ws/install/dynamixel_sdk:/home/qjari/turtlebot3_ws/install/turtlebot3_teleop:/home/qjari/turtlebot3_ws/install/turtlebot3_example:/opt/ros/humble LD_LIBRARY_PATH=/home/qjari/turtlebot3_ws/src/install/turtlebot3_msgs/lib:/home/qjari/turtlebot3_ws/src/install/dynamixel_sdk/lib:${LD_LIBRARY_PATH} PYTHONPATH=/home/qjari/turtlebot3_ws/src/install/turtlebot3_msgs/local/lib/python3.10/dist-packages:${PYTHONPATH} /usr/bin/cmake --install /home/qjari/turtlebot3_ws/src/build/turtlebot3_node
[1.290s] -- Install configuration: ""
[1.290s] -- Execute custom install script
[1.292s] -- Up-to-date symlink: /home/qjari/turtlebot3_ws/src/install/turtlebot3_node/share/turtlebot3_node/param/burger.yaml
[1.292s] -- Up-to-date symlink: /home/qjari/turtlebot3_ws/src/install/turtlebot3_node/share/turtlebot3_node/param/waffle.yaml
[1.293s] -- Up-to-date symlink: /home/qjari/turtlebot3_ws/src/install/turtlebot3_node/share/turtlebot3_node/param/waffle_pi.yaml
[1.295s] -- Up-to-date symlink: /home/qjari/turtlebot3_ws/src/install/turtlebot3_node/lib/turtlebot3_node/turtlebot3_ros
[1.295s] -- Up-to-date symlink: /home/qjari/turtlebot3_ws/src/install/turtlebot3_node/share/ament_index/resource_index/package_run_dependencies/turtlebot3_node
[1.295s] -- Up-to-date symlink: /home/qjari/turtlebot3_ws/src/install/turtlebot3_node/share/ament_index/resource_index/parent_prefix_path/turtlebot3_node
[1.295s] -- Up-to-date symlink: /home/qjari/turtlebot3_ws/src/install/turtlebot3_node/share/turtlebot3_node/environment/ament_prefix_path.sh
[1.295s] -- Up-to-date symlink: /home/qjari/turtlebot3_ws/src/install/turtlebot3_node/share/turtlebot3_node/environment/ament_prefix_path.dsv
[1.296s] -- Up-to-date symlink: /home/qjari/turtlebot3_ws/src/install/turtlebot3_node/share/turtlebot3_node/environment/path.sh
[1.296s] -- Up-to-date symlink: /home/qjari/turtlebot3_ws/src/install/turtlebot3_node/share/turtlebot3_node/environment/path.dsv
[1.296s] -- Up-to-date symlink: /home/qjari/turtlebot3_ws/src/install/turtlebot3_node/share/turtlebot3_node/local_setup.bash
[1.296s] -- Up-to-date symlink: /home/qjari/turtlebot3_ws/src/install/turtlebot3_node/share/turtlebot3_node/local_setup.sh
[1.297s] -- Up-to-date symlink: /home/qjari/turtlebot3_ws/src/install/turtlebot3_node/share/turtlebot3_node/local_setup.zsh
[1.299s] -- Up-to-date symlink: /home/qjari/turtlebot3_ws/src/install/turtlebot3_node/share/turtlebot3_node/local_setup.dsv
[1.299s] -- Symlinking: /home/qjari/turtlebot3_ws/src/install/turtlebot3_node/share/turtlebot3_node/package.dsv
[1.310s] -- Up-to-date symlink: /home/qjari/turtlebot3_ws/src/install/turtlebot3_node/share/ament_index/resource_index/packages/turtlebot3_node
[1.310s] -- Up-to-date symlink: /home/qjari/turtlebot3_ws/src/install/turtlebot3_node/share/turtlebot3_node/cmake/ament_cmake_export_include_directories-extras.cmake
[1.310s] -- Up-to-date symlink: /home/qjari/turtlebot3_ws/src/install/turtlebot3_node/share/turtlebot3_node/cmake/turtlebot3_nodeConfig.cmake
[1.310s] -- Up-to-date symlink: /home/qjari/turtlebot3_ws/src/install/turtlebot3_node/share/turtlebot3_node/cmake/turtlebot3_nodeConfig-version.cmake
[1.312s] -- Up-to-date symlink: /home/qjari/turtlebot3_ws/src/install/turtlebot3_node/share/turtlebot3_node/package.xml
[1.316s] Invoked command in '/home/qjari/turtlebot3_ws/src/build/turtlebot3_node' returned '0': AMENT_PREFIX_PATH=/home/qjari/turtlebot3_ws/src/install/turtlebot3_msgs:/home/qjari/turtlebot3_ws/src/install/dynamixel_sdk:${AMENT_PREFIX_PATH} CMAKE_PREFIX_PATH=/home/qjari/turtlebot3_ws/src/install/turtlebot3_msgs:/home/qjari/turtlebot3_ws/src/install/dynamixel_sdk:/home/qjari/turtlebot3_ws/install/turtlebot3:/home/qjari/turtlebot3_ws/install/turtlebot3_simulations:/home/qjari/turtlebot3_ws/install/turtlebot3_bringup:/home/qjari/turtlebot3_ws/install/turtlebot3_node:/home/qjari/turtlebot3_ws/install/turtlebot3_navigation2:/home/qjari/turtlebot3_ws/install/turtlebot3_fake_node:/home/qjari/turtlebot3_ws/install/turtlebot3_msgs:/home/qjari/turtlebot3_ws/install/turtlebot3_gazebo:/home/qjari/turtlebot3_ws/install/turtlebot3_description:/home/qjari/turtlebot3_ws/install/turtlebot3_cartographer:/home/qjari/turtlebot3_ws/install/ld08_driver:/home/qjari/turtlebot3_ws/install/hls_lfcd_lds_driver:/home/qjari/turtlebot3_ws/install/dynamixel_sdk_examples:/home/qjari/turtlebot3_ws/install/dynamixel_sdk_custom_interfaces:/home/qjari/turtlebot3_ws/install/dynamixel_sdk:/home/qjari/turtlebot3_ws/install/turtlebot3_teleop:/home/qjari/turtlebot3_ws/install/turtlebot3_example:/opt/ros/humble LD_LIBRARY_PATH=/home/qjari/turtlebot3_ws/src/install/turtlebot3_msgs/lib:/home/qjari/turtlebot3_ws/src/install/dynamixel_sdk/lib:${LD_LIBRARY_PATH} PYTHONPATH=/home/qjari/turtlebot3_ws/src/install/turtlebot3_msgs/local/lib/python3.10/dist-packages:${PYTHONPATH} /usr/bin/cmake --install /home/qjari/turtlebot3_ws/src/build/turtlebot3_node
