[0.036s] Invoking command in '/home/qjari/turtlebot3_ws/src/build/turtlebot3_msgs': CMAKE_PREFIX_PATH=/opt/ros/humble /usr/bin/cmake /home/qjari/turtlebot3_ws/src/turtlebot3/turtlebot3_msgs -DAMENT_CMAKE_SYMLINK_INSTALL=1 -DCMAKE_INSTALL_PREFIX=/home/qjari/turtlebot3_ws/src/install/turtlebot3_msgs
[0.060s] -- Found action_msgs: 1.2.1 (/opt/ros/humble/share/action_msgs/cmake)
[0.181s] -- Override CMake install command with custom implementation using symlinks instead of copying resources
[0.269s] -- Found rosidl_generator_c: 3.1.5 (/opt/ros/humble/share/rosidl_generator_c/cmake)
[0.276s] -- Found rosidl_adapter: 3.1.5 (/opt/ros/humble/share/rosidl_adapter/cmake)
[0.288s] -- Found rosidl_generator_cpp: 3.1.5 (/opt/ros/humble/share/rosidl_generator_cpp/cmake)
[0.307s] -- Using all available rosidl_typesupport_c: rosidl_typesupport_fastrtps_c;rosidl_typesupport_introspection_c
[0.332s] -- Using all available rosidl_typesupport_cpp: rosidl_typesupport_fastrtps_cpp;rosidl_typesupport_introspection_cpp
[0.391s] -- Found rosidl_default_generators: 1.2.0 (/opt/ros/humble/share/rosidl_default_generators/cmake)
[0.404s] -- Found std_msgs: 4.2.4 (/opt/ros/humble/share/std_msgs/cmake)
[0.939s] -- Found ament_cmake_cppcheck: 0.12.11 (/opt/ros/humble/share/ament_cmake_cppcheck/cmake)
[0.947s] -- Found ament_cmake_cpplint: 0.12.11 (/opt/ros/humble/share/ament_cmake_cpplint/cmake)
[0.957s] -- Found ament_cmake_uncrustify: 0.12.11 (/opt/ros/humble/share/ament_cmake_uncrustify/cmake)
[0.959s] -- Found ament_cmake_ros: 0.10.0 (/opt/ros/humble/share/ament_cmake_ros/cmake)
[1.415s] -- Using all available rosidl_typesupport_c: rosidl_typesupport_fastrtps_c;rosidl_typesupport_introspection_c
[1.593s] -- Using all available rosidl_typesupport_cpp: rosidl_typesupport_fastrtps_cpp;rosidl_typesupport_introspection_cpp
[1.642s] -- Found PythonInterp: /usr/bin/python3 (found suitable version "3.10.12", minimum required is "3.6") 
[1.644s] -- Found python_cmake_module: 0.10.0 (/opt/ros/humble/share/python_cmake_module/cmake)
[1.676s] -- Found PythonLibs: /usr/lib/x86_64-linux-gnu/libpython3.10.so (found suitable version "3.10.12", minimum required is "3.5") 
[1.676s] -- Using PYTHON_EXECUTABLE: /usr/bin/python3
[1.676s] -- Using PYTHON_INCLUDE_DIRS: /usr/include/python3.10
[1.676s] -- Using PYTHON_LIBRARIES: /usr/lib/x86_64-linux-gnu/libpython3.10.so
[1.696s] -- Found PythonExtra: .so  
[1.765s] -- Found ament_cmake_flake8: 0.12.11 (/opt/ros/humble/share/ament_cmake_flake8/cmake)
[1.767s] -- Found ament_cmake_pep257: 0.12.11 (/opt/ros/humble/share/ament_cmake_pep257/cmake)
[1.783s] -- Configuring done
[1.859s] -- Generating done
[1.861s] -- Build files have been written to: /home/qjari/turtlebot3_ws/src/build/turtlebot3_msgs
[1.872s] Invoked command in '/home/qjari/turtlebot3_ws/src/build/turtlebot3_msgs' returned '0': CMAKE_PREFIX_PATH=/opt/ros/humble /usr/bin/cmake /home/qjari/turtlebot3_ws/src/turtlebot3/turtlebot3_msgs -DAMENT_CMAKE_SYMLINK_INSTALL=1 -DCMAKE_INSTALL_PREFIX=/home/qjari/turtlebot3_ws/src/install/turtlebot3_msgs
[1.876s] Invoking command in '/home/qjari/turtlebot3_ws/src/build/turtlebot3_msgs': CMAKE_PREFIX_PATH=/opt/ros/humble /usr/bin/cmake --build /home/qjari/turtlebot3_ws/src/build/turtlebot3_msgs -- -j8 -l8
[1.942s] [  1%] [34m[1mGenerating C code for ROS interfaces[0m
[1.948s] [  2%] [34m[1mGenerating C++ code for ROS interfaces[0m
[1.955s] [  2%] Built target ament_cmake_python_symlink_turtlebot3_msgs
[2.403s] running egg_info
[2.404s] creating turtlebot3_msgs.egg-info
[2.404s] writing turtlebot3_msgs.egg-info/PKG-INFO
[2.404s] writing dependency_links to turtlebot3_msgs.egg-info/dependency_links.txt
[2.404s] writing top-level names to turtlebot3_msgs.egg-info/top_level.txt
[2.405s] writing manifest file 'turtlebot3_msgs.egg-info/SOURCES.txt'
[2.407s] reading manifest file 'turtlebot3_msgs.egg-info/SOURCES.txt'
[2.411s] writing manifest file 'turtlebot3_msgs.egg-info/SOURCES.txt'
[2.444s] [  2%] Built target ament_cmake_python_build_turtlebot3_msgs_egg
[5.369s] [  2%] Built target turtlebot3_msgs__cpp
[5.396s] [  4%] [34m[1mGenerating C++ type support dispatch for ROS interfaces[0m
[5.399s] [  5%] [34m[1mGenerating C++ type support for eProsima Fast-RTPS[0m
[5.406s] [  7%] [34m[1mGenerating C++ introspection for ROS interfaces[0m
[5.647s] [  8%] [32mBuilding C object CMakeFiles/turtlebot3_msgs__rosidl_generator_c.dir/rosidl_generator_c/turtlebot3_msgs/msg/detail/sound__functions.c.o[0m
[5.652s] [  9%] [32mBuilding C object CMakeFiles/turtlebot3_msgs__rosidl_generator_c.dir/rosidl_generator_c/turtlebot3_msgs/msg/detail/sensor_state__functions.c.o[0m
[5.654s] [ 11%] [32mBuilding C object CMakeFiles/turtlebot3_msgs__rosidl_generator_c.dir/rosidl_generator_c/turtlebot3_msgs/msg/detail/version_info__functions.c.o[0m
[5.656s] [ 12%] [32mBuilding C object CMakeFiles/turtlebot3_msgs__rosidl_generator_c.dir/rosidl_generator_c/turtlebot3_msgs/srv/detail/dqn__functions.c.o[0m
[5.661s] [ 14%] [32mBuilding C object CMakeFiles/turtlebot3_msgs__rosidl_generator_c.dir/rosidl_generator_c/turtlebot3_msgs/srv/detail/sound__functions.c.o[0m
[5.806s] [ 15%] [32mBuilding C object CMakeFiles/turtlebot3_msgs__rosidl_generator_c.dir/rosidl_generator_c/turtlebot3_msgs/action/detail/patrol__functions.c.o[0m
[6.069s] [ 16%] [32m[1mLinking C shared library libturtlebot3_msgs__rosidl_generator_c.so[0m
[6.161s] [ 16%] Built target turtlebot3_msgs__rosidl_generator_c
[6.204s] [ 18%] [34m[1mGenerating C type support for eProsima Fast-RTPS[0m
[6.221s] [ 19%] [34m[1mGenerating C introspection for ROS interfaces[0m
[6.228s] [ 21%] [34m[1mGenerating C type support dispatch for ROS interfaces[0m
[8.203s] [ 22%] [32mBuilding CXX object CMakeFiles/turtlebot3_msgs__rosidl_typesupport_cpp.dir/rosidl_typesupport_cpp/turtlebot3_msgs/msg/sensor_state__type_support.cpp.o[0m
[8.218s] [ 23%] [32mBuilding CXX object CMakeFiles/turtlebot3_msgs__rosidl_typesupport_cpp.dir/rosidl_typesupport_cpp/turtlebot3_msgs/msg/version_info__type_support.cpp.o[0m
[8.224s] [ 25%] [32mBuilding CXX object CMakeFiles/turtlebot3_msgs__rosidl_typesupport_cpp.dir/rosidl_typesupport_cpp/turtlebot3_msgs/msg/sound__type_support.cpp.o[0m
[8.562s] [ 26%] [32mBuilding CXX object CMakeFiles/turtlebot3_msgs__rosidl_typesupport_c.dir/rosidl_typesupport_c/turtlebot3_msgs/msg/sensor_state__type_support.cpp.o[0m
[8.591s] [ 28%] [32mBuilding CXX object CMakeFiles/turtlebot3_msgs__rosidl_typesupport_c.dir/rosidl_typesupport_c/turtlebot3_msgs/msg/sound__type_support.cpp.o[0m
[8.646s] [ 29%] [32mBuilding CXX object CMakeFiles/turtlebot3_msgs__rosidl_typesupport_c.dir/rosidl_typesupport_c/turtlebot3_msgs/msg/version_info__type_support.cpp.o[0m
[8.692s] [ 30%] [32mBuilding CXX object CMakeFiles/turtlebot3_msgs__rosidl_typesupport_c.dir/rosidl_typesupport_c/turtlebot3_msgs/srv/sound__type_support.cpp.o[0m
[8.750s] [ 32%] [32mBuilding CXX object CMakeFiles/turtlebot3_msgs__rosidl_typesupport_introspection_cpp.dir/rosidl_typesupport_introspection_cpp/turtlebot3_msgs/msg/detail/sensor_state__type_support.cpp.o[0m
[8.766s] [ 33%] [32mBuilding CXX object CMakeFiles/turtlebot3_msgs__rosidl_typesupport_c.dir/rosidl_typesupport_c/turtlebot3_msgs/srv/dqn__type_support.cpp.o[0m
[8.850s] [ 35%] [32mBuilding CXX object CMakeFiles/turtlebot3_msgs__rosidl_typesupport_c.dir/rosidl_typesupport_c/turtlebot3_msgs/action/patrol__type_support.cpp.o[0m
[8.857s] [ 36%] [32mBuilding CXX object CMakeFiles/turtlebot3_msgs__rosidl_typesupport_cpp.dir/rosidl_typesupport_cpp/turtlebot3_msgs/srv/sound__type_support.cpp.o[0m
[8.980s] [ 38%] [32m[1mLinking CXX shared library libturtlebot3_msgs__rosidl_typesupport_c.so[0m
[9.061s] [ 39%] [32mBuilding CXX object CMakeFiles/turtlebot3_msgs__rosidl_typesupport_cpp.dir/rosidl_typesupport_cpp/turtlebot3_msgs/srv/dqn__type_support.cpp.o[0m
[9.061s] [ 40%] [32mBuilding CXX object CMakeFiles/turtlebot3_msgs__rosidl_typesupport_cpp.dir/rosidl_typesupport_cpp/turtlebot3_msgs/action/patrol__type_support.cpp.o[0m
[9.141s] [ 40%] Built target turtlebot3_msgs__rosidl_typesupport_c
[9.157s] [ 42%] [32mBuilding CXX object CMakeFiles/turtlebot3_msgs__rosidl_typesupport_introspection_cpp.dir/rosidl_typesupport_introspection_cpp/turtlebot3_msgs/msg/detail/sound__type_support.cpp.o[0m
[9.171s] [ 43%] [32mBuilding CXX object CMakeFiles/turtlebot3_msgs__rosidl_typesupport_fastrtps_cpp.dir/rosidl_typesupport_fastrtps_cpp/turtlebot3_msgs/msg/detail/dds_fastrtps/sensor_state__type_support.cpp.o[0m
[9.588s] [ 45%] [32mBuilding CXX object CMakeFiles/turtlebot3_msgs__rosidl_typesupport_introspection_cpp.dir/rosidl_typesupport_introspection_cpp/turtlebot3_msgs/msg/detail/version_info__type_support.cpp.o[0m
[9.622s] [ 46%] [32mBuilding CXX object CMakeFiles/turtlebot3_msgs__rosidl_typesupport_fastrtps_cpp.dir/rosidl_typesupport_fastrtps_cpp/turtlebot3_msgs/msg/detail/dds_fastrtps/sound__type_support.cpp.o[0m
[9.780s] [ 47%] [32mBuilding CXX object CMakeFiles/turtlebot3_msgs__rosidl_typesupport_introspection_cpp.dir/rosidl_typesupport_introspection_cpp/turtlebot3_msgs/srv/detail/sound__type_support.cpp.o[0m
[10.026s] [ 49%] [32mBuilding CXX object CMakeFiles/turtlebot3_msgs__rosidl_typesupport_fastrtps_c.dir/rosidl_typesupport_fastrtps_c/turtlebot3_msgs/msg/detail/sensor_state__type_support_c.cpp.o[0m
[10.233s] [ 50%] [32mBuilding CXX object CMakeFiles/turtlebot3_msgs__rosidl_typesupport_introspection_cpp.dir/rosidl_typesupport_introspection_cpp/turtlebot3_msgs/srv/detail/dqn__type_support.cpp.o[0m
[10.240s] [ 52%] [32m[1mLinking CXX shared library libturtlebot3_msgs__rosidl_typesupport_cpp.so[0m
[10.325s] [ 53%] [32mBuilding CXX object CMakeFiles/turtlebot3_msgs__rosidl_typesupport_fastrtps_cpp.dir/rosidl_typesupport_fastrtps_cpp/turtlebot3_msgs/msg/detail/dds_fastrtps/version_info__type_support.cpp.o[0m
[10.358s] [ 53%] Built target turtlebot3_msgs__rosidl_typesupport_cpp
[10.359s] [ 54%] [32mBuilding C object CMakeFiles/turtlebot3_msgs__rosidl_typesupport_introspection_c.dir/rosidl_typesupport_introspection_c/turtlebot3_msgs/msg/detail/sensor_state__type_support.c.o[0m
[10.377s] [ 56%] [32mBuilding CXX object CMakeFiles/turtlebot3_msgs__rosidl_typesupport_introspection_cpp.dir/rosidl_typesupport_introspection_cpp/turtlebot3_msgs/action/detail/patrol__type_support.cpp.o[0m
[10.446s] [ 57%] [32mBuilding C object CMakeFiles/turtlebot3_msgs__rosidl_typesupport_introspection_c.dir/rosidl_typesupport_introspection_c/turtlebot3_msgs/msg/detail/sound__type_support.c.o[0m
[10.545s] [ 59%] [32mBuilding C object CMakeFiles/turtlebot3_msgs__rosidl_typesupport_introspection_c.dir/rosidl_typesupport_introspection_c/turtlebot3_msgs/msg/detail/version_info__type_support.c.o[0m
[10.593s] [ 60%] [32mBuilding CXX object CMakeFiles/turtlebot3_msgs__rosidl_typesupport_fastrtps_cpp.dir/rosidl_typesupport_fastrtps_cpp/turtlebot3_msgs/srv/detail/dds_fastrtps/sound__type_support.cpp.o[0m
[10.630s] [ 61%] [32mBuilding C object CMakeFiles/turtlebot3_msgs__rosidl_typesupport_introspection_c.dir/rosidl_typesupport_introspection_c/turtlebot3_msgs/srv/detail/sound__type_support.c.o[0m
[10.630s] [ 63%] [32mBuilding CXX object CMakeFiles/turtlebot3_msgs__rosidl_typesupport_fastrtps_cpp.dir/rosidl_typesupport_fastrtps_cpp/turtlebot3_msgs/srv/detail/dds_fastrtps/dqn__type_support.cpp.o[0m
[10.712s] [ 64%] [32mBuilding C object CMakeFiles/turtlebot3_msgs__rosidl_typesupport_introspection_c.dir/rosidl_typesupport_introspection_c/turtlebot3_msgs/srv/detail/dqn__type_support.c.o[0m
[10.750s] [ 66%] [32mBuilding C object CMakeFiles/turtlebot3_msgs__rosidl_typesupport_introspection_c.dir/rosidl_typesupport_introspection_c/turtlebot3_msgs/action/detail/patrol__type_support.c.o[0m
[10.805s] [ 67%] [32mBuilding CXX object CMakeFiles/turtlebot3_msgs__rosidl_typesupport_fastrtps_c.dir/rosidl_typesupport_fastrtps_c/turtlebot3_msgs/msg/detail/sound__type_support_c.cpp.o[0m
[10.914s] [ 69%] [32m[1mLinking C shared library libturtlebot3_msgs__rosidl_typesupport_introspection_c.so[0m
[10.999s] [ 69%] Built target turtlebot3_msgs__rosidl_typesupport_introspection_c
[11.021s] [ 70%] [32mBuilding CXX object CMakeFiles/turtlebot3_msgs__rosidl_typesupport_fastrtps_c.dir/rosidl_typesupport_fastrtps_c/turtlebot3_msgs/msg/detail/version_info__type_support_c.cpp.o[0m
[11.069s] [ 71%] [32mBuilding CXX object CMakeFiles/turtlebot3_msgs__rosidl_typesupport_fastrtps_cpp.dir/rosidl_typesupport_fastrtps_cpp/turtlebot3_msgs/action/detail/dds_fastrtps/patrol__type_support.cpp.o[0m
[11.103s] [ 73%] [32mBuilding CXX object CMakeFiles/turtlebot3_msgs__rosidl_typesupport_fastrtps_c.dir/rosidl_typesupport_fastrtps_c/turtlebot3_msgs/srv/detail/sound__type_support_c.cpp.o[0m
[11.103s] [ 74%] [32mBuilding CXX object CMakeFiles/turtlebot3_msgs__rosidl_typesupport_fastrtps_c.dir/rosidl_typesupport_fastrtps_c/turtlebot3_msgs/srv/detail/dqn__type_support_c.cpp.o[0m
[11.668s] [ 76%] [32m[1mLinking CXX shared library libturtlebot3_msgs__rosidl_typesupport_introspection_cpp.so[0m
[11.702s] [ 77%] [32mBuilding CXX object CMakeFiles/turtlebot3_msgs__rosidl_typesupport_fastrtps_c.dir/rosidl_typesupport_fastrtps_c/turtlebot3_msgs/action/detail/patrol__type_support_c.cpp.o[0m
[11.840s] [ 77%] Built target turtlebot3_msgs__rosidl_typesupport_introspection_cpp
[11.900s] [ 78%] [32m[1mLinking CXX shared library libturtlebot3_msgs__rosidl_typesupport_fastrtps_cpp.so[0m
[11.978s] [ 78%] Built target turtlebot3_msgs__rosidl_typesupport_fastrtps_cpp
[12.222s] [ 80%] [32m[1mLinking CXX shared library libturtlebot3_msgs__rosidl_typesupport_fastrtps_c.so[0m
[12.314s] [ 80%] Built target turtlebot3_msgs__rosidl_typesupport_fastrtps_c
[12.336s] [ 80%] Built target turtlebot3_msgs
[12.353s] [ 81%] [34m[1mGenerating Python code for ROS interfaces[0m
[15.526s] [ 81%] Built target turtlebot3_msgs__py
[15.545s] [ 83%] [32mBuilding C object CMakeFiles/turtlebot3_msgs__rosidl_generator_py.dir/rosidl_generator_py/turtlebot3_msgs/msg/_version_info_s.c.o[0m
[15.545s] [ 84%] [32mBuilding C object CMakeFiles/turtlebot3_msgs__rosidl_generator_py.dir/rosidl_generator_py/turtlebot3_msgs/msg/_sensor_state_s.c.o[0m
[15.546s] [ 85%] [32mBuilding C object CMakeFiles/turtlebot3_msgs__rosidl_generator_py.dir/rosidl_generator_py/turtlebot3_msgs/msg/_sound_s.c.o[0m
[15.548s] [ 87%] [32mBuilding C object CMakeFiles/turtlebot3_msgs__rosidl_generator_py.dir/rosidl_generator_py/turtlebot3_msgs/srv/_sound_s.c.o[0m
[15.565s] [ 88%] [32mBuilding C object CMakeFiles/turtlebot3_msgs__rosidl_generator_py.dir/rosidl_generator_py/turtlebot3_msgs/srv/_dqn_s.c.o[0m
[15.574s] [ 90%] [32mBuilding C object CMakeFiles/turtlebot3_msgs__rosidl_generator_py.dir/rosidl_generator_py/turtlebot3_msgs/action/_patrol_s.c.o[0m
[15.769s] [ 91%] [32m[1mLinking C shared library rosidl_generator_py/turtlebot3_msgs/libturtlebot3_msgs__rosidl_generator_py.so[0m
[15.813s] [ 91%] Built target turtlebot3_msgs__rosidl_generator_py
[15.830s] [ 92%] [32mBuilding C object CMakeFiles/turtlebot3_msgs__rosidl_typesupport_introspection_c__pyext.dir/rosidl_generator_py/turtlebot3_msgs/_turtlebot3_msgs_s.ep.rosidl_typesupport_introspection_c.c.o[0m
[15.830s] [ 94%] [32mBuilding C object CMakeFiles/turtlebot3_msgs__rosidl_typesupport_fastrtps_c__pyext.dir/rosidl_generator_py/turtlebot3_msgs/_turtlebot3_msgs_s.ep.rosidl_typesupport_fastrtps_c.c.o[0m
[15.831s] [ 95%] [32mBuilding C object CMakeFiles/turtlebot3_msgs__rosidl_typesupport_c__pyext.dir/rosidl_generator_py/turtlebot3_msgs/_turtlebot3_msgs_s.ep.rosidl_typesupport_c.c.o[0m
[15.990s] [ 97%] [32m[1mLinking C shared library rosidl_generator_py/turtlebot3_msgs/turtlebot3_msgs_s__rosidl_typesupport_introspection_c.cpython-310-x86_64-linux-gnu.so[0m
[16.003s] [ 98%] [32m[1mLinking C shared library rosidl_generator_py/turtlebot3_msgs/turtlebot3_msgs_s__rosidl_typesupport_c.cpython-310-x86_64-linux-gnu.so[0m
[16.013s] [100%] [32m[1mLinking C shared library rosidl_generator_py/turtlebot3_msgs/turtlebot3_msgs_s__rosidl_typesupport_fastrtps_c.cpython-310-x86_64-linux-gnu.so[0m
[16.039s] [100%] Built target turtlebot3_msgs__rosidl_typesupport_introspection_c__pyext
[16.057s] [100%] Built target turtlebot3_msgs__rosidl_typesupport_c__pyext
[16.059s] [100%] Built target turtlebot3_msgs__rosidl_typesupport_fastrtps_c__pyext
[16.071s] Invoked command in '/home/qjari/turtlebot3_ws/src/build/turtlebot3_msgs' returned '0': CMAKE_PREFIX_PATH=/opt/ros/humble /usr/bin/cmake --build /home/qjari/turtlebot3_ws/src/build/turtlebot3_msgs -- -j8 -l8
[16.211s] Invoking command in '/home/qjari/turtlebot3_ws/src/build/turtlebot3_msgs': CMAKE_PREFIX_PATH=/opt/ros/humble /usr/bin/cmake --install /home/qjari/turtlebot3_ws/src/build/turtlebot3_msgs
[16.218s] -- Install configuration: ""
[16.219s] -- Execute custom install script
[16.219s] -- Symlinking: /home/qjari/turtlebot3_ws/src/install/turtlebot3_msgs/share/ament_index/resource_index/rosidl_interfaces/turtlebot3_msgs
[16.228s] -- Symlinking: /home/qjari/turtlebot3_ws/src/install/turtlebot3_msgs/include/turtlebot3_msgs/turtlebot3_msgs/action/detail/patrol__functions.h
[16.236s] -- Symlinking: /home/qjari/turtlebot3_ws/src/install/turtlebot3_msgs/include/turtlebot3_msgs/turtlebot3_msgs/action/detail/patrol__struct.h
[16.243s] -- Symlinking: /home/qjari/turtlebot3_ws/src/install/turtlebot3_msgs/include/turtlebot3_msgs/turtlebot3_msgs/action/detail/patrol__type_support.h
[16.252s] -- Symlinking: /home/qjari/turtlebot3_ws/src/install/turtlebot3_msgs/include/turtlebot3_msgs/turtlebot3_msgs/action/patrol.h
[16.260s] -- Symlinking: /home/qjari/turtlebot3_ws/src/install/turtlebot3_msgs/include/turtlebot3_msgs/turtlebot3_msgs/msg/detail/sensor_state__functions.h
[16.267s] -- Symlinking: /home/qjari/turtlebot3_ws/src/install/turtlebot3_msgs/include/turtlebot3_msgs/turtlebot3_msgs/msg/detail/sensor_state__struct.h
[16.275s] -- Symlinking: /home/qjari/turtlebot3_ws/src/install/turtlebot3_msgs/include/turtlebot3_msgs/turtlebot3_msgs/msg/detail/sensor_state__type_support.h
[16.283s] -- Symlinking: /home/qjari/turtlebot3_ws/src/install/turtlebot3_msgs/include/turtlebot3_msgs/turtlebot3_msgs/msg/detail/sound__functions.h
[16.291s] -- Symlinking: /home/qjari/turtlebot3_ws/src/install/turtlebot3_msgs/include/turtlebot3_msgs/turtlebot3_msgs/msg/detail/sound__struct.h
[16.299s] -- Symlinking: /home/qjari/turtlebot3_ws/src/install/turtlebot3_msgs/include/turtlebot3_msgs/turtlebot3_msgs/msg/detail/sound__type_support.h
[16.307s] -- Symlinking: /home/qjari/turtlebot3_ws/src/install/turtlebot3_msgs/include/turtlebot3_msgs/turtlebot3_msgs/msg/detail/version_info__functions.h
[16.314s] -- Symlinking: /home/qjari/turtlebot3_ws/src/install/turtlebot3_msgs/include/turtlebot3_msgs/turtlebot3_msgs/msg/detail/version_info__struct.h
[16.321s] -- Symlinking: /home/qjari/turtlebot3_ws/src/install/turtlebot3_msgs/include/turtlebot3_msgs/turtlebot3_msgs/msg/detail/version_info__type_support.h
[16.329s] -- Symlinking: /home/qjari/turtlebot3_ws/src/install/turtlebot3_msgs/include/turtlebot3_msgs/turtlebot3_msgs/msg/rosidl_generator_c__visibility_control.h
[16.338s] -- Symlinking: /home/qjari/turtlebot3_ws/src/install/turtlebot3_msgs/include/turtlebot3_msgs/turtlebot3_msgs/msg/sensor_state.h
[16.345s] -- Symlinking: /home/qjari/turtlebot3_ws/src/install/turtlebot3_msgs/include/turtlebot3_msgs/turtlebot3_msgs/msg/sound.h
[16.353s] -- Symlinking: /home/qjari/turtlebot3_ws/src/install/turtlebot3_msgs/include/turtlebot3_msgs/turtlebot3_msgs/msg/version_info.h
[16.363s] -- Symlinking: /home/qjari/turtlebot3_ws/src/install/turtlebot3_msgs/include/turtlebot3_msgs/turtlebot3_msgs/srv/detail/dqn__functions.h
[16.370s] -- Symlinking: /home/qjari/turtlebot3_ws/src/install/turtlebot3_msgs/include/turtlebot3_msgs/turtlebot3_msgs/srv/detail/dqn__struct.h
[16.379s] -- Symlinking: /home/qjari/turtlebot3_ws/src/install/turtlebot3_msgs/include/turtlebot3_msgs/turtlebot3_msgs/srv/detail/dqn__type_support.h
[16.385s] -- Symlinking: /home/qjari/turtlebot3_ws/src/install/turtlebot3_msgs/include/turtlebot3_msgs/turtlebot3_msgs/srv/detail/sound__functions.h
[16.393s] -- Symlinking: /home/qjari/turtlebot3_ws/src/install/turtlebot3_msgs/include/turtlebot3_msgs/turtlebot3_msgs/srv/detail/sound__struct.h
[16.401s] -- Symlinking: /home/qjari/turtlebot3_ws/src/install/turtlebot3_msgs/include/turtlebot3_msgs/turtlebot3_msgs/srv/detail/sound__type_support.h
[16.409s] -- Symlinking: /home/qjari/turtlebot3_ws/src/install/turtlebot3_msgs/include/turtlebot3_msgs/turtlebot3_msgs/srv/dqn.h
[16.418s] -- Symlinking: /home/qjari/turtlebot3_ws/src/install/turtlebot3_msgs/include/turtlebot3_msgs/turtlebot3_msgs/srv/sound.h
[16.428s] -- Symlinking: /home/qjari/turtlebot3_ws/src/install/turtlebot3_msgs/share/turtlebot3_msgs/environment/library_path.sh
[16.437s] -- Symlinking: /home/qjari/turtlebot3_ws/src/install/turtlebot3_msgs/share/turtlebot3_msgs/environment/library_path.dsv
[16.445s] -- Symlinking: /home/qjari/turtlebot3_ws/src/install/turtlebot3_msgs/include/turtlebot3_msgs/turtlebot3_msgs/action/detail/patrol__rosidl_typesupport_fastrtps_c.h
[16.454s] -- Symlinking: /home/qjari/turtlebot3_ws/src/install/turtlebot3_msgs/include/turtlebot3_msgs/turtlebot3_msgs/msg/detail/sensor_state__rosidl_typesupport_fastrtps_c.h
[16.462s] -- Symlinking: /home/qjari/turtlebot3_ws/src/install/turtlebot3_msgs/include/turtlebot3_msgs/turtlebot3_msgs/msg/detail/sound__rosidl_typesupport_fastrtps_c.h
[16.470s] -- Symlinking: /home/qjari/turtlebot3_ws/src/install/turtlebot3_msgs/include/turtlebot3_msgs/turtlebot3_msgs/msg/detail/version_info__rosidl_typesupport_fastrtps_c.h
[16.477s] -- Symlinking: /home/qjari/turtlebot3_ws/src/install/turtlebot3_msgs/include/turtlebot3_msgs/turtlebot3_msgs/msg/rosidl_typesupport_fastrtps_c__visibility_control.h
[16.486s] -- Symlinking: /home/qjari/turtlebot3_ws/src/install/turtlebot3_msgs/include/turtlebot3_msgs/turtlebot3_msgs/srv/detail/dqn__rosidl_typesupport_fastrtps_c.h
[16.494s] -- Symlinking: /home/qjari/turtlebot3_ws/src/install/turtlebot3_msgs/include/turtlebot3_msgs/turtlebot3_msgs/srv/detail/sound__rosidl_typesupport_fastrtps_c.h
[16.502s] -- Symlinking: /home/qjari/turtlebot3_ws/src/install/turtlebot3_msgs/include/turtlebot3_msgs/turtlebot3_msgs/action/detail/patrol__builder.hpp
[16.509s] -- Symlinking: /home/qjari/turtlebot3_ws/src/install/turtlebot3_msgs/include/turtlebot3_msgs/turtlebot3_msgs/action/detail/patrol__struct.hpp
[16.518s] -- Symlinking: /home/qjari/turtlebot3_ws/src/install/turtlebot3_msgs/include/turtlebot3_msgs/turtlebot3_msgs/action/detail/patrol__traits.hpp
[16.526s] -- Symlinking: /home/qjari/turtlebot3_ws/src/install/turtlebot3_msgs/include/turtlebot3_msgs/turtlebot3_msgs/action/patrol.hpp
[16.534s] -- Symlinking: /home/qjari/turtlebot3_ws/src/install/turtlebot3_msgs/include/turtlebot3_msgs/turtlebot3_msgs/msg/detail/sensor_state__builder.hpp
[16.545s] -- Symlinking: /home/qjari/turtlebot3_ws/src/install/turtlebot3_msgs/include/turtlebot3_msgs/turtlebot3_msgs/msg/detail/sensor_state__struct.hpp
[16.552s] -- Symlinking: /home/qjari/turtlebot3_ws/src/install/turtlebot3_msgs/include/turtlebot3_msgs/turtlebot3_msgs/msg/detail/sensor_state__traits.hpp
[16.561s] -- Symlinking: /home/qjari/turtlebot3_ws/src/install/turtlebot3_msgs/include/turtlebot3_msgs/turtlebot3_msgs/msg/detail/sound__builder.hpp
[16.570s] -- Symlinking: /home/qjari/turtlebot3_ws/src/install/turtlebot3_msgs/include/turtlebot3_msgs/turtlebot3_msgs/msg/detail/sound__struct.hpp
[16.578s] -- Symlinking: /home/qjari/turtlebot3_ws/src/install/turtlebot3_msgs/include/turtlebot3_msgs/turtlebot3_msgs/msg/detail/sound__traits.hpp
[16.585s] -- Symlinking: /home/qjari/turtlebot3_ws/src/install/turtlebot3_msgs/include/turtlebot3_msgs/turtlebot3_msgs/msg/detail/version_info__builder.hpp
[16.592s] -- Symlinking: /home/qjari/turtlebot3_ws/src/install/turtlebot3_msgs/include/turtlebot3_msgs/turtlebot3_msgs/msg/detail/version_info__struct.hpp
[16.601s] -- Symlinking: /home/qjari/turtlebot3_ws/src/install/turtlebot3_msgs/include/turtlebot3_msgs/turtlebot3_msgs/msg/detail/version_info__traits.hpp
[16.609s] -- Symlinking: /home/qjari/turtlebot3_ws/src/install/turtlebot3_msgs/include/turtlebot3_msgs/turtlebot3_msgs/msg/sensor_state.hpp
[16.616s] -- Symlinking: /home/qjari/turtlebot3_ws/src/install/turtlebot3_msgs/include/turtlebot3_msgs/turtlebot3_msgs/msg/sound.hpp
[16.624s] -- Symlinking: /home/qjari/turtlebot3_ws/src/install/turtlebot3_msgs/include/turtlebot3_msgs/turtlebot3_msgs/msg/version_info.hpp
[16.632s] -- Symlinking: /home/qjari/turtlebot3_ws/src/install/turtlebot3_msgs/include/turtlebot3_msgs/turtlebot3_msgs/srv/detail/dqn__builder.hpp
[16.643s] -- Symlinking: /home/qjari/turtlebot3_ws/src/install/turtlebot3_msgs/include/turtlebot3_msgs/turtlebot3_msgs/srv/detail/dqn__struct.hpp
[16.651s] -- Symlinking: /home/qjari/turtlebot3_ws/src/install/turtlebot3_msgs/include/turtlebot3_msgs/turtlebot3_msgs/srv/detail/dqn__traits.hpp
[16.662s] -- Symlinking: /home/qjari/turtlebot3_ws/src/install/turtlebot3_msgs/include/turtlebot3_msgs/turtlebot3_msgs/srv/detail/sound__builder.hpp
[16.671s] -- Symlinking: /home/qjari/turtlebot3_ws/src/install/turtlebot3_msgs/include/turtlebot3_msgs/turtlebot3_msgs/srv/detail/sound__struct.hpp
[16.680s] -- Symlinking: /home/qjari/turtlebot3_ws/src/install/turtlebot3_msgs/include/turtlebot3_msgs/turtlebot3_msgs/srv/detail/sound__traits.hpp
[16.688s] -- Symlinking: /home/qjari/turtlebot3_ws/src/install/turtlebot3_msgs/include/turtlebot3_msgs/turtlebot3_msgs/srv/dqn.hpp
[16.696s] -- Symlinking: /home/qjari/turtlebot3_ws/src/install/turtlebot3_msgs/include/turtlebot3_msgs/turtlebot3_msgs/srv/sound.hpp
[16.704s] -- Symlinking: /home/qjari/turtlebot3_ws/src/install/turtlebot3_msgs/include/turtlebot3_msgs/turtlebot3_msgs/action/detail/patrol__rosidl_typesupport_fastrtps_cpp.hpp
[16.713s] -- Symlinking: /home/qjari/turtlebot3_ws/src/install/turtlebot3_msgs/include/turtlebot3_msgs/turtlebot3_msgs/msg/detail/sensor_state__rosidl_typesupport_fastrtps_cpp.hpp
[16.721s] -- Symlinking: /home/qjari/turtlebot3_ws/src/install/turtlebot3_msgs/include/turtlebot3_msgs/turtlebot3_msgs/msg/detail/sound__rosidl_typesupport_fastrtps_cpp.hpp
[16.729s] -- Symlinking: /home/qjari/turtlebot3_ws/src/install/turtlebot3_msgs/include/turtlebot3_msgs/turtlebot3_msgs/msg/detail/version_info__rosidl_typesupport_fastrtps_cpp.hpp
[16.737s] -- Symlinking: /home/qjari/turtlebot3_ws/src/install/turtlebot3_msgs/include/turtlebot3_msgs/turtlebot3_msgs/msg/rosidl_typesupport_fastrtps_cpp__visibility_control.h
[16.745s] -- Symlinking: /home/qjari/turtlebot3_ws/src/install/turtlebot3_msgs/include/turtlebot3_msgs/turtlebot3_msgs/srv/detail/dqn__rosidl_typesupport_fastrtps_cpp.hpp
[16.753s] -- Symlinking: /home/qjari/turtlebot3_ws/src/install/turtlebot3_msgs/include/turtlebot3_msgs/turtlebot3_msgs/srv/detail/sound__rosidl_typesupport_fastrtps_cpp.hpp
[16.761s] -- Symlinking: /home/qjari/turtlebot3_ws/src/install/turtlebot3_msgs/include/turtlebot3_msgs/turtlebot3_msgs/action/detail/patrol__rosidl_typesupport_introspection_c.h
[16.771s] -- Symlinking: /home/qjari/turtlebot3_ws/src/install/turtlebot3_msgs/include/turtlebot3_msgs/turtlebot3_msgs/msg/detail/sensor_state__rosidl_typesupport_introspection_c.h
[16.779s] -- Symlinking: /home/qjari/turtlebot3_ws/src/install/turtlebot3_msgs/include/turtlebot3_msgs/turtlebot3_msgs/msg/detail/sound__rosidl_typesupport_introspection_c.h
[16.787s] -- Symlinking: /home/qjari/turtlebot3_ws/src/install/turtlebot3_msgs/include/turtlebot3_msgs/turtlebot3_msgs/msg/detail/version_info__rosidl_typesupport_introspection_c.h
[16.794s] -- Symlinking: /home/qjari/turtlebot3_ws/src/install/turtlebot3_msgs/include/turtlebot3_msgs/turtlebot3_msgs/msg/rosidl_typesupport_introspection_c__visibility_control.h
[16.804s] -- Symlinking: /home/qjari/turtlebot3_ws/src/install/turtlebot3_msgs/include/turtlebot3_msgs/turtlebot3_msgs/srv/detail/dqn__rosidl_typesupport_introspection_c.h
[16.812s] -- Symlinking: /home/qjari/turtlebot3_ws/src/install/turtlebot3_msgs/include/turtlebot3_msgs/turtlebot3_msgs/srv/detail/sound__rosidl_typesupport_introspection_c.h
[16.821s] -- Symlinking: /home/qjari/turtlebot3_ws/src/install/turtlebot3_msgs/include/turtlebot3_msgs/turtlebot3_msgs/action/detail/patrol__rosidl_typesupport_introspection_cpp.hpp
[16.830s] -- Symlinking: /home/qjari/turtlebot3_ws/src/install/turtlebot3_msgs/include/turtlebot3_msgs/turtlebot3_msgs/msg/detail/sensor_state__rosidl_typesupport_introspection_cpp.hpp
[16.838s] -- Symlinking: /home/qjari/turtlebot3_ws/src/install/turtlebot3_msgs/include/turtlebot3_msgs/turtlebot3_msgs/msg/detail/sound__rosidl_typesupport_introspection_cpp.hpp
[16.852s] -- Symlinking: /home/qjari/turtlebot3_ws/src/install/turtlebot3_msgs/include/turtlebot3_msgs/turtlebot3_msgs/msg/detail/version_info__rosidl_typesupport_introspection_cpp.hpp
[16.860s] -- Symlinking: /home/qjari/turtlebot3_ws/src/install/turtlebot3_msgs/include/turtlebot3_msgs/turtlebot3_msgs/srv/detail/dqn__rosidl_typesupport_introspection_cpp.hpp
[16.868s] -- Symlinking: /home/qjari/turtlebot3_ws/src/install/turtlebot3_msgs/include/turtlebot3_msgs/turtlebot3_msgs/srv/detail/sound__rosidl_typesupport_introspection_cpp.hpp
[16.877s] -- Symlinking: /home/qjari/turtlebot3_ws/src/install/turtlebot3_msgs/share/turtlebot3_msgs/environment/pythonpath.sh
[16.884s] -- Symlinking: /home/qjari/turtlebot3_ws/src/install/turtlebot3_msgs/share/turtlebot3_msgs/environment/pythonpath.dsv
[16.893s] -- Symlinking: /home/qjari/turtlebot3_ws/src/install/turtlebot3_msgs/local/lib/python3.10/dist-packages/turtlebot3_msgs-2.2.3-py3.10.egg-info/PKG-INFO
[16.904s] -- Symlinking: /home/qjari/turtlebot3_ws/src/install/turtlebot3_msgs/local/lib/python3.10/dist-packages/turtlebot3_msgs-2.2.3-py3.10.egg-info/SOURCES.txt
[16.913s] -- Symlinking: /home/qjari/turtlebot3_ws/src/install/turtlebot3_msgs/local/lib/python3.10/dist-packages/turtlebot3_msgs-2.2.3-py3.10.egg-info/dependency_links.txt
[16.921s] -- Symlinking: /home/qjari/turtlebot3_ws/src/install/turtlebot3_msgs/local/lib/python3.10/dist-packages/turtlebot3_msgs-2.2.3-py3.10.egg-info/top_level.txt
[16.931s] -- Symlinking: /home/qjari/turtlebot3_ws/src/install/turtlebot3_msgs/local/lib/python3.10/dist-packages/turtlebot3_msgs/__init__.py
[16.938s] -- Symlinking: /home/qjari/turtlebot3_ws/src/install/turtlebot3_msgs/local/lib/python3.10/dist-packages/turtlebot3_msgs/_turtlebot3_msgs_s.ep.rosidl_typesupport_c.c
[16.946s] -- Symlinking: /home/qjari/turtlebot3_ws/src/install/turtlebot3_msgs/local/lib/python3.10/dist-packages/turtlebot3_msgs/_turtlebot3_msgs_s.ep.rosidl_typesupport_fastrtps_c.c
[16.955s] -- Symlinking: /home/qjari/turtlebot3_ws/src/install/turtlebot3_msgs/local/lib/python3.10/dist-packages/turtlebot3_msgs/_turtlebot3_msgs_s.ep.rosidl_typesupport_introspection_c.c
[16.963s] -- Symlinking: /home/qjari/turtlebot3_ws/src/install/turtlebot3_msgs/local/lib/python3.10/dist-packages/turtlebot3_msgs/action/__init__.py
[16.972s] -- Symlinking: /home/qjari/turtlebot3_ws/src/install/turtlebot3_msgs/local/lib/python3.10/dist-packages/turtlebot3_msgs/action/_patrol.py
[16.980s] -- Symlinking: /home/qjari/turtlebot3_ws/src/install/turtlebot3_msgs/local/lib/python3.10/dist-packages/turtlebot3_msgs/action/_patrol_s.c
[16.988s] -- Symlinking: /home/qjari/turtlebot3_ws/src/install/turtlebot3_msgs/local/lib/python3.10/dist-packages/turtlebot3_msgs/libturtlebot3_msgs__rosidl_generator_py.so
[16.995s] -- Symlinking: /home/qjari/turtlebot3_ws/src/install/turtlebot3_msgs/local/lib/python3.10/dist-packages/turtlebot3_msgs/msg/__init__.py
[17.004s] -- Symlinking: /home/qjari/turtlebot3_ws/src/install/turtlebot3_msgs/local/lib/python3.10/dist-packages/turtlebot3_msgs/msg/_sensor_state.py
[17.012s] -- Symlinking: /home/qjari/turtlebot3_ws/src/install/turtlebot3_msgs/local/lib/python3.10/dist-packages/turtlebot3_msgs/msg/_sensor_state_s.c
[17.020s] -- Symlinking: /home/qjari/turtlebot3_ws/src/install/turtlebot3_msgs/local/lib/python3.10/dist-packages/turtlebot3_msgs/msg/_sound.py
[17.028s] -- Symlinking: /home/qjari/turtlebot3_ws/src/install/turtlebot3_msgs/local/lib/python3.10/dist-packages/turtlebot3_msgs/msg/_sound_s.c
[17.037s] -- Symlinking: /home/qjari/turtlebot3_ws/src/install/turtlebot3_msgs/local/lib/python3.10/dist-packages/turtlebot3_msgs/msg/_version_info.py
[17.045s] -- Symlinking: /home/qjari/turtlebot3_ws/src/install/turtlebot3_msgs/local/lib/python3.10/dist-packages/turtlebot3_msgs/msg/_version_info_s.c
[17.052s] -- Symlinking: /home/qjari/turtlebot3_ws/src/install/turtlebot3_msgs/local/lib/python3.10/dist-packages/turtlebot3_msgs/srv/__init__.py
[17.061s] -- Symlinking: /home/qjari/turtlebot3_ws/src/install/turtlebot3_msgs/local/lib/python3.10/dist-packages/turtlebot3_msgs/srv/_dqn.py
[17.069s] -- Symlinking: /home/qjari/turtlebot3_ws/src/install/turtlebot3_msgs/local/lib/python3.10/dist-packages/turtlebot3_msgs/srv/_dqn_s.c
[17.076s] -- Symlinking: /home/qjari/turtlebot3_ws/src/install/turtlebot3_msgs/local/lib/python3.10/dist-packages/turtlebot3_msgs/srv/_sound.py
[17.083s] -- Symlinking: /home/qjari/turtlebot3_ws/src/install/turtlebot3_msgs/local/lib/python3.10/dist-packages/turtlebot3_msgs/srv/_sound_s.c
[17.092s] -- Symlinking: /home/qjari/turtlebot3_ws/src/install/turtlebot3_msgs/local/lib/python3.10/dist-packages/turtlebot3_msgs/turtlebot3_msgs_s__rosidl_typesupport_c.cpython-310-x86_64-linux-gnu.so
[17.101s] -- Symlinking: /home/qjari/turtlebot3_ws/src/install/turtlebot3_msgs/local/lib/python3.10/dist-packages/turtlebot3_msgs/turtlebot3_msgs_s__rosidl_typesupport_fastrtps_c.cpython-310-x86_64-linux-gnu.so
[17.109s] -- Symlinking: /home/qjari/turtlebot3_ws/src/install/turtlebot3_msgs/local/lib/python3.10/dist-packages/turtlebot3_msgs/turtlebot3_msgs_s__rosidl_typesupport_introspection_c.cpython-310-x86_64-linux-gnu.so
[17.117s] -- Up-to-date symlink: /home/qjari/turtlebot3_ws/src/install/turtlebot3_msgs/local/lib/python3.10/dist-packages/turtlebot3_msgs/turtlebot3_msgs_s__rosidl_typesupport_fastrtps_c.cpython-310-x86_64-linux-gnu.so
[17.117s] -- Up-to-date symlink: /home/qjari/turtlebot3_ws/src/install/turtlebot3_msgs/local/lib/python3.10/dist-packages/turtlebot3_msgs/turtlebot3_msgs_s__rosidl_typesupport_introspection_c.cpython-310-x86_64-linux-gnu.so
[17.118s] -- Up-to-date symlink: /home/qjari/turtlebot3_ws/src/install/turtlebot3_msgs/local/lib/python3.10/dist-packages/turtlebot3_msgs/turtlebot3_msgs_s__rosidl_typesupport_c.cpython-310-x86_64-linux-gnu.so
[17.118s] -- Symlinking: /home/qjari/turtlebot3_ws/src/install/turtlebot3_msgs/share/turtlebot3_msgs/msg/SensorState.idl
[17.126s] -- Symlinking: /home/qjari/turtlebot3_ws/src/install/turtlebot3_msgs/share/turtlebot3_msgs/msg/Sound.idl
[17.134s] -- Symlinking: /home/qjari/turtlebot3_ws/src/install/turtlebot3_msgs/share/turtlebot3_msgs/msg/VersionInfo.idl
[17.141s] -- Symlinking: /home/qjari/turtlebot3_ws/src/install/turtlebot3_msgs/share/turtlebot3_msgs/srv/Sound.idl
[17.149s] -- Symlinking: /home/qjari/turtlebot3_ws/src/install/turtlebot3_msgs/share/turtlebot3_msgs/srv/Dqn.idl
[17.157s] -- Symlinking: /home/qjari/turtlebot3_ws/src/install/turtlebot3_msgs/share/turtlebot3_msgs/action/Patrol.idl
[17.166s] -- Symlinking: /home/qjari/turtlebot3_ws/src/install/turtlebot3_msgs/share/turtlebot3_msgs/msg/SensorState.msg
[17.174s] -- Symlinking: /home/qjari/turtlebot3_ws/src/install/turtlebot3_msgs/share/turtlebot3_msgs/msg/Sound.msg
[17.183s] -- Symlinking: /home/qjari/turtlebot3_ws/src/install/turtlebot3_msgs/share/turtlebot3_msgs/msg/VersionInfo.msg
[17.192s] -- Symlinking: /home/qjari/turtlebot3_ws/src/install/turtlebot3_msgs/share/turtlebot3_msgs/srv/Sound.srv
[17.200s] -- Symlinking: /home/qjari/turtlebot3_ws/src/install/turtlebot3_msgs/share/turtlebot3_msgs/srv/Sound_Request.msg
[17.208s] -- Symlinking: /home/qjari/turtlebot3_ws/src/install/turtlebot3_msgs/share/turtlebot3_msgs/srv/Sound_Response.msg
[17.215s] -- Symlinking: /home/qjari/turtlebot3_ws/src/install/turtlebot3_msgs/share/turtlebot3_msgs/srv/Dqn.srv
[17.223s] -- Symlinking: /home/qjari/turtlebot3_ws/src/install/turtlebot3_msgs/share/turtlebot3_msgs/srv/Dqn_Request.msg
[17.231s] -- Symlinking: /home/qjari/turtlebot3_ws/src/install/turtlebot3_msgs/share/turtlebot3_msgs/srv/Dqn_Response.msg
[17.240s] -- Symlinking: /home/qjari/turtlebot3_ws/src/install/turtlebot3_msgs/share/turtlebot3_msgs/action/Patrol.action
[17.247s] -- Symlinking: /home/qjari/turtlebot3_ws/src/install/turtlebot3_msgs/share/ament_index/resource_index/package_run_dependencies/turtlebot3_msgs
[17.255s] -- Symlinking: /home/qjari/turtlebot3_ws/src/install/turtlebot3_msgs/share/ament_index/resource_index/parent_prefix_path/turtlebot3_msgs
[17.262s] -- Symlinking: /home/qjari/turtlebot3_ws/src/install/turtlebot3_msgs/share/turtlebot3_msgs/environment/ament_prefix_path.sh
[17.271s] -- Symlinking: /home/qjari/turtlebot3_ws/src/install/turtlebot3_msgs/share/turtlebot3_msgs/environment/ament_prefix_path.dsv
[17.278s] -- Symlinking: /home/qjari/turtlebot3_ws/src/install/turtlebot3_msgs/share/turtlebot3_msgs/environment/path.sh
[17.287s] -- Symlinking: /home/qjari/turtlebot3_ws/src/install/turtlebot3_msgs/share/turtlebot3_msgs/environment/path.dsv
[17.294s] -- Symlinking: /home/qjari/turtlebot3_ws/src/install/turtlebot3_msgs/share/turtlebot3_msgs/local_setup.bash
[17.302s] -- Symlinking: /home/qjari/turtlebot3_ws/src/install/turtlebot3_msgs/share/turtlebot3_msgs/local_setup.sh
[17.309s] -- Symlinking: /home/qjari/turtlebot3_ws/src/install/turtlebot3_msgs/share/turtlebot3_msgs/local_setup.zsh
[17.316s] -- Symlinking: /home/qjari/turtlebot3_ws/src/install/turtlebot3_msgs/share/turtlebot3_msgs/local_setup.dsv
[17.324s] -- Symlinking: /home/qjari/turtlebot3_ws/src/install/turtlebot3_msgs/share/turtlebot3_msgs/package.dsv
[17.331s] -- Symlinking: /home/qjari/turtlebot3_ws/src/install/turtlebot3_msgs/share/ament_index/resource_index/packages/turtlebot3_msgs
[17.339s] -- Symlinking: /home/qjari/turtlebot3_ws/src/install/turtlebot3_msgs/share/turtlebot3_msgs/cmake/rosidl_cmake-extras.cmake
[17.347s] -- Symlinking: /home/qjari/turtlebot3_ws/src/install/turtlebot3_msgs/share/turtlebot3_msgs/cmake/ament_cmake_export_dependencies-extras.cmake
[17.355s] -- Symlinking: /home/qjari/turtlebot3_ws/src/install/turtlebot3_msgs/share/turtlebot3_msgs/cmake/ament_cmake_export_include_directories-extras.cmake
[17.363s] -- Symlinking: /home/qjari/turtlebot3_ws/src/install/turtlebot3_msgs/share/turtlebot3_msgs/cmake/ament_cmake_export_libraries-extras.cmake
[17.371s] -- Symlinking: /home/qjari/turtlebot3_ws/src/install/turtlebot3_msgs/share/turtlebot3_msgs/cmake/ament_cmake_export_targets-extras.cmake
[17.378s] -- Symlinking: /home/qjari/turtlebot3_ws/src/install/turtlebot3_msgs/share/turtlebot3_msgs/cmake/rosidl_cmake_export_typesupport_targets-extras.cmake
[17.386s] -- Symlinking: /home/qjari/turtlebot3_ws/src/install/turtlebot3_msgs/share/turtlebot3_msgs/cmake/rosidl_cmake_export_typesupport_libraries-extras.cmake
[17.394s] -- Symlinking: /home/qjari/turtlebot3_ws/src/install/turtlebot3_msgs/share/turtlebot3_msgs/cmake/turtlebot3_msgsConfig.cmake
[17.402s] -- Symlinking: /home/qjari/turtlebot3_ws/src/install/turtlebot3_msgs/share/turtlebot3_msgs/cmake/turtlebot3_msgsConfig-version.cmake
[17.411s] -- Symlinking: /home/qjari/turtlebot3_ws/src/install/turtlebot3_msgs/share/turtlebot3_msgs/package.xml
[17.419s] -- Installing: /home/qjari/turtlebot3_ws/src/install/turtlebot3_msgs/lib/libturtlebot3_msgs__rosidl_generator_c.so
[17.420s] -- Set runtime path of "/home/qjari/turtlebot3_ws/src/install/turtlebot3_msgs/lib/libturtlebot3_msgs__rosidl_generator_c.so" to ""
[17.420s] -- Installing: /home/qjari/turtlebot3_ws/src/install/turtlebot3_msgs/lib/libturtlebot3_msgs__rosidl_typesupport_fastrtps_c.so
[17.420s] -- Set runtime path of "/home/qjari/turtlebot3_ws/src/install/turtlebot3_msgs/lib/libturtlebot3_msgs__rosidl_typesupport_fastrtps_c.so" to ""
[17.420s] -- Installing: /home/qjari/turtlebot3_ws/src/install/turtlebot3_msgs/lib/libturtlebot3_msgs__rosidl_typesupport_fastrtps_cpp.so
[17.421s] -- Set runtime path of "/home/qjari/turtlebot3_ws/src/install/turtlebot3_msgs/lib/libturtlebot3_msgs__rosidl_typesupport_fastrtps_cpp.so" to ""
[17.421s] -- Installing: /home/qjari/turtlebot3_ws/src/install/turtlebot3_msgs/lib/libturtlebot3_msgs__rosidl_typesupport_introspection_c.so
[17.421s] -- Set runtime path of "/home/qjari/turtlebot3_ws/src/install/turtlebot3_msgs/lib/libturtlebot3_msgs__rosidl_typesupport_introspection_c.so" to ""
[17.421s] -- Installing: /home/qjari/turtlebot3_ws/src/install/turtlebot3_msgs/lib/libturtlebot3_msgs__rosidl_typesupport_c.so
[17.422s] -- Set runtime path of "/home/qjari/turtlebot3_ws/src/install/turtlebot3_msgs/lib/libturtlebot3_msgs__rosidl_typesupport_c.so" to ""
[17.422s] -- Installing: /home/qjari/turtlebot3_ws/src/install/turtlebot3_msgs/lib/libturtlebot3_msgs__rosidl_typesupport_introspection_cpp.so
[17.422s] -- Set runtime path of "/home/qjari/turtlebot3_ws/src/install/turtlebot3_msgs/lib/libturtlebot3_msgs__rosidl_typesupport_introspection_cpp.so" to ""
[17.422s] -- Installing: /home/qjari/turtlebot3_ws/src/install/turtlebot3_msgs/lib/libturtlebot3_msgs__rosidl_typesupport_cpp.so
[17.423s] -- Set runtime path of "/home/qjari/turtlebot3_ws/src/install/turtlebot3_msgs/lib/libturtlebot3_msgs__rosidl_typesupport_cpp.so" to ""
[17.467s] Listing '/home/qjari/turtlebot3_ws/src/install/turtlebot3_msgs/local/lib/python3.10/dist-packages/turtlebot3_msgs'...
[17.467s] Compiling '/home/qjari/turtlebot3_ws/src/install/turtlebot3_msgs/local/lib/python3.10/dist-packages/turtlebot3_msgs/__init__.py'...
[17.467s] Listing '/home/qjari/turtlebot3_ws/src/install/turtlebot3_msgs/local/lib/python3.10/dist-packages/turtlebot3_msgs/action'...
[17.467s] Compiling '/home/qjari/turtlebot3_ws/src/install/turtlebot3_msgs/local/lib/python3.10/dist-packages/turtlebot3_msgs/action/__init__.py'...
[17.467s] Compiling '/home/qjari/turtlebot3_ws/src/install/turtlebot3_msgs/local/lib/python3.10/dist-packages/turtlebot3_msgs/action/_patrol.py'...
[17.467s] Listing '/home/qjari/turtlebot3_ws/src/install/turtlebot3_msgs/local/lib/python3.10/dist-packages/turtlebot3_msgs/msg'...
[17.467s] Compiling '/home/qjari/turtlebot3_ws/src/install/turtlebot3_msgs/local/lib/python3.10/dist-packages/turtlebot3_msgs/msg/__init__.py'...
[17.468s] Compiling '/home/qjari/turtlebot3_ws/src/install/turtlebot3_msgs/local/lib/python3.10/dist-packages/turtlebot3_msgs/msg/_sensor_state.py'...
[17.468s] Compiling '/home/qjari/turtlebot3_ws/src/install/turtlebot3_msgs/local/lib/python3.10/dist-packages/turtlebot3_msgs/msg/_sound.py'...
[17.468s] Compiling '/home/qjari/turtlebot3_ws/src/install/turtlebot3_msgs/local/lib/python3.10/dist-packages/turtlebot3_msgs/msg/_version_info.py'...
[17.468s] Listing '/home/qjari/turtlebot3_ws/src/install/turtlebot3_msgs/local/lib/python3.10/dist-packages/turtlebot3_msgs/srv'...
[17.468s] Compiling '/home/qjari/turtlebot3_ws/src/install/turtlebot3_msgs/local/lib/python3.10/dist-packages/turtlebot3_msgs/srv/__init__.py'...
[17.468s] Compiling '/home/qjari/turtlebot3_ws/src/install/turtlebot3_msgs/local/lib/python3.10/dist-packages/turtlebot3_msgs/srv/_dqn.py'...
[17.468s] Compiling '/home/qjari/turtlebot3_ws/src/install/turtlebot3_msgs/local/lib/python3.10/dist-packages/turtlebot3_msgs/srv/_sound.py'...
[17.473s] -- Installing: /home/qjari/turtlebot3_ws/src/install/turtlebot3_msgs/lib/libturtlebot3_msgs__rosidl_generator_py.so
[17.474s] -- Set runtime path of "/home/qjari/turtlebot3_ws/src/install/turtlebot3_msgs/lib/libturtlebot3_msgs__rosidl_generator_py.so" to ""
[17.474s] -- Installing: /home/qjari/turtlebot3_ws/src/install/turtlebot3_msgs/share/turtlebot3_msgs/cmake/export_turtlebot3_msgs__rosidl_generator_cExport.cmake
[17.474s] -- Installing: /home/qjari/turtlebot3_ws/src/install/turtlebot3_msgs/share/turtlebot3_msgs/cmake/export_turtlebot3_msgs__rosidl_generator_cExport-noconfig.cmake
[17.474s] -- Installing: /home/qjari/turtlebot3_ws/src/install/turtlebot3_msgs/share/turtlebot3_msgs/cmake/export_turtlebot3_msgs__rosidl_typesupport_fastrtps_cExport.cmake
[17.474s] -- Installing: /home/qjari/turtlebot3_ws/src/install/turtlebot3_msgs/share/turtlebot3_msgs/cmake/export_turtlebot3_msgs__rosidl_typesupport_fastrtps_cExport-noconfig.cmake
[17.474s] -- Installing: /home/qjari/turtlebot3_ws/src/install/turtlebot3_msgs/share/turtlebot3_msgs/cmake/export_turtlebot3_msgs__rosidl_generator_cppExport.cmake
[17.475s] -- Installing: /home/qjari/turtlebot3_ws/src/install/turtlebot3_msgs/share/turtlebot3_msgs/cmake/export_turtlebot3_msgs__rosidl_typesupport_fastrtps_cppExport.cmake
[17.475s] -- Installing: /home/qjari/turtlebot3_ws/src/install/turtlebot3_msgs/share/turtlebot3_msgs/cmake/export_turtlebot3_msgs__rosidl_typesupport_fastrtps_cppExport-noconfig.cmake
[17.475s] -- Installing: /home/qjari/turtlebot3_ws/src/install/turtlebot3_msgs/share/turtlebot3_msgs/cmake/turtlebot3_msgs__rosidl_typesupport_introspection_cExport.cmake
[17.475s] -- Installing: /home/qjari/turtlebot3_ws/src/install/turtlebot3_msgs/share/turtlebot3_msgs/cmake/turtlebot3_msgs__rosidl_typesupport_introspection_cExport-noconfig.cmake
[17.475s] -- Installing: /home/qjari/turtlebot3_ws/src/install/turtlebot3_msgs/share/turtlebot3_msgs/cmake/turtlebot3_msgs__rosidl_typesupport_cExport.cmake
[17.476s] -- Installing: /home/qjari/turtlebot3_ws/src/install/turtlebot3_msgs/share/turtlebot3_msgs/cmake/turtlebot3_msgs__rosidl_typesupport_cExport-noconfig.cmake
[17.476s] -- Installing: /home/qjari/turtlebot3_ws/src/install/turtlebot3_msgs/share/turtlebot3_msgs/cmake/turtlebot3_msgs__rosidl_typesupport_introspection_cppExport.cmake
[17.476s] -- Installing: /home/qjari/turtlebot3_ws/src/install/turtlebot3_msgs/share/turtlebot3_msgs/cmake/turtlebot3_msgs__rosidl_typesupport_introspection_cppExport-noconfig.cmake
[17.476s] -- Installing: /home/qjari/turtlebot3_ws/src/install/turtlebot3_msgs/share/turtlebot3_msgs/cmake/turtlebot3_msgs__rosidl_typesupport_cppExport.cmake
[17.476s] -- Installing: /home/qjari/turtlebot3_ws/src/install/turtlebot3_msgs/share/turtlebot3_msgs/cmake/turtlebot3_msgs__rosidl_typesupport_cppExport-noconfig.cmake
[17.476s] -- Installing: /home/qjari/turtlebot3_ws/src/install/turtlebot3_msgs/share/turtlebot3_msgs/cmake/export_turtlebot3_msgs__rosidl_generator_pyExport.cmake
[17.477s] -- Installing: /home/qjari/turtlebot3_ws/src/install/turtlebot3_msgs/share/turtlebot3_msgs/cmake/export_turtlebot3_msgs__rosidl_generator_pyExport-noconfig.cmake
[17.479s] Invoked command in '/home/qjari/turtlebot3_ws/src/build/turtlebot3_msgs' returned '0': CMAKE_PREFIX_PATH=/opt/ros/humble /usr/bin/cmake --install /home/qjari/turtlebot3_ws/src/build/turtlebot3_msgs
