[0.017s] Invoking command in '/home/qjari/turtlebot3_ws/src/build/ld08_driver': CMAKE_PREFIX_PATH=/opt/ros/humble /usr/bin/cmake /home/qjari/turtlebot3_ws/src/utils/ld08_driver -DAMENT_CMAKE_SYMLINK_INSTALL=1 -DCMAKE_INSTALL_PREFIX=/home/qjari/turtlebot3_ws/src/install/ld08_driver
[0.080s] -- The C compiler identification is GNU 11.4.0
[0.153s] -- The CXX compiler identification is GNU 11.4.0
[0.161s] -- Detecting C compiler ABI info
[0.228s] -- Detecting C compiler ABI info - done
[0.240s] -- Check for working C compiler: /usr/bin/cc - skipped
[0.243s] -- Detecting C compile features
[0.243s] -- Detecting C compile features - done
[0.246s] -- Detecting CXX compiler ABI info
[0.329s] -- Detecting CXX compiler ABI info - done
[0.340s] -- Check for working CXX compiler: /usr/bin/c++ - skipped
[0.340s] -- Detecting CXX compile features
[0.343s] -- Detecting CXX compile features - done
[0.350s] -- Found ament_cmake: 1.3.10 (/opt/ros/humble/share/ament_cmake/cmake)
[0.521s] -- Found Python3: /usr/bin/python3 (found version "3.10.12") found components: Interpreter 
[0.595s] -- Override CMake install command with custom implementation using symlinks instead of copying resources
[0.635s] -- Found rclcpp: 16.0.10 (/opt/ros/humble/share/rclcpp/cmake)
[0.696s] -- Found rosidl_generator_c: 3.1.5 (/opt/ros/humble/share/rosidl_generator_c/cmake)
[0.704s] -- Found rosidl_adapter: 3.1.5 (/opt/ros/humble/share/rosidl_adapter/cmake)
[0.716s] -- Found rosidl_generator_cpp: 3.1.5 (/opt/ros/humble/share/rosidl_generator_cpp/cmake)
[0.734s] -- Using all available rosidl_typesupport_c: rosidl_typesupport_fastrtps_c;rosidl_typesupport_introspection_c
[0.760s] -- Using all available rosidl_typesupport_cpp: rosidl_typesupport_fastrtps_cpp;rosidl_typesupport_introspection_cpp
[0.829s] -- Found rmw_implementation_cmake: 6.1.2 (/opt/ros/humble/share/rmw_implementation_cmake/cmake)
[0.833s] -- Found rmw_fastrtps_cpp: 6.2.7 (/opt/ros/humble/share/rmw_fastrtps_cpp/cmake)
[0.991s] -- Found OpenSSL: /usr/lib/x86_64-linux-gnu/libcrypto.so (found version "3.0.2")  
[1.071s] -- Found FastRTPS: /opt/ros/humble/include  
[1.164s] -- Using RMW implementation 'rmw_fastrtps_cpp' as default
[1.190s] -- Looking for pthread.h
[1.342s] -- Looking for pthread.h - found
[1.347s] -- Performing Test CMAKE_HAVE_LIBC_PTHREAD
[1.516s] -- Performing Test CMAKE_HAVE_LIBC_PTHREAD - Success
[1.518s] -- Found Threads: TRUE  
[1.658s] -- Found sensor_msgs: 4.2.4 (/opt/ros/humble/share/sensor_msgs/cmake)
[1.788s] -- Found Boost: /usr/lib/x86_64-linux-gnu/cmake/Boost-1.74.0/BoostConfig.cmake (found version "1.74.0") found components: system 
[1.794s] -- Found ament_lint_auto: 0.12.11 (/opt/ros/humble/share/ament_lint_auto/cmake)
[1.956s] -- Configuring done
[1.983s] -- Generating done
[1.989s] -- Build files have been written to: /home/qjari/turtlebot3_ws/src/build/ld08_driver
[2.019s] Invoked command in '/home/qjari/turtlebot3_ws/src/build/ld08_driver' returned '0': CMAKE_PREFIX_PATH=/opt/ros/humble /usr/bin/cmake /home/qjari/turtlebot3_ws/src/utils/ld08_driver -DAMENT_CMAKE_SYMLINK_INSTALL=1 -DCMAKE_INSTALL_PREFIX=/home/qjari/turtlebot3_ws/src/install/ld08_driver
[2.020s] Invoking command in '/home/qjari/turtlebot3_ws/src/build/ld08_driver': CMAKE_PREFIX_PATH=/opt/ros/humble /usr/bin/cmake --build /home/qjari/turtlebot3_ws/src/build/ld08_driver -- -j8 -l8
[2.150s] [ 16%] [32mBuilding CXX object CMakeFiles/ld08_driver.dir/src/cmd_interface_linux.cpp.o[0m
[2.157s] [ 50%] [32mBuilding CXX object CMakeFiles/ld08_driver.dir/src/transform.cpp.o[0m
[2.158s] [ 50%] [32mBuilding CXX object CMakeFiles/ld08_driver.dir/src/main.cpp.o[0m
[2.159s] [ 66%] [32mBuilding CXX object CMakeFiles/ld08_driver.dir/src/slbf.cpp.o[0m
[2.171s] [ 83%] [32mBuilding CXX object CMakeFiles/ld08_driver.dir/src/lipkg.cpp.o[0m
[7.192s] [01m[K/home/qjari/turtlebot3_ws/src/utils/ld08_driver/src/transform.cpp:[m[K In constructor ‘[01m[KSlTransform::SlTransform(LDVersion, bool)[m[K’:
[7.192s] [01m[K/home/qjari/turtlebot3_ws/src/utils/ld08_driver/src/transform.cpp:30:50:[m[K [01;35m[Kwarning: [m[Kunused parameter ‘[01m[Kto_right_hand[m[K’ [[01;35m[K]8;;https://gcc.gnu.org/onlinedocs/gcc/Warning-Options.html#index-Wunused-parameter-Wunused-parameter]8;;[m[K]
[7.192s]    30 | SlTransform::SlTransform(LDVersion version, [01;35m[Kbool to_right_hand[m[K)
[7.192s]       |                                             [01;35m[K~~~~~^~~~~~~~~~~~~[m[K
[11.551s] [100%] [32m[1mLinking CXX executable ld08_driver[0m
[11.801s] [100%] Built target ld08_driver
[11.819s] Invoked command in '/home/qjari/turtlebot3_ws/src/build/ld08_driver' returned '0': CMAKE_PREFIX_PATH=/opt/ros/humble /usr/bin/cmake --build /home/qjari/turtlebot3_ws/src/build/ld08_driver -- -j8 -l8
[11.867s] Invoking command in '/home/qjari/turtlebot3_ws/src/build/ld08_driver': CMAKE_PREFIX_PATH=/opt/ros/humble /usr/bin/cmake --install /home/qjari/turtlebot3_ws/src/build/ld08_driver
[11.878s] -- Install configuration: ""
[11.879s] -- Execute custom install script
[11.884s] -- Symlinking: /home/qjari/turtlebot3_ws/src/install/ld08_driver/share/ld08_driver/launch/ld08.launch.py
[11.889s] -- Symlinking: /home/qjari/turtlebot3_ws/src/install/ld08_driver/lib/ld08_driver/ld08_driver
[11.896s] -- Symlinking: /home/qjari/turtlebot3_ws/src/install/ld08_driver/share/ament_index/resource_index/package_run_dependencies/ld08_driver
[11.904s] -- Symlinking: /home/qjari/turtlebot3_ws/src/install/ld08_driver/share/ament_index/resource_index/parent_prefix_path/ld08_driver
[11.911s] -- Symlinking: /home/qjari/turtlebot3_ws/src/install/ld08_driver/share/ld08_driver/environment/ament_prefix_path.sh
[11.921s] -- Symlinking: /home/qjari/turtlebot3_ws/src/install/ld08_driver/share/ld08_driver/environment/ament_prefix_path.dsv
[11.931s] -- Symlinking: /home/qjari/turtlebot3_ws/src/install/ld08_driver/share/ld08_driver/environment/path.sh
[11.941s] -- Symlinking: /home/qjari/turtlebot3_ws/src/install/ld08_driver/share/ld08_driver/environment/path.dsv
[11.951s] -- Symlinking: /home/qjari/turtlebot3_ws/src/install/ld08_driver/share/ld08_driver/local_setup.bash
[11.959s] -- Symlinking: /home/qjari/turtlebot3_ws/src/install/ld08_driver/share/ld08_driver/local_setup.sh
[11.968s] -- Symlinking: /home/qjari/turtlebot3_ws/src/install/ld08_driver/share/ld08_driver/local_setup.zsh
[11.979s] -- Symlinking: /home/qjari/turtlebot3_ws/src/install/ld08_driver/share/ld08_driver/local_setup.dsv
[11.989s] -- Symlinking: /home/qjari/turtlebot3_ws/src/install/ld08_driver/share/ld08_driver/package.dsv
[12.000s] -- Symlinking: /home/qjari/turtlebot3_ws/src/install/ld08_driver/share/ament_index/resource_index/packages/ld08_driver
[12.010s] -- Symlinking: /home/qjari/turtlebot3_ws/src/install/ld08_driver/share/ld08_driver/cmake/ament_cmake_export_dependencies-extras.cmake
[12.017s] -- Symlinking: /home/qjari/turtlebot3_ws/src/install/ld08_driver/share/ld08_driver/cmake/ament_cmake_export_include_directories-extras.cmake
[12.025s] -- Symlinking: /home/qjari/turtlebot3_ws/src/install/ld08_driver/share/ld08_driver/cmake/ld08_driverConfig.cmake
[12.032s] -- Symlinking: /home/qjari/turtlebot3_ws/src/install/ld08_driver/share/ld08_driver/cmake/ld08_driverConfig-version.cmake
[12.040s] -- Symlinking: /home/qjari/turtlebot3_ws/src/install/ld08_driver/share/ld08_driver/package.xml
[12.056s] Invoked command in '/home/qjari/turtlebot3_ws/src/build/ld08_driver' returned '0': CMAKE_PREFIX_PATH=/opt/ros/humble /usr/bin/cmake --install /home/qjari/turtlebot3_ws/src/build/ld08_driver
