[0.011s] Invoking command in '/home/qjari/turtlebot3_ws/build/turtlebot3_simulations': AMENT_PREFIX_PATH=/home/qjari/turtlebot3_ws/install/turtlebot3_fake_node:/home/qjari/turtlebot3_ws/install/turtlebot3_msgs:/home/qjari/turtlebot3_ws/install/turtlebot3_gazebo:${AMENT_PREFIX_PATH} CMAKE_PREFIX_PATH=/home/qjari/turtlebot3_ws/install/turtlebot3_fake_node:/home/qjari/turtlebot3_ws/install/turtlebot3_msgs:/home/qjari/turtlebot3_ws/install/turtlebot3_gazebo:/opt/ros/humble LD_LIBRARY_PATH=/home/qjari/turtlebot3_ws/install/turtlebot3_msgs/lib:${LD_LIBRARY_PATH} PYTHONPATH=/home/qjari/turtlebot3_ws/install/turtlebot3_msgs/local/lib/python3.10/dist-packages:${PYTHONPATH} /usr/bin/cmake /home/qjari/turtlebot3_ws/src/turtlebot3/turtlebot3_simulations/turtlebot3_simulations -DCMAKE_INSTALL_PREFIX=/home/qjari/turtlebot3_ws/install/turtlebot3_simulations
[0.065s] -- The C compiler identification is GNU 11.4.0
[0.124s] -- The CXX compiler identification is GNU 11.4.0
[0.132s] -- Detecting C compiler ABI info
[0.198s] -- Detecting C compiler ABI info - done
[0.210s] -- Check for working C compiler: /usr/bin/cc - skipped
[0.210s] -- Detecting C compile features
[0.210s] -- Detecting C compile features - done
[0.214s] -- Detecting CXX compiler ABI info
[0.293s] -- Detecting CXX compiler ABI info - done
[0.305s] -- Check for working CXX compiler: /usr/bin/c++ - skipped
[0.306s] -- Detecting CXX compile features
[0.306s] -- Detecting CXX compile features - done
[0.309s] -- Found ament_cmake: 1.3.10 (/opt/ros/humble/share/ament_cmake/cmake)
[0.456s] -- Found Python3: /usr/bin/python3 (found version "3.10.12") found components: Interpreter 
[0.618s] -- Configuring done
[0.621s] -- Generating done
[0.622s] -- Build files have been written to: /home/qjari/turtlebot3_ws/build/turtlebot3_simulations
[0.626s] Invoked command in '/home/qjari/turtlebot3_ws/build/turtlebot3_simulations' returned '0': AMENT_PREFIX_PATH=/home/qjari/turtlebot3_ws/install/turtlebot3_fake_node:/home/qjari/turtlebot3_ws/install/turtlebot3_msgs:/home/qjari/turtlebot3_ws/install/turtlebot3_gazebo:${AMENT_PREFIX_PATH} CMAKE_PREFIX_PATH=/home/qjari/turtlebot3_ws/install/turtlebot3_fake_node:/home/qjari/turtlebot3_ws/install/turtlebot3_msgs:/home/qjari/turtlebot3_ws/install/turtlebot3_gazebo:/opt/ros/humble LD_LIBRARY_PATH=/home/qjari/turtlebot3_ws/install/turtlebot3_msgs/lib:${LD_LIBRARY_PATH} PYTHONPATH=/home/qjari/turtlebot3_ws/install/turtlebot3_msgs/local/lib/python3.10/dist-packages:${PYTHONPATH} /usr/bin/cmake /home/qjari/turtlebot3_ws/src/turtlebot3/turtlebot3_simulations/turtlebot3_simulations -DCMAKE_INSTALL_PREFIX=/home/qjari/turtlebot3_ws/install/turtlebot3_simulations
[0.628s] Invoking command in '/home/qjari/turtlebot3_ws/build/turtlebot3_simulations': AMENT_PREFIX_PATH=/home/qjari/turtlebot3_ws/install/turtlebot3_fake_node:/home/qjari/turtlebot3_ws/install/turtlebot3_msgs:/home/qjari/turtlebot3_ws/install/turtlebot3_gazebo:${AMENT_PREFIX_PATH} CMAKE_PREFIX_PATH=/home/qjari/turtlebot3_ws/install/turtlebot3_fake_node:/home/qjari/turtlebot3_ws/install/turtlebot3_msgs:/home/qjari/turtlebot3_ws/install/turtlebot3_gazebo:/opt/ros/humble LD_LIBRARY_PATH=/home/qjari/turtlebot3_ws/install/turtlebot3_msgs/lib:${LD_LIBRARY_PATH} PYTHONPATH=/home/qjari/turtlebot3_ws/install/turtlebot3_msgs/local/lib/python3.10/dist-packages:${PYTHONPATH} /usr/bin/cmake --build /home/qjari/turtlebot3_ws/build/turtlebot3_simulations -- -j8 -l8
[0.660s] Invoked command in '/home/qjari/turtlebot3_ws/build/turtlebot3_simulations' returned '0': AMENT_PREFIX_PATH=/home/qjari/turtlebot3_ws/install/turtlebot3_fake_node:/home/qjari/turtlebot3_ws/install/turtlebot3_msgs:/home/qjari/turtlebot3_ws/install/turtlebot3_gazebo:${AMENT_PREFIX_PATH} CMAKE_PREFIX_PATH=/home/qjari/turtlebot3_ws/install/turtlebot3_fake_node:/home/qjari/turtlebot3_ws/install/turtlebot3_msgs:/home/qjari/turtlebot3_ws/install/turtlebot3_gazebo:/opt/ros/humble LD_LIBRARY_PATH=/home/qjari/turtlebot3_ws/install/turtlebot3_msgs/lib:${LD_LIBRARY_PATH} PYTHONPATH=/home/qjari/turtlebot3_ws/install/turtlebot3_msgs/local/lib/python3.10/dist-packages:${PYTHONPATH} /usr/bin/cmake --build /home/qjari/turtlebot3_ws/build/turtlebot3_simulations -- -j8 -l8
[0.681s] Invoking command in '/home/qjari/turtlebot3_ws/build/turtlebot3_simulations': AMENT_PREFIX_PATH=/home/qjari/turtlebot3_ws/install/turtlebot3_fake_node:/home/qjari/turtlebot3_ws/install/turtlebot3_msgs:/home/qjari/turtlebot3_ws/install/turtlebot3_gazebo:${AMENT_PREFIX_PATH} CMAKE_PREFIX_PATH=/home/qjari/turtlebot3_ws/install/turtlebot3_fake_node:/home/qjari/turtlebot3_ws/install/turtlebot3_msgs:/home/qjari/turtlebot3_ws/install/turtlebot3_gazebo:/opt/ros/humble LD_LIBRARY_PATH=/home/qjari/turtlebot3_ws/install/turtlebot3_msgs/lib:${LD_LIBRARY_PATH} PYTHONPATH=/home/qjari/turtlebot3_ws/install/turtlebot3_msgs/local/lib/python3.10/dist-packages:${PYTHONPATH} /usr/bin/cmake --install /home/qjari/turtlebot3_ws/build/turtlebot3_simulations
[0.687s] -- Install configuration: ""
[0.687s] -- Installing: /home/qjari/turtlebot3_ws/install/turtlebot3_simulations/share/ament_index/resource_index/package_run_dependencies/turtlebot3_simulations
[0.687s] -- Installing: /home/qjari/turtlebot3_ws/install/turtlebot3_simulations/share/ament_index/resource_index/parent_prefix_path/turtlebot3_simulations
[0.687s] -- Installing: /home/qjari/turtlebot3_ws/install/turtlebot3_simulations/share/turtlebot3_simulations/environment/ament_prefix_path.sh
[0.688s] -- Installing: /home/qjari/turtlebot3_ws/install/turtlebot3_simulations/share/turtlebot3_simulations/environment/ament_prefix_path.dsv
[0.688s] -- Installing: /home/qjari/turtlebot3_ws/install/turtlebot3_simulations/share/turtlebot3_simulations/environment/path.sh
[0.688s] -- Installing: /home/qjari/turtlebot3_ws/install/turtlebot3_simulations/share/turtlebot3_simulations/environment/path.dsv
[0.688s] -- Installing: /home/qjari/turtlebot3_ws/install/turtlebot3_simulations/share/turtlebot3_simulations/local_setup.bash
[0.688s] -- Installing: /home/qjari/turtlebot3_ws/install/turtlebot3_simulations/share/turtlebot3_simulations/local_setup.sh
[0.688s] -- Installing: /home/qjari/turtlebot3_ws/install/turtlebot3_simulations/share/turtlebot3_simulations/local_setup.zsh
[0.689s] -- Installing: /home/qjari/turtlebot3_ws/install/turtlebot3_simulations/share/turtlebot3_simulations/local_setup.dsv
[0.689s] -- Installing: /home/qjari/turtlebot3_ws/install/turtlebot3_simulations/share/turtlebot3_simulations/package.dsv
[0.689s] -- Installing: /home/qjari/turtlebot3_ws/install/turtlebot3_simulations/share/ament_index/resource_index/packages/turtlebot3_simulations
[0.689s] -- Installing: /home/qjari/turtlebot3_ws/install/turtlebot3_simulations/share/turtlebot3_simulations/cmake/turtlebot3_simulationsConfig.cmake
[0.689s] -- Installing: /home/qjari/turtlebot3_ws/install/turtlebot3_simulations/share/turtlebot3_simulations/cmake/turtlebot3_simulationsConfig-version.cmake
[0.690s] -- Installing: /home/qjari/turtlebot3_ws/install/turtlebot3_simulations/share/turtlebot3_simulations/package.xml
[0.691s] Invoked command in '/home/qjari/turtlebot3_ws/build/turtlebot3_simulations' returned '0': AMENT_PREFIX_PATH=/home/qjari/turtlebot3_ws/install/turtlebot3_fake_node:/home/qjari/turtlebot3_ws/install/turtlebot3_msgs:/home/qjari/turtlebot3_ws/install/turtlebot3_gazebo:${AMENT_PREFIX_PATH} CMAKE_PREFIX_PATH=/home/qjari/turtlebot3_ws/install/turtlebot3_fake_node:/home/qjari/turtlebot3_ws/install/turtlebot3_msgs:/home/qjari/turtlebot3_ws/install/turtlebot3_gazebo:/opt/ros/humble LD_LIBRARY_PATH=/home/qjari/turtlebot3_ws/install/turtlebot3_msgs/lib:${LD_LIBRARY_PATH} PYTHONPATH=/home/qjari/turtlebot3_ws/install/turtlebot3_msgs/local/lib/python3.10/dist-packages:${PYTHONPATH} /usr/bin/cmake --install /home/qjari/turtlebot3_ws/build/turtlebot3_simulations
