[0.026s] Invoking command in '/home/qjari/turtlebot3_ws/src/build/turtlebot3_node': AMENT_PREFIX_PATH=/home/qjari/turtlebot3_ws/src/install/turtlebot3_msgs:/home/qjari/turtlebot3_ws/src/install/dynamixel_sdk:${AMENT_PREFIX_PATH} CMAKE_PREFIX_PATH=/home/qjari/turtlebot3_ws/src/install/turtlebot3_msgs:/home/qjari/turtlebot3_ws/src/install/dynamixel_sdk:/opt/ros/humble LD_LIBRARY_PATH=/home/qjari/turtlebot3_ws/src/install/turtlebot3_msgs/lib:/home/qjari/turtlebot3_ws/src/install/dynamixel_sdk/lib:${LD_LIBRARY_PATH} PYTHONPATH=/home/qjari/turtlebot3_ws/src/install/turtlebot3_msgs/local/lib/python3.10/dist-packages:${PYTHONPATH} /usr/bin/cmake --build /home/qjari/turtlebot3_ws/src/build/turtlebot3_node -- -j8 -l8
[0.319s] [35m[1mConsolidate compiler generated dependencies of target turtlebot3_node_lib[0m
[0.319s] [ 85%] Built target turtlebot3_node_lib
[0.319s] [35m[1mConsolidate compiler generated dependencies of target turtlebot3_ros[0m
[0.319s] [100%] Built target turtlebot3_ros
[0.323s] Invoked command in '/home/qjari/turtlebot3_ws/src/build/turtlebot3_node' returned '0': AMENT_PREFIX_PATH=/home/qjari/turtlebot3_ws/src/install/turtlebot3_msgs:/home/qjari/turtlebot3_ws/src/install/dynamixel_sdk:${AMENT_PREFIX_PATH} CMAKE_PREFIX_PATH=/home/qjari/turtlebot3_ws/src/install/turtlebot3_msgs:/home/qjari/turtlebot3_ws/src/install/dynamixel_sdk:/opt/ros/humble LD_LIBRARY_PATH=/home/qjari/turtlebot3_ws/src/install/turtlebot3_msgs/lib:/home/qjari/turtlebot3_ws/src/install/dynamixel_sdk/lib:${LD_LIBRARY_PATH} PYTHONPATH=/home/qjari/turtlebot3_ws/src/install/turtlebot3_msgs/local/lib/python3.10/dist-packages:${PYTHONPATH} /usr/bin/cmake --build /home/qjari/turtlebot3_ws/src/build/turtlebot3_node -- -j8 -l8
[0.372s] Invoking command in '/home/qjari/turtlebot3_ws/src/build/turtlebot3_node': AMENT_PREFIX_PATH=/home/qjari/turtlebot3_ws/src/install/turtlebot3_msgs:/home/qjari/turtlebot3_ws/src/install/dynamixel_sdk:${AMENT_PREFIX_PATH} CMAKE_PREFIX_PATH=/home/qjari/turtlebot3_ws/src/install/turtlebot3_msgs:/home/qjari/turtlebot3_ws/src/install/dynamixel_sdk:/opt/ros/humble LD_LIBRARY_PATH=/home/qjari/turtlebot3_ws/src/install/turtlebot3_msgs/lib:/home/qjari/turtlebot3_ws/src/install/dynamixel_sdk/lib:${LD_LIBRARY_PATH} PYTHONPATH=/home/qjari/turtlebot3_ws/src/install/turtlebot3_msgs/local/lib/python3.10/dist-packages:${PYTHONPATH} /usr/bin/cmake --install /home/qjari/turtlebot3_ws/src/build/turtlebot3_node
[0.378s] -- Install configuration: ""
[0.379s] -- Execute custom install script
[0.381s] -- Up-to-date symlink: /home/qjari/turtlebot3_ws/src/install/turtlebot3_node/share/turtlebot3_node/param/burger.yaml
[0.381s] -- Up-to-date symlink: /home/qjari/turtlebot3_ws/src/install/turtlebot3_node/share/turtlebot3_node/param/waffle.yaml
[0.381s] -- Up-to-date symlink: /home/qjari/turtlebot3_ws/src/install/turtlebot3_node/share/turtlebot3_node/param/waffle_pi.yaml
[0.382s] -- Up-to-date symlink: /home/qjari/turtlebot3_ws/src/install/turtlebot3_node/lib/turtlebot3_node/turtlebot3_ros
[0.383s] -- Up-to-date symlink: /home/qjari/turtlebot3_ws/src/install/turtlebot3_node/share/ament_index/resource_index/package_run_dependencies/turtlebot3_node
[0.383s] -- Up-to-date symlink: /home/qjari/turtlebot3_ws/src/install/turtlebot3_node/share/ament_index/resource_index/parent_prefix_path/turtlebot3_node
[0.384s] -- Up-to-date symlink: /home/qjari/turtlebot3_ws/src/install/turtlebot3_node/share/turtlebot3_node/environment/ament_prefix_path.sh
[0.384s] -- Up-to-date symlink: /home/qjari/turtlebot3_ws/src/install/turtlebot3_node/share/turtlebot3_node/environment/ament_prefix_path.dsv
[0.384s] -- Up-to-date symlink: /home/qjari/turtlebot3_ws/src/install/turtlebot3_node/share/turtlebot3_node/environment/path.sh
[0.385s] -- Up-to-date symlink: /home/qjari/turtlebot3_ws/src/install/turtlebot3_node/share/turtlebot3_node/environment/path.dsv
[0.385s] -- Up-to-date symlink: /home/qjari/turtlebot3_ws/src/install/turtlebot3_node/share/turtlebot3_node/local_setup.bash
[0.385s] -- Up-to-date symlink: /home/qjari/turtlebot3_ws/src/install/turtlebot3_node/share/turtlebot3_node/local_setup.sh
[0.386s] -- Up-to-date symlink: /home/qjari/turtlebot3_ws/src/install/turtlebot3_node/share/turtlebot3_node/local_setup.zsh
[0.386s] -- Up-to-date symlink: /home/qjari/turtlebot3_ws/src/install/turtlebot3_node/share/turtlebot3_node/local_setup.dsv
[0.386s] -- Symlinking: /home/qjari/turtlebot3_ws/src/install/turtlebot3_node/share/turtlebot3_node/package.dsv
[0.394s] -- Up-to-date symlink: /home/qjari/turtlebot3_ws/src/install/turtlebot3_node/share/ament_index/resource_index/packages/turtlebot3_node
[0.395s] -- Up-to-date symlink: /home/qjari/turtlebot3_ws/src/install/turtlebot3_node/share/turtlebot3_node/cmake/ament_cmake_export_include_directories-extras.cmake
[0.395s] -- Up-to-date symlink: /home/qjari/turtlebot3_ws/src/install/turtlebot3_node/share/turtlebot3_node/cmake/turtlebot3_nodeConfig.cmake
[0.395s] -- Up-to-date symlink: /home/qjari/turtlebot3_ws/src/install/turtlebot3_node/share/turtlebot3_node/cmake/turtlebot3_nodeConfig-version.cmake
[0.395s] -- Up-to-date symlink: /home/qjari/turtlebot3_ws/src/install/turtlebot3_node/share/turtlebot3_node/package.xml
[0.397s] Invoked command in '/home/qjari/turtlebot3_ws/src/build/turtlebot3_node' returned '0': AMENT_PREFIX_PATH=/home/qjari/turtlebot3_ws/src/install/turtlebot3_msgs:/home/qjari/turtlebot3_ws/src/install/dynamixel_sdk:${AMENT_PREFIX_PATH} CMAKE_PREFIX_PATH=/home/qjari/turtlebot3_ws/src/install/turtlebot3_msgs:/home/qjari/turtlebot3_ws/src/install/dynamixel_sdk:/opt/ros/humble LD_LIBRARY_PATH=/home/qjari/turtlebot3_ws/src/install/turtlebot3_msgs/lib:/home/qjari/turtlebot3_ws/src/install/dynamixel_sdk/lib:${LD_LIBRARY_PATH} PYTHONPATH=/home/qjari/turtlebot3_ws/src/install/turtlebot3_msgs/local/lib/python3.10/dist-packages:${PYTHONPATH} /usr/bin/cmake --install /home/qjari/turtlebot3_ws/src/build/turtlebot3_node
