[0.022s] Invoking command in '/home/qjari/turtlebot3_ws/src/build/hls_lfcd_lds_driver': /usr/bin/cmake /home/qjari/turtlebot3_ws/src/utils/hls_lfcd_lds_driver -DAMENT_CMAKE_SYMLINK_INSTALL=1 -DCMAKE_INSTALL_PREFIX=/home/qjari/turtlebot3_ws/src/install/hls_lfcd_lds_driver
[0.084s] -- The C compiler identification is GNU 11.4.0
[0.151s] -- The CXX compiler identification is GNU 11.4.0
[0.159s] -- Detecting C compiler ABI info
[0.226s] -- Detecting C compiler ABI info - done
[0.241s] -- Check for working C compiler: /usr/bin/cc - skipped
[0.241s] -- Detecting C compile features
[0.241s] -- Detecting C compile features - done
[0.242s] -- Detecting CXX compiler ABI info
[0.326s] -- Detecting CXX compiler ABI info - done
[0.337s] -- Check for working CXX compiler: /usr/bin/c++ - skipped
[0.337s] -- Detecting CXX compile features
[0.338s] -- Detecting CXX compile features - done
[0.354s] -- Found ament_cmake: 1.3.10 (/opt/ros/humble/share/ament_cmake/cmake)
[0.551s] -- Found Python3: /usr/bin/python3 (found version "3.10.12") found components: Interpreter 
[0.649s] Traceback (most recent call last):
[0.649s]   File "/opt/ros/humble/share/ament_cmake_core/cmake/package_templates/templates_2_cmake.py", line 21, in <module>
[0.649s]     from ament_package.templates import get_environment_hook_template_path
[0.649s] ModuleNotFoundError: No module named 'ament_package'
[0.659s] [31mCMake Error at /opt/ros/humble/share/ament_cmake_core/cmake/ament_cmake_package_templates-extras.cmake:41 (message):
[0.659s]   execute_process(/usr/bin/python3
[0.659s]   /opt/ros/humble/share/ament_cmake_core/cmake/package_templates/templates_2_cmake.py
[0.659s]   /home/qjari/turtlebot3_ws/src/build/hls_lfcd_lds_driver/ament_cmake_package_templates/templates.cmake)
[0.659s]   returned error code 1
[0.659s] Call Stack (most recent call first):
[0.659s]   /opt/ros/humble/share/ament_cmake_core/cmake/ament_cmake_coreConfig.cmake:41 (include)
[0.660s]   /opt/ros/humble/share/ament_cmake/cmake/ament_cmake_export_dependencies-extras.cmake:15 (find_package)
[0.660s]   /opt/ros/humble/share/ament_cmake/cmake/ament_cmakeConfig.cmake:41 (include)
[0.660s]   CMakeLists.txt:24 (find_package)
[0.660s] 
[0.660s] [0m
[0.660s] -- Configuring incomplete, errors occurred!
[0.660s] See also "/home/qjari/turtlebot3_ws/src/build/hls_lfcd_lds_driver/CMakeFiles/CMakeOutput.log".
