[0.019s] Invoking command in '/home/qjari/turtlebot3_ws/src/build/dynamixel_sdk_custom_interfaces': /usr/bin/cmake /home/qjari/turtlebot3_ws/src/utils/DynamixelSDK/dynamixel_sdk_custom_interfaces -DAMENT_CMAKE_SYMLINK_INSTALL=1 -DCMAKE_INSTALL_PREFIX=/home/qjari/turtlebot3_ws/src/install/dynamixel_sdk_custom_interfaces
[0.040s] -- Found ament_cmake: 1.3.10 (/opt/ros/humble/share/ament_cmake/cmake)
[0.206s] Traceback (most recent call last):
[0.207s]   File "/opt/ros/humble/share/ament_cmake_core/cmake/package_templates/templates_2_cmake.py", line 21, in <module>
[0.207s]     from ament_package.templates import get_environment_hook_template_path
[0.207s] ModuleNotFoundError: No module named 'ament_package'
[0.211s] [31mCMake Error at /opt/ros/humble/share/ament_cmake_core/cmake/ament_cmake_package_templates-extras.cmake:41 (message):
[0.212s]   execute_process(/usr/bin/python3
[0.212s]   /opt/ros/humble/share/ament_cmake_core/cmake/package_templates/templates_2_cmake.py
[0.212s]   /home/qjari/turtlebot3_ws/src/build/dynamixel_sdk_custom_interfaces/ament_cmake_package_templates/templates.cmake)
[0.212s]   returned error code 1
[0.212s] Call Stack (most recent call first):
[0.212s]   /opt/ros/humble/share/ament_cmake_core/cmake/ament_cmake_coreConfig.cmake:41 (include)
[0.212s]   /opt/ros/humble/share/ament_cmake/cmake/ament_cmake_export_dependencies-extras.cmake:15 (find_package)
[0.212s]   /opt/ros/humble/share/ament_cmake/cmake/ament_cmakeConfig.cmake:41 (include)
[0.213s]   CMakeLists.txt:14 (find_package)
[0.213s] 
[0.213s] [0m
[0.213s] -- Configuring incomplete, errors occurred!
[0.213s] See also "/home/qjari/turtlebot3_ws/src/build/dynamixel_sdk_custom_interfaces/CMakeFiles/CMakeOutput.log".
