[0.864s] Invoking command in '/home/qjari/turtlebot3_ws/src/build/turtlebot3_example': AMENT_PREFIX_PATH=/home/qjari/turtlebot3_ws/src/install/turtlebot3_msgs:${AMENT_PREFIX_PATH} CMAKE_PREFIX_PATH=/home/qjari/turtlebot3_ws/src/install/turtlebot3_msgs LD_LIBRARY_PATH=/home/qjari/turtlebot3_ws/src/install/turtlebot3_msgs/lib:${LD_LIBRARY_PATH} PYTHONPATH=/home/qjari/turtlebot3_ws/src/build/turtlebot3_example/prefix_override:/usr/lib/python3/dist-packages/colcon_core/task/python/colcon_distutils_commands:/home/qjari/turtlebot3_ws/src/install/turtlebot3_example/lib/python3.10/site-packages:/home/qjari/turtlebot3_ws/src/install/turtlebot3_msgs/local/lib/python3.10/dist-packages:${PYTHONPATH} /usr/bin/python3 -W ignore:setup.py install is deprecated setup.py develop --editable --build-directory /home/qjari/turtlebot3_ws/src/build/turtlebot3_example/build --no-deps symlink_data
[1.241s] running develop
[1.241s] /usr/lib/python3/dist-packages/setuptools/command/easy_install.py:158: EasyInstallDeprecationWarning: easy_install command is deprecated. Use build and pip and other standards-based tools.
[1.241s]   warnings.warn(
[1.458s] running egg_info
[1.458s] creating turtlebot3_example.egg-info
[1.458s] writing turtlebot3_example.egg-info/PKG-INFO
[1.458s] writing dependency_links to turtlebot3_example.egg-info/dependency_links.txt
[1.459s] writing entry points to turtlebot3_example.egg-info/entry_points.txt
[1.459s] writing requirements to turtlebot3_example.egg-info/requires.txt
[1.459s] writing top-level names to turtlebot3_example.egg-info/top_level.txt
[1.459s] writing manifest file 'turtlebot3_example.egg-info/SOURCES.txt'
[1.463s] reading manifest file 'turtlebot3_example.egg-info/SOURCES.txt'
[1.464s] writing manifest file 'turtlebot3_example.egg-info/SOURCES.txt'
[1.465s] running build_ext
[1.466s] Creating /home/qjari/turtlebot3_ws/src/install/turtlebot3_example/lib/python3.10/site-packages/turtlebot3-example.egg-link (link to .)
[1.467s] Installing turtlebot3_obstacle_detection script to /home/qjari/turtlebot3_ws/src/install/turtlebot3_example/lib/turtlebot3_example
[1.467s] Installing turtlebot3_patrol_client script to /home/qjari/turtlebot3_ws/src/install/turtlebot3_example/lib/turtlebot3_example
[1.467s] Installing turtlebot3_patrol_server script to /home/qjari/turtlebot3_ws/src/install/turtlebot3_example/lib/turtlebot3_example
[1.467s] Installing turtlebot3_position_control script to /home/qjari/turtlebot3_ws/src/install/turtlebot3_example/lib/turtlebot3_example
[1.467s] 
[1.467s] Installed /home/qjari/turtlebot3_ws/src/build/turtlebot3_example
[1.470s] running symlink_data
[1.470s] creating /home/qjari/turtlebot3_ws/src/install/turtlebot3_example/share/ament_index
[1.470s] creating /home/qjari/turtlebot3_ws/src/install/turtlebot3_example/share/ament_index/resource_index
[1.470s] creating /home/qjari/turtlebot3_ws/src/install/turtlebot3_example/share/ament_index/resource_index/packages
[1.470s] symbolically linking /home/qjari/turtlebot3_ws/src/build/turtlebot3_example/resource/turtlebot3_example -> /home/qjari/turtlebot3_ws/src/install/turtlebot3_example/share/ament_index/resource_index/packages
[1.470s] symbolically linking /home/qjari/turtlebot3_ws/src/build/turtlebot3_example/package.xml -> /home/qjari/turtlebot3_ws/src/install/turtlebot3_example/share/turtlebot3_example
[1.506s] Invoked command in '/home/qjari/turtlebot3_ws/src/build/turtlebot3_example' returned '0': AMENT_PREFIX_PATH=/home/qjari/turtlebot3_ws/src/install/turtlebot3_msgs:${AMENT_PREFIX_PATH} CMAKE_PREFIX_PATH=/home/qjari/turtlebot3_ws/src/install/turtlebot3_msgs LD_LIBRARY_PATH=/home/qjari/turtlebot3_ws/src/install/turtlebot3_msgs/lib:${LD_LIBRARY_PATH} PYTHONPATH=/home/qjari/turtlebot3_ws/src/build/turtlebot3_example/prefix_override:/usr/lib/python3/dist-packages/colcon_core/task/python/colcon_distutils_commands:/home/qjari/turtlebot3_ws/src/install/turtlebot3_example/lib/python3.10/site-packages:/home/qjari/turtlebot3_ws/src/install/turtlebot3_msgs/local/lib/python3.10/dist-packages:${PYTHONPATH} /usr/bin/python3 -W ignore:setup.py install is deprecated setup.py develop --editable --build-directory /home/qjari/turtlebot3_ws/src/build/turtlebot3_example/build --no-deps symlink_data
