[0.043s] Invoking command in '/home/qjari/turtlebot3_ws/src/build/dynamixel_sdk': CMAKE_PREFIX_PATH=/opt/ros/humble /usr/bin/cmake --build /home/qjari/turtlebot3_ws/src/build/dynamixel_sdk -- -j8 -l8
[0.130s] [35m[1mConsolidate compiler generated dependencies of target dynamixel_sdk[0m
[0.175s] [100%] Built target dynamixel_sdk
[0.203s] Invoked command in '/home/qjari/turtlebot3_ws/src/build/dynamixel_sdk' returned '0': CMAKE_PREFIX_PATH=/opt/ros/humble /usr/bin/cmake --build /home/qjari/turtlebot3_ws/src/build/dynamixel_sdk -- -j8 -l8
[0.293s] Invoking command in '/home/qjari/turtlebot3_ws/src/build/dynamixel_sdk': CMAKE_PREFIX_PATH=/opt/ros/humble /usr/bin/cmake --install /home/qjari/turtlebot3_ws/src/build/dynamixel_sdk
[0.306s] -- Install configuration: ""
[0.309s] -- Execute custom install script
[0.309s] -- Up-to-date symlink: /home/qjari/turtlebot3_ws/src/install/dynamixel_sdk/include//dynamixel_sdk/dynamixel_sdk.h
[0.310s] -- Up-to-date symlink: /home/qjari/turtlebot3_ws/src/install/dynamixel_sdk/include//dynamixel_sdk/group_bulk_read.h
[0.310s] -- Up-to-date symlink: /home/qjari/turtlebot3_ws/src/install/dynamixel_sdk/include//dynamixel_sdk/group_bulk_write.h
[0.311s] -- Up-to-date symlink: /home/qjari/turtlebot3_ws/src/install/dynamixel_sdk/include//dynamixel_sdk/group_sync_read.h
[0.312s] -- Up-to-date symlink: /home/qjari/turtlebot3_ws/src/install/dynamixel_sdk/include//dynamixel_sdk/group_sync_write.h
[0.313s] -- Up-to-date symlink: /home/qjari/turtlebot3_ws/src/install/dynamixel_sdk/include//dynamixel_sdk/packet_handler.h
[0.313s] -- Up-to-date symlink: /home/qjari/turtlebot3_ws/src/install/dynamixel_sdk/include//dynamixel_sdk/port_handler.h
[0.313s] -- Up-to-date symlink: /home/qjari/turtlebot3_ws/src/install/dynamixel_sdk/include//dynamixel_sdk/port_handler_arduino.h
[0.314s] -- Up-to-date symlink: /home/qjari/turtlebot3_ws/src/install/dynamixel_sdk/include//dynamixel_sdk/port_handler_linux.h
[0.314s] -- Up-to-date symlink: /home/qjari/turtlebot3_ws/src/install/dynamixel_sdk/include//dynamixel_sdk/port_handler_mac.h
[0.314s] -- Up-to-date symlink: /home/qjari/turtlebot3_ws/src/install/dynamixel_sdk/include//dynamixel_sdk/port_handler_windows.h
[0.315s] -- Up-to-date symlink: /home/qjari/turtlebot3_ws/src/install/dynamixel_sdk/include//dynamixel_sdk/protocol1_packet_handler.h
[0.316s] -- Up-to-date symlink: /home/qjari/turtlebot3_ws/src/install/dynamixel_sdk/include//dynamixel_sdk/protocol2_packet_handler.h
[0.318s] -- Up-to-date symlink: /home/qjari/turtlebot3_ws/src/install/dynamixel_sdk/lib/libdynamixel_sdk.so
[0.320s] -- Up-to-date symlink: /home/qjari/turtlebot3_ws/src/install/dynamixel_sdk/share/dynamixel_sdk/environment/library_path.sh
[0.321s] -- Up-to-date symlink: /home/qjari/turtlebot3_ws/src/install/dynamixel_sdk/share/dynamixel_sdk/environment/library_path.dsv
[0.324s] -- Up-to-date symlink: /home/qjari/turtlebot3_ws/src/install/dynamixel_sdk/share/ament_index/resource_index/package_run_dependencies/dynamixel_sdk
[0.324s] -- Up-to-date symlink: /home/qjari/turtlebot3_ws/src/install/dynamixel_sdk/share/ament_index/resource_index/parent_prefix_path/dynamixel_sdk
[0.332s] -- Up-to-date symlink: /home/qjari/turtlebot3_ws/src/install/dynamixel_sdk/share/dynamixel_sdk/environment/ament_prefix_path.sh
[0.332s] -- Up-to-date symlink: /home/qjari/turtlebot3_ws/src/install/dynamixel_sdk/share/dynamixel_sdk/environment/ament_prefix_path.dsv
[0.332s] -- Up-to-date symlink: /home/qjari/turtlebot3_ws/src/install/dynamixel_sdk/share/dynamixel_sdk/environment/path.sh
[0.332s] -- Up-to-date symlink: /home/qjari/turtlebot3_ws/src/install/dynamixel_sdk/share/dynamixel_sdk/environment/path.dsv
[0.333s] -- Up-to-date symlink: /home/qjari/turtlebot3_ws/src/install/dynamixel_sdk/share/dynamixel_sdk/local_setup.bash
[0.333s] -- Up-to-date symlink: /home/qjari/turtlebot3_ws/src/install/dynamixel_sdk/share/dynamixel_sdk/local_setup.sh
[0.333s] -- Up-to-date symlink: /home/qjari/turtlebot3_ws/src/install/dynamixel_sdk/share/dynamixel_sdk/local_setup.zsh
[0.333s] -- Up-to-date symlink: /home/qjari/turtlebot3_ws/src/install/dynamixel_sdk/share/dynamixel_sdk/local_setup.dsv
[0.333s] -- Symlinking: /home/qjari/turtlebot3_ws/src/install/dynamixel_sdk/share/dynamixel_sdk/package.dsv
[0.342s] -- Up-to-date symlink: /home/qjari/turtlebot3_ws/src/install/dynamixel_sdk/share/ament_index/resource_index/packages/dynamixel_sdk
[0.345s] -- Up-to-date symlink: /home/qjari/turtlebot3_ws/src/install/dynamixel_sdk/share/dynamixel_sdk/cmake/ament_cmake_export_include_directories-extras.cmake
[0.346s] -- Up-to-date symlink: /home/qjari/turtlebot3_ws/src/install/dynamixel_sdk/share/dynamixel_sdk/cmake/ament_cmake_export_libraries-extras.cmake
[0.346s] -- Up-to-date symlink: /home/qjari/turtlebot3_ws/src/install/dynamixel_sdk/share/dynamixel_sdk/cmake/dynamixel_sdkConfig.cmake
[0.346s] -- Up-to-date symlink: /home/qjari/turtlebot3_ws/src/install/dynamixel_sdk/share/dynamixel_sdk/cmake/dynamixel_sdkConfig-version.cmake
[0.350s] -- Up-to-date symlink: /home/qjari/turtlebot3_ws/src/install/dynamixel_sdk/share/dynamixel_sdk/package.xml
[0.641s] Invoked command in '/home/qjari/turtlebot3_ws/src/build/dynamixel_sdk' returned '0': CMAKE_PREFIX_PATH=/opt/ros/humble /usr/bin/cmake --install /home/qjari/turtlebot3_ws/src/build/dynamixel_sdk
