[0.363s] Invoking command in '/home/qjari/turtlebot3_ws/build/turtlebot3_fake_node': AMENT_PREFIX_PATH=/home/qjari/turtlebot3_ws/install/turtlebot3_msgs:${AMENT_PREFIX_PATH} CMAKE_PREFIX_PATH=/home/qjari/turtlebot3_ws/install/turtlebot3_msgs:/opt/ros/humble LD_LIBRARY_PATH=/home/qjari/turtlebot3_ws/install/turtlebot3_msgs/lib:${LD_LIBRARY_PATH} PYTHONPATH=/home/qjari/turtlebot3_ws/install/turtlebot3_msgs/local/lib/python3.10/dist-packages:${PYTHONPATH} /usr/bin/cmake /home/qjari/turtlebot3_ws/src/turtlebot3/turtlebot3_simulations/turtlebot3_fake_node -DCMAKE_INSTALL_PREFIX=/home/qjari/turtlebot3_ws/install/turtlebot3_fake_node
[0.426s] -- The C compiler identification is GNU 11.4.0
[0.493s] -- The CXX compiler identification is GNU 11.4.0
[0.503s] -- Detecting C compiler ABI info
[0.573s] -- Detecting C compiler ABI info - done
[0.585s] -- Check for working C compiler: /usr/bin/cc - skipped
[0.586s] -- Detecting C compile features
[0.589s] -- Detecting C compile features - done
[0.591s] -- Detecting CXX compiler ABI info
[0.690s] -- Detecting CXX compiler ABI info - done
[0.707s] -- Check for working CXX compiler: /usr/bin/c++ - skipped
[0.708s] -- Detecting CXX compile features
[0.709s] -- Detecting CXX compile features - done
[0.712s] -- Found ament_cmake: 1.3.10 (/opt/ros/humble/share/ament_cmake/cmake)
[0.902s] -- Found Python3: /usr/bin/python3 (found version "3.10.12") found components: Interpreter 
[1.022s] -- Found geometry_msgs: 4.2.4 (/opt/ros/humble/share/geometry_msgs/cmake)
[1.067s] -- Found rosidl_generator_c: 3.1.5 (/opt/ros/humble/share/rosidl_generator_c/cmake)
[1.076s] -- Found rosidl_adapter: 3.1.5 (/opt/ros/humble/share/rosidl_adapter/cmake)
[1.091s] -- Found rosidl_generator_cpp: 3.1.5 (/opt/ros/humble/share/rosidl_generator_cpp/cmake)
[1.111s] -- Using all available rosidl_typesupport_c: rosidl_typesupport_fastrtps_c;rosidl_typesupport_introspection_c
[1.132s] -- Using all available rosidl_typesupport_cpp: rosidl_typesupport_fastrtps_cpp;rosidl_typesupport_introspection_cpp
[1.190s] -- Found nav_msgs: 4.2.4 (/opt/ros/humble/share/nav_msgs/cmake)
[1.223s] -- Found rclcpp: 16.0.10 (/opt/ros/humble/share/rclcpp/cmake)
[1.278s] -- Found rmw_implementation_cmake: 6.1.2 (/opt/ros/humble/share/rmw_implementation_cmake/cmake)
[1.281s] -- Found rmw_fastrtps_cpp: 6.2.7 (/opt/ros/humble/share/rmw_fastrtps_cpp/cmake)
[1.388s] -- Found OpenSSL: /usr/lib/x86_64-linux-gnu/libcrypto.so (found version "3.0.2")  
[1.429s] -- Found FastRTPS: /opt/ros/humble/include  
[1.478s] -- Using RMW implementation 'rmw_fastrtps_cpp' as default
[1.488s] -- Looking for pthread.h
[1.563s] -- Looking for pthread.h - found
[1.563s] -- Performing Test CMAKE_HAVE_LIBC_PTHREAD
[1.636s] -- Performing Test CMAKE_HAVE_LIBC_PTHREAD - Success
[1.637s] -- Found Threads: TRUE  
[1.695s] -- Found sensor_msgs: 4.2.4 (/opt/ros/humble/share/sensor_msgs/cmake)
[1.727s] -- Found tf2: 0.25.8 (/opt/ros/humble/share/tf2/cmake)
[1.740s] -- Found tf2_msgs: 0.25.8 (/opt/ros/humble/share/tf2_msgs/cmake)
[1.822s] -- Found turtlebot3_msgs: 2.2.3 (/home/qjari/turtlebot3_ws/install/turtlebot3_msgs/share/turtlebot3_msgs/cmake)
[2.050s] -- Configuring done
[2.070s] -- Generating done
[2.073s] -- Build files have been written to: /home/qjari/turtlebot3_ws/build/turtlebot3_fake_node
[2.095s] Invoked command in '/home/qjari/turtlebot3_ws/build/turtlebot3_fake_node' returned '0': AMENT_PREFIX_PATH=/home/qjari/turtlebot3_ws/install/turtlebot3_msgs:${AMENT_PREFIX_PATH} CMAKE_PREFIX_PATH=/home/qjari/turtlebot3_ws/install/turtlebot3_msgs:/opt/ros/humble LD_LIBRARY_PATH=/home/qjari/turtlebot3_ws/install/turtlebot3_msgs/lib:${LD_LIBRARY_PATH} PYTHONPATH=/home/qjari/turtlebot3_ws/install/turtlebot3_msgs/local/lib/python3.10/dist-packages:${PYTHONPATH} /usr/bin/cmake /home/qjari/turtlebot3_ws/src/turtlebot3/turtlebot3_simulations/turtlebot3_fake_node -DCMAKE_INSTALL_PREFIX=/home/qjari/turtlebot3_ws/install/turtlebot3_fake_node
[2.103s] Invoking command in '/home/qjari/turtlebot3_ws/build/turtlebot3_fake_node': AMENT_PREFIX_PATH=/home/qjari/turtlebot3_ws/install/turtlebot3_msgs:${AMENT_PREFIX_PATH} CMAKE_PREFIX_PATH=/home/qjari/turtlebot3_ws/install/turtlebot3_msgs:/opt/ros/humble LD_LIBRARY_PATH=/home/qjari/turtlebot3_ws/install/turtlebot3_msgs/lib:${LD_LIBRARY_PATH} PYTHONPATH=/home/qjari/turtlebot3_ws/install/turtlebot3_msgs/local/lib/python3.10/dist-packages:${PYTHONPATH} /usr/bin/cmake --build /home/qjari/turtlebot3_ws/build/turtlebot3_fake_node -- -j8 -l8
[2.220s] [ 50%] [32mBuilding CXX object CMakeFiles/turtlebot3_fake_node.dir/src/turtlebot3_fake_node.cpp.o[0m
[14.530s] [100%] [32m[1mLinking CXX executable turtlebot3_fake_node[0m
[15.003s] [100%] Built target turtlebot3_fake_node
[15.013s] Invoked command in '/home/qjari/turtlebot3_ws/build/turtlebot3_fake_node' returned '0': AMENT_PREFIX_PATH=/home/qjari/turtlebot3_ws/install/turtlebot3_msgs:${AMENT_PREFIX_PATH} CMAKE_PREFIX_PATH=/home/qjari/turtlebot3_ws/install/turtlebot3_msgs:/opt/ros/humble LD_LIBRARY_PATH=/home/qjari/turtlebot3_ws/install/turtlebot3_msgs/lib:${LD_LIBRARY_PATH} PYTHONPATH=/home/qjari/turtlebot3_ws/install/turtlebot3_msgs/local/lib/python3.10/dist-packages:${PYTHONPATH} /usr/bin/cmake --build /home/qjari/turtlebot3_ws/build/turtlebot3_fake_node -- -j8 -l8
[15.037s] Invoking command in '/home/qjari/turtlebot3_ws/build/turtlebot3_fake_node': AMENT_PREFIX_PATH=/home/qjari/turtlebot3_ws/install/turtlebot3_msgs:${AMENT_PREFIX_PATH} CMAKE_PREFIX_PATH=/home/qjari/turtlebot3_ws/install/turtlebot3_msgs:/opt/ros/humble LD_LIBRARY_PATH=/home/qjari/turtlebot3_ws/install/turtlebot3_msgs/lib:${LD_LIBRARY_PATH} PYTHONPATH=/home/qjari/turtlebot3_ws/install/turtlebot3_msgs/local/lib/python3.10/dist-packages:${PYTHONPATH} /usr/bin/cmake --install /home/qjari/turtlebot3_ws/build/turtlebot3_fake_node
[15.043s] -- Install configuration: ""
[15.043s] -- Installing: /home/qjari/turtlebot3_ws/install/turtlebot3_fake_node/lib/turtlebot3_fake_node/turtlebot3_fake_node
[15.047s] -- Set runtime path of "/home/qjari/turtlebot3_ws/install/turtlebot3_fake_node/lib/turtlebot3_fake_node/turtlebot3_fake_node" to ""
[15.047s] -- Installing: /home/qjari/turtlebot3_ws/install/turtlebot3_fake_node/share/turtlebot3_fake_node/launch
[15.048s] -- Installing: /home/qjari/turtlebot3_ws/install/turtlebot3_fake_node/share/turtlebot3_fake_node/launch/rviz2.launch.py
[15.048s] -- Installing: /home/qjari/turtlebot3_ws/install/turtlebot3_fake_node/share/turtlebot3_fake_node/launch/turtlebot3_fake_node.launch.py
[15.048s] -- Installing: /home/qjari/turtlebot3_ws/install/turtlebot3_fake_node/share/turtlebot3_fake_node/param
[15.048s] -- Installing: /home/qjari/turtlebot3_ws/install/turtlebot3_fake_node/share/turtlebot3_fake_node/param/waffle_pi.yaml
[15.049s] -- Installing: /home/qjari/turtlebot3_ws/install/turtlebot3_fake_node/share/turtlebot3_fake_node/param/waffle.yaml
[15.049s] -- Installing: /home/qjari/turtlebot3_ws/install/turtlebot3_fake_node/share/turtlebot3_fake_node/param/burger.yaml
[15.049s] -- Installing: /home/qjari/turtlebot3_ws/install/turtlebot3_fake_node/include/
[15.050s] -- Installing: /home/qjari/turtlebot3_ws/install/turtlebot3_fake_node/include//turtlebot3_fake_node
[15.050s] -- Installing: /home/qjari/turtlebot3_ws/install/turtlebot3_fake_node/include//turtlebot3_fake_node/turtlebot3_fake_node.hpp
[15.050s] -- Installing: /home/qjari/turtlebot3_ws/install/turtlebot3_fake_node/share/ament_index/resource_index/package_run_dependencies/turtlebot3_fake_node
[15.050s] -- Installing: /home/qjari/turtlebot3_ws/install/turtlebot3_fake_node/share/ament_index/resource_index/parent_prefix_path/turtlebot3_fake_node
[15.050s] -- Installing: /home/qjari/turtlebot3_ws/install/turtlebot3_fake_node/share/turtlebot3_fake_node/environment/ament_prefix_path.sh
[15.050s] -- Installing: /home/qjari/turtlebot3_ws/install/turtlebot3_fake_node/share/turtlebot3_fake_node/environment/ament_prefix_path.dsv
[15.051s] -- Installing: /home/qjari/turtlebot3_ws/install/turtlebot3_fake_node/share/turtlebot3_fake_node/environment/path.sh
[15.051s] -- Installing: /home/qjari/turtlebot3_ws/install/turtlebot3_fake_node/share/turtlebot3_fake_node/environment/path.dsv
[15.051s] -- Installing: /home/qjari/turtlebot3_ws/install/turtlebot3_fake_node/share/turtlebot3_fake_node/local_setup.bash
[15.051s] -- Installing: /home/qjari/turtlebot3_ws/install/turtlebot3_fake_node/share/turtlebot3_fake_node/local_setup.sh
[15.051s] -- Installing: /home/qjari/turtlebot3_ws/install/turtlebot3_fake_node/share/turtlebot3_fake_node/local_setup.zsh
[15.051s] -- Installing: /home/qjari/turtlebot3_ws/install/turtlebot3_fake_node/share/turtlebot3_fake_node/local_setup.dsv
[15.052s] -- Installing: /home/qjari/turtlebot3_ws/install/turtlebot3_fake_node/share/turtlebot3_fake_node/package.dsv
[15.052s] -- Installing: /home/qjari/turtlebot3_ws/install/turtlebot3_fake_node/share/ament_index/resource_index/packages/turtlebot3_fake_node
[15.052s] -- Installing: /home/qjari/turtlebot3_ws/install/turtlebot3_fake_node/share/turtlebot3_fake_node/cmake/ament_cmake_export_include_directories-extras.cmake
[15.052s] -- Installing: /home/qjari/turtlebot3_ws/install/turtlebot3_fake_node/share/turtlebot3_fake_node/cmake/ament_cmake_export_dependencies-extras.cmake
[15.052s] -- Installing: /home/qjari/turtlebot3_ws/install/turtlebot3_fake_node/share/turtlebot3_fake_node/cmake/turtlebot3_fake_nodeConfig.cmake
[15.052s] -- Installing: /home/qjari/turtlebot3_ws/install/turtlebot3_fake_node/share/turtlebot3_fake_node/cmake/turtlebot3_fake_nodeConfig-version.cmake
[15.053s] -- Installing: /home/qjari/turtlebot3_ws/install/turtlebot3_fake_node/share/turtlebot3_fake_node/package.xml
[15.055s] Invoked command in '/home/qjari/turtlebot3_ws/build/turtlebot3_fake_node' returned '0': AMENT_PREFIX_PATH=/home/qjari/turtlebot3_ws/install/turtlebot3_msgs:${AMENT_PREFIX_PATH} CMAKE_PREFIX_PATH=/home/qjari/turtlebot3_ws/install/turtlebot3_msgs:/opt/ros/humble LD_LIBRARY_PATH=/home/qjari/turtlebot3_ws/install/turtlebot3_msgs/lib:${LD_LIBRARY_PATH} PYTHONPATH=/home/qjari/turtlebot3_ws/install/turtlebot3_msgs/local/lib/python3.10/dist-packages:${PYTHONPATH} /usr/bin/cmake --install /home/qjari/turtlebot3_ws/build/turtlebot3_fake_node
