[0.054s] Invoking command in '/home/qjari/turtlebot3_ws/src/build/hls_lfcd_lds_driver': CMAKE_PREFIX_PATH=${CMAKE_PREFIX_PATH}:/home/qjari/turtlebot3_ws/install/turtlebot3_teleop:/home/qjari/turtlebot3_ws/install/turtlebot3_example:/opt/ros/humble /usr/bin/cmake /home/qjari/turtlebot3_ws/src/utils/hls_lfcd_lds_driver -DCMAKE_INSTALL_PREFIX=/home/qjari/turtlebot3_ws/src/install/hls_lfcd_lds_driver
[0.106s] -- Found ament_cmake: 1.3.10 (/opt/ros/humble/share/ament_cmake/cmake)
[0.316s] -- Override CMake install command with custom implementation using symlinks instead of copying resources
[0.331s] -- Found rclcpp: 16.0.10 (/opt/ros/humble/share/rclcpp/cmake)
[0.389s] -- Found rosidl_generator_c: 3.1.5 (/opt/ros/humble/share/rosidl_generator_c/cmake)
[0.394s] -- Found rosidl_adapter: 3.1.5 (/opt/ros/humble/share/rosidl_adapter/cmake)
[0.400s] -- Found rosidl_generator_cpp: 3.1.5 (/opt/ros/humble/share/rosidl_generator_cpp/cmake)
[0.422s] -- Using all available rosidl_typesupport_c: rosidl_typesupport_fastrtps_c;rosidl_typesupport_introspection_c
[0.455s] -- Using all available rosidl_typesupport_cpp: rosidl_typesupport_fastrtps_cpp;rosidl_typesupport_introspection_cpp
[0.559s] -- Found rmw_implementation_cmake: 6.1.2 (/opt/ros/humble/share/rmw_implementation_cmake/cmake)
[0.567s] -- Found rmw_fastrtps_cpp: 6.2.7 (/opt/ros/humble/share/rmw_fastrtps_cpp/cmake)
[0.792s] -- Using RMW implementation 'rmw_fastrtps_cpp' as default
[0.913s] -- Found sensor_msgs: 4.2.4 (/opt/ros/humble/share/sensor_msgs/cmake)
[1.104s] -- Configuring done
[1.137s] -- Generating done
[1.142s] -- Build files have been written to: /home/qjari/turtlebot3_ws/src/build/hls_lfcd_lds_driver
[1.153s] Invoked command in '/home/qjari/turtlebot3_ws/src/build/hls_lfcd_lds_driver' returned '0': CMAKE_PREFIX_PATH=${CMAKE_PREFIX_PATH}:/home/qjari/turtlebot3_ws/install/turtlebot3_teleop:/home/qjari/turtlebot3_ws/install/turtlebot3_example:/opt/ros/humble /usr/bin/cmake /home/qjari/turtlebot3_ws/src/utils/hls_lfcd_lds_driver -DCMAKE_INSTALL_PREFIX=/home/qjari/turtlebot3_ws/src/install/hls_lfcd_lds_driver
[1.154s] Invoking command in '/home/qjari/turtlebot3_ws/src/build/hls_lfcd_lds_driver': CMAKE_PREFIX_PATH=${CMAKE_PREFIX_PATH}:/home/qjari/turtlebot3_ws/install/turtlebot3_teleop:/home/qjari/turtlebot3_ws/install/turtlebot3_example:/opt/ros/humble /usr/bin/cmake --build /home/qjari/turtlebot3_ws/src/build/hls_lfcd_lds_driver -- -j8 -l8
[1.208s] [35m[1mConsolidate compiler generated dependencies of target hlds_laser_publisher[0m
[1.317s] [100%] Built target hlds_laser_publisher
[1.332s] Invoked command in '/home/qjari/turtlebot3_ws/src/build/hls_lfcd_lds_driver' returned '0': CMAKE_PREFIX_PATH=${CMAKE_PREFIX_PATH}:/home/qjari/turtlebot3_ws/install/turtlebot3_teleop:/home/qjari/turtlebot3_ws/install/turtlebot3_example:/opt/ros/humble /usr/bin/cmake --build /home/qjari/turtlebot3_ws/src/build/hls_lfcd_lds_driver -- -j8 -l8
[1.383s] Invoking command in '/home/qjari/turtlebot3_ws/src/build/hls_lfcd_lds_driver': CMAKE_PREFIX_PATH=${CMAKE_PREFIX_PATH}:/home/qjari/turtlebot3_ws/install/turtlebot3_teleop:/home/qjari/turtlebot3_ws/install/turtlebot3_example:/opt/ros/humble /usr/bin/cmake --install /home/qjari/turtlebot3_ws/src/build/hls_lfcd_lds_driver
[1.394s] -- Install configuration: ""
[1.394s] -- Execute custom install script
[1.398s] -- Up-to-date symlink: /home/qjari/turtlebot3_ws/src/install/hls_lfcd_lds_driver/share/hls_lfcd_lds_driver/launch/hlds_laser.launch.py
[1.398s] -- Up-to-date symlink: /home/qjari/turtlebot3_ws/src/install/hls_lfcd_lds_driver/share/hls_lfcd_lds_driver/launch/view_hlds_laser.launch.py
[1.399s] -- Up-to-date symlink: /home/qjari/turtlebot3_ws/src/install/hls_lfcd_lds_driver/share/hls_lfcd_lds_driver/rviz/hlds_laser.rviz
[1.399s] -- Up-to-date symlink: /home/qjari/turtlebot3_ws/src/install/hls_lfcd_lds_driver/lib/hls_lfcd_lds_driver/hlds_laser_publisher
[1.400s] -- Up-to-date symlink: /home/qjari/turtlebot3_ws/src/install/hls_lfcd_lds_driver/share/ament_index/resource_index/package_run_dependencies/hls_lfcd_lds_driver
[1.401s] -- Up-to-date symlink: /home/qjari/turtlebot3_ws/src/install/hls_lfcd_lds_driver/share/ament_index/resource_index/parent_prefix_path/hls_lfcd_lds_driver
[1.401s] -- Up-to-date symlink: /home/qjari/turtlebot3_ws/src/install/hls_lfcd_lds_driver/share/hls_lfcd_lds_driver/environment/ament_prefix_path.sh
[1.402s] -- Up-to-date symlink: /home/qjari/turtlebot3_ws/src/install/hls_lfcd_lds_driver/share/hls_lfcd_lds_driver/environment/ament_prefix_path.dsv
[1.402s] -- Up-to-date symlink: /home/qjari/turtlebot3_ws/src/install/hls_lfcd_lds_driver/share/hls_lfcd_lds_driver/environment/path.sh
[1.402s] -- Up-to-date symlink: /home/qjari/turtlebot3_ws/src/install/hls_lfcd_lds_driver/share/hls_lfcd_lds_driver/environment/path.dsv
[1.403s] -- Up-to-date symlink: /home/qjari/turtlebot3_ws/src/install/hls_lfcd_lds_driver/share/hls_lfcd_lds_driver/local_setup.bash
[1.403s] -- Up-to-date symlink: /home/qjari/turtlebot3_ws/src/install/hls_lfcd_lds_driver/share/hls_lfcd_lds_driver/local_setup.sh
[1.404s] -- Up-to-date symlink: /home/qjari/turtlebot3_ws/src/install/hls_lfcd_lds_driver/share/hls_lfcd_lds_driver/local_setup.zsh
[1.404s] -- Up-to-date symlink: /home/qjari/turtlebot3_ws/src/install/hls_lfcd_lds_driver/share/hls_lfcd_lds_driver/local_setup.dsv
[1.404s] -- Symlinking: /home/qjari/turtlebot3_ws/src/install/hls_lfcd_lds_driver/share/hls_lfcd_lds_driver/package.dsv
[1.413s] -- Up-to-date symlink: /home/qjari/turtlebot3_ws/src/install/hls_lfcd_lds_driver/share/ament_index/resource_index/packages/hls_lfcd_lds_driver
[1.414s] -- Up-to-date symlink: /home/qjari/turtlebot3_ws/src/install/hls_lfcd_lds_driver/share/hls_lfcd_lds_driver/cmake/ament_cmake_export_dependencies-extras.cmake
[1.414s] -- Up-to-date symlink: /home/qjari/turtlebot3_ws/src/install/hls_lfcd_lds_driver/share/hls_lfcd_lds_driver/cmake/ament_cmake_export_include_directories-extras.cmake
[1.415s] -- Up-to-date symlink: /home/qjari/turtlebot3_ws/src/install/hls_lfcd_lds_driver/share/hls_lfcd_lds_driver/cmake/hls_lfcd_lds_driverConfig.cmake
[1.415s] -- Up-to-date symlink: /home/qjari/turtlebot3_ws/src/install/hls_lfcd_lds_driver/share/hls_lfcd_lds_driver/cmake/hls_lfcd_lds_driverConfig-version.cmake
[1.417s] -- Up-to-date symlink: /home/qjari/turtlebot3_ws/src/install/hls_lfcd_lds_driver/share/hls_lfcd_lds_driver/package.xml
[1.423s] Invoked command in '/home/qjari/turtlebot3_ws/src/build/hls_lfcd_lds_driver' returned '0': CMAKE_PREFIX_PATH=${CMAKE_PREFIX_PATH}:/home/qjari/turtlebot3_ws/install/turtlebot3_teleop:/home/qjari/turtlebot3_ws/install/turtlebot3_example:/opt/ros/humble /usr/bin/cmake --install /home/qjari/turtlebot3_ws/src/build/hls_lfcd_lds_driver
