[0.022s] Invoking command in '/home/qjari/turtlebot3_ws/build/turtlebot3_cartographer': /usr/bin/cmake /home/qjari/turtlebot3_ws/src/turtlebot3/turtlebot3/turtlebot3_cartographer -DAMENT_CMAKE_SYMLINK_INSTALL=1 -DCMAKE_INSTALL_PREFIX=/home/qjari/turtlebot3_ws/install/turtlebot3_cartographer
[0.063s] -- Found ament_cmake: 1.3.10 (/opt/ros/humble/share/ament_cmake/cmake)
[0.211s] Traceback (most recent call last):
[0.211s]   File "/opt/ros/humble/share/ament_cmake_core/cmake/package_templates/templates_2_cmake.py", line 21, in <module>
[0.211s]     from ament_package.templates import get_environment_hook_template_path
[0.211s] ModuleNotFoundError: No module named 'ament_package'
[0.221s] [31mCMake Error at /opt/ros/humble/share/ament_cmake_core/cmake/ament_cmake_package_templates-extras.cmake:41 (message):
[0.221s]   execute_process(/usr/bin/python3
[0.221s]   /opt/ros/humble/share/ament_cmake_core/cmake/package_templates/templates_2_cmake.py
[0.221s]   /home/qjari/turtlebot3_ws/build/turtlebot3_cartographer/ament_cmake_package_templates/templates.cmake)
[0.221s]   returned error code 1
[0.221s] Call Stack (most recent call first):
[0.222s]   /opt/ros/humble/share/ament_cmake_core/cmake/ament_cmake_coreConfig.cmake:41 (include)
[0.222s]   /opt/ros/humble/share/ament_cmake/cmake/ament_cmake_export_dependencies-extras.cmake:15 (find_package)
[0.222s]   /opt/ros/humble/share/ament_cmake/cmake/ament_cmakeConfig.cmake:41 (include)
[0.222s]   CMakeLists.txt:14 (find_package)
[0.222s] 
[0.223s] [0m
[0.223s] -- Configuring incomplete, errors occurred!
[0.223s] See also "/home/qjari/turtlebot3_ws/build/turtlebot3_cartographer/CMakeFiles/CMakeOutput.log".
