[0.030s] Invoking command in '/home/qjari/turtlebot3_ws/build/turtlebot3_msgs': /usr/bin/cmake /home/qjari/turtlebot3_ws/src/turtlebot3/turtlebot3_msgs -DAMENT_CMAKE_SYMLINK_INSTALL=1 -DCMAKE_INSTALL_PREFIX=/home/qjari/turtlebot3_ws/install/turtlebot3_msgs
[0.062s] -- Found action_msgs: 1.2.1 (/opt/ros/humble/share/action_msgs/cmake)
[0.193s] Traceback (most recent call last):
[0.193s]   File "/opt/ros/humble/share/ament_cmake_core/cmake/package_templates/templates_2_cmake.py", line 21, in <module>
[0.193s]     from ament_package.templates import get_environment_hook_template_path
[0.193s] ModuleNotFoundError: No module named 'ament_package'
[0.204s] [31mCMake Error at /opt/ros/humble/share/ament_cmake_core/cmake/ament_cmake_package_templates-extras.cmake:41 (message):
[0.205s]   execute_process(/usr/bin/python3
[0.205s]   /opt/ros/humble/share/ament_cmake_core/cmake/package_templates/templates_2_cmake.py
[0.205s]   /home/qjari/turtlebot3_ws/build/turtlebot3_msgs/ament_cmake_package_templates/templates.cmake)
[0.205s]   returned error code 1
[0.205s] Call Stack (most recent call first):
[0.205s]   /opt/ros/humble/share/ament_cmake_core/cmake/ament_cmake_coreConfig.cmake:41 (include)
[0.205s]   /opt/ros/humble/share/action_msgs/cmake/ament_cmake_export_dependencies-extras.cmake:15 (find_package)
[0.205s]   /opt/ros/humble/share/action_msgs/cmake/action_msgsConfig.cmake:41 (include)
[0.205s]   CMakeLists.txt:18 (find_package)
[0.205s] 
[0.206s] [0m
[0.206s] -- Configuring incomplete, errors occurred!
[0.206s] See also "/home/qjari/turtlebot3_ws/build/turtlebot3_msgs/CMakeFiles/CMakeOutput.log".
[0.213s] Invoked command in '/home/qjari/turtlebot3_ws/build/turtlebot3_msgs' returned '1': /usr/bin/cmake /home/qjari/turtlebot3_ws/src/turtlebot3/turtlebot3_msgs -DAMENT_CMAKE_SYMLINK_INSTALL=1 -DCMAKE_INSTALL_PREFIX=/home/qjari/turtlebot3_ws/install/turtlebot3_msgs
