[0.020s] Invoking command in '/home/qjari/turtlebot3_ws/build/hls_lfcd_lds_driver': /usr/bin/cmake /home/qjari/turtlebot3_ws/src/utils/hls_lfcd_lds_driver -DAMENT_CMAKE_SYMLINK_INSTALL=1 -DCMAKE_INSTALL_PREFIX=/home/qjari/turtlebot3_ws/install/hls_lfcd_lds_driver
[0.056s] -- Found ament_cmake: 1.3.10 (/opt/ros/humble/share/ament_cmake/cmake)
[0.198s] Traceback (most recent call last):
[0.198s]   File "/opt/ros/humble/share/ament_cmake_core/cmake/package_templates/templates_2_cmake.py", line 21, in <module>
[0.198s]     from ament_package.templates import get_environment_hook_template_path
[0.198s] ModuleNotFoundError: No module named 'ament_package'
[0.208s] [31mCMake Error at /opt/ros/humble/share/ament_cmake_core/cmake/ament_cmake_package_templates-extras.cmake:41 (message):
[0.209s]   execute_process(/usr/bin/python3
[0.209s]   /opt/ros/humble/share/ament_cmake_core/cmake/package_templates/templates_2_cmake.py
[0.209s]   /home/qjari/turtlebot3_ws/build/hls_lfcd_lds_driver/ament_cmake_package_templates/templates.cmake)
[0.209s]   returned error code 1
[0.209s] Call Stack (most recent call first):
[0.209s]   /opt/ros/humble/share/ament_cmake_core/cmake/ament_cmake_coreConfig.cmake:41 (include)
[0.209s]   /opt/ros/humble/share/ament_cmake/cmake/ament_cmake_export_dependencies-extras.cmake:15 (find_package)
[0.209s]   /opt/ros/humble/share/ament_cmake/cmake/ament_cmakeConfig.cmake:41 (include)
[0.209s]   CMakeLists.txt:24 (find_package)
[0.209s] 
[0.209s] [0m
[0.209s] -- Configuring incomplete, errors occurred!
[0.209s] See also "/home/qjari/turtlebot3_ws/build/hls_lfcd_lds_driver/CMakeFiles/CMakeOutput.log".
