[0.024s] Invoking command in '/home/qjari/turtlebot3_ws/src/build/turtlebot3_navigation2': /usr/bin/cmake /home/qjari/turtlebot3_ws/src/turtlebot3/turtlebot3/turtlebot3_navigation2 -DAMENT_CMAKE_SYMLINK_INSTALL=1 -DCMAKE_INSTALL_PREFIX=/home/qjari/turtlebot3_ws/src/install/turtlebot3_navigation2
[0.190s] -- Found ament_cmake: 1.3.10 (/opt/ros/humble/share/ament_cmake/cmake)
[0.190s] Traceback (most recent call last):
[0.190s]   File "/opt/ros/humble/share/ament_cmake_core/cmake/package_templates/templates_2_cmake.py", line 21, in <module>
[0.190s]     from ament_package.templates import get_environment_hook_template_path
[0.190s] ModuleNotFoundError: No module named 'ament_package'
[0.198s] [31mCMake Error at /opt/ros/humble/share/ament_cmake_core/cmake/ament_cmake_package_templates-extras.cmake:41 (message):
[0.198s]   execute_process(/usr/bin/python3
[0.198s]   /opt/ros/humble/share/ament_cmake_core/cmake/package_templates/templates_2_cmake.py
[0.199s]   /home/qjari/turtlebot3_ws/src/build/turtlebot3_navigation2/ament_cmake_package_templates/templates.cmake)
[0.199s]   returned error code 1
[0.199s] Call Stack (most recent call first):
[0.199s]   /opt/ros/humble/share/ament_cmake_core/cmake/ament_cmake_coreConfig.cmake:41 (include)
[0.199s]   /opt/ros/humble/share/ament_cmake/cmake/ament_cmake_export_dependencies-extras.cmake:15 (find_package)
[0.199s]   /opt/ros/humble/share/ament_cmake/cmake/ament_cmakeConfig.cmake:41 (include)
[0.199s]   CMakeLists.txt:14 (find_package)
[0.199s] 
[0.200s] [0m
[0.203s] -- Configuring incomplete, errors occurred!
[0.203s] See also "/home/qjari/turtlebot3_ws/src/build/turtlebot3_navigation2/CMakeFiles/CMakeOutput.log".
[0.209s] Invoked command in '/home/qjari/turtlebot3_ws/src/build/turtlebot3_navigation2' returned '1': /usr/bin/cmake /home/qjari/turtlebot3_ws/src/turtlebot3/turtlebot3/turtlebot3_navigation2 -DAMENT_CMAKE_SYMLINK_INSTALL=1 -DCMAKE_INSTALL_PREFIX=/home/qjari/turtlebot3_ws/src/install/turtlebot3_navigation2
