[0.029s] Invoking command in '/home/qjari/turtlebot3_ws/build/dynamixel_sdk': /usr/bin/cmake /home/qjari/turtlebot3_ws/src/utils/DynamixelSDK/dynamixel_sdk -DAMENT_CMAKE_SYMLINK_INSTALL=1 -DCMAKE_INSTALL_PREFIX=/home/qjari/turtlebot3_ws/install/dynamixel_sdk
[0.064s] -- Found ament_cmake: 1.3.10 (/opt/ros/humble/share/ament_cmake/cmake)
[0.228s] Traceback (most recent call last):
[0.228s]   File "/opt/ros/humble/share/ament_cmake_core/cmake/package_templates/templates_2_cmake.py", line 21, in <module>
[0.228s]     from ament_package.templates import get_environment_hook_template_path
[0.228s] ModuleNotFoundError: No module named 'ament_package'
[0.239s] [31mCMake Error at /opt/ros/humble/share/ament_cmake_core/cmake/ament_cmake_package_templates-extras.cmake:41 (message):
[0.239s]   execute_process(/usr/bin/python3
[0.239s]   /opt/ros/humble/share/ament_cmake_core/cmake/package_templates/templates_2_cmake.py
[0.240s]   /home/qjari/turtlebot3_ws/build/dynamixel_sdk/ament_cmake_package_templates/templates.cmake)
[0.240s]   returned error code 1
[0.240s] Call Stack (most recent call first):
[0.240s]   /opt/ros/humble/share/ament_cmake_core/cmake/ament_cmake_coreConfig.cmake:41 (include)
[0.240s]   /opt/ros/humble/share/ament_cmake/cmake/ament_cmake_export_dependencies-extras.cmake:15 (find_package)
[0.240s]   /opt/ros/humble/share/ament_cmake/cmake/ament_cmakeConfig.cmake:41 (include)
[0.240s]   CMakeLists.txt:18 (find_package)
[0.240s] 
[0.240s] [0m
[0.242s] -- Configuring incomplete, errors occurred!
[0.242s] See also "/home/qjari/turtlebot3_ws/build/dynamixel_sdk/CMakeFiles/CMakeOutput.log".
