[0.064s] Invoking command in '/home/qjari/turtlebot3_ws/src/build/dynamixel_sdk': CMAKE_PREFIX_PATH=${CMAKE_PREFIX_PATH}:/home/qjari/turtlebot3_ws/install/turtlebot3_teleop:/home/qjari/turtlebot3_ws/install/turtlebot3_example:/opt/ros/humble /usr/bin/cmake /home/qjari/turtlebot3_ws/src/utils/DynamixelSDK/dynamixel_sdk -DCMAKE_INSTALL_PREFIX=/home/qjari/turtlebot3_ws/src/install/dynamixel_sdk
[0.118s] -- Found ament_cmake: 1.3.10 (/opt/ros/humble/share/ament_cmake/cmake)
[0.311s] -- Override CMake install command with custom implementation using symlinks instead of copying resources
[0.427s] -- Configuring done
[0.453s] -- Generating done
[0.455s] -- Build files have been written to: /home/qjari/turtlebot3_ws/src/build/dynamixel_sdk
[0.459s] Invoked command in '/home/qjari/turtlebot3_ws/src/build/dynamixel_sdk' returned '0': CMAKE_PREFIX_PATH=${CMAKE_PREFIX_PATH}:/home/qjari/turtlebot3_ws/install/turtlebot3_teleop:/home/qjari/turtlebot3_ws/install/turtlebot3_example:/opt/ros/humble /usr/bin/cmake /home/qjari/turtlebot3_ws/src/utils/DynamixelSDK/dynamixel_sdk -DCMAKE_INSTALL_PREFIX=/home/qjari/turtlebot3_ws/src/install/dynamixel_sdk
[0.460s] Invoking command in '/home/qjari/turtlebot3_ws/src/build/dynamixel_sdk': CMAKE_PREFIX_PATH=${CMAKE_PREFIX_PATH}:/home/qjari/turtlebot3_ws/install/turtlebot3_teleop:/home/qjari/turtlebot3_ws/install/turtlebot3_example:/opt/ros/humble /usr/bin/cmake --build /home/qjari/turtlebot3_ws/src/build/dynamixel_sdk -- -j8 -l8
[0.509s] [35m[1mConsolidate compiler generated dependencies of target dynamixel_sdk[0m
[0.547s] [100%] Built target dynamixel_sdk
[0.562s] Invoked command in '/home/qjari/turtlebot3_ws/src/build/dynamixel_sdk' returned '0': CMAKE_PREFIX_PATH=${CMAKE_PREFIX_PATH}:/home/qjari/turtlebot3_ws/install/turtlebot3_teleop:/home/qjari/turtlebot3_ws/install/turtlebot3_example:/opt/ros/humble /usr/bin/cmake --build /home/qjari/turtlebot3_ws/src/build/dynamixel_sdk -- -j8 -l8
[0.636s] Invoking command in '/home/qjari/turtlebot3_ws/src/build/dynamixel_sdk': CMAKE_PREFIX_PATH=${CMAKE_PREFIX_PATH}:/home/qjari/turtlebot3_ws/install/turtlebot3_teleop:/home/qjari/turtlebot3_ws/install/turtlebot3_example:/opt/ros/humble /usr/bin/cmake --install /home/qjari/turtlebot3_ws/src/build/dynamixel_sdk
[0.643s] -- Install configuration: ""
[0.644s] -- Execute custom install script
[0.646s] -- Up-to-date symlink: /home/qjari/turtlebot3_ws/src/install/dynamixel_sdk/include//dynamixel_sdk/dynamixel_sdk.h
[0.647s] -- Up-to-date symlink: /home/qjari/turtlebot3_ws/src/install/dynamixel_sdk/include//dynamixel_sdk/group_bulk_read.h
[0.647s] -- Up-to-date symlink: /home/qjari/turtlebot3_ws/src/install/dynamixel_sdk/include//dynamixel_sdk/group_bulk_write.h
[0.648s] -- Up-to-date symlink: /home/qjari/turtlebot3_ws/src/install/dynamixel_sdk/include//dynamixel_sdk/group_sync_read.h
[0.649s] -- Up-to-date symlink: /home/qjari/turtlebot3_ws/src/install/dynamixel_sdk/include//dynamixel_sdk/group_sync_write.h
[0.651s] -- Up-to-date symlink: /home/qjari/turtlebot3_ws/src/install/dynamixel_sdk/include//dynamixel_sdk/packet_handler.h
[0.656s] -- Up-to-date symlink: /home/qjari/turtlebot3_ws/src/install/dynamixel_sdk/include//dynamixel_sdk/port_handler.h
[0.658s] -- Up-to-date symlink: /home/qjari/turtlebot3_ws/src/install/dynamixel_sdk/include//dynamixel_sdk/port_handler_arduino.h
[0.658s] -- Up-to-date symlink: /home/qjari/turtlebot3_ws/src/install/dynamixel_sdk/include//dynamixel_sdk/port_handler_linux.h
[0.659s] -- Up-to-date symlink: /home/qjari/turtlebot3_ws/src/install/dynamixel_sdk/include//dynamixel_sdk/port_handler_mac.h
[0.659s] -- Up-to-date symlink: /home/qjari/turtlebot3_ws/src/install/dynamixel_sdk/include//dynamixel_sdk/port_handler_windows.h
[0.660s] -- Up-to-date symlink: /home/qjari/turtlebot3_ws/src/install/dynamixel_sdk/include//dynamixel_sdk/protocol1_packet_handler.h
[0.662s] -- Up-to-date symlink: /home/qjari/turtlebot3_ws/src/install/dynamixel_sdk/include//dynamixel_sdk/protocol2_packet_handler.h
[0.665s] -- Up-to-date symlink: /home/qjari/turtlebot3_ws/src/install/dynamixel_sdk/lib/libdynamixel_sdk.so
[0.665s] -- Up-to-date symlink: /home/qjari/turtlebot3_ws/src/install/dynamixel_sdk/share/dynamixel_sdk/environment/library_path.sh
[0.665s] -- Up-to-date symlink: /home/qjari/turtlebot3_ws/src/install/dynamixel_sdk/share/dynamixel_sdk/environment/library_path.dsv
[0.666s] -- Up-to-date symlink: /home/qjari/turtlebot3_ws/src/install/dynamixel_sdk/share/ament_index/resource_index/package_run_dependencies/dynamixel_sdk
[0.670s] -- Up-to-date symlink: /home/qjari/turtlebot3_ws/src/install/dynamixel_sdk/share/ament_index/resource_index/parent_prefix_path/dynamixel_sdk
[0.670s] -- Up-to-date symlink: /home/qjari/turtlebot3_ws/src/install/dynamixel_sdk/share/dynamixel_sdk/environment/ament_prefix_path.sh
[0.670s] -- Up-to-date symlink: /home/qjari/turtlebot3_ws/src/install/dynamixel_sdk/share/dynamixel_sdk/environment/ament_prefix_path.dsv
[0.670s] -- Up-to-date symlink: /home/qjari/turtlebot3_ws/src/install/dynamixel_sdk/share/dynamixel_sdk/environment/path.sh
[0.671s] -- Up-to-date symlink: /home/qjari/turtlebot3_ws/src/install/dynamixel_sdk/share/dynamixel_sdk/environment/path.dsv
[0.671s] -- Up-to-date symlink: /home/qjari/turtlebot3_ws/src/install/dynamixel_sdk/share/dynamixel_sdk/local_setup.bash
[0.672s] -- Up-to-date symlink: /home/qjari/turtlebot3_ws/src/install/dynamixel_sdk/share/dynamixel_sdk/local_setup.sh
[0.673s] -- Up-to-date symlink: /home/qjari/turtlebot3_ws/src/install/dynamixel_sdk/share/dynamixel_sdk/local_setup.zsh
[0.678s] -- Up-to-date symlink: /home/qjari/turtlebot3_ws/src/install/dynamixel_sdk/share/dynamixel_sdk/local_setup.dsv
[0.678s] -- Symlinking: /home/qjari/turtlebot3_ws/src/install/dynamixel_sdk/share/dynamixel_sdk/package.dsv
[0.685s] -- Up-to-date symlink: /home/qjari/turtlebot3_ws/src/install/dynamixel_sdk/share/ament_index/resource_index/packages/dynamixel_sdk
[0.686s] -- Up-to-date symlink: /home/qjari/turtlebot3_ws/src/install/dynamixel_sdk/share/dynamixel_sdk/cmake/ament_cmake_export_include_directories-extras.cmake
[0.689s] -- Up-to-date symlink: /home/qjari/turtlebot3_ws/src/install/dynamixel_sdk/share/dynamixel_sdk/cmake/ament_cmake_export_libraries-extras.cmake
[0.689s] -- Up-to-date symlink: /home/qjari/turtlebot3_ws/src/install/dynamixel_sdk/share/dynamixel_sdk/cmake/dynamixel_sdkConfig.cmake
[0.690s] -- Up-to-date symlink: /home/qjari/turtlebot3_ws/src/install/dynamixel_sdk/share/dynamixel_sdk/cmake/dynamixel_sdkConfig-version.cmake
[0.691s] -- Up-to-date symlink: /home/qjari/turtlebot3_ws/src/install/dynamixel_sdk/share/dynamixel_sdk/package.xml
[0.699s] Invoked command in '/home/qjari/turtlebot3_ws/src/build/dynamixel_sdk' returned '0': CMAKE_PREFIX_PATH=${CMAKE_PREFIX_PATH}:/home/qjari/turtlebot3_ws/install/turtlebot3_teleop:/home/qjari/turtlebot3_ws/install/turtlebot3_example:/opt/ros/humble /usr/bin/cmake --install /home/qjari/turtlebot3_ws/src/build/dynamixel_sdk
