[0.023s] Invoking command in '/home/qjari/turtlebot3_ws/src/build/dynamixel_sdk': /usr/bin/cmake /home/qjari/turtlebot3_ws/src/utils/DynamixelSDK/dynamixel_sdk -DAMENT_CMAKE_SYMLINK_INSTALL=1 -DCMAKE_INSTALL_PREFIX=/home/qjari/turtlebot3_ws/src/install/dynamixel_sdk
[0.082s] -- The C compiler identification is GNU 11.4.0
[0.151s] -- The CXX compiler identification is GNU 11.4.0
[0.158s] -- Detecting C compiler ABI info
[0.232s] -- Detecting C compiler ABI info - done
[0.250s] -- Check for working C compiler: /usr/bin/cc - skipped
[0.250s] -- Detecting C compile features
[0.250s] -- Detecting C compile features - done
[0.253s] -- Detecting CXX compiler ABI info
[0.341s] -- Detecting CXX compiler ABI info - done
[0.357s] -- Check for working CXX compiler: /usr/bin/c++ - skipped
[0.357s] -- Detecting CXX compile features
[0.357s] -- Detecting CXX compile features - done
[0.371s] -- Found ament_cmake: 1.3.10 (/opt/ros/humble/share/ament_cmake/cmake)
[0.567s] -- Found Python3: /usr/bin/python3 (found version "3.10.12") found components: Interpreter 
[0.651s] Traceback (most recent call last):
[0.651s]   File "/opt/ros/humble/share/ament_cmake_core/cmake/package_templates/templates_2_cmake.py", line 21, in <module>
[0.651s]     from ament_package.templates import get_environment_hook_template_path
[0.651s] ModuleNotFoundError: No module named 'ament_package'
[0.663s] -- Configuring incomplete, errors occurred!
[0.663s] See also "/home/qjari/turtlebot3_ws/src/build/dynamixel_sdk/CMakeFiles/CMakeOutput.log".
[0.663s] [31mCMake Error at /opt/ros/humble/share/ament_cmake_core/cmake/ament_cmake_package_templates-extras.cmake:41 (message):
[0.663s]   execute_process(/usr/bin/python3
[0.663s]   /opt/ros/humble/share/ament_cmake_core/cmake/package_templates/templates_2_cmake.py
[0.663s]   /home/qjari/turtlebot3_ws/src/build/dynamixel_sdk/ament_cmake_package_templates/templates.cmake)
[0.663s]   returned error code 1
[0.663s] Call Stack (most recent call first):
[0.663s]   /opt/ros/humble/share/ament_cmake_core/cmake/ament_cmake_coreConfig.cmake:41 (include)
[0.664s]   /opt/ros/humble/share/ament_cmake/cmake/ament_cmake_export_dependencies-extras.cmake:15 (find_package)
[0.664s]   /opt/ros/humble/share/ament_cmake/cmake/ament_cmakeConfig.cmake:41 (include)
[0.664s]   CMakeLists.txt:18 (find_package)
[0.664s] 
[0.664s] [0m
