[0.013s] Invoking command in '/home/qjari/turtlebot3_ws/src/build/turtlebot3_bringup': AMENT_PREFIX_PATH=/home/qjari/turtlebot3_ws/src/install/turtlebot3_node:/home/qjari/turtlebot3_ws/src/install/turtlebot3_msgs:/home/qjari/turtlebot3_ws/src/install/turtlebot3_description:/home/qjari/turtlebot3_ws/src/install/hls_lfcd_lds_driver:/home/qjari/turtlebot3_ws/src/install/dynamixel_sdk:${AMENT_PREFIX_PATH} CMAKE_PREFIX_PATH=/home/qjari/turtlebot3_ws/src/install/turtlebot3_node:/home/qjari/turtlebot3_ws/src/install/turtlebot3_msgs:/home/qjari/turtlebot3_ws/src/install/turtlebot3_description:/home/qjari/turtlebot3_ws/src/install/hls_lfcd_lds_driver:/home/qjari/turtlebot3_ws/src/install/dynamixel_sdk:/opt/ros/humble LD_LIBRARY_PATH=/home/qjari/turtlebot3_ws/src/install/turtlebot3_msgs/lib:/home/qjari/turtlebot3_ws/src/install/dynamixel_sdk/lib:${LD_LIBRARY_PATH} PYTHONPATH=/home/qjari/turtlebot3_ws/src/install/turtlebot3_msgs/local/lib/python3.10/dist-packages:${PYTHONPATH} /usr/bin/cmake /home/qjari/turtlebot3_ws/src/turtlebot3/turtlebot3/turtlebot3_bringup -DAMENT_CMAKE_SYMLINK_INSTALL=1 -DCMAKE_INSTALL_PREFIX=/home/qjari/turtlebot3_ws/src/install/turtlebot3_bringup
[0.067s] -- The C compiler identification is GNU 11.4.0
[0.125s] -- The CXX compiler identification is GNU 11.4.0
[0.132s] -- Detecting C compiler ABI info
[0.198s] -- Detecting C compiler ABI info - done
[0.208s] -- Check for working C compiler: /usr/bin/cc - skipped
[0.209s] -- Detecting C compile features
[0.209s] -- Detecting C compile features - done
[0.212s] -- Detecting CXX compiler ABI info
[0.288s] -- Detecting CXX compiler ABI info - done
[0.300s] -- Check for working CXX compiler: /usr/bin/c++ - skipped
[0.300s] -- Detecting CXX compile features
[0.300s] -- Detecting CXX compile features - done
[0.303s] -- Found ament_cmake: 1.3.10 (/opt/ros/humble/share/ament_cmake/cmake)
[0.447s] -- Found Python3: /usr/bin/python3 (found version "3.10.12") found components: Interpreter 
[0.506s] -- Override CMake install command with custom implementation using symlinks instead of copying resources
[0.602s] -- Configuring done
[0.605s] -- Generating done
[0.606s] -- Build files have been written to: /home/qjari/turtlebot3_ws/src/build/turtlebot3_bringup
[0.610s] Invoked command in '/home/qjari/turtlebot3_ws/src/build/turtlebot3_bringup' returned '0': AMENT_PREFIX_PATH=/home/qjari/turtlebot3_ws/src/install/turtlebot3_node:/home/qjari/turtlebot3_ws/src/install/turtlebot3_msgs:/home/qjari/turtlebot3_ws/src/install/turtlebot3_description:/home/qjari/turtlebot3_ws/src/install/hls_lfcd_lds_driver:/home/qjari/turtlebot3_ws/src/install/dynamixel_sdk:${AMENT_PREFIX_PATH} CMAKE_PREFIX_PATH=/home/qjari/turtlebot3_ws/src/install/turtlebot3_node:/home/qjari/turtlebot3_ws/src/install/turtlebot3_msgs:/home/qjari/turtlebot3_ws/src/install/turtlebot3_description:/home/qjari/turtlebot3_ws/src/install/hls_lfcd_lds_driver:/home/qjari/turtlebot3_ws/src/install/dynamixel_sdk:/opt/ros/humble LD_LIBRARY_PATH=/home/qjari/turtlebot3_ws/src/install/turtlebot3_msgs/lib:/home/qjari/turtlebot3_ws/src/install/dynamixel_sdk/lib:${LD_LIBRARY_PATH} PYTHONPATH=/home/qjari/turtlebot3_ws/src/install/turtlebot3_msgs/local/lib/python3.10/dist-packages:${PYTHONPATH} /usr/bin/cmake /home/qjari/turtlebot3_ws/src/turtlebot3/turtlebot3/turtlebot3_bringup -DAMENT_CMAKE_SYMLINK_INSTALL=1 -DCMAKE_INSTALL_PREFIX=/home/qjari/turtlebot3_ws/src/install/turtlebot3_bringup
[0.612s] Invoking command in '/home/qjari/turtlebot3_ws/src/build/turtlebot3_bringup': AMENT_PREFIX_PATH=/home/qjari/turtlebot3_ws/src/install/turtlebot3_node:/home/qjari/turtlebot3_ws/src/install/turtlebot3_msgs:/home/qjari/turtlebot3_ws/src/install/turtlebot3_description:/home/qjari/turtlebot3_ws/src/install/hls_lfcd_lds_driver:/home/qjari/turtlebot3_ws/src/install/dynamixel_sdk:${AMENT_PREFIX_PATH} CMAKE_PREFIX_PATH=/home/qjari/turtlebot3_ws/src/install/turtlebot3_node:/home/qjari/turtlebot3_ws/src/install/turtlebot3_msgs:/home/qjari/turtlebot3_ws/src/install/turtlebot3_description:/home/qjari/turtlebot3_ws/src/install/hls_lfcd_lds_driver:/home/qjari/turtlebot3_ws/src/install/dynamixel_sdk:/opt/ros/humble LD_LIBRARY_PATH=/home/qjari/turtlebot3_ws/src/install/turtlebot3_msgs/lib:/home/qjari/turtlebot3_ws/src/install/dynamixel_sdk/lib:${LD_LIBRARY_PATH} PYTHONPATH=/home/qjari/turtlebot3_ws/src/install/turtlebot3_msgs/local/lib/python3.10/dist-packages:${PYTHONPATH} /usr/bin/cmake --build /home/qjari/turtlebot3_ws/src/build/turtlebot3_bringup -- -j8 -l8
[0.645s] Invoked command in '/home/qjari/turtlebot3_ws/src/build/turtlebot3_bringup' returned '0': AMENT_PREFIX_PATH=/home/qjari/turtlebot3_ws/src/install/turtlebot3_node:/home/qjari/turtlebot3_ws/src/install/turtlebot3_msgs:/home/qjari/turtlebot3_ws/src/install/turtlebot3_description:/home/qjari/turtlebot3_ws/src/install/hls_lfcd_lds_driver:/home/qjari/turtlebot3_ws/src/install/dynamixel_sdk:${AMENT_PREFIX_PATH} CMAKE_PREFIX_PATH=/home/qjari/turtlebot3_ws/src/install/turtlebot3_node:/home/qjari/turtlebot3_ws/src/install/turtlebot3_msgs:/home/qjari/turtlebot3_ws/src/install/turtlebot3_description:/home/qjari/turtlebot3_ws/src/install/hls_lfcd_lds_driver:/home/qjari/turtlebot3_ws/src/install/dynamixel_sdk:/opt/ros/humble LD_LIBRARY_PATH=/home/qjari/turtlebot3_ws/src/install/turtlebot3_msgs/lib:/home/qjari/turtlebot3_ws/src/install/dynamixel_sdk/lib:${LD_LIBRARY_PATH} PYTHONPATH=/home/qjari/turtlebot3_ws/src/install/turtlebot3_msgs/local/lib/python3.10/dist-packages:${PYTHONPATH} /usr/bin/cmake --build /home/qjari/turtlebot3_ws/src/build/turtlebot3_bringup -- -j8 -l8
[0.665s] Invoking command in '/home/qjari/turtlebot3_ws/src/build/turtlebot3_bringup': AMENT_PREFIX_PATH=/home/qjari/turtlebot3_ws/src/install/turtlebot3_node:/home/qjari/turtlebot3_ws/src/install/turtlebot3_msgs:/home/qjari/turtlebot3_ws/src/install/turtlebot3_description:/home/qjari/turtlebot3_ws/src/install/hls_lfcd_lds_driver:/home/qjari/turtlebot3_ws/src/install/dynamixel_sdk:${AMENT_PREFIX_PATH} CMAKE_PREFIX_PATH=/home/qjari/turtlebot3_ws/src/install/turtlebot3_node:/home/qjari/turtlebot3_ws/src/install/turtlebot3_msgs:/home/qjari/turtlebot3_ws/src/install/turtlebot3_description:/home/qjari/turtlebot3_ws/src/install/hls_lfcd_lds_driver:/home/qjari/turtlebot3_ws/src/install/dynamixel_sdk:/opt/ros/humble LD_LIBRARY_PATH=/home/qjari/turtlebot3_ws/src/install/turtlebot3_msgs/lib:/home/qjari/turtlebot3_ws/src/install/dynamixel_sdk/lib:${LD_LIBRARY_PATH} PYTHONPATH=/home/qjari/turtlebot3_ws/src/install/turtlebot3_msgs/local/lib/python3.10/dist-packages:${PYTHONPATH} /usr/bin/cmake --install /home/qjari/turtlebot3_ws/src/build/turtlebot3_bringup
[0.672s] -- Install configuration: ""
[0.672s] -- Execute custom install script
[0.673s] -- Symlinking: /home/qjari/turtlebot3_ws/src/install/turtlebot3_bringup/share/turtlebot3_bringup/launch/robot.launch.py
[0.680s] -- Symlinking: /home/qjari/turtlebot3_ws/src/install/turtlebot3_bringup/share/turtlebot3_bringup/launch/rviz2.launch.py
[0.688s] -- Symlinking: /home/qjari/turtlebot3_ws/src/install/turtlebot3_bringup/share/turtlebot3_bringup/launch/turtlebot3_state_publisher.launch.py
[0.696s] -- Symlinking: /home/qjari/turtlebot3_ws/src/install/turtlebot3_bringup/share/turtlebot3_bringup/param/burger.yaml
[0.703s] -- Symlinking: /home/qjari/turtlebot3_ws/src/install/turtlebot3_bringup/share/turtlebot3_bringup/param/waffle.yaml
[0.710s] -- Symlinking: /home/qjari/turtlebot3_ws/src/install/turtlebot3_bringup/share/turtlebot3_bringup/param/waffle_pi.yaml
[0.717s] -- Symlinking: /home/qjari/turtlebot3_ws/src/install/turtlebot3_bringup/share/turtlebot3_bringup/script/99-turtlebot3-cdc.rules
[0.724s] -- Symlinking: /home/qjari/turtlebot3_ws/src/install/turtlebot3_bringup/share/turtlebot3_bringup/script/create_udev_rules
[0.732s] -- Symlinking: /home/qjari/turtlebot3_ws/src/install/turtlebot3_bringup/share/ament_index/resource_index/package_run_dependencies/turtlebot3_bringup
[0.740s] -- Symlinking: /home/qjari/turtlebot3_ws/src/install/turtlebot3_bringup/share/ament_index/resource_index/parent_prefix_path/turtlebot3_bringup
[0.747s] -- Symlinking: /home/qjari/turtlebot3_ws/src/install/turtlebot3_bringup/share/turtlebot3_bringup/environment/ament_prefix_path.sh
[0.755s] -- Symlinking: /home/qjari/turtlebot3_ws/src/install/turtlebot3_bringup/share/turtlebot3_bringup/environment/ament_prefix_path.dsv
[0.763s] -- Symlinking: /home/qjari/turtlebot3_ws/src/install/turtlebot3_bringup/share/turtlebot3_bringup/environment/path.sh
[0.770s] -- Symlinking: /home/qjari/turtlebot3_ws/src/install/turtlebot3_bringup/share/turtlebot3_bringup/environment/path.dsv
[0.778s] -- Symlinking: /home/qjari/turtlebot3_ws/src/install/turtlebot3_bringup/share/turtlebot3_bringup/local_setup.bash
[0.785s] -- Symlinking: /home/qjari/turtlebot3_ws/src/install/turtlebot3_bringup/share/turtlebot3_bringup/local_setup.sh
[0.792s] -- Symlinking: /home/qjari/turtlebot3_ws/src/install/turtlebot3_bringup/share/turtlebot3_bringup/local_setup.zsh
[0.800s] -- Symlinking: /home/qjari/turtlebot3_ws/src/install/turtlebot3_bringup/share/turtlebot3_bringup/local_setup.dsv
[0.808s] -- Symlinking: /home/qjari/turtlebot3_ws/src/install/turtlebot3_bringup/share/turtlebot3_bringup/package.dsv
[0.816s] -- Symlinking: /home/qjari/turtlebot3_ws/src/install/turtlebot3_bringup/share/ament_index/resource_index/packages/turtlebot3_bringup
[0.823s] -- Symlinking: /home/qjari/turtlebot3_ws/src/install/turtlebot3_bringup/share/turtlebot3_bringup/cmake/turtlebot3_bringupConfig.cmake
[0.831s] -- Symlinking: /home/qjari/turtlebot3_ws/src/install/turtlebot3_bringup/share/turtlebot3_bringup/cmake/turtlebot3_bringupConfig-version.cmake
[0.839s] -- Symlinking: /home/qjari/turtlebot3_ws/src/install/turtlebot3_bringup/share/turtlebot3_bringup/package.xml
[0.848s] Invoked command in '/home/qjari/turtlebot3_ws/src/build/turtlebot3_bringup' returned '0': AMENT_PREFIX_PATH=/home/qjari/turtlebot3_ws/src/install/turtlebot3_node:/home/qjari/turtlebot3_ws/src/install/turtlebot3_msgs:/home/qjari/turtlebot3_ws/src/install/turtlebot3_description:/home/qjari/turtlebot3_ws/src/install/hls_lfcd_lds_driver:/home/qjari/turtlebot3_ws/src/install/dynamixel_sdk:${AMENT_PREFIX_PATH} CMAKE_PREFIX_PATH=/home/qjari/turtlebot3_ws/src/install/turtlebot3_node:/home/qjari/turtlebot3_ws/src/install/turtlebot3_msgs:/home/qjari/turtlebot3_ws/src/install/turtlebot3_description:/home/qjari/turtlebot3_ws/src/install/hls_lfcd_lds_driver:/home/qjari/turtlebot3_ws/src/install/dynamixel_sdk:/opt/ros/humble LD_LIBRARY_PATH=/home/qjari/turtlebot3_ws/src/install/turtlebot3_msgs/lib:/home/qjari/turtlebot3_ws/src/install/dynamixel_sdk/lib:${LD_LIBRARY_PATH} PYTHONPATH=/home/qjari/turtlebot3_ws/src/install/turtlebot3_msgs/local/lib/python3.10/dist-packages:${PYTHONPATH} /usr/bin/cmake --install /home/qjari/turtlebot3_ws/src/build/turtlebot3_bringup
