[0.020s] Invoking command in '/home/qjari/turtlebot3_ws/src/build/turtlebot3_gazebo': /usr/bin/cmake /home/qjari/turtlebot3_ws/src/turtlebot3/turtlebot3_simulations/turtlebot3_gazebo -DAMENT_CMAKE_SYMLINK_INSTALL=1 -DCMAKE_INSTALL_PREFIX=/home/qjari/turtlebot3_ws/src/install/turtlebot3_gazebo
[0.191s] -- Found ament_cmake: 1.3.10 (/opt/ros/humble/share/ament_cmake/cmake)
[0.193s] Traceback (most recent call last):
[0.193s]   File "/opt/ros/humble/share/ament_cmake_core/cmake/package_templates/templates_2_cmake.py", line 21, in <module>
[0.193s]     from ament_package.templates import get_environment_hook_template_path
[0.193s] ModuleNotFoundError: No module named 'ament_package'
[0.206s] [31mCMake Error at /opt/ros/humble/share/ament_cmake_core/cmake/ament_cmake_package_templates-extras.cmake:41 (message):
[0.206s]   execute_process(/usr/bin/python3
[0.206s]   /opt/ros/humble/share/ament_cmake_core/cmake/package_templates/templates_2_cmake.py
[0.206s]   /home/qjari/turtlebot3_ws/src/build/turtlebot3_gazebo/ament_cmake_package_templates/templates.cmake)
[0.206s]   returned error code 1
[0.207s] Call Stack (most recent call first):
[0.207s]   /opt/ros/humble/share/ament_cmake_core/cmake/ament_cmake_coreConfig.cmake:41 (include)
[0.207s]   /opt/ros/humble/share/ament_cmake/cmake/ament_cmake_export_dependencies-extras.cmake:15 (find_package)
[0.207s]   /opt/ros/humble/share/ament_cmake/cmake/ament_cmakeConfig.cmake:41 (include)
[0.208s]   CMakeLists.txt:22 (find_package)
[0.208s] 
[0.208s] [0m
[0.208s] -- Configuring incomplete, errors occurred!
[0.208s] See also "/home/qjari/turtlebot3_ws/src/build/turtlebot3_gazebo/CMakeFiles/CMakeOutput.log".
