[0.367s] Invoking command in '/home/qjari/turtlebot3_ws/src/build/turtlebot3_fake_node': AMENT_PREFIX_PATH=/home/qjari/turtlebot3_ws/src/install/turtlebot3_msgs:${AMENT_PREFIX_PATH} CMAKE_PREFIX_PATH=/home/qjari/turtlebot3_ws/src/install/turtlebot3_msgs:/home/qjari/turtlebot3_ws/install/turtlebot3:/home/qjari/turtlebot3_ws/install/turtlebot3_simulations:/home/qjari/turtlebot3_ws/install/turtlebot3_bringup:/home/qjari/turtlebot3_ws/install/turtlebot3_node:/home/qjari/turtlebot3_ws/install/turtlebot3_navigation2:/home/qjari/turtlebot3_ws/install/turtlebot3_fake_node:/home/qjari/turtlebot3_ws/install/turtlebot3_msgs:/home/qjari/turtlebot3_ws/install/turtlebot3_gazebo:/home/qjari/turtlebot3_ws/install/turtlebot3_description:/home/qjari/turtlebot3_ws/install/turtlebot3_cartographer:/home/qjari/turtlebot3_ws/install/ld08_driver:/home/qjari/turtlebot3_ws/install/hls_lfcd_lds_driver:/home/qjari/turtlebot3_ws/install/dynamixel_sdk_examples:/home/qjari/turtlebot3_ws/install/dynamixel_sdk_custom_interfaces:/home/qjari/turtlebot3_ws/install/dynamixel_sdk:/home/qjari/turtlebot3_ws/install/turtlebot3_teleop:/home/qjari/turtlebot3_ws/install/turtlebot3_example:/opt/ros/humble LD_LIBRARY_PATH=/home/qjari/turtlebot3_ws/src/install/turtlebot3_msgs/lib:${LD_LIBRARY_PATH} PYTHONPATH=/home/qjari/turtlebot3_ws/src/install/turtlebot3_msgs/local/lib/python3.10/dist-packages:${PYTHONPATH} /usr/bin/cmake /home/qjari/turtlebot3_ws/src/turtlebot3/turtlebot3_simulations/turtlebot3_fake_node -DCMAKE_INSTALL_PREFIX=/home/qjari/turtlebot3_ws/src/install/turtlebot3_fake_node
[0.383s] -- Found ament_cmake: 1.3.10 (/opt/ros/humble/share/ament_cmake/cmake)
[0.533s] -- Override CMake install command with custom implementation using symlinks instead of copying resources
[0.549s] -- Found geometry_msgs: 4.2.4 (/opt/ros/humble/share/geometry_msgs/cmake)
[0.583s] -- Found rosidl_generator_c: 3.1.5 (/opt/ros/humble/share/rosidl_generator_c/cmake)
[0.586s] -- Found rosidl_adapter: 3.1.5 (/opt/ros/humble/share/rosidl_adapter/cmake)
[0.593s] -- Found rosidl_generator_cpp: 3.1.5 (/opt/ros/humble/share/rosidl_generator_cpp/cmake)
[0.611s] -- Using all available rosidl_typesupport_c: rosidl_typesupport_fastrtps_c;rosidl_typesupport_introspection_c
[0.629s] -- Using all available rosidl_typesupport_cpp: rosidl_typesupport_fastrtps_cpp;rosidl_typesupport_introspection_cpp
[0.686s] -- Found nav_msgs: 4.2.4 (/opt/ros/humble/share/nav_msgs/cmake)
[0.715s] -- Found rclcpp: 16.0.10 (/opt/ros/humble/share/rclcpp/cmake)
[0.749s] -- Found rmw_implementation_cmake: 6.1.2 (/opt/ros/humble/share/rmw_implementation_cmake/cmake)
[0.752s] -- Found rmw_fastrtps_cpp: 6.2.7 (/opt/ros/humble/share/rmw_fastrtps_cpp/cmake)
[0.889s] -- Using RMW implementation 'rmw_fastrtps_cpp' as default
[0.946s] -- Found sensor_msgs: 4.2.4 (/opt/ros/humble/share/sensor_msgs/cmake)
[0.975s] -- Found tf2: 0.25.8 (/opt/ros/humble/share/tf2/cmake)
[0.980s] -- Found tf2_msgs: 0.25.8 (/opt/ros/humble/share/tf2_msgs/cmake)
[1.044s] -- Found turtlebot3_msgs: 2.2.3 (/home/qjari/turtlebot3_ws/src/install/turtlebot3_msgs/share/turtlebot3_msgs/cmake)
[1.176s] -- Configuring done
[1.201s] -- Generating done
[1.203s] -- Build files have been written to: /home/qjari/turtlebot3_ws/src/build/turtlebot3_fake_node
[1.221s] Invoked command in '/home/qjari/turtlebot3_ws/src/build/turtlebot3_fake_node' returned '0': AMENT_PREFIX_PATH=/home/qjari/turtlebot3_ws/src/install/turtlebot3_msgs:${AMENT_PREFIX_PATH} CMAKE_PREFIX_PATH=/home/qjari/turtlebot3_ws/src/install/turtlebot3_msgs:/home/qjari/turtlebot3_ws/install/turtlebot3:/home/qjari/turtlebot3_ws/install/turtlebot3_simulations:/home/qjari/turtlebot3_ws/install/turtlebot3_bringup:/home/qjari/turtlebot3_ws/install/turtlebot3_node:/home/qjari/turtlebot3_ws/install/turtlebot3_navigation2:/home/qjari/turtlebot3_ws/install/turtlebot3_fake_node:/home/qjari/turtlebot3_ws/install/turtlebot3_msgs:/home/qjari/turtlebot3_ws/install/turtlebot3_gazebo:/home/qjari/turtlebot3_ws/install/turtlebot3_description:/home/qjari/turtlebot3_ws/install/turtlebot3_cartographer:/home/qjari/turtlebot3_ws/install/ld08_driver:/home/qjari/turtlebot3_ws/install/hls_lfcd_lds_driver:/home/qjari/turtlebot3_ws/install/dynamixel_sdk_examples:/home/qjari/turtlebot3_ws/install/dynamixel_sdk_custom_interfaces:/home/qjari/turtlebot3_ws/install/dynamixel_sdk:/home/qjari/turtlebot3_ws/install/turtlebot3_teleop:/home/qjari/turtlebot3_ws/install/turtlebot3_example:/opt/ros/humble LD_LIBRARY_PATH=/home/qjari/turtlebot3_ws/src/install/turtlebot3_msgs/lib:${LD_LIBRARY_PATH} PYTHONPATH=/home/qjari/turtlebot3_ws/src/install/turtlebot3_msgs/local/lib/python3.10/dist-packages:${PYTHONPATH} /usr/bin/cmake /home/qjari/turtlebot3_ws/src/turtlebot3/turtlebot3_simulations/turtlebot3_fake_node -DCMAKE_INSTALL_PREFIX=/home/qjari/turtlebot3_ws/src/install/turtlebot3_fake_node
[1.222s] Invoking command in '/home/qjari/turtlebot3_ws/src/build/turtlebot3_fake_node': AMENT_PREFIX_PATH=/home/qjari/turtlebot3_ws/src/install/turtlebot3_msgs:${AMENT_PREFIX_PATH} CMAKE_PREFIX_PATH=/home/qjari/turtlebot3_ws/src/install/turtlebot3_msgs:/home/qjari/turtlebot3_ws/install/turtlebot3:/home/qjari/turtlebot3_ws/install/turtlebot3_simulations:/home/qjari/turtlebot3_ws/install/turtlebot3_bringup:/home/qjari/turtlebot3_ws/install/turtlebot3_node:/home/qjari/turtlebot3_ws/install/turtlebot3_navigation2:/home/qjari/turtlebot3_ws/install/turtlebot3_fake_node:/home/qjari/turtlebot3_ws/install/turtlebot3_msgs:/home/qjari/turtlebot3_ws/install/turtlebot3_gazebo:/home/qjari/turtlebot3_ws/install/turtlebot3_description:/home/qjari/turtlebot3_ws/install/turtlebot3_cartographer:/home/qjari/turtlebot3_ws/install/ld08_driver:/home/qjari/turtlebot3_ws/install/hls_lfcd_lds_driver:/home/qjari/turtlebot3_ws/install/dynamixel_sdk_examples:/home/qjari/turtlebot3_ws/install/dynamixel_sdk_custom_interfaces:/home/qjari/turtlebot3_ws/install/dynamixel_sdk:/home/qjari/turtlebot3_ws/install/turtlebot3_teleop:/home/qjari/turtlebot3_ws/install/turtlebot3_example:/opt/ros/humble LD_LIBRARY_PATH=/home/qjari/turtlebot3_ws/src/install/turtlebot3_msgs/lib:${LD_LIBRARY_PATH} PYTHONPATH=/home/qjari/turtlebot3_ws/src/install/turtlebot3_msgs/local/lib/python3.10/dist-packages:${PYTHONPATH} /usr/bin/cmake --build /home/qjari/turtlebot3_ws/src/build/turtlebot3_fake_node -- -j8 -l8
[1.274s] [35m[1mConsolidate compiler generated dependencies of target turtlebot3_fake_node[0m
[1.296s] [100%] Built target turtlebot3_fake_node
[1.314s] Invoked command in '/home/qjari/turtlebot3_ws/src/build/turtlebot3_fake_node' returned '0': AMENT_PREFIX_PATH=/home/qjari/turtlebot3_ws/src/install/turtlebot3_msgs:${AMENT_PREFIX_PATH} CMAKE_PREFIX_PATH=/home/qjari/turtlebot3_ws/src/install/turtlebot3_msgs:/home/qjari/turtlebot3_ws/install/turtlebot3:/home/qjari/turtlebot3_ws/install/turtlebot3_simulations:/home/qjari/turtlebot3_ws/install/turtlebot3_bringup:/home/qjari/turtlebot3_ws/install/turtlebot3_node:/home/qjari/turtlebot3_ws/install/turtlebot3_navigation2:/home/qjari/turtlebot3_ws/install/turtlebot3_fake_node:/home/qjari/turtlebot3_ws/install/turtlebot3_msgs:/home/qjari/turtlebot3_ws/install/turtlebot3_gazebo:/home/qjari/turtlebot3_ws/install/turtlebot3_description:/home/qjari/turtlebot3_ws/install/turtlebot3_cartographer:/home/qjari/turtlebot3_ws/install/ld08_driver:/home/qjari/turtlebot3_ws/install/hls_lfcd_lds_driver:/home/qjari/turtlebot3_ws/install/dynamixel_sdk_examples:/home/qjari/turtlebot3_ws/install/dynamixel_sdk_custom_interfaces:/home/qjari/turtlebot3_ws/install/dynamixel_sdk:/home/qjari/turtlebot3_ws/install/turtlebot3_teleop:/home/qjari/turtlebot3_ws/install/turtlebot3_example:/opt/ros/humble LD_LIBRARY_PATH=/home/qjari/turtlebot3_ws/src/install/turtlebot3_msgs/lib:${LD_LIBRARY_PATH} PYTHONPATH=/home/qjari/turtlebot3_ws/src/install/turtlebot3_msgs/local/lib/python3.10/dist-packages:${PYTHONPATH} /usr/bin/cmake --build /home/qjari/turtlebot3_ws/src/build/turtlebot3_fake_node -- -j8 -l8
[1.357s] Invoking command in '/home/qjari/turtlebot3_ws/src/build/turtlebot3_fake_node': AMENT_PREFIX_PATH=/home/qjari/turtlebot3_ws/src/install/turtlebot3_msgs:${AMENT_PREFIX_PATH} CMAKE_PREFIX_PATH=/home/qjari/turtlebot3_ws/src/install/turtlebot3_msgs:/home/qjari/turtlebot3_ws/install/turtlebot3:/home/qjari/turtlebot3_ws/install/turtlebot3_simulations:/home/qjari/turtlebot3_ws/install/turtlebot3_bringup:/home/qjari/turtlebot3_ws/install/turtlebot3_node:/home/qjari/turtlebot3_ws/install/turtlebot3_navigation2:/home/qjari/turtlebot3_ws/install/turtlebot3_fake_node:/home/qjari/turtlebot3_ws/install/turtlebot3_msgs:/home/qjari/turtlebot3_ws/install/turtlebot3_gazebo:/home/qjari/turtlebot3_ws/install/turtlebot3_description:/home/qjari/turtlebot3_ws/install/turtlebot3_cartographer:/home/qjari/turtlebot3_ws/install/ld08_driver:/home/qjari/turtlebot3_ws/install/hls_lfcd_lds_driver:/home/qjari/turtlebot3_ws/install/dynamixel_sdk_examples:/home/qjari/turtlebot3_ws/install/dynamixel_sdk_custom_interfaces:/home/qjari/turtlebot3_ws/install/dynamixel_sdk:/home/qjari/turtlebot3_ws/install/turtlebot3_teleop:/home/qjari/turtlebot3_ws/install/turtlebot3_example:/opt/ros/humble LD_LIBRARY_PATH=/home/qjari/turtlebot3_ws/src/install/turtlebot3_msgs/lib:${LD_LIBRARY_PATH} PYTHONPATH=/home/qjari/turtlebot3_ws/src/install/turtlebot3_msgs/local/lib/python3.10/dist-packages:${PYTHONPATH} /usr/bin/cmake --install /home/qjari/turtlebot3_ws/src/build/turtlebot3_fake_node
[1.362s] -- Install configuration: ""
[1.364s] -- Execute custom install script
[1.368s] -- Up-to-date symlink: /home/qjari/turtlebot3_ws/src/install/turtlebot3_fake_node/lib/turtlebot3_fake_node/turtlebot3_fake_node
[1.369s] -- Up-to-date symlink: /home/qjari/turtlebot3_ws/src/install/turtlebot3_fake_node/share/turtlebot3_fake_node/launch/rviz2.launch.py
[1.370s] -- Up-to-date symlink: /home/qjari/turtlebot3_ws/src/install/turtlebot3_fake_node/share/turtlebot3_fake_node/launch/turtlebot3_fake_node.launch.py
[1.370s] -- Up-to-date symlink: /home/qjari/turtlebot3_ws/src/install/turtlebot3_fake_node/share/turtlebot3_fake_node/param/burger.yaml
[1.371s] -- Up-to-date symlink: /home/qjari/turtlebot3_ws/src/install/turtlebot3_fake_node/share/turtlebot3_fake_node/param/waffle.yaml
[1.371s] -- Up-to-date symlink: /home/qjari/turtlebot3_ws/src/install/turtlebot3_fake_node/share/turtlebot3_fake_node/param/waffle_pi.yaml
[1.373s] -- Up-to-date symlink: /home/qjari/turtlebot3_ws/src/install/turtlebot3_fake_node/include//turtlebot3_fake_node/turtlebot3_fake_node.hpp
[1.373s] -- Up-to-date symlink: /home/qjari/turtlebot3_ws/src/install/turtlebot3_fake_node/share/ament_index/resource_index/package_run_dependencies/turtlebot3_fake_node
[1.373s] -- Up-to-date symlink: /home/qjari/turtlebot3_ws/src/install/turtlebot3_fake_node/share/ament_index/resource_index/parent_prefix_path/turtlebot3_fake_node
[1.374s] -- Up-to-date symlink: /home/qjari/turtlebot3_ws/src/install/turtlebot3_fake_node/share/turtlebot3_fake_node/environment/ament_prefix_path.sh
[1.374s] -- Up-to-date symlink: /home/qjari/turtlebot3_ws/src/install/turtlebot3_fake_node/share/turtlebot3_fake_node/environment/ament_prefix_path.dsv
[1.375s] -- Up-to-date symlink: /home/qjari/turtlebot3_ws/src/install/turtlebot3_fake_node/share/turtlebot3_fake_node/environment/path.sh
[1.375s] -- Up-to-date symlink: /home/qjari/turtlebot3_ws/src/install/turtlebot3_fake_node/share/turtlebot3_fake_node/environment/path.dsv
[1.376s] -- Up-to-date symlink: /home/qjari/turtlebot3_ws/src/install/turtlebot3_fake_node/share/turtlebot3_fake_node/local_setup.bash
[1.377s] -- Up-to-date symlink: /home/qjari/turtlebot3_ws/src/install/turtlebot3_fake_node/share/turtlebot3_fake_node/local_setup.sh
[1.377s] -- Up-to-date symlink: /home/qjari/turtlebot3_ws/src/install/turtlebot3_fake_node/share/turtlebot3_fake_node/local_setup.zsh
[1.377s] -- Up-to-date symlink: /home/qjari/turtlebot3_ws/src/install/turtlebot3_fake_node/share/turtlebot3_fake_node/local_setup.dsv
[1.377s] -- Symlinking: /home/qjari/turtlebot3_ws/src/install/turtlebot3_fake_node/share/turtlebot3_fake_node/package.dsv
[1.387s] -- Up-to-date symlink: /home/qjari/turtlebot3_ws/src/install/turtlebot3_fake_node/share/ament_index/resource_index/packages/turtlebot3_fake_node
[1.390s] -- Up-to-date symlink: /home/qjari/turtlebot3_ws/src/install/turtlebot3_fake_node/share/turtlebot3_fake_node/cmake/ament_cmake_export_include_directories-extras.cmake
[1.391s] -- Up-to-date symlink: /home/qjari/turtlebot3_ws/src/install/turtlebot3_fake_node/share/turtlebot3_fake_node/cmake/ament_cmake_export_dependencies-extras.cmake
[1.391s] -- Up-to-date symlink: /home/qjari/turtlebot3_ws/src/install/turtlebot3_fake_node/share/turtlebot3_fake_node/cmake/turtlebot3_fake_nodeConfig.cmake
[1.391s] -- Up-to-date symlink: /home/qjari/turtlebot3_ws/src/install/turtlebot3_fake_node/share/turtlebot3_fake_node/cmake/turtlebot3_fake_nodeConfig-version.cmake
[1.391s] -- Up-to-date symlink: /home/qjari/turtlebot3_ws/src/install/turtlebot3_fake_node/share/turtlebot3_fake_node/package.xml
[1.393s] Invoked command in '/home/qjari/turtlebot3_ws/src/build/turtlebot3_fake_node' returned '0': AMENT_PREFIX_PATH=/home/qjari/turtlebot3_ws/src/install/turtlebot3_msgs:${AMENT_PREFIX_PATH} CMAKE_PREFIX_PATH=/home/qjari/turtlebot3_ws/src/install/turtlebot3_msgs:/home/qjari/turtlebot3_ws/install/turtlebot3:/home/qjari/turtlebot3_ws/install/turtlebot3_simulations:/home/qjari/turtlebot3_ws/install/turtlebot3_bringup:/home/qjari/turtlebot3_ws/install/turtlebot3_node:/home/qjari/turtlebot3_ws/install/turtlebot3_navigation2:/home/qjari/turtlebot3_ws/install/turtlebot3_fake_node:/home/qjari/turtlebot3_ws/install/turtlebot3_msgs:/home/qjari/turtlebot3_ws/install/turtlebot3_gazebo:/home/qjari/turtlebot3_ws/install/turtlebot3_description:/home/qjari/turtlebot3_ws/install/turtlebot3_cartographer:/home/qjari/turtlebot3_ws/install/ld08_driver:/home/qjari/turtlebot3_ws/install/hls_lfcd_lds_driver:/home/qjari/turtlebot3_ws/install/dynamixel_sdk_examples:/home/qjari/turtlebot3_ws/install/dynamixel_sdk_custom_interfaces:/home/qjari/turtlebot3_ws/install/dynamixel_sdk:/home/qjari/turtlebot3_ws/install/turtlebot3_teleop:/home/qjari/turtlebot3_ws/install/turtlebot3_example:/opt/ros/humble LD_LIBRARY_PATH=/home/qjari/turtlebot3_ws/src/install/turtlebot3_msgs/lib:${LD_LIBRARY_PATH} PYTHONPATH=/home/qjari/turtlebot3_ws/src/install/turtlebot3_msgs/local/lib/python3.10/dist-packages:${PYTHONPATH} /usr/bin/cmake --install /home/qjari/turtlebot3_ws/src/build/turtlebot3_fake_node
