[0.310s] Invoking command in '/home/qjari/turtlebot3_ws/src/build/ld08_driver': CMAKE_PREFIX_PATH=/opt/ros/humble /usr/bin/cmake --build /home/qjari/turtlebot3_ws/src/build/ld08_driver -- -j8 -l8
[0.355s] [35m[1mConsolidate compiler generated dependencies of target ld08_driver[0m
[0.382s] [100%] Built target ld08_driver
[0.390s] Invoked command in '/home/qjari/turtlebot3_ws/src/build/ld08_driver' returned '0': CMAKE_PREFIX_PATH=/opt/ros/humble /usr/bin/cmake --build /home/qjari/turtlebot3_ws/src/build/ld08_driver -- -j8 -l8
[0.423s] Invoking command in '/home/qjari/turtlebot3_ws/src/build/ld08_driver': CMAKE_PREFIX_PATH=/opt/ros/humble /usr/bin/cmake --install /home/qjari/turtlebot3_ws/src/build/ld08_driver
[0.431s] -- Install configuration: ""
[0.431s] -- Execute custom install script
[0.433s] -- Up-to-date symlink: /home/qjari/turtlebot3_ws/src/install/ld08_driver/share/ld08_driver/launch/ld08.launch.py
[0.434s] -- Up-to-date symlink: /home/qjari/turtlebot3_ws/src/install/ld08_driver/lib/ld08_driver/ld08_driver
[0.435s] -- Up-to-date symlink: /home/qjari/turtlebot3_ws/src/install/ld08_driver/share/ament_index/resource_index/package_run_dependencies/ld08_driver
[0.435s] -- Up-to-date symlink: /home/qjari/turtlebot3_ws/src/install/ld08_driver/share/ament_index/resource_index/parent_prefix_path/ld08_driver
[0.436s] -- Up-to-date symlink: /home/qjari/turtlebot3_ws/src/install/ld08_driver/share/ld08_driver/environment/ament_prefix_path.sh
[0.437s] -- Up-to-date symlink: /home/qjari/turtlebot3_ws/src/install/ld08_driver/share/ld08_driver/environment/ament_prefix_path.dsv
[0.438s] -- Up-to-date symlink: /home/qjari/turtlebot3_ws/src/install/ld08_driver/share/ld08_driver/environment/path.sh
[0.438s] -- Up-to-date symlink: /home/qjari/turtlebot3_ws/src/install/ld08_driver/share/ld08_driver/environment/path.dsv
[0.438s] -- Up-to-date symlink: /home/qjari/turtlebot3_ws/src/install/ld08_driver/share/ld08_driver/local_setup.bash
[0.438s] -- Up-to-date symlink: /home/qjari/turtlebot3_ws/src/install/ld08_driver/share/ld08_driver/local_setup.sh
[0.438s] -- Up-to-date symlink: /home/qjari/turtlebot3_ws/src/install/ld08_driver/share/ld08_driver/local_setup.zsh
[0.439s] -- Up-to-date symlink: /home/qjari/turtlebot3_ws/src/install/ld08_driver/share/ld08_driver/local_setup.dsv
[0.439s] -- Symlinking: /home/qjari/turtlebot3_ws/src/install/ld08_driver/share/ld08_driver/package.dsv
[0.447s] -- Up-to-date symlink: /home/qjari/turtlebot3_ws/src/install/ld08_driver/share/ament_index/resource_index/packages/ld08_driver
[0.447s] -- Up-to-date symlink: /home/qjari/turtlebot3_ws/src/install/ld08_driver/share/ld08_driver/cmake/ament_cmake_export_dependencies-extras.cmake
[0.448s] -- Up-to-date symlink: /home/qjari/turtlebot3_ws/src/install/ld08_driver/share/ld08_driver/cmake/ament_cmake_export_include_directories-extras.cmake
[0.448s] -- Up-to-date symlink: /home/qjari/turtlebot3_ws/src/install/ld08_driver/share/ld08_driver/cmake/ld08_driverConfig.cmake
[0.448s] -- Up-to-date symlink: /home/qjari/turtlebot3_ws/src/install/ld08_driver/share/ld08_driver/cmake/ld08_driverConfig-version.cmake
[0.449s] -- Up-to-date symlink: /home/qjari/turtlebot3_ws/src/install/ld08_driver/share/ld08_driver/package.xml
[0.451s] Invoked command in '/home/qjari/turtlebot3_ws/src/build/ld08_driver' returned '0': CMAKE_PREFIX_PATH=/opt/ros/humble /usr/bin/cmake --install /home/qjari/turtlebot3_ws/src/build/ld08_driver
