[0.020s] Invoking command in '/home/qjari/turtlebot3_ws/src/build/turtlebot3_cartographer': /usr/bin/cmake /home/qjari/turtlebot3_ws/src/turtlebot3/turtlebot3/turtlebot3_cartographer -DAMENT_CMAKE_SYMLINK_INSTALL=1 -DCMAKE_INSTALL_PREFIX=/home/qjari/turtlebot3_ws/src/install/turtlebot3_cartographer
[0.075s] -- The C compiler identification is GNU 11.4.0
[0.144s] -- The CXX compiler identification is GNU 11.4.0
[0.152s] -- Detecting C compiler ABI info
[0.235s] -- Detecting C compiler ABI info - done
[0.246s] -- Check for working C compiler: /usr/bin/cc - skipped
[0.246s] -- Detecting C compile features
[0.247s] -- Detecting C compile features - done
[0.250s] -- Detecting CXX compiler ABI info
[0.349s] -- Detecting CXX compiler ABI info - done
[0.364s] -- Check for working CXX compiler: /usr/bin/c++ - skipped
[0.365s] -- Detecting CXX compile features
[0.365s] -- Detecting CXX compile features - done
[0.381s] -- Found ament_cmake: 1.3.10 (/opt/ros/humble/share/ament_cmake/cmake)
[0.582s] -- Found Python3: /usr/bin/python3 (found version "3.10.12") found components: Interpreter 
[0.669s] Traceback (most recent call last):
[0.669s]   File "/opt/ros/humble/share/ament_cmake_core/cmake/package_templates/templates_2_cmake.py", line 21, in <module>
[0.669s]     from ament_package.templates import get_environment_hook_template_path
[0.669s] ModuleNotFoundError: No module named 'ament_package'
[0.679s] [31mCMake Error at /opt/ros/humble/share/ament_cmake_core/cmake/ament_cmake_package_templates-extras.cmake:41 (message):
[0.679s]   execute_process(/usr/bin/python3
[0.679s]   /opt/ros/humble/share/ament_cmake_core/cmake/package_templates/templates_2_cmake.py
[0.679s]   /home/qjari/turtlebot3_ws/src/build/turtlebot3_cartographer/ament_cmake_package_templates/templates.cmake)
[0.679s]   returned error code 1
[0.679s] Call Stack (most recent call first):
[0.680s]   /opt/ros/humble/share/ament_cmake_core/cmake/ament_cmake_coreConfig.cmake:41 (include)
[0.680s]   /opt/ros/humble/share/ament_cmake/cmake/ament_cmake_export_dependencies-extras.cmake:15 (find_package)
[0.680s]   /opt/ros/humble/share/ament_cmake/cmake/ament_cmakeConfig.cmake:41 (include)
[0.680s]   CMakeLists.txt:14 (find_package)
[0.680s] 
[0.680s] [0m
[0.680s] -- Configuring incomplete, errors occurred!
[0.680s] See also "/home/qjari/turtlebot3_ws/src/build/turtlebot3_cartographer/CMakeFiles/CMakeOutput.log".
