[0.031s] Invoking command in '/home/qjari/turtlebot3_ws/src/build/hls_lfcd_lds_driver': CMAKE_PREFIX_PATH=/opt/ros/humble /usr/bin/cmake /home/qjari/turtlebot3_ws/src/utils/hls_lfcd_lds_driver -DAMENT_CMAKE_SYMLINK_INSTALL=1 -DCMAKE_INSTALL_PREFIX=/home/qjari/turtlebot3_ws/src/install/hls_lfcd_lds_driver
[0.056s] -- Found ament_cmake: 1.3.10 (/opt/ros/humble/share/ament_cmake/cmake)
[0.192s] -- Override CMake install command with custom implementation using symlinks instead of copying resources
[0.228s] -- Found rclcpp: 16.0.10 (/opt/ros/humble/share/rclcpp/cmake)
[0.280s] -- Found rosidl_generator_c: 3.1.5 (/opt/ros/humble/share/rosidl_generator_c/cmake)
[0.287s] -- Found rosidl_adapter: 3.1.5 (/opt/ros/humble/share/rosidl_adapter/cmake)
[0.311s] -- Found rosidl_generator_cpp: 3.1.5 (/opt/ros/humble/share/rosidl_generator_cpp/cmake)
[0.317s] -- Using all available rosidl_typesupport_c: rosidl_typesupport_fastrtps_c;rosidl_typesupport_introspection_c
[0.338s] -- Using all available rosidl_typesupport_cpp: rosidl_typesupport_fastrtps_cpp;rosidl_typesupport_introspection_cpp
[0.410s] -- Found rmw_implementation_cmake: 6.1.2 (/opt/ros/humble/share/rmw_implementation_cmake/cmake)
[0.411s] -- Found rmw_fastrtps_cpp: 6.2.7 (/opt/ros/humble/share/rmw_fastrtps_cpp/cmake)
[0.636s] -- Found OpenSSL: /usr/lib/x86_64-linux-gnu/libcrypto.so (found version "3.0.2")  
[0.714s] -- Found FastRTPS: /opt/ros/humble/include  
[0.774s] -- Using RMW implementation 'rmw_fastrtps_cpp' as default
[0.786s] -- Looking for pthread.h
[0.943s] -- Looking for pthread.h - found
[0.943s] -- Performing Test CMAKE_HAVE_LIBC_PTHREAD
[1.023s] -- Performing Test CMAKE_HAVE_LIBC_PTHREAD - Success
[1.024s] -- Found Threads: TRUE  
[1.104s] -- Found sensor_msgs: 4.2.4 (/opt/ros/humble/share/sensor_msgs/cmake)
[1.158s] -- Found Boost: /usr/lib/x86_64-linux-gnu/cmake/Boost-1.74.0/BoostConfig.cmake (found version "1.74.0") found components: system 
[1.242s] -- Configuring done
[1.255s] -- Generating done
[1.257s] -- Build files have been written to: /home/qjari/turtlebot3_ws/src/build/hls_lfcd_lds_driver
[1.269s] Invoked command in '/home/qjari/turtlebot3_ws/src/build/hls_lfcd_lds_driver' returned '0': CMAKE_PREFIX_PATH=/opt/ros/humble /usr/bin/cmake /home/qjari/turtlebot3_ws/src/utils/hls_lfcd_lds_driver -DAMENT_CMAKE_SYMLINK_INSTALL=1 -DCMAKE_INSTALL_PREFIX=/home/qjari/turtlebot3_ws/src/install/hls_lfcd_lds_driver
[1.271s] Invoking command in '/home/qjari/turtlebot3_ws/src/build/hls_lfcd_lds_driver': CMAKE_PREFIX_PATH=/opt/ros/humble /usr/bin/cmake --build /home/qjari/turtlebot3_ws/src/build/hls_lfcd_lds_driver -- -j8 -l8
[1.313s] [ 50%] [32mBuilding CXX object CMakeFiles/hlds_laser_publisher.dir/src/hlds_laser_publisher.cpp.o[0m
[14.207s] [100%] [32m[1mLinking CXX executable hlds_laser_publisher[0m
[14.475s] [100%] Built target hlds_laser_publisher
[14.485s] Invoked command in '/home/qjari/turtlebot3_ws/src/build/hls_lfcd_lds_driver' returned '0': CMAKE_PREFIX_PATH=/opt/ros/humble /usr/bin/cmake --build /home/qjari/turtlebot3_ws/src/build/hls_lfcd_lds_driver -- -j8 -l8
[14.510s] Invoking command in '/home/qjari/turtlebot3_ws/src/build/hls_lfcd_lds_driver': CMAKE_PREFIX_PATH=/opt/ros/humble /usr/bin/cmake --install /home/qjari/turtlebot3_ws/src/build/hls_lfcd_lds_driver
[14.517s] -- Install configuration: ""
[14.517s] -- Execute custom install script
[14.518s] -- Symlinking: /home/qjari/turtlebot3_ws/src/install/hls_lfcd_lds_driver/share/hls_lfcd_lds_driver/launch/hlds_laser.launch.py
[14.526s] -- Symlinking: /home/qjari/turtlebot3_ws/src/install/hls_lfcd_lds_driver/share/hls_lfcd_lds_driver/launch/view_hlds_laser.launch.py
[14.534s] -- Symlinking: /home/qjari/turtlebot3_ws/src/install/hls_lfcd_lds_driver/share/hls_lfcd_lds_driver/rviz/hlds_laser.rviz
[14.541s] -- Symlinking: /home/qjari/turtlebot3_ws/src/install/hls_lfcd_lds_driver/lib/hls_lfcd_lds_driver/hlds_laser_publisher
[14.549s] -- Symlinking: /home/qjari/turtlebot3_ws/src/install/hls_lfcd_lds_driver/share/ament_index/resource_index/package_run_dependencies/hls_lfcd_lds_driver
[14.557s] -- Symlinking: /home/qjari/turtlebot3_ws/src/install/hls_lfcd_lds_driver/share/ament_index/resource_index/parent_prefix_path/hls_lfcd_lds_driver
[14.564s] -- Symlinking: /home/qjari/turtlebot3_ws/src/install/hls_lfcd_lds_driver/share/hls_lfcd_lds_driver/environment/ament_prefix_path.sh
[14.572s] -- Symlinking: /home/qjari/turtlebot3_ws/src/install/hls_lfcd_lds_driver/share/hls_lfcd_lds_driver/environment/ament_prefix_path.dsv
[14.580s] -- Symlinking: /home/qjari/turtlebot3_ws/src/install/hls_lfcd_lds_driver/share/hls_lfcd_lds_driver/environment/path.sh
[14.587s] -- Symlinking: /home/qjari/turtlebot3_ws/src/install/hls_lfcd_lds_driver/share/hls_lfcd_lds_driver/environment/path.dsv
[14.595s] -- Symlinking: /home/qjari/turtlebot3_ws/src/install/hls_lfcd_lds_driver/share/hls_lfcd_lds_driver/local_setup.bash
[14.602s] -- Symlinking: /home/qjari/turtlebot3_ws/src/install/hls_lfcd_lds_driver/share/hls_lfcd_lds_driver/local_setup.sh
[14.609s] -- Symlinking: /home/qjari/turtlebot3_ws/src/install/hls_lfcd_lds_driver/share/hls_lfcd_lds_driver/local_setup.zsh
[14.618s] -- Symlinking: /home/qjari/turtlebot3_ws/src/install/hls_lfcd_lds_driver/share/hls_lfcd_lds_driver/local_setup.dsv
[14.626s] -- Symlinking: /home/qjari/turtlebot3_ws/src/install/hls_lfcd_lds_driver/share/hls_lfcd_lds_driver/package.dsv
[14.634s] -- Symlinking: /home/qjari/turtlebot3_ws/src/install/hls_lfcd_lds_driver/share/ament_index/resource_index/packages/hls_lfcd_lds_driver
[14.641s] -- Symlinking: /home/qjari/turtlebot3_ws/src/install/hls_lfcd_lds_driver/share/hls_lfcd_lds_driver/cmake/ament_cmake_export_dependencies-extras.cmake
[14.648s] -- Symlinking: /home/qjari/turtlebot3_ws/src/install/hls_lfcd_lds_driver/share/hls_lfcd_lds_driver/cmake/ament_cmake_export_include_directories-extras.cmake
[14.655s] -- Symlinking: /home/qjari/turtlebot3_ws/src/install/hls_lfcd_lds_driver/share/hls_lfcd_lds_driver/cmake/hls_lfcd_lds_driverConfig.cmake
[14.663s] -- Symlinking: /home/qjari/turtlebot3_ws/src/install/hls_lfcd_lds_driver/share/hls_lfcd_lds_driver/cmake/hls_lfcd_lds_driverConfig-version.cmake
[14.670s] -- Symlinking: /home/qjari/turtlebot3_ws/src/install/hls_lfcd_lds_driver/share/hls_lfcd_lds_driver/package.xml
[14.679s] Invoked command in '/home/qjari/turtlebot3_ws/src/build/hls_lfcd_lds_driver' returned '0': CMAKE_PREFIX_PATH=/opt/ros/humble /usr/bin/cmake --install /home/qjari/turtlebot3_ws/src/build/hls_lfcd_lds_driver
