[0.014s] Invoking command in '/home/qjari/turtlebot3_ws/build/turtlebot3_bringup': AMENT_PREFIX_PATH=/home/qjari/turtlebot3_ws/install/turtlebot3_node:/home/qjari/turtlebot3_ws/install/turtlebot3_msgs:/home/qjari/turtlebot3_ws/install/turtlebot3_description:/home/qjari/turtlebot3_ws/install/hls_lfcd_lds_driver:/home/qjari/turtlebot3_ws/install/dynamixel_sdk:${AMENT_PREFIX_PATH} CMAKE_PREFIX_PATH=/home/qjari/turtlebot3_ws/install/turtlebot3_node:/home/qjari/turtlebot3_ws/install/turtlebot3_msgs:/home/qjari/turtlebot3_ws/install/turtlebot3_description:/home/qjari/turtlebot3_ws/install/hls_lfcd_lds_driver:/home/qjari/turtlebot3_ws/install/dynamixel_sdk:/opt/ros/humble LD_LIBRARY_PATH=/home/qjari/turtlebot3_ws/install/turtlebot3_msgs/lib:/home/qjari/turtlebot3_ws/install/dynamixel_sdk/lib:${LD_LIBRARY_PATH} PYTHONPATH=/home/qjari/turtlebot3_ws/install/turtlebot3_msgs/local/lib/python3.10/dist-packages:${PYTHONPATH} /usr/bin/cmake /home/qjari/turtlebot3_ws/src/turtlebot3/turtlebot3/turtlebot3_bringup -DCMAKE_INSTALL_PREFIX=/home/qjari/turtlebot3_ws/install/turtlebot3_bringup
[0.067s] -- The C compiler identification is GNU 11.4.0
[0.125s] -- The CXX compiler identification is GNU 11.4.0
[0.132s] -- Detecting C compiler ABI info
[0.199s] -- Detecting C compiler ABI info - done
[0.209s] -- Check for working C compiler: /usr/bin/cc - skipped
[0.210s] -- Detecting C compile features
[0.210s] -- Detecting C compile features - done
[0.214s] -- Detecting CXX compiler ABI info
[0.289s] -- Detecting CXX compiler ABI info - done
[0.301s] -- Check for working CXX compiler: /usr/bin/c++ - skipped
[0.301s] -- Detecting CXX compile features
[0.301s] -- Detecting CXX compile features - done
[0.304s] -- Found ament_cmake: 1.3.10 (/opt/ros/humble/share/ament_cmake/cmake)
[0.448s] -- Found Python3: /usr/bin/python3 (found version "3.10.12") found components: Interpreter 
[0.599s] -- Configuring done
[0.602s] -- Generating done
[0.603s] -- Build files have been written to: /home/qjari/turtlebot3_ws/build/turtlebot3_bringup
[0.607s] Invoked command in '/home/qjari/turtlebot3_ws/build/turtlebot3_bringup' returned '0': AMENT_PREFIX_PATH=/home/qjari/turtlebot3_ws/install/turtlebot3_node:/home/qjari/turtlebot3_ws/install/turtlebot3_msgs:/home/qjari/turtlebot3_ws/install/turtlebot3_description:/home/qjari/turtlebot3_ws/install/hls_lfcd_lds_driver:/home/qjari/turtlebot3_ws/install/dynamixel_sdk:${AMENT_PREFIX_PATH} CMAKE_PREFIX_PATH=/home/qjari/turtlebot3_ws/install/turtlebot3_node:/home/qjari/turtlebot3_ws/install/turtlebot3_msgs:/home/qjari/turtlebot3_ws/install/turtlebot3_description:/home/qjari/turtlebot3_ws/install/hls_lfcd_lds_driver:/home/qjari/turtlebot3_ws/install/dynamixel_sdk:/opt/ros/humble LD_LIBRARY_PATH=/home/qjari/turtlebot3_ws/install/turtlebot3_msgs/lib:/home/qjari/turtlebot3_ws/install/dynamixel_sdk/lib:${LD_LIBRARY_PATH} PYTHONPATH=/home/qjari/turtlebot3_ws/install/turtlebot3_msgs/local/lib/python3.10/dist-packages:${PYTHONPATH} /usr/bin/cmake /home/qjari/turtlebot3_ws/src/turtlebot3/turtlebot3/turtlebot3_bringup -DCMAKE_INSTALL_PREFIX=/home/qjari/turtlebot3_ws/install/turtlebot3_bringup
[0.609s] Invoking command in '/home/qjari/turtlebot3_ws/build/turtlebot3_bringup': AMENT_PREFIX_PATH=/home/qjari/turtlebot3_ws/install/turtlebot3_node:/home/qjari/turtlebot3_ws/install/turtlebot3_msgs:/home/qjari/turtlebot3_ws/install/turtlebot3_description:/home/qjari/turtlebot3_ws/install/hls_lfcd_lds_driver:/home/qjari/turtlebot3_ws/install/dynamixel_sdk:${AMENT_PREFIX_PATH} CMAKE_PREFIX_PATH=/home/qjari/turtlebot3_ws/install/turtlebot3_node:/home/qjari/turtlebot3_ws/install/turtlebot3_msgs:/home/qjari/turtlebot3_ws/install/turtlebot3_description:/home/qjari/turtlebot3_ws/install/hls_lfcd_lds_driver:/home/qjari/turtlebot3_ws/install/dynamixel_sdk:/opt/ros/humble LD_LIBRARY_PATH=/home/qjari/turtlebot3_ws/install/turtlebot3_msgs/lib:/home/qjari/turtlebot3_ws/install/dynamixel_sdk/lib:${LD_LIBRARY_PATH} PYTHONPATH=/home/qjari/turtlebot3_ws/install/turtlebot3_msgs/local/lib/python3.10/dist-packages:${PYTHONPATH} /usr/bin/cmake --build /home/qjari/turtlebot3_ws/build/turtlebot3_bringup -- -j8 -l8
[0.641s] Invoked command in '/home/qjari/turtlebot3_ws/build/turtlebot3_bringup' returned '0': AMENT_PREFIX_PATH=/home/qjari/turtlebot3_ws/install/turtlebot3_node:/home/qjari/turtlebot3_ws/install/turtlebot3_msgs:/home/qjari/turtlebot3_ws/install/turtlebot3_description:/home/qjari/turtlebot3_ws/install/hls_lfcd_lds_driver:/home/qjari/turtlebot3_ws/install/dynamixel_sdk:${AMENT_PREFIX_PATH} CMAKE_PREFIX_PATH=/home/qjari/turtlebot3_ws/install/turtlebot3_node:/home/qjari/turtlebot3_ws/install/turtlebot3_msgs:/home/qjari/turtlebot3_ws/install/turtlebot3_description:/home/qjari/turtlebot3_ws/install/hls_lfcd_lds_driver:/home/qjari/turtlebot3_ws/install/dynamixel_sdk:/opt/ros/humble LD_LIBRARY_PATH=/home/qjari/turtlebot3_ws/install/turtlebot3_msgs/lib:/home/qjari/turtlebot3_ws/install/dynamixel_sdk/lib:${LD_LIBRARY_PATH} PYTHONPATH=/home/qjari/turtlebot3_ws/install/turtlebot3_msgs/local/lib/python3.10/dist-packages:${PYTHONPATH} /usr/bin/cmake --build /home/qjari/turtlebot3_ws/build/turtlebot3_bringup -- -j8 -l8
[0.662s] Invoking command in '/home/qjari/turtlebot3_ws/build/turtlebot3_bringup': AMENT_PREFIX_PATH=/home/qjari/turtlebot3_ws/install/turtlebot3_node:/home/qjari/turtlebot3_ws/install/turtlebot3_msgs:/home/qjari/turtlebot3_ws/install/turtlebot3_description:/home/qjari/turtlebot3_ws/install/hls_lfcd_lds_driver:/home/qjari/turtlebot3_ws/install/dynamixel_sdk:${AMENT_PREFIX_PATH} CMAKE_PREFIX_PATH=/home/qjari/turtlebot3_ws/install/turtlebot3_node:/home/qjari/turtlebot3_ws/install/turtlebot3_msgs:/home/qjari/turtlebot3_ws/install/turtlebot3_description:/home/qjari/turtlebot3_ws/install/hls_lfcd_lds_driver:/home/qjari/turtlebot3_ws/install/dynamixel_sdk:/opt/ros/humble LD_LIBRARY_PATH=/home/qjari/turtlebot3_ws/install/turtlebot3_msgs/lib:/home/qjari/turtlebot3_ws/install/dynamixel_sdk/lib:${LD_LIBRARY_PATH} PYTHONPATH=/home/qjari/turtlebot3_ws/install/turtlebot3_msgs/local/lib/python3.10/dist-packages:${PYTHONPATH} /usr/bin/cmake --install /home/qjari/turtlebot3_ws/build/turtlebot3_bringup
[0.668s] -- Install configuration: ""
[0.668s] -- Installing: /home/qjari/turtlebot3_ws/install/turtlebot3_bringup/share/turtlebot3_bringup/launch
[0.668s] -- Installing: /home/qjari/turtlebot3_ws/install/turtlebot3_bringup/share/turtlebot3_bringup/launch/rviz2.launch.py
[0.669s] -- Installing: /home/qjari/turtlebot3_ws/install/turtlebot3_bringup/share/turtlebot3_bringup/launch/turtlebot3_state_publisher.launch.py
[0.669s] -- Installing: /home/qjari/turtlebot3_ws/install/turtlebot3_bringup/share/turtlebot3_bringup/launch/robot.launch.py
[0.669s] -- Installing: /home/qjari/turtlebot3_ws/install/turtlebot3_bringup/share/turtlebot3_bringup/param
[0.669s] -- Installing: /home/qjari/turtlebot3_ws/install/turtlebot3_bringup/share/turtlebot3_bringup/param/waffle_pi.yaml
[0.670s] -- Installing: /home/qjari/turtlebot3_ws/install/turtlebot3_bringup/share/turtlebot3_bringup/param/waffle.yaml
[0.670s] -- Installing: /home/qjari/turtlebot3_ws/install/turtlebot3_bringup/share/turtlebot3_bringup/param/burger.yaml
[0.670s] -- Installing: /home/qjari/turtlebot3_ws/install/turtlebot3_bringup/share/turtlebot3_bringup/script
[0.670s] -- Installing: /home/qjari/turtlebot3_ws/install/turtlebot3_bringup/share/turtlebot3_bringup/script/99-turtlebot3-cdc.rules
[0.671s] -- Installing: /home/qjari/turtlebot3_ws/install/turtlebot3_bringup/share/turtlebot3_bringup/script/create_udev_rules
[0.671s] -- Installing: /home/qjari/turtlebot3_ws/install/turtlebot3_bringup/share/ament_index/resource_index/package_run_dependencies/turtlebot3_bringup
[0.671s] -- Installing: /home/qjari/turtlebot3_ws/install/turtlebot3_bringup/share/ament_index/resource_index/parent_prefix_path/turtlebot3_bringup
[0.672s] -- Installing: /home/qjari/turtlebot3_ws/install/turtlebot3_bringup/share/turtlebot3_bringup/environment/ament_prefix_path.sh
[0.672s] -- Installing: /home/qjari/turtlebot3_ws/install/turtlebot3_bringup/share/turtlebot3_bringup/environment/ament_prefix_path.dsv
[0.672s] -- Installing: /home/qjari/turtlebot3_ws/install/turtlebot3_bringup/share/turtlebot3_bringup/environment/path.sh
[0.672s] -- Installing: /home/qjari/turtlebot3_ws/install/turtlebot3_bringup/share/turtlebot3_bringup/environment/path.dsv
[0.672s] -- Installing: /home/qjari/turtlebot3_ws/install/turtlebot3_bringup/share/turtlebot3_bringup/local_setup.bash
[0.672s] -- Installing: /home/qjari/turtlebot3_ws/install/turtlebot3_bringup/share/turtlebot3_bringup/local_setup.sh
[0.673s] -- Installing: /home/qjari/turtlebot3_ws/install/turtlebot3_bringup/share/turtlebot3_bringup/local_setup.zsh
[0.673s] -- Installing: /home/qjari/turtlebot3_ws/install/turtlebot3_bringup/share/turtlebot3_bringup/local_setup.dsv
[0.673s] -- Installing: /home/qjari/turtlebot3_ws/install/turtlebot3_bringup/share/turtlebot3_bringup/package.dsv
[0.673s] -- Installing: /home/qjari/turtlebot3_ws/install/turtlebot3_bringup/share/ament_index/resource_index/packages/turtlebot3_bringup
[0.673s] -- Installing: /home/qjari/turtlebot3_ws/install/turtlebot3_bringup/share/turtlebot3_bringup/cmake/turtlebot3_bringupConfig.cmake
[0.673s] -- Installing: /home/qjari/turtlebot3_ws/install/turtlebot3_bringup/share/turtlebot3_bringup/cmake/turtlebot3_bringupConfig-version.cmake
[0.673s] -- Installing: /home/qjari/turtlebot3_ws/install/turtlebot3_bringup/share/turtlebot3_bringup/package.xml
[0.675s] Invoked command in '/home/qjari/turtlebot3_ws/build/turtlebot3_bringup' returned '0': AMENT_PREFIX_PATH=/home/qjari/turtlebot3_ws/install/turtlebot3_node:/home/qjari/turtlebot3_ws/install/turtlebot3_msgs:/home/qjari/turtlebot3_ws/install/turtlebot3_description:/home/qjari/turtlebot3_ws/install/hls_lfcd_lds_driver:/home/qjari/turtlebot3_ws/install/dynamixel_sdk:${AMENT_PREFIX_PATH} CMAKE_PREFIX_PATH=/home/qjari/turtlebot3_ws/install/turtlebot3_node:/home/qjari/turtlebot3_ws/install/turtlebot3_msgs:/home/qjari/turtlebot3_ws/install/turtlebot3_description:/home/qjari/turtlebot3_ws/install/hls_lfcd_lds_driver:/home/qjari/turtlebot3_ws/install/dynamixel_sdk:/opt/ros/humble LD_LIBRARY_PATH=/home/qjari/turtlebot3_ws/install/turtlebot3_msgs/lib:/home/qjari/turtlebot3_ws/install/dynamixel_sdk/lib:${LD_LIBRARY_PATH} PYTHONPATH=/home/qjari/turtlebot3_ws/install/turtlebot3_msgs/local/lib/python3.10/dist-packages:${PYTHONPATH} /usr/bin/cmake --install /home/qjari/turtlebot3_ws/build/turtlebot3_bringup
