[0.135s] DEBUG:colcon:Command line arguments: ['/usr/bin/colcon', 'build', '--symlink-install']
[0.135s] DEBUG:colcon:Parsed command line arguments: Namespace(log_base=None, log_level=None, verb_name='build', build_base='build', install_base='install', merge_install=False, symlink_install=True, test_result_base=None, continue_on_error=False, executor='parallel', parallel_workers=8, event_handlers=None, ignore_user_meta=False, metas=['./colcon.meta'], base_paths=['.'], packages_ignore=None, packages_ignore_regex=None, paths=None, packages_up_to=None, packages_up_to_regex=None, packages_above=None, packages_above_and_dependencies=None, packages_above_depth=None, packages_select_by_dep=None, packages_skip_by_dep=None, packages_skip_up_to=None, packages_select_build_failed=False, packages_skip_build_finished=False, packages_select_test_failures=False, packages_skip_test_passed=False, packages_select=None, packages_skip=None, packages_select_regex=None, packages_skip_regex=None, packages_start=None, packages_end=None, allow_overriding=[], cmake_args=None, cmake_target=None, cmake_target_skip_unavailable=False, cmake_clean_cache=False, cmake_clean_first=False, cmake_force_configure=False, ament_cmake_args=None, catkin_cmake_args=None, catkin_skip_building_tests=False, mixin_files=None, mixin=None, verb_parser=<colcon_mixin.mixin.mixin_argument.MixinArgumentDecorator object at 0x788501a2e260>, verb_extension=<colcon_core.verb.build.BuildVerb object at 0x788501ba7be0>, main=<bound method BuildVerb.main of <colcon_core.verb.build.BuildVerb object at 0x788501ba7be0>>, mixin_verb=('build',))
[0.355s] Level 1:colcon.colcon_core.package_discovery:discover_packages(colcon_meta) check parameters
[0.355s] Level 1:colcon.colcon_core.package_discovery:discover_packages(recursive) check parameters
[0.355s] Level 1:colcon.colcon_core.package_discovery:discover_packages(ignore) check parameters
[0.355s] Level 1:colcon.colcon_core.package_discovery:discover_packages(path) check parameters
[0.355s] Level 1:colcon.colcon_core.package_discovery:discover_packages(colcon_meta) discover
[0.355s] Level 1:colcon.colcon_core.package_discovery:discover_packages(recursive) discover
[0.355s] INFO:colcon.colcon_core.package_discovery:Crawling recursively for packages in '/home/qjari/turtlebot4_ws'
[0.355s] Level 1:colcon.colcon_core.package_identification:_identify(.) by extensions ['ignore', 'ignore_ament_install']
[0.356s] Level 1:colcon.colcon_core.package_identification:_identify(.) by extension 'ignore'
[0.356s] Level 1:colcon.colcon_core.package_identification:_identify(.) by extension 'ignore_ament_install'
[0.356s] Level 1:colcon.colcon_core.package_identification:_identify(.) by extensions ['colcon_pkg']
[0.356s] Level 1:colcon.colcon_core.package_identification:_identify(.) by extension 'colcon_pkg'
[0.356s] Level 1:colcon.colcon_core.package_identification:_identify(.) by extensions ['colcon_meta']
[0.356s] Level 1:colcon.colcon_core.package_identification:_identify(.) by extension 'colcon_meta'
[0.356s] Level 1:colcon.colcon_core.package_identification:_identify(.) by extensions ['ros']
[0.356s] Level 1:colcon.colcon_core.package_identification:_identify(.) by extension 'ros'
[0.368s] Level 1:colcon.colcon_core.package_identification:_identify(.) by extensions ['cmake', 'python']
[0.368s] Level 1:colcon.colcon_core.package_identification:_identify(.) by extension 'cmake'
[0.369s] Level 1:colcon.colcon_core.package_identification:_identify(.) by extension 'python'
[0.369s] Level 1:colcon.colcon_core.package_identification:_identify(.) by extensions ['python_setup_py']
[0.369s] Level 1:colcon.colcon_core.package_identification:_identify(.) by extension 'python_setup_py'
[0.369s] Level 1:colcon.colcon_core.package_identification:_identify(build) by extensions ['ignore', 'ignore_ament_install']
[0.369s] Level 1:colcon.colcon_core.package_identification:_identify(build) by extension 'ignore'
[0.369s] Level 1:colcon.colcon_core.package_identification:_identify(build) ignored
[0.369s] Level 1:colcon.colcon_core.package_identification:_identify(install) by extensions ['ignore', 'ignore_ament_install']
[0.369s] Level 1:colcon.colcon_core.package_identification:_identify(install) by extension 'ignore'
[0.369s] Level 1:colcon.colcon_core.package_identification:_identify(install) ignored
[0.369s] Level 1:colcon.colcon_core.package_identification:_identify(log) by extensions ['ignore', 'ignore_ament_install']
[0.369s] Level 1:colcon.colcon_core.package_identification:_identify(log) by extension 'ignore'
[0.369s] Level 1:colcon.colcon_core.package_identification:_identify(log) ignored
[0.370s] Level 1:colcon.colcon_core.package_identification:_identify(src) by extensions ['ignore', 'ignore_ament_install']
[0.370s] Level 1:colcon.colcon_core.package_identification:_identify(src) by extension 'ignore'
[0.370s] Level 1:colcon.colcon_core.package_identification:_identify(src) by extension 'ignore_ament_install'
[0.370s] Level 1:colcon.colcon_core.package_identification:_identify(src) by extensions ['colcon_pkg']
[0.370s] Level 1:colcon.colcon_core.package_identification:_identify(src) by extension 'colcon_pkg'
[0.370s] Level 1:colcon.colcon_core.package_identification:_identify(src) by extensions ['colcon_meta']
[0.370s] Level 1:colcon.colcon_core.package_identification:_identify(src) by extension 'colcon_meta'
[0.370s] Level 1:colcon.colcon_core.package_identification:_identify(src) by extensions ['ros']
[0.370s] Level 1:colcon.colcon_core.package_identification:_identify(src) by extension 'ros'
[0.370s] Level 1:colcon.colcon_core.package_identification:_identify(src) by extensions ['cmake', 'python']
[0.370s] Level 1:colcon.colcon_core.package_identification:_identify(src) by extension 'cmake'
[0.370s] Level 1:colcon.colcon_core.package_identification:_identify(src) by extension 'python'
[0.370s] Level 1:colcon.colcon_core.package_identification:_identify(src) by extensions ['python_setup_py']
[0.370s] Level 1:colcon.colcon_core.package_identification:_identify(src) by extension 'python_setup_py'
[0.370s] Level 1:colcon.colcon_core.package_identification:_identify(src/turtlebot4_simulator) by extensions ['ignore', 'ignore_ament_install']
[0.370s] Level 1:colcon.colcon_core.package_identification:_identify(src/turtlebot4_simulator) by extension 'ignore'
[0.370s] Level 1:colcon.colcon_core.package_identification:_identify(src/turtlebot4_simulator) by extension 'ignore_ament_install'
[0.371s] Level 1:colcon.colcon_core.package_identification:_identify(src/turtlebot4_simulator) by extensions ['colcon_pkg']
[0.371s] Level 1:colcon.colcon_core.package_identification:_identify(src/turtlebot4_simulator) by extension 'colcon_pkg'
[0.371s] Level 1:colcon.colcon_core.package_identification:_identify(src/turtlebot4_simulator) by extensions ['colcon_meta']
[0.371s] Level 1:colcon.colcon_core.package_identification:_identify(src/turtlebot4_simulator) by extension 'colcon_meta'
[0.371s] Level 1:colcon.colcon_core.package_identification:_identify(src/turtlebot4_simulator) by extensions ['ros']
[0.371s] Level 1:colcon.colcon_core.package_identification:_identify(src/turtlebot4_simulator) by extension 'ros'
[0.371s] Level 1:colcon.colcon_core.package_identification:_identify(src/turtlebot4_simulator) by extensions ['cmake', 'python']
[0.371s] Level 1:colcon.colcon_core.package_identification:_identify(src/turtlebot4_simulator) by extension 'cmake'
[0.371s] Level 1:colcon.colcon_core.package_identification:_identify(src/turtlebot4_simulator) by extension 'python'
[0.371s] Level 1:colcon.colcon_core.package_identification:_identify(src/turtlebot4_simulator) by extensions ['python_setup_py']
[0.371s] Level 1:colcon.colcon_core.package_identification:_identify(src/turtlebot4_simulator) by extension 'python_setup_py'
[0.371s] Level 1:colcon.colcon_core.package_identification:_identify(src/turtlebot4_simulator/turtlebot4_ignition_bringup) by extensions ['ignore', 'ignore_ament_install']
[0.371s] Level 1:colcon.colcon_core.package_identification:_identify(src/turtlebot4_simulator/turtlebot4_ignition_bringup) by extension 'ignore'
[0.371s] Level 1:colcon.colcon_core.package_identification:_identify(src/turtlebot4_simulator/turtlebot4_ignition_bringup) by extension 'ignore_ament_install'
[0.371s] Level 1:colcon.colcon_core.package_identification:_identify(src/turtlebot4_simulator/turtlebot4_ignition_bringup) by extensions ['colcon_pkg']
[0.371s] Level 1:colcon.colcon_core.package_identification:_identify(src/turtlebot4_simulator/turtlebot4_ignition_bringup) by extension 'colcon_pkg'
[0.371s] Level 1:colcon.colcon_core.package_identification:_identify(src/turtlebot4_simulator/turtlebot4_ignition_bringup) by extensions ['colcon_meta']
[0.372s] Level 1:colcon.colcon_core.package_identification:_identify(src/turtlebot4_simulator/turtlebot4_ignition_bringup) by extension 'colcon_meta'
[0.372s] Level 1:colcon.colcon_core.package_identification:_identify(src/turtlebot4_simulator/turtlebot4_ignition_bringup) by extensions ['ros']
[0.372s] Level 1:colcon.colcon_core.package_identification:_identify(src/turtlebot4_simulator/turtlebot4_ignition_bringup) by extension 'ros'
[0.377s] DEBUG:colcon.colcon_core.package_identification:Package 'src/turtlebot4_simulator/turtlebot4_ignition_bringup' with type 'ros.ament_cmake' and name 'turtlebot4_ignition_bringup'
[0.377s] Level 1:colcon.colcon_core.package_identification:_identify(src/turtlebot4_simulator/turtlebot4_ignition_gui_plugins) by extensions ['ignore', 'ignore_ament_install']
[0.377s] Level 1:colcon.colcon_core.package_identification:_identify(src/turtlebot4_simulator/turtlebot4_ignition_gui_plugins) by extension 'ignore'
[0.377s] Level 1:colcon.colcon_core.package_identification:_identify(src/turtlebot4_simulator/turtlebot4_ignition_gui_plugins) by extension 'ignore_ament_install'
[0.377s] Level 1:colcon.colcon_core.package_identification:_identify(src/turtlebot4_simulator/turtlebot4_ignition_gui_plugins) by extensions ['colcon_pkg']
[0.377s] Level 1:colcon.colcon_core.package_identification:_identify(src/turtlebot4_simulator/turtlebot4_ignition_gui_plugins) by extension 'colcon_pkg'
[0.377s] Level 1:colcon.colcon_core.package_identification:_identify(src/turtlebot4_simulator/turtlebot4_ignition_gui_plugins) by extensions ['colcon_meta']
[0.377s] Level 1:colcon.colcon_core.package_identification:_identify(src/turtlebot4_simulator/turtlebot4_ignition_gui_plugins) by extension 'colcon_meta'
[0.377s] Level 1:colcon.colcon_core.package_identification:_identify(src/turtlebot4_simulator/turtlebot4_ignition_gui_plugins) by extensions ['ros']
[0.377s] Level 1:colcon.colcon_core.package_identification:_identify(src/turtlebot4_simulator/turtlebot4_ignition_gui_plugins) by extension 'ros'
[0.378s] DEBUG:colcon.colcon_core.package_identification:Package 'src/turtlebot4_simulator/turtlebot4_ignition_gui_plugins' with type 'ros.ament_cmake' and name 'turtlebot4_ignition_gui_plugins'
[0.378s] Level 1:colcon.colcon_core.package_identification:_identify(src/turtlebot4_simulator/turtlebot4_ignition_toolbox) by extensions ['ignore', 'ignore_ament_install']
[0.378s] Level 1:colcon.colcon_core.package_identification:_identify(src/turtlebot4_simulator/turtlebot4_ignition_toolbox) by extension 'ignore'
[0.378s] Level 1:colcon.colcon_core.package_identification:_identify(src/turtlebot4_simulator/turtlebot4_ignition_toolbox) by extension 'ignore_ament_install'
[0.378s] Level 1:colcon.colcon_core.package_identification:_identify(src/turtlebot4_simulator/turtlebot4_ignition_toolbox) by extensions ['colcon_pkg']
[0.378s] Level 1:colcon.colcon_core.package_identification:_identify(src/turtlebot4_simulator/turtlebot4_ignition_toolbox) by extension 'colcon_pkg'
[0.378s] Level 1:colcon.colcon_core.package_identification:_identify(src/turtlebot4_simulator/turtlebot4_ignition_toolbox) by extensions ['colcon_meta']
[0.378s] Level 1:colcon.colcon_core.package_identification:_identify(src/turtlebot4_simulator/turtlebot4_ignition_toolbox) by extension 'colcon_meta'
[0.378s] Level 1:colcon.colcon_core.package_identification:_identify(src/turtlebot4_simulator/turtlebot4_ignition_toolbox) by extensions ['ros']
[0.378s] Level 1:colcon.colcon_core.package_identification:_identify(src/turtlebot4_simulator/turtlebot4_ignition_toolbox) by extension 'ros'
[0.380s] DEBUG:colcon.colcon_core.package_identification:Package 'src/turtlebot4_simulator/turtlebot4_ignition_toolbox' with type 'ros.ament_cmake' and name 'turtlebot4_ignition_toolbox'
[0.380s] Level 1:colcon.colcon_core.package_identification:_identify(src/turtlebot4_simulator/turtlebot4_simulator) by extensions ['ignore', 'ignore_ament_install']
[0.380s] Level 1:colcon.colcon_core.package_identification:_identify(src/turtlebot4_simulator/turtlebot4_simulator) by extension 'ignore'
[0.380s] Level 1:colcon.colcon_core.package_identification:_identify(src/turtlebot4_simulator/turtlebot4_simulator) by extension 'ignore_ament_install'
[0.380s] Level 1:colcon.colcon_core.package_identification:_identify(src/turtlebot4_simulator/turtlebot4_simulator) by extensions ['colcon_pkg']
[0.380s] Level 1:colcon.colcon_core.package_identification:_identify(src/turtlebot4_simulator/turtlebot4_simulator) by extension 'colcon_pkg'
[0.380s] Level 1:colcon.colcon_core.package_identification:_identify(src/turtlebot4_simulator/turtlebot4_simulator) by extensions ['colcon_meta']
[0.380s] Level 1:colcon.colcon_core.package_identification:_identify(src/turtlebot4_simulator/turtlebot4_simulator) by extension 'colcon_meta'
[0.380s] Level 1:colcon.colcon_core.package_identification:_identify(src/turtlebot4_simulator/turtlebot4_simulator) by extensions ['ros']
[0.380s] Level 1:colcon.colcon_core.package_identification:_identify(src/turtlebot4_simulator/turtlebot4_simulator) by extension 'ros'
[0.381s] DEBUG:colcon.colcon_core.package_identification:Package 'src/turtlebot4_simulator/turtlebot4_simulator' with type 'ros.ament_cmake' and name 'turtlebot4_simulator'
[0.381s] Level 1:colcon.colcon_core.package_discovery:discover_packages(recursive) using defaults
[0.381s] Level 1:colcon.colcon_core.package_discovery:discover_packages(ignore) discover
[0.381s] Level 1:colcon.colcon_core.package_discovery:discover_packages(ignore) using defaults
[0.381s] Level 1:colcon.colcon_core.package_discovery:discover_packages(path) discover
[0.381s] Level 1:colcon.colcon_core.package_discovery:discover_packages(path) using defaults
[0.418s] Level 1:colcon.colcon_core.package_discovery:discover_packages(prefix_path) check parameters
[0.418s] Level 1:colcon.colcon_core.package_discovery:discover_packages(prefix_path) discover
[0.422s] DEBUG:colcon.colcon_installed_package_information.package_discovery:Found 388 installed packages in /opt/ros/humble
[0.425s] Level 1:colcon.colcon_core.package_discovery:discover_packages(prefix_path) using defaults
[0.493s] Level 5:colcon.colcon_core.verb:set package 'turtlebot4_ignition_gui_plugins' build argument 'cmake_args' from command line to 'None'
[0.493s] Level 5:colcon.colcon_core.verb:set package 'turtlebot4_ignition_gui_plugins' build argument 'cmake_target' from command line to 'None'
[0.493s] Level 5:colcon.colcon_core.verb:set package 'turtlebot4_ignition_gui_plugins' build argument 'cmake_target_skip_unavailable' from command line to 'False'
[0.493s] Level 5:colcon.colcon_core.verb:set package 'turtlebot4_ignition_gui_plugins' build argument 'cmake_clean_cache' from command line to 'False'
[0.493s] Level 5:colcon.colcon_core.verb:set package 'turtlebot4_ignition_gui_plugins' build argument 'cmake_clean_first' from command line to 'False'
[0.493s] Level 5:colcon.colcon_core.verb:set package 'turtlebot4_ignition_gui_plugins' build argument 'cmake_force_configure' from command line to 'False'
[0.493s] Level 5:colcon.colcon_core.verb:set package 'turtlebot4_ignition_gui_plugins' build argument 'ament_cmake_args' from command line to 'None'
[0.493s] Level 5:colcon.colcon_core.verb:set package 'turtlebot4_ignition_gui_plugins' build argument 'catkin_cmake_args' from command line to 'None'
[0.493s] Level 5:colcon.colcon_core.verb:set package 'turtlebot4_ignition_gui_plugins' build argument 'catkin_skip_building_tests' from command line to 'False'
[0.493s] DEBUG:colcon.colcon_core.verb:Building package 'turtlebot4_ignition_gui_plugins' with the following arguments: {'ament_cmake_args': None, 'build_base': '/home/qjari/turtlebot4_ws/build/turtlebot4_ignition_gui_plugins', 'catkin_cmake_args': None, 'catkin_skip_building_tests': False, 'cmake_args': None, 'cmake_clean_cache': False, 'cmake_clean_first': False, 'cmake_force_configure': False, 'cmake_target': None, 'cmake_target_skip_unavailable': False, 'install_base': '/home/qjari/turtlebot4_ws/install/turtlebot4_ignition_gui_plugins', 'merge_install': False, 'path': '/home/qjari/turtlebot4_ws/src/turtlebot4_simulator/turtlebot4_ignition_gui_plugins', 'symlink_install': True, 'test_result_base': None}
[0.494s] Level 5:colcon.colcon_core.verb:set package 'turtlebot4_ignition_toolbox' build argument 'cmake_args' from command line to 'None'
[0.494s] Level 5:colcon.colcon_core.verb:set package 'turtlebot4_ignition_toolbox' build argument 'cmake_target' from command line to 'None'
[0.494s] Level 5:colcon.colcon_core.verb:set package 'turtlebot4_ignition_toolbox' build argument 'cmake_target_skip_unavailable' from command line to 'False'
[0.494s] Level 5:colcon.colcon_core.verb:set package 'turtlebot4_ignition_toolbox' build argument 'cmake_clean_cache' from command line to 'False'
[0.494s] Level 5:colcon.colcon_core.verb:set package 'turtlebot4_ignition_toolbox' build argument 'cmake_clean_first' from command line to 'False'
[0.494s] Level 5:colcon.colcon_core.verb:set package 'turtlebot4_ignition_toolbox' build argument 'cmake_force_configure' from command line to 'False'
[0.494s] Level 5:colcon.colcon_core.verb:set package 'turtlebot4_ignition_toolbox' build argument 'ament_cmake_args' from command line to 'None'
[0.494s] Level 5:colcon.colcon_core.verb:set package 'turtlebot4_ignition_toolbox' build argument 'catkin_cmake_args' from command line to 'None'
[0.494s] Level 5:colcon.colcon_core.verb:set package 'turtlebot4_ignition_toolbox' build argument 'catkin_skip_building_tests' from command line to 'False'
[0.494s] DEBUG:colcon.colcon_core.verb:Building package 'turtlebot4_ignition_toolbox' with the following arguments: {'ament_cmake_args': None, 'build_base': '/home/qjari/turtlebot4_ws/build/turtlebot4_ignition_toolbox', 'catkin_cmake_args': None, 'catkin_skip_building_tests': False, 'cmake_args': None, 'cmake_clean_cache': False, 'cmake_clean_first': False, 'cmake_force_configure': False, 'cmake_target': None, 'cmake_target_skip_unavailable': False, 'install_base': '/home/qjari/turtlebot4_ws/install/turtlebot4_ignition_toolbox', 'merge_install': False, 'path': '/home/qjari/turtlebot4_ws/src/turtlebot4_simulator/turtlebot4_ignition_toolbox', 'symlink_install': True, 'test_result_base': None}
[0.495s] Level 5:colcon.colcon_core.verb:set package 'turtlebot4_ignition_bringup' build argument 'cmake_args' from command line to 'None'
[0.495s] Level 5:colcon.colcon_core.verb:set package 'turtlebot4_ignition_bringup' build argument 'cmake_target' from command line to 'None'
[0.495s] Level 5:colcon.colcon_core.verb:set package 'turtlebot4_ignition_bringup' build argument 'cmake_target_skip_unavailable' from command line to 'False'
[0.495s] Level 5:colcon.colcon_core.verb:set package 'turtlebot4_ignition_bringup' build argument 'cmake_clean_cache' from command line to 'False'
[0.495s] Level 5:colcon.colcon_core.verb:set package 'turtlebot4_ignition_bringup' build argument 'cmake_clean_first' from command line to 'False'
[0.495s] Level 5:colcon.colcon_core.verb:set package 'turtlebot4_ignition_bringup' build argument 'cmake_force_configure' from command line to 'False'
[0.495s] Level 5:colcon.colcon_core.verb:set package 'turtlebot4_ignition_bringup' build argument 'ament_cmake_args' from command line to 'None'
[0.495s] Level 5:colcon.colcon_core.verb:set package 'turtlebot4_ignition_bringup' build argument 'catkin_cmake_args' from command line to 'None'
[0.495s] Level 5:colcon.colcon_core.verb:set package 'turtlebot4_ignition_bringup' build argument 'catkin_skip_building_tests' from command line to 'False'
[0.495s] DEBUG:colcon.colcon_core.verb:Building package 'turtlebot4_ignition_bringup' with the following arguments: {'ament_cmake_args': None, 'build_base': '/home/qjari/turtlebot4_ws/build/turtlebot4_ignition_bringup', 'catkin_cmake_args': None, 'catkin_skip_building_tests': False, 'cmake_args': None, 'cmake_clean_cache': False, 'cmake_clean_first': False, 'cmake_force_configure': False, 'cmake_target': None, 'cmake_target_skip_unavailable': False, 'install_base': '/home/qjari/turtlebot4_ws/install/turtlebot4_ignition_bringup', 'merge_install': False, 'path': '/home/qjari/turtlebot4_ws/src/turtlebot4_simulator/turtlebot4_ignition_bringup', 'symlink_install': True, 'test_result_base': None}
[0.495s] Level 5:colcon.colcon_core.verb:set package 'turtlebot4_simulator' build argument 'cmake_args' from command line to 'None'
[0.495s] Level 5:colcon.colcon_core.verb:set package 'turtlebot4_simulator' build argument 'cmake_target' from command line to 'None'
[0.495s] Level 5:colcon.colcon_core.verb:set package 'turtlebot4_simulator' build argument 'cmake_target_skip_unavailable' from command line to 'False'
[0.496s] Level 5:colcon.colcon_core.verb:set package 'turtlebot4_simulator' build argument 'cmake_clean_cache' from command line to 'False'
[0.496s] Level 5:colcon.colcon_core.verb:set package 'turtlebot4_simulator' build argument 'cmake_clean_first' from command line to 'False'
[0.496s] Level 5:colcon.colcon_core.verb:set package 'turtlebot4_simulator' build argument 'cmake_force_configure' from command line to 'False'
[0.496s] Level 5:colcon.colcon_core.verb:set package 'turtlebot4_simulator' build argument 'ament_cmake_args' from command line to 'None'
[0.496s] Level 5:colcon.colcon_core.verb:set package 'turtlebot4_simulator' build argument 'catkin_cmake_args' from command line to 'None'
[0.496s] Level 5:colcon.colcon_core.verb:set package 'turtlebot4_simulator' build argument 'catkin_skip_building_tests' from command line to 'False'
[0.496s] DEBUG:colcon.colcon_core.verb:Building package 'turtlebot4_simulator' with the following arguments: {'ament_cmake_args': None, 'build_base': '/home/qjari/turtlebot4_ws/build/turtlebot4_simulator', 'catkin_cmake_args': None, 'catkin_skip_building_tests': False, 'cmake_args': None, 'cmake_clean_cache': False, 'cmake_clean_first': False, 'cmake_force_configure': False, 'cmake_target': None, 'cmake_target_skip_unavailable': False, 'install_base': '/home/qjari/turtlebot4_ws/install/turtlebot4_simulator', 'merge_install': False, 'path': '/home/qjari/turtlebot4_ws/src/turtlebot4_simulator/turtlebot4_simulator', 'symlink_install': True, 'test_result_base': None}
[0.496s] INFO:colcon.colcon_core.executor:Executing jobs using 'parallel' executor
[0.497s] DEBUG:colcon.colcon_parallel_executor.executor.parallel:run_until_complete
[0.497s] INFO:colcon.colcon_ros.task.ament_cmake.build:Building ROS package in '/home/qjari/turtlebot4_ws/src/turtlebot4_simulator/turtlebot4_ignition_gui_plugins' with build type 'ament_cmake'
[0.497s] INFO:colcon.colcon_cmake.task.cmake.build:Building CMake package in '/home/qjari/turtlebot4_ws/src/turtlebot4_simulator/turtlebot4_ignition_gui_plugins'
[0.500s] INFO:colcon.colcon_core.plugin_system:Skipping extension 'colcon_core.shell.bat': Not used on non-Windows systems
[0.500s] INFO:colcon.colcon_core.shell:Skip shell extension 'powershell' for command environment: Not usable outside of PowerShell
[0.500s] DEBUG:colcon.colcon_core.shell:Skip shell extension 'dsv' for command environment
[0.507s] INFO:colcon.colcon_ros.task.ament_cmake.build:Building ROS package in '/home/qjari/turtlebot4_ws/src/turtlebot4_simulator/turtlebot4_ignition_toolbox' with build type 'ament_cmake'
[0.507s] INFO:colcon.colcon_cmake.task.cmake.build:Building CMake package in '/home/qjari/turtlebot4_ws/src/turtlebot4_simulator/turtlebot4_ignition_toolbox'
[0.508s] INFO:colcon.colcon_core.shell:Skip shell extension 'powershell' for command environment: Not usable outside of PowerShell
[0.508s] DEBUG:colcon.colcon_core.shell:Skip shell extension 'dsv' for command environment
[0.516s] DEBUG:colcon.colcon_core.event_handler.log_command:Invoking command in '/home/qjari/turtlebot4_ws/build/turtlebot4_ignition_gui_plugins': CMAKE_PREFIX_PATH=/opt/ros/humble /usr/bin/cmake /home/qjari/turtlebot4_ws/src/turtlebot4_simulator/turtlebot4_ignition_gui_plugins -DAMENT_CMAKE_SYMLINK_INSTALL=1 -DCMAKE_INSTALL_PREFIX=/home/qjari/turtlebot4_ws/install/turtlebot4_ignition_gui_plugins
[0.518s] DEBUG:colcon.colcon_core.event_handler.log_command:Invoking command in '/home/qjari/turtlebot4_ws/build/turtlebot4_ignition_toolbox': CMAKE_PREFIX_PATH=/opt/ros/humble /usr/bin/cmake /home/qjari/turtlebot4_ws/src/turtlebot4_simulator/turtlebot4_ignition_toolbox -DAMENT_CMAKE_SYMLINK_INSTALL=1 -DCMAKE_INSTALL_PREFIX=/home/qjari/turtlebot4_ws/install/turtlebot4_ignition_toolbox
[2.031s] DEBUG:colcon.colcon_core.event_handler.log_command:Invoked command in '/home/qjari/turtlebot4_ws/build/turtlebot4_ignition_gui_plugins' returned '0': CMAKE_PREFIX_PATH=/opt/ros/humble /usr/bin/cmake /home/qjari/turtlebot4_ws/src/turtlebot4_simulator/turtlebot4_ignition_gui_plugins -DAMENT_CMAKE_SYMLINK_INSTALL=1 -DCMAKE_INSTALL_PREFIX=/home/qjari/turtlebot4_ws/install/turtlebot4_ignition_gui_plugins
[2.031s] DEBUG:colcon.colcon_core.event_handler.log_command:Invoking command in '/home/qjari/turtlebot4_ws/build/turtlebot4_ignition_gui_plugins': CMAKE_PREFIX_PATH=/opt/ros/humble /usr/bin/cmake --build /home/qjari/turtlebot4_ws/build/turtlebot4_ignition_gui_plugins -- -j8 -l8
[2.124s] DEBUG:colcon.colcon_core.event_handler.log_command:Invoked command in '/home/qjari/turtlebot4_ws/build/turtlebot4_ignition_toolbox' returned '0': CMAKE_PREFIX_PATH=/opt/ros/humble /usr/bin/cmake /home/qjari/turtlebot4_ws/src/turtlebot4_simulator/turtlebot4_ignition_toolbox -DAMENT_CMAKE_SYMLINK_INSTALL=1 -DCMAKE_INSTALL_PREFIX=/home/qjari/turtlebot4_ws/install/turtlebot4_ignition_toolbox
[2.125s] DEBUG:colcon.colcon_core.event_handler.log_command:Invoking command in '/home/qjari/turtlebot4_ws/build/turtlebot4_ignition_toolbox': CMAKE_PREFIX_PATH=/opt/ros/humble /usr/bin/cmake --build /home/qjari/turtlebot4_ws/build/turtlebot4_ignition_toolbox -- -j8 -l8
[11.603s] DEBUG:colcon.colcon_core.event_handler.log_command:Invoked command in '/home/qjari/turtlebot4_ws/build/turtlebot4_ignition_gui_plugins' returned '0': CMAKE_PREFIX_PATH=/opt/ros/humble /usr/bin/cmake --build /home/qjari/turtlebot4_ws/build/turtlebot4_ignition_gui_plugins -- -j8 -l8
[11.655s] DEBUG:colcon.colcon_core.event_handler.log_command:Invoking command in '/home/qjari/turtlebot4_ws/build/turtlebot4_ignition_gui_plugins': CMAKE_PREFIX_PATH=/opt/ros/humble /usr/bin/cmake --install /home/qjari/turtlebot4_ws/build/turtlebot4_ignition_gui_plugins
[11.819s] Level 1:colcon.colcon_core.environment:create_environment_scripts_only(turtlebot4_ignition_gui_plugins)
[11.822s] Level 1:colcon.colcon_core.environment:checking '/home/qjari/turtlebot4_ws/install/turtlebot4_ignition_gui_plugins' for CMake module files
[11.823s] DEBUG:colcon.colcon_core.event_handler.log_command:Invoked command in '/home/qjari/turtlebot4_ws/build/turtlebot4_ignition_gui_plugins' returned '0': CMAKE_PREFIX_PATH=/opt/ros/humble /usr/bin/cmake --install /home/qjari/turtlebot4_ws/build/turtlebot4_ignition_gui_plugins
[11.823s] Level 1:colcon.colcon_core.environment:checking '/home/qjari/turtlebot4_ws/install/turtlebot4_ignition_gui_plugins' for CMake config files
[11.823s] Level 1:colcon.colcon_core.shell:create_environment_hook('turtlebot4_ignition_gui_plugins', 'cmake_prefix_path')
[11.823s] INFO:colcon.colcon_core.shell:Creating environment hook '/home/qjari/turtlebot4_ws/install/turtlebot4_ignition_gui_plugins/share/turtlebot4_ignition_gui_plugins/hook/cmake_prefix_path.ps1'
[11.824s] INFO:colcon.colcon_core.shell:Creating environment descriptor '/home/qjari/turtlebot4_ws/install/turtlebot4_ignition_gui_plugins/share/turtlebot4_ignition_gui_plugins/hook/cmake_prefix_path.dsv'
[11.825s] INFO:colcon.colcon_core.shell:Creating environment hook '/home/qjari/turtlebot4_ws/install/turtlebot4_ignition_gui_plugins/share/turtlebot4_ignition_gui_plugins/hook/cmake_prefix_path.sh'
[11.826s] Level 1:colcon.colcon_core.environment:checking '/home/qjari/turtlebot4_ws/install/turtlebot4_ignition_gui_plugins/bin'
[11.826s] Level 1:colcon.colcon_core.environment:checking '/home/qjari/turtlebot4_ws/install/turtlebot4_ignition_gui_plugins/lib/pkgconfig/turtlebot4_ignition_gui_plugins.pc'
[11.826s] Level 1:colcon.colcon_core.environment:checking '/home/qjari/turtlebot4_ws/install/turtlebot4_ignition_gui_plugins/lib/python3.10/site-packages'
[11.826s] Level 1:colcon.colcon_core.environment:checking '/home/qjari/turtlebot4_ws/install/turtlebot4_ignition_gui_plugins/bin'
[11.826s] INFO:colcon.colcon_core.shell:Creating package script '/home/qjari/turtlebot4_ws/install/turtlebot4_ignition_gui_plugins/share/turtlebot4_ignition_gui_plugins/package.ps1'
[11.827s] INFO:colcon.colcon_core.shell:Creating package descriptor '/home/qjari/turtlebot4_ws/install/turtlebot4_ignition_gui_plugins/share/turtlebot4_ignition_gui_plugins/package.dsv'
[11.828s] INFO:colcon.colcon_core.shell:Creating package script '/home/qjari/turtlebot4_ws/install/turtlebot4_ignition_gui_plugins/share/turtlebot4_ignition_gui_plugins/package.sh'
[11.829s] INFO:colcon.colcon_core.shell:Creating package script '/home/qjari/turtlebot4_ws/install/turtlebot4_ignition_gui_plugins/share/turtlebot4_ignition_gui_plugins/package.bash'
[11.830s] INFO:colcon.colcon_core.shell:Creating package script '/home/qjari/turtlebot4_ws/install/turtlebot4_ignition_gui_plugins/share/turtlebot4_ignition_gui_plugins/package.zsh'
[11.831s] Level 1:colcon.colcon_core.environment:create_file_with_runtime_dependencies(/home/qjari/turtlebot4_ws/install/turtlebot4_ignition_gui_plugins/share/colcon-core/packages/turtlebot4_ignition_gui_plugins)
[11.859s] Level 1:colcon.colcon_core.environment:create_environment_scripts_only(turtlebot4_ignition_gui_plugins)
[11.860s] Level 1:colcon.colcon_core.environment:checking '/home/qjari/turtlebot4_ws/install/turtlebot4_ignition_gui_plugins' for CMake module files
[11.860s] Level 1:colcon.colcon_core.environment:checking '/home/qjari/turtlebot4_ws/install/turtlebot4_ignition_gui_plugins' for CMake config files
[11.860s] Level 1:colcon.colcon_core.shell:create_environment_hook('turtlebot4_ignition_gui_plugins', 'cmake_prefix_path')
[11.861s] INFO:colcon.colcon_core.shell:Creating environment hook '/home/qjari/turtlebot4_ws/install/turtlebot4_ignition_gui_plugins/share/turtlebot4_ignition_gui_plugins/hook/cmake_prefix_path.ps1'
[11.861s] INFO:colcon.colcon_core.shell:Creating environment descriptor '/home/qjari/turtlebot4_ws/install/turtlebot4_ignition_gui_plugins/share/turtlebot4_ignition_gui_plugins/hook/cmake_prefix_path.dsv'
[11.862s] INFO:colcon.colcon_core.shell:Creating environment hook '/home/qjari/turtlebot4_ws/install/turtlebot4_ignition_gui_plugins/share/turtlebot4_ignition_gui_plugins/hook/cmake_prefix_path.sh'
[11.862s] Level 1:colcon.colcon_core.environment:checking '/home/qjari/turtlebot4_ws/install/turtlebot4_ignition_gui_plugins/bin'
[11.862s] Level 1:colcon.colcon_core.environment:checking '/home/qjari/turtlebot4_ws/install/turtlebot4_ignition_gui_plugins/lib/pkgconfig/turtlebot4_ignition_gui_plugins.pc'
[11.862s] Level 1:colcon.colcon_core.environment:checking '/home/qjari/turtlebot4_ws/install/turtlebot4_ignition_gui_plugins/lib/python3.10/site-packages'
[11.863s] Level 1:colcon.colcon_core.environment:checking '/home/qjari/turtlebot4_ws/install/turtlebot4_ignition_gui_plugins/bin'
[11.863s] INFO:colcon.colcon_core.shell:Creating package script '/home/qjari/turtlebot4_ws/install/turtlebot4_ignition_gui_plugins/share/turtlebot4_ignition_gui_plugins/package.ps1'
[11.863s] INFO:colcon.colcon_core.shell:Creating package descriptor '/home/qjari/turtlebot4_ws/install/turtlebot4_ignition_gui_plugins/share/turtlebot4_ignition_gui_plugins/package.dsv'
[11.864s] INFO:colcon.colcon_core.shell:Creating package script '/home/qjari/turtlebot4_ws/install/turtlebot4_ignition_gui_plugins/share/turtlebot4_ignition_gui_plugins/package.sh'
[11.864s] INFO:colcon.colcon_core.shell:Creating package script '/home/qjari/turtlebot4_ws/install/turtlebot4_ignition_gui_plugins/share/turtlebot4_ignition_gui_plugins/package.bash'
[11.865s] INFO:colcon.colcon_core.shell:Creating package script '/home/qjari/turtlebot4_ws/install/turtlebot4_ignition_gui_plugins/share/turtlebot4_ignition_gui_plugins/package.zsh'
[11.865s] Level 1:colcon.colcon_core.environment:create_file_with_runtime_dependencies(/home/qjari/turtlebot4_ws/install/turtlebot4_ignition_gui_plugins/share/colcon-core/packages/turtlebot4_ignition_gui_plugins)
[18.242s] DEBUG:colcon.colcon_core.event_handler.log_command:Invoked command in '/home/qjari/turtlebot4_ws/build/turtlebot4_ignition_toolbox' returned '0': CMAKE_PREFIX_PATH=/opt/ros/humble /usr/bin/cmake --build /home/qjari/turtlebot4_ws/build/turtlebot4_ignition_toolbox -- -j8 -l8
[18.285s] DEBUG:colcon.colcon_core.event_handler.log_command:Invoking command in '/home/qjari/turtlebot4_ws/build/turtlebot4_ignition_toolbox': CMAKE_PREFIX_PATH=/opt/ros/humble /usr/bin/cmake --install /home/qjari/turtlebot4_ws/build/turtlebot4_ignition_toolbox
[18.458s] Level 1:colcon.colcon_core.environment:create_environment_scripts_only(turtlebot4_ignition_toolbox)
[18.459s] Level 1:colcon.colcon_core.environment:checking '/home/qjari/turtlebot4_ws/install/turtlebot4_ignition_toolbox' for CMake module files
[18.460s] DEBUG:colcon.colcon_core.event_handler.log_command:Invoked command in '/home/qjari/turtlebot4_ws/build/turtlebot4_ignition_toolbox' returned '0': CMAKE_PREFIX_PATH=/opt/ros/humble /usr/bin/cmake --install /home/qjari/turtlebot4_ws/build/turtlebot4_ignition_toolbox
[18.460s] Level 1:colcon.colcon_core.environment:checking '/home/qjari/turtlebot4_ws/install/turtlebot4_ignition_toolbox' for CMake config files
[18.460s] Level 1:colcon.colcon_core.shell:create_environment_hook('turtlebot4_ignition_toolbox', 'cmake_prefix_path')
[18.461s] INFO:colcon.colcon_core.shell:Creating environment hook '/home/qjari/turtlebot4_ws/install/turtlebot4_ignition_toolbox/share/turtlebot4_ignition_toolbox/hook/cmake_prefix_path.ps1'
[18.461s] INFO:colcon.colcon_core.shell:Creating environment descriptor '/home/qjari/turtlebot4_ws/install/turtlebot4_ignition_toolbox/share/turtlebot4_ignition_toolbox/hook/cmake_prefix_path.dsv'
[18.461s] INFO:colcon.colcon_core.shell:Creating environment hook '/home/qjari/turtlebot4_ws/install/turtlebot4_ignition_toolbox/share/turtlebot4_ignition_toolbox/hook/cmake_prefix_path.sh'
[18.462s] Level 1:colcon.colcon_core.environment:checking '/home/qjari/turtlebot4_ws/install/turtlebot4_ignition_toolbox/lib'
[18.462s] Level 1:colcon.colcon_core.environment:checking '/home/qjari/turtlebot4_ws/install/turtlebot4_ignition_toolbox/bin'
[18.462s] Level 1:colcon.colcon_core.environment:checking '/home/qjari/turtlebot4_ws/install/turtlebot4_ignition_toolbox/lib/pkgconfig/turtlebot4_ignition_toolbox.pc'
[18.463s] Level 1:colcon.colcon_core.environment:checking '/home/qjari/turtlebot4_ws/install/turtlebot4_ignition_toolbox/lib/python3.10/site-packages'
[18.463s] Level 1:colcon.colcon_core.environment:checking '/home/qjari/turtlebot4_ws/install/turtlebot4_ignition_toolbox/bin'
[18.463s] INFO:colcon.colcon_core.shell:Creating package script '/home/qjari/turtlebot4_ws/install/turtlebot4_ignition_toolbox/share/turtlebot4_ignition_toolbox/package.ps1'
[18.464s] INFO:colcon.colcon_core.shell:Creating package descriptor '/home/qjari/turtlebot4_ws/install/turtlebot4_ignition_toolbox/share/turtlebot4_ignition_toolbox/package.dsv'
[18.464s] INFO:colcon.colcon_core.shell:Creating package script '/home/qjari/turtlebot4_ws/install/turtlebot4_ignition_toolbox/share/turtlebot4_ignition_toolbox/package.sh'
[18.464s] INFO:colcon.colcon_core.shell:Creating package script '/home/qjari/turtlebot4_ws/install/turtlebot4_ignition_toolbox/share/turtlebot4_ignition_toolbox/package.bash'
[18.465s] INFO:colcon.colcon_core.shell:Creating package script '/home/qjari/turtlebot4_ws/install/turtlebot4_ignition_toolbox/share/turtlebot4_ignition_toolbox/package.zsh'
[18.465s] Level 1:colcon.colcon_core.environment:create_file_with_runtime_dependencies(/home/qjari/turtlebot4_ws/install/turtlebot4_ignition_toolbox/share/colcon-core/packages/turtlebot4_ignition_toolbox)
[18.504s] Level 1:colcon.colcon_core.environment:create_environment_scripts_only(turtlebot4_ignition_toolbox)
[18.505s] Level 1:colcon.colcon_core.environment:checking '/home/qjari/turtlebot4_ws/install/turtlebot4_ignition_toolbox' for CMake module files
[18.505s] Level 1:colcon.colcon_core.environment:checking '/home/qjari/turtlebot4_ws/install/turtlebot4_ignition_toolbox' for CMake config files
[18.505s] Level 1:colcon.colcon_core.shell:create_environment_hook('turtlebot4_ignition_toolbox', 'cmake_prefix_path')
[18.506s] INFO:colcon.colcon_core.shell:Creating environment hook '/home/qjari/turtlebot4_ws/install/turtlebot4_ignition_toolbox/share/turtlebot4_ignition_toolbox/hook/cmake_prefix_path.ps1'
[18.506s] INFO:colcon.colcon_core.shell:Creating environment descriptor '/home/qjari/turtlebot4_ws/install/turtlebot4_ignition_toolbox/share/turtlebot4_ignition_toolbox/hook/cmake_prefix_path.dsv'
[18.507s] INFO:colcon.colcon_core.shell:Creating environment hook '/home/qjari/turtlebot4_ws/install/turtlebot4_ignition_toolbox/share/turtlebot4_ignition_toolbox/hook/cmake_prefix_path.sh'
[18.507s] Level 1:colcon.colcon_core.environment:checking '/home/qjari/turtlebot4_ws/install/turtlebot4_ignition_toolbox/lib'
[18.507s] Level 1:colcon.colcon_core.environment:checking '/home/qjari/turtlebot4_ws/install/turtlebot4_ignition_toolbox/bin'
[18.507s] Level 1:colcon.colcon_core.environment:checking '/home/qjari/turtlebot4_ws/install/turtlebot4_ignition_toolbox/lib/pkgconfig/turtlebot4_ignition_toolbox.pc'
[18.508s] Level 1:colcon.colcon_core.environment:checking '/home/qjari/turtlebot4_ws/install/turtlebot4_ignition_toolbox/lib/python3.10/site-packages'
[18.508s] Level 1:colcon.colcon_core.environment:checking '/home/qjari/turtlebot4_ws/install/turtlebot4_ignition_toolbox/bin'
[18.508s] INFO:colcon.colcon_core.shell:Creating package script '/home/qjari/turtlebot4_ws/install/turtlebot4_ignition_toolbox/share/turtlebot4_ignition_toolbox/package.ps1'
[18.509s] INFO:colcon.colcon_core.shell:Creating package descriptor '/home/qjari/turtlebot4_ws/install/turtlebot4_ignition_toolbox/share/turtlebot4_ignition_toolbox/package.dsv'
[18.509s] INFO:colcon.colcon_core.shell:Creating package script '/home/qjari/turtlebot4_ws/install/turtlebot4_ignition_toolbox/share/turtlebot4_ignition_toolbox/package.sh'
[18.510s] INFO:colcon.colcon_core.shell:Creating package script '/home/qjari/turtlebot4_ws/install/turtlebot4_ignition_toolbox/share/turtlebot4_ignition_toolbox/package.bash'
[18.510s] INFO:colcon.colcon_core.shell:Creating package script '/home/qjari/turtlebot4_ws/install/turtlebot4_ignition_toolbox/share/turtlebot4_ignition_toolbox/package.zsh'
[18.511s] Level 1:colcon.colcon_core.environment:create_file_with_runtime_dependencies(/home/qjari/turtlebot4_ws/install/turtlebot4_ignition_toolbox/share/colcon-core/packages/turtlebot4_ignition_toolbox)
[18.511s] INFO:colcon.colcon_ros.task.ament_cmake.build:Building ROS package in '/home/qjari/turtlebot4_ws/src/turtlebot4_simulator/turtlebot4_ignition_bringup' with build type 'ament_cmake'
[18.511s] INFO:colcon.colcon_cmake.task.cmake.build:Building CMake package in '/home/qjari/turtlebot4_ws/src/turtlebot4_simulator/turtlebot4_ignition_bringup'
[18.511s] INFO:colcon.colcon_core.shell:Skip shell extension 'powershell' for command environment: Not usable outside of PowerShell
[18.511s] DEBUG:colcon.colcon_core.shell:Skip shell extension 'dsv' for command environment
[18.532s] DEBUG:colcon.colcon_core.event_handler.log_command:Invoking command in '/home/qjari/turtlebot4_ws/build/turtlebot4_ignition_bringup': AMENT_PREFIX_PATH=/home/qjari/turtlebot4_ws/install/turtlebot4_ignition_toolbox:/home/qjari/turtlebot4_ws/install/turtlebot4_ignition_gui_plugins:${AMENT_PREFIX_PATH} CMAKE_PREFIX_PATH=/home/qjari/turtlebot4_ws/install/turtlebot4_ignition_toolbox:/home/qjari/turtlebot4_ws/install/turtlebot4_ignition_gui_plugins:/opt/ros/humble /usr/bin/cmake /home/qjari/turtlebot4_ws/src/turtlebot4_simulator/turtlebot4_ignition_bringup -DAMENT_CMAKE_SYMLINK_INSTALL=1 -DCMAKE_INSTALL_PREFIX=/home/qjari/turtlebot4_ws/install/turtlebot4_ignition_bringup
[19.533s] DEBUG:colcon.colcon_core.event_handler.log_command:Invoked command in '/home/qjari/turtlebot4_ws/build/turtlebot4_ignition_bringup' returned '0': AMENT_PREFIX_PATH=/home/qjari/turtlebot4_ws/install/turtlebot4_ignition_toolbox:/home/qjari/turtlebot4_ws/install/turtlebot4_ignition_gui_plugins:${AMENT_PREFIX_PATH} CMAKE_PREFIX_PATH=/home/qjari/turtlebot4_ws/install/turtlebot4_ignition_toolbox:/home/qjari/turtlebot4_ws/install/turtlebot4_ignition_gui_plugins:/opt/ros/humble /usr/bin/cmake /home/qjari/turtlebot4_ws/src/turtlebot4_simulator/turtlebot4_ignition_bringup -DAMENT_CMAKE_SYMLINK_INSTALL=1 -DCMAKE_INSTALL_PREFIX=/home/qjari/turtlebot4_ws/install/turtlebot4_ignition_bringup
[19.534s] DEBUG:colcon.colcon_core.event_handler.log_command:Invoking command in '/home/qjari/turtlebot4_ws/build/turtlebot4_ignition_bringup': AMENT_PREFIX_PATH=/home/qjari/turtlebot4_ws/install/turtlebot4_ignition_toolbox:/home/qjari/turtlebot4_ws/install/turtlebot4_ignition_gui_plugins:${AMENT_PREFIX_PATH} CMAKE_PREFIX_PATH=/home/qjari/turtlebot4_ws/install/turtlebot4_ignition_toolbox:/home/qjari/turtlebot4_ws/install/turtlebot4_ignition_gui_plugins:/opt/ros/humble /usr/bin/cmake --build /home/qjari/turtlebot4_ws/build/turtlebot4_ignition_bringup -- -j8 -l8
[19.580s] DEBUG:colcon.colcon_core.event_handler.log_command:Invoked command in '/home/qjari/turtlebot4_ws/build/turtlebot4_ignition_bringup' returned '0': AMENT_PREFIX_PATH=/home/qjari/turtlebot4_ws/install/turtlebot4_ignition_toolbox:/home/qjari/turtlebot4_ws/install/turtlebot4_ignition_gui_plugins:${AMENT_PREFIX_PATH} CMAKE_PREFIX_PATH=/home/qjari/turtlebot4_ws/install/turtlebot4_ignition_toolbox:/home/qjari/turtlebot4_ws/install/turtlebot4_ignition_gui_plugins:/opt/ros/humble /usr/bin/cmake --build /home/qjari/turtlebot4_ws/build/turtlebot4_ignition_bringup -- -j8 -l8
[19.605s] DEBUG:colcon.colcon_core.event_handler.log_command:Invoking command in '/home/qjari/turtlebot4_ws/build/turtlebot4_ignition_bringup': AMENT_PREFIX_PATH=/home/qjari/turtlebot4_ws/install/turtlebot4_ignition_toolbox:/home/qjari/turtlebot4_ws/install/turtlebot4_ignition_gui_plugins:${AMENT_PREFIX_PATH} CMAKE_PREFIX_PATH=/home/qjari/turtlebot4_ws/install/turtlebot4_ignition_toolbox:/home/qjari/turtlebot4_ws/install/turtlebot4_ignition_gui_plugins:/opt/ros/humble /usr/bin/cmake --install /home/qjari/turtlebot4_ws/build/turtlebot4_ignition_bringup
[19.848s] Level 1:colcon.colcon_core.environment:create_environment_scripts_only(turtlebot4_ignition_bringup)
[19.848s] Level 1:colcon.colcon_core.environment:checking '/home/qjari/turtlebot4_ws/install/turtlebot4_ignition_bringup' for CMake module files
[19.849s] DEBUG:colcon.colcon_core.event_handler.log_command:Invoked command in '/home/qjari/turtlebot4_ws/build/turtlebot4_ignition_bringup' returned '0': AMENT_PREFIX_PATH=/home/qjari/turtlebot4_ws/install/turtlebot4_ignition_toolbox:/home/qjari/turtlebot4_ws/install/turtlebot4_ignition_gui_plugins:${AMENT_PREFIX_PATH} CMAKE_PREFIX_PATH=/home/qjari/turtlebot4_ws/install/turtlebot4_ignition_toolbox:/home/qjari/turtlebot4_ws/install/turtlebot4_ignition_gui_plugins:/opt/ros/humble /usr/bin/cmake --install /home/qjari/turtlebot4_ws/build/turtlebot4_ignition_bringup
[19.849s] Level 1:colcon.colcon_core.environment:checking '/home/qjari/turtlebot4_ws/install/turtlebot4_ignition_bringup' for CMake config files
[19.850s] Level 1:colcon.colcon_core.shell:create_environment_hook('turtlebot4_ignition_bringup', 'cmake_prefix_path')
[19.850s] INFO:colcon.colcon_core.shell:Creating environment hook '/home/qjari/turtlebot4_ws/install/turtlebot4_ignition_bringup/share/turtlebot4_ignition_bringup/hook/cmake_prefix_path.ps1'
[19.851s] INFO:colcon.colcon_core.shell:Creating environment descriptor '/home/qjari/turtlebot4_ws/install/turtlebot4_ignition_bringup/share/turtlebot4_ignition_bringup/hook/cmake_prefix_path.dsv'
[19.851s] INFO:colcon.colcon_core.shell:Creating environment hook '/home/qjari/turtlebot4_ws/install/turtlebot4_ignition_bringup/share/turtlebot4_ignition_bringup/hook/cmake_prefix_path.sh'
[19.852s] Level 1:colcon.colcon_core.environment:checking '/home/qjari/turtlebot4_ws/install/turtlebot4_ignition_bringup/bin'
[19.852s] Level 1:colcon.colcon_core.environment:checking '/home/qjari/turtlebot4_ws/install/turtlebot4_ignition_bringup/lib/pkgconfig/turtlebot4_ignition_bringup.pc'
[19.852s] Level 1:colcon.colcon_core.environment:checking '/home/qjari/turtlebot4_ws/install/turtlebot4_ignition_bringup/lib/python3.10/site-packages'
[19.852s] Level 1:colcon.colcon_core.environment:checking '/home/qjari/turtlebot4_ws/install/turtlebot4_ignition_bringup/bin'
[19.852s] INFO:colcon.colcon_core.shell:Creating package script '/home/qjari/turtlebot4_ws/install/turtlebot4_ignition_bringup/share/turtlebot4_ignition_bringup/package.ps1'
[19.853s] INFO:colcon.colcon_core.shell:Creating package descriptor '/home/qjari/turtlebot4_ws/install/turtlebot4_ignition_bringup/share/turtlebot4_ignition_bringup/package.dsv'
[19.853s] INFO:colcon.colcon_core.shell:Creating package script '/home/qjari/turtlebot4_ws/install/turtlebot4_ignition_bringup/share/turtlebot4_ignition_bringup/package.sh'
[19.854s] INFO:colcon.colcon_core.shell:Creating package script '/home/qjari/turtlebot4_ws/install/turtlebot4_ignition_bringup/share/turtlebot4_ignition_bringup/package.bash'
[19.854s] INFO:colcon.colcon_core.shell:Creating package script '/home/qjari/turtlebot4_ws/install/turtlebot4_ignition_bringup/share/turtlebot4_ignition_bringup/package.zsh'
[19.854s] Level 1:colcon.colcon_core.environment:create_file_with_runtime_dependencies(/home/qjari/turtlebot4_ws/install/turtlebot4_ignition_bringup/share/colcon-core/packages/turtlebot4_ignition_bringup)
[19.878s] Level 1:colcon.colcon_core.environment:create_environment_scripts_only(turtlebot4_ignition_bringup)
[19.879s] Level 1:colcon.colcon_core.environment:checking '/home/qjari/turtlebot4_ws/install/turtlebot4_ignition_bringup' for CMake module files
[19.879s] Level 1:colcon.colcon_core.environment:checking '/home/qjari/turtlebot4_ws/install/turtlebot4_ignition_bringup' for CMake config files
[19.880s] Level 1:colcon.colcon_core.shell:create_environment_hook('turtlebot4_ignition_bringup', 'cmake_prefix_path')
[19.880s] INFO:colcon.colcon_core.shell:Creating environment hook '/home/qjari/turtlebot4_ws/install/turtlebot4_ignition_bringup/share/turtlebot4_ignition_bringup/hook/cmake_prefix_path.ps1'
[19.881s] INFO:colcon.colcon_core.shell:Creating environment descriptor '/home/qjari/turtlebot4_ws/install/turtlebot4_ignition_bringup/share/turtlebot4_ignition_bringup/hook/cmake_prefix_path.dsv'
[19.881s] INFO:colcon.colcon_core.shell:Creating environment hook '/home/qjari/turtlebot4_ws/install/turtlebot4_ignition_bringup/share/turtlebot4_ignition_bringup/hook/cmake_prefix_path.sh'
[19.882s] Level 1:colcon.colcon_core.environment:checking '/home/qjari/turtlebot4_ws/install/turtlebot4_ignition_bringup/bin'
[19.882s] Level 1:colcon.colcon_core.environment:checking '/home/qjari/turtlebot4_ws/install/turtlebot4_ignition_bringup/lib/pkgconfig/turtlebot4_ignition_bringup.pc'
[19.882s] Level 1:colcon.colcon_core.environment:checking '/home/qjari/turtlebot4_ws/install/turtlebot4_ignition_bringup/lib/python3.10/site-packages'
[19.882s] Level 1:colcon.colcon_core.environment:checking '/home/qjari/turtlebot4_ws/install/turtlebot4_ignition_bringup/bin'
[19.883s] INFO:colcon.colcon_core.shell:Creating package script '/home/qjari/turtlebot4_ws/install/turtlebot4_ignition_bringup/share/turtlebot4_ignition_bringup/package.ps1'
[19.884s] INFO:colcon.colcon_core.shell:Creating package descriptor '/home/qjari/turtlebot4_ws/install/turtlebot4_ignition_bringup/share/turtlebot4_ignition_bringup/package.dsv'
[19.884s] INFO:colcon.colcon_core.shell:Creating package script '/home/qjari/turtlebot4_ws/install/turtlebot4_ignition_bringup/share/turtlebot4_ignition_bringup/package.sh'
[19.885s] INFO:colcon.colcon_core.shell:Creating package script '/home/qjari/turtlebot4_ws/install/turtlebot4_ignition_bringup/share/turtlebot4_ignition_bringup/package.bash'
[19.885s] INFO:colcon.colcon_core.shell:Creating package script '/home/qjari/turtlebot4_ws/install/turtlebot4_ignition_bringup/share/turtlebot4_ignition_bringup/package.zsh'
[19.885s] Level 1:colcon.colcon_core.environment:create_file_with_runtime_dependencies(/home/qjari/turtlebot4_ws/install/turtlebot4_ignition_bringup/share/colcon-core/packages/turtlebot4_ignition_bringup)
[19.886s] INFO:colcon.colcon_ros.task.ament_cmake.build:Building ROS package in '/home/qjari/turtlebot4_ws/src/turtlebot4_simulator/turtlebot4_simulator' with build type 'ament_cmake'
[19.886s] INFO:colcon.colcon_cmake.task.cmake.build:Building CMake package in '/home/qjari/turtlebot4_ws/src/turtlebot4_simulator/turtlebot4_simulator'
[19.886s] INFO:colcon.colcon_core.shell:Skip shell extension 'powershell' for command environment: Not usable outside of PowerShell
[19.886s] DEBUG:colcon.colcon_core.shell:Skip shell extension 'dsv' for command environment
[19.902s] DEBUG:colcon.colcon_core.event_handler.log_command:Invoking command in '/home/qjari/turtlebot4_ws/build/turtlebot4_simulator': AMENT_PREFIX_PATH=/home/qjari/turtlebot4_ws/install/turtlebot4_ignition_bringup:/home/qjari/turtlebot4_ws/install/turtlebot4_ignition_toolbox:/home/qjari/turtlebot4_ws/install/turtlebot4_ignition_gui_plugins:${AMENT_PREFIX_PATH} CMAKE_PREFIX_PATH=/home/qjari/turtlebot4_ws/install/turtlebot4_ignition_bringup:/home/qjari/turtlebot4_ws/install/turtlebot4_ignition_toolbox:/home/qjari/turtlebot4_ws/install/turtlebot4_ignition_gui_plugins:/opt/ros/humble /usr/bin/cmake /home/qjari/turtlebot4_ws/src/turtlebot4_simulator/turtlebot4_simulator -DAMENT_CMAKE_SYMLINK_INSTALL=1 -DCMAKE_INSTALL_PREFIX=/home/qjari/turtlebot4_ws/install/turtlebot4_simulator
[20.612s] DEBUG:colcon.colcon_core.event_handler.log_command:Invoked command in '/home/qjari/turtlebot4_ws/build/turtlebot4_simulator' returned '0': AMENT_PREFIX_PATH=/home/qjari/turtlebot4_ws/install/turtlebot4_ignition_bringup:/home/qjari/turtlebot4_ws/install/turtlebot4_ignition_toolbox:/home/qjari/turtlebot4_ws/install/turtlebot4_ignition_gui_plugins:${AMENT_PREFIX_PATH} CMAKE_PREFIX_PATH=/home/qjari/turtlebot4_ws/install/turtlebot4_ignition_bringup:/home/qjari/turtlebot4_ws/install/turtlebot4_ignition_toolbox:/home/qjari/turtlebot4_ws/install/turtlebot4_ignition_gui_plugins:/opt/ros/humble /usr/bin/cmake /home/qjari/turtlebot4_ws/src/turtlebot4_simulator/turtlebot4_simulator -DAMENT_CMAKE_SYMLINK_INSTALL=1 -DCMAKE_INSTALL_PREFIX=/home/qjari/turtlebot4_ws/install/turtlebot4_simulator
[20.612s] DEBUG:colcon.colcon_core.event_handler.log_command:Invoking command in '/home/qjari/turtlebot4_ws/build/turtlebot4_simulator': AMENT_PREFIX_PATH=/home/qjari/turtlebot4_ws/install/turtlebot4_ignition_bringup:/home/qjari/turtlebot4_ws/install/turtlebot4_ignition_toolbox:/home/qjari/turtlebot4_ws/install/turtlebot4_ignition_gui_plugins:${AMENT_PREFIX_PATH} CMAKE_PREFIX_PATH=/home/qjari/turtlebot4_ws/install/turtlebot4_ignition_bringup:/home/qjari/turtlebot4_ws/install/turtlebot4_ignition_toolbox:/home/qjari/turtlebot4_ws/install/turtlebot4_ignition_gui_plugins:/opt/ros/humble /usr/bin/cmake --build /home/qjari/turtlebot4_ws/build/turtlebot4_simulator -- -j8 -l8
[20.658s] DEBUG:colcon.colcon_core.event_handler.log_command:Invoked command in '/home/qjari/turtlebot4_ws/build/turtlebot4_simulator' returned '0': AMENT_PREFIX_PATH=/home/qjari/turtlebot4_ws/install/turtlebot4_ignition_bringup:/home/qjari/turtlebot4_ws/install/turtlebot4_ignition_toolbox:/home/qjari/turtlebot4_ws/install/turtlebot4_ignition_gui_plugins:${AMENT_PREFIX_PATH} CMAKE_PREFIX_PATH=/home/qjari/turtlebot4_ws/install/turtlebot4_ignition_bringup:/home/qjari/turtlebot4_ws/install/turtlebot4_ignition_toolbox:/home/qjari/turtlebot4_ws/install/turtlebot4_ignition_gui_plugins:/opt/ros/humble /usr/bin/cmake --build /home/qjari/turtlebot4_ws/build/turtlebot4_simulator -- -j8 -l8
[20.681s] DEBUG:colcon.colcon_core.event_handler.log_command:Invoking command in '/home/qjari/turtlebot4_ws/build/turtlebot4_simulator': AMENT_PREFIX_PATH=/home/qjari/turtlebot4_ws/install/turtlebot4_ignition_bringup:/home/qjari/turtlebot4_ws/install/turtlebot4_ignition_toolbox:/home/qjari/turtlebot4_ws/install/turtlebot4_ignition_gui_plugins:${AMENT_PREFIX_PATH} CMAKE_PREFIX_PATH=/home/qjari/turtlebot4_ws/install/turtlebot4_ignition_bringup:/home/qjari/turtlebot4_ws/install/turtlebot4_ignition_toolbox:/home/qjari/turtlebot4_ws/install/turtlebot4_ignition_gui_plugins:/opt/ros/humble /usr/bin/cmake --install /home/qjari/turtlebot4_ws/build/turtlebot4_simulator
[20.834s] Level 1:colcon.colcon_core.environment:create_environment_scripts_only(turtlebot4_simulator)
[20.834s] Level 1:colcon.colcon_core.environment:checking '/home/qjari/turtlebot4_ws/install/turtlebot4_simulator' for CMake module files
[20.835s] Level 1:colcon.colcon_core.environment:checking '/home/qjari/turtlebot4_ws/install/turtlebot4_simulator' for CMake config files
[20.835s] Level 1:colcon.colcon_core.shell:create_environment_hook('turtlebot4_simulator', 'cmake_prefix_path')
[20.835s] INFO:colcon.colcon_core.shell:Creating environment hook '/home/qjari/turtlebot4_ws/install/turtlebot4_simulator/share/turtlebot4_simulator/hook/cmake_prefix_path.ps1'
[20.836s] INFO:colcon.colcon_core.shell:Creating environment descriptor '/home/qjari/turtlebot4_ws/install/turtlebot4_simulator/share/turtlebot4_simulator/hook/cmake_prefix_path.dsv'
[20.836s] INFO:colcon.colcon_core.shell:Creating environment hook '/home/qjari/turtlebot4_ws/install/turtlebot4_simulator/share/turtlebot4_simulator/hook/cmake_prefix_path.sh'
[20.836s] Level 1:colcon.colcon_core.environment:checking '/home/qjari/turtlebot4_ws/install/turtlebot4_simulator/bin'
[20.836s] Level 1:colcon.colcon_core.environment:checking '/home/qjari/turtlebot4_ws/install/turtlebot4_simulator/lib/pkgconfig/turtlebot4_simulator.pc'
[20.837s] DEBUG:colcon.colcon_core.event_handler.log_command:Invoked command in '/home/qjari/turtlebot4_ws/build/turtlebot4_simulator' returned '0': AMENT_PREFIX_PATH=/home/qjari/turtlebot4_ws/install/turtlebot4_ignition_bringup:/home/qjari/turtlebot4_ws/install/turtlebot4_ignition_toolbox:/home/qjari/turtlebot4_ws/install/turtlebot4_ignition_gui_plugins:${AMENT_PREFIX_PATH} CMAKE_PREFIX_PATH=/home/qjari/turtlebot4_ws/install/turtlebot4_ignition_bringup:/home/qjari/turtlebot4_ws/install/turtlebot4_ignition_toolbox:/home/qjari/turtlebot4_ws/install/turtlebot4_ignition_gui_plugins:/opt/ros/humble /usr/bin/cmake --install /home/qjari/turtlebot4_ws/build/turtlebot4_simulator
[20.837s] Level 1:colcon.colcon_core.environment:checking '/home/qjari/turtlebot4_ws/install/turtlebot4_simulator/lib/python3.10/site-packages'
[20.837s] Level 1:colcon.colcon_core.environment:checking '/home/qjari/turtlebot4_ws/install/turtlebot4_simulator/bin'
[20.838s] INFO:colcon.colcon_core.shell:Creating package script '/home/qjari/turtlebot4_ws/install/turtlebot4_simulator/share/turtlebot4_simulator/package.ps1'
[20.838s] INFO:colcon.colcon_core.shell:Creating package descriptor '/home/qjari/turtlebot4_ws/install/turtlebot4_simulator/share/turtlebot4_simulator/package.dsv'
[20.839s] INFO:colcon.colcon_core.shell:Creating package script '/home/qjari/turtlebot4_ws/install/turtlebot4_simulator/share/turtlebot4_simulator/package.sh'
[20.839s] INFO:colcon.colcon_core.shell:Creating package script '/home/qjari/turtlebot4_ws/install/turtlebot4_simulator/share/turtlebot4_simulator/package.bash'
[20.840s] INFO:colcon.colcon_core.shell:Creating package script '/home/qjari/turtlebot4_ws/install/turtlebot4_simulator/share/turtlebot4_simulator/package.zsh'
[20.840s] Level 1:colcon.colcon_core.environment:create_file_with_runtime_dependencies(/home/qjari/turtlebot4_ws/install/turtlebot4_simulator/share/colcon-core/packages/turtlebot4_simulator)
[20.867s] Level 1:colcon.colcon_core.environment:create_environment_scripts_only(turtlebot4_simulator)
[20.867s] Level 1:colcon.colcon_core.environment:checking '/home/qjari/turtlebot4_ws/install/turtlebot4_simulator' for CMake module files
[20.868s] Level 1:colcon.colcon_core.environment:checking '/home/qjari/turtlebot4_ws/install/turtlebot4_simulator' for CMake config files
[20.868s] Level 1:colcon.colcon_core.shell:create_environment_hook('turtlebot4_simulator', 'cmake_prefix_path')
[20.869s] INFO:colcon.colcon_core.shell:Creating environment hook '/home/qjari/turtlebot4_ws/install/turtlebot4_simulator/share/turtlebot4_simulator/hook/cmake_prefix_path.ps1'
[20.870s] INFO:colcon.colcon_core.shell:Creating environment descriptor '/home/qjari/turtlebot4_ws/install/turtlebot4_simulator/share/turtlebot4_simulator/hook/cmake_prefix_path.dsv'
[20.870s] INFO:colcon.colcon_core.shell:Creating environment hook '/home/qjari/turtlebot4_ws/install/turtlebot4_simulator/share/turtlebot4_simulator/hook/cmake_prefix_path.sh'
[20.871s] Level 1:colcon.colcon_core.environment:checking '/home/qjari/turtlebot4_ws/install/turtlebot4_simulator/bin'
[20.871s] Level 1:colcon.colcon_core.environment:checking '/home/qjari/turtlebot4_ws/install/turtlebot4_simulator/lib/pkgconfig/turtlebot4_simulator.pc'
[20.871s] Level 1:colcon.colcon_core.environment:checking '/home/qjari/turtlebot4_ws/install/turtlebot4_simulator/lib/python3.10/site-packages'
[20.871s] Level 1:colcon.colcon_core.environment:checking '/home/qjari/turtlebot4_ws/install/turtlebot4_simulator/bin'
[20.872s] INFO:colcon.colcon_core.shell:Creating package script '/home/qjari/turtlebot4_ws/install/turtlebot4_simulator/share/turtlebot4_simulator/package.ps1'
[20.872s] INFO:colcon.colcon_core.shell:Creating package descriptor '/home/qjari/turtlebot4_ws/install/turtlebot4_simulator/share/turtlebot4_simulator/package.dsv'
[20.873s] INFO:colcon.colcon_core.shell:Creating package script '/home/qjari/turtlebot4_ws/install/turtlebot4_simulator/share/turtlebot4_simulator/package.sh'
[20.873s] INFO:colcon.colcon_core.shell:Creating package script '/home/qjari/turtlebot4_ws/install/turtlebot4_simulator/share/turtlebot4_simulator/package.bash'
[20.874s] INFO:colcon.colcon_core.shell:Creating package script '/home/qjari/turtlebot4_ws/install/turtlebot4_simulator/share/turtlebot4_simulator/package.zsh'
[20.874s] Level 1:colcon.colcon_core.environment:create_file_with_runtime_dependencies(/home/qjari/turtlebot4_ws/install/turtlebot4_simulator/share/colcon-core/packages/turtlebot4_simulator)
[20.874s] DEBUG:colcon.colcon_parallel_executor.executor.parallel:closing loop
[20.875s] DEBUG:colcon.colcon_parallel_executor.executor.parallel:loop closed
[20.875s] DEBUG:colcon.colcon_parallel_executor.executor.parallel:run_until_complete finished with '0'
[20.875s] DEBUG:colcon.colcon_core.event_reactor:joining thread
[20.883s] INFO:colcon.colcon_core.plugin_system:Skipping extension 'colcon_notification.desktop_notification.terminal_notifier': Not used on non-Darwin systems
[20.883s] INFO:colcon.colcon_core.plugin_system:Skipping extension 'colcon_notification.desktop_notification.win32': Not used on non-Windows systems
[20.883s] INFO:colcon.colcon_notification.desktop_notification:Sending desktop notification using 'notify2'
[20.912s] DEBUG:colcon.colcon_core.event_reactor:joined thread
[20.915s] INFO:colcon.colcon_core.shell:Creating prefix script '/home/qjari/turtlebot4_ws/install/local_setup.ps1'
[20.917s] INFO:colcon.colcon_core.shell:Creating prefix util module '/home/qjari/turtlebot4_ws/install/_local_setup_util_ps1.py'
[20.918s] INFO:colcon.colcon_core.shell:Creating prefix chain script '/home/qjari/turtlebot4_ws/install/setup.ps1'
[20.920s] INFO:colcon.colcon_core.shell:Creating prefix script '/home/qjari/turtlebot4_ws/install/local_setup.sh'
[20.920s] INFO:colcon.colcon_core.shell:Creating prefix util module '/home/qjari/turtlebot4_ws/install/_local_setup_util_sh.py'
[20.921s] INFO:colcon.colcon_core.shell:Creating prefix chain script '/home/qjari/turtlebot4_ws/install/setup.sh'
[20.922s] INFO:colcon.colcon_core.shell:Creating prefix script '/home/qjari/turtlebot4_ws/install/local_setup.bash'
[20.922s] INFO:colcon.colcon_core.shell:Creating prefix chain script '/home/qjari/turtlebot4_ws/install/setup.bash'
[20.923s] INFO:colcon.colcon_core.shell:Creating prefix script '/home/qjari/turtlebot4_ws/install/local_setup.zsh'
[20.924s] INFO:colcon.colcon_core.shell:Creating prefix chain script '/home/qjari/turtlebot4_ws/install/setup.zsh'
