[0.720s] Invoking command in '/home/qjari/turtlebot3_ws/src/build/turtlebot3_example': AMENT_PREFIX_PATH=/home/qjari/turtlebot3_ws/src/install/turtlebot3_msgs:${AMENT_PREFIX_PATH} CMAKE_PREFIX_PATH=/home/qjari/turtlebot3_ws/src/install/turtlebot3_msgs LD_LIBRARY_PATH=/home/qjari/turtlebot3_ws/src/install/turtlebot3_msgs/lib:${LD_LIBRARY_PATH} PYTHONPATH=/home/qjari/turtlebot3_ws/src/build/turtlebot3_example/prefix_override:/usr/lib/python3/dist-packages/colcon_core/task/python/colcon_distutils_commands:/home/qjari/turtlebot3_ws/src/install/turtlebot3_example/lib/python3.10/site-packages:/home/qjari/turtlebot3_ws/src/install/turtlebot3_msgs/local/lib/python3.10/dist-packages:${PYTHONPATH} /usr/bin/python3 -W ignore:setup.py install is deprecated setup.py develop --editable --build-directory /home/qjari/turtlebot3_ws/src/build/turtlebot3_example/build --no-deps symlink_data
[1.003s] running develop
[1.003s] /usr/lib/python3/dist-packages/setuptools/command/easy_install.py:158: EasyInstallDeprecationWarning: easy_install command is deprecated. Use build and pip and other standards-based tools.
[1.003s]   warnings.warn(
[1.197s] running egg_info
[1.197s] writing turtlebot3_example.egg-info/PKG-INFO
[1.197s] writing dependency_links to turtlebot3_example.egg-info/dependency_links.txt
[1.197s] writing entry points to turtlebot3_example.egg-info/entry_points.txt
[1.197s] writing requirements to turtlebot3_example.egg-info/requires.txt
[1.197s] writing top-level names to turtlebot3_example.egg-info/top_level.txt
[1.200s] reading manifest file 'turtlebot3_example.egg-info/SOURCES.txt'
[1.201s] writing manifest file 'turtlebot3_example.egg-info/SOURCES.txt'
[1.203s] running build_ext
[1.203s] Creating /home/qjari/turtlebot3_ws/src/install/turtlebot3_example/lib/python3.10/site-packages/turtlebot3-example.egg-link (link to .)
[1.204s] Installing turtlebot3_obstacle_detection script to /home/qjari/turtlebot3_ws/src/install/turtlebot3_example/lib/turtlebot3_example
[1.204s] Installing turtlebot3_patrol_client script to /home/qjari/turtlebot3_ws/src/install/turtlebot3_example/lib/turtlebot3_example
[1.204s] Installing turtlebot3_patrol_server script to /home/qjari/turtlebot3_ws/src/install/turtlebot3_example/lib/turtlebot3_example
[1.204s] Installing turtlebot3_position_control script to /home/qjari/turtlebot3_ws/src/install/turtlebot3_example/lib/turtlebot3_example
[1.204s] 
[1.204s] Installed /home/qjari/turtlebot3_ws/src/build/turtlebot3_example
[1.204s] running symlink_data
[1.227s] Invoked command in '/home/qjari/turtlebot3_ws/src/build/turtlebot3_example' returned '0': AMENT_PREFIX_PATH=/home/qjari/turtlebot3_ws/src/install/turtlebot3_msgs:${AMENT_PREFIX_PATH} CMAKE_PREFIX_PATH=/home/qjari/turtlebot3_ws/src/install/turtlebot3_msgs LD_LIBRARY_PATH=/home/qjari/turtlebot3_ws/src/install/turtlebot3_msgs/lib:${LD_LIBRARY_PATH} PYTHONPATH=/home/qjari/turtlebot3_ws/src/build/turtlebot3_example/prefix_override:/usr/lib/python3/dist-packages/colcon_core/task/python/colcon_distutils_commands:/home/qjari/turtlebot3_ws/src/install/turtlebot3_example/lib/python3.10/site-packages:/home/qjari/turtlebot3_ws/src/install/turtlebot3_msgs/local/lib/python3.10/dist-packages:${PYTHONPATH} /usr/bin/python3 -W ignore:setup.py install is deprecated setup.py develop --editable --build-directory /home/qjari/turtlebot3_ws/src/build/turtlebot3_example/build --no-deps symlink_data
