[0.026s] Invoking command in '/home/qjari/turtlebot3_ws/build/turtlebot3_gazebo': /usr/bin/cmake /home/qjari/turtlebot3_ws/src/turtlebot3/turtlebot3_simulations/turtlebot3_gazebo -DAMENT_CMAKE_SYMLINK_INSTALL=1 -DCMAKE_INSTALL_PREFIX=/home/qjari/turtlebot3_ws/install/turtlebot3_gazebo
[0.640s] -- The C compiler identification is GNU 11.4.0
[0.640s] -- The CXX compiler identification is GNU 11.4.0
[0.640s] -- Detecting C compiler ABI info
[0.641s] -- Detecting C compiler ABI info - done
[0.641s] -- Check for working C compiler: /usr/bin/cc - skipped
[0.641s] -- Detecting C compile features
[0.641s] -- Detecting C compile features - done
[0.641s] -- Detecting CXX compiler ABI info
[0.641s] -- Detecting CXX compiler ABI info - done
[0.641s] -- Check for working CXX compiler: /usr/bin/c++ - skipped
[0.641s] -- Detecting CXX compile features
[0.641s] -- Detecting CXX compile features - done
[0.641s] -- Found ament_cmake: 1.3.10 (/opt/ros/humble/share/ament_cmake/cmake)
[0.641s] -- Found Python3: /usr/bin/python3 (found version "3.10.12") found components: Interpreter 
[0.664s] Traceback (most recent call last):
[0.665s]   File "/opt/ros/humble/share/ament_cmake_core/cmake/package_templates/templates_2_cmake.py", line 21, in <module>
[0.665s]     from ament_package.templates import get_environment_hook_template_path
[0.665s] ModuleNotFoundError: No module named 'ament_package'
[0.676s] [31mCMake Error at /opt/ros/humble/share/ament_cmake_core/cmake/ament_cmake_package_templates-extras.cmake:41 (message):
[0.678s]   execute_process(/usr/bin/python3
[0.678s]   /opt/ros/humble/share/ament_cmake_core/cmake/package_templates/templates_2_cmake.py
[0.678s]   /home/qjari/turtlebot3_ws/build/turtlebot3_gazebo/ament_cmake_package_templates/templates.cmake)
[0.678s]   returned error code 1
[0.678s] Call Stack (most recent call first):
[0.678s]   /opt/ros/humble/share/ament_cmake_core/cmake/ament_cmake_coreConfig.cmake:41 (include)
[0.678s]   /opt/ros/humble/share/ament_cmake/cmake/ament_cmake_export_dependencies-extras.cmake:15 (find_package)
[0.679s]   /opt/ros/humble/share/ament_cmake/cmake/ament_cmakeConfig.cmake:41 (include)
[0.679s]   CMakeLists.txt:22 (find_package)
[0.679s] 
[0.679s] [0m
[0.679s] -- Configuring incomplete, errors occurred!
[0.679s] See also "/home/qjari/turtlebot3_ws/build/turtlebot3_gazebo/CMakeFiles/CMakeOutput.log".
